2017-05-16 21:32:00,971 INFO  [io.grpc.internal.ManagedChannelImpl] [] [] [] : [ManagedChannelImpl@74b9069c] Created with target localhost:22000
2017-05-16 21:32:03,956 INFO  [i.deployment.InternalGameLauncher] [] [] [] : Parsed 366 internal flags at startup
2017-05-16 21:32:04,006 INFO  [i.deployment.InternalGameLauncher] [] [] [] : SpatialOS runtime version: 10-20170515T124111Z-65dc96e
2017-05-16 21:32:04,020 INFO  [io.grpc.internal.ManagedChannelImpl] [] [] [] : [ManagedChannelImpl@3f2470df] Created with target 127.0.0.1:22000
2017-05-16 21:32:04,022 INFO  [io.grpc.internal.ManagedChannelImpl] [] [] [] : [ManagedChannelImpl@39f43a74] Created with target 127.0.0.1:22000
2017-05-16 21:32:04,139 INFO  [i.c.c.f.FlagzFieldRegistryUpdater] [] [] [] : Initialized Fabric flagz registry with 13 set fields.
2017-05-16 21:32:04,962 INFO  [io.grpc.internal.ManagedChannelImpl] [] [] [] : [ManagedChannelImpl@1d344e50] Created with target localhost:22000
2017-05-16 21:32:06,814 INFO  [i.core.discovery.server.LocalServer] [] [] [] : Registered Service(improbable.fabric.internal.service.ServiceDiscoveryInternalService) on host: "127.0.0.1"
port: 5301
.
2017-05-16 21:32:06,815 INFO  [i.c.discovery.ServiceDiscoveryImpl] [] [] [] : Service discovery address: improbable.core.discovery.common.SettableServiceAddress@7b2e6c64
2017-05-16 21:32:06,823 INFO  [improbable.module.ModuleNode] [] [] [] : Starting Fabric node as master (IP: 127.0.0.1).
2017-05-16 21:32:06,828 INFO  [i.core.discovery.server.LocalServer] [] [] [] : Registered Service(improbable.fabric.internal.service.RunLevelInternalService) on host: "127.0.0.1"
port: 9000
.
2017-05-16 21:32:06,833 INFO  [i.core.discovery.server.PublicServer] [] [] [] : Registered Service(improbable.platform.runtime.HealthCheckService) on host: "127.0.0.1"
port: 9001
.
2017-05-16 21:32:06,841 INFO  [i.core.discovery.server.LocalServer] [] [] [] : Registered Service(improbable.fabric.internal.service.PerfInternalService) on host: "127.0.0.1"
port: 9002
.
2017-05-16 21:32:06,842 INFO  [io.grpc.internal.ManagedChannelImpl] [] [] [] : [ManagedChannelImpl@31cdf47f] Created with target directaddress:///io.grpc.inprocess.InProcessSocketAddress@4445a52d
2017-05-16 21:32:06,847 INFO  [i.core.discovery.server.LocalServer] [] [] [] : Registered Service(improbable.fabric.internal.service.ContentionInternalService) on host: "127.0.0.1"
port: 9003
.
2017-05-16 21:32:06,855 INFO  [i.core.discovery.server.PublicServer] [] [] [] : Registered Service(improbable.platform.runtime.FeatureService) on host: "127.0.0.1"
port: 9004
.
2017-05-16 21:32:06,866 INFO  [i.c.d.global.GlobalServiceDiscovery] [] [] [] : Global service discovery refreshed 6 server(s) as master (previously: 0)
2017-05-16 21:32:06,873 INFO  [i.c.config.flagz.WorkerFlagzUpdater] [] [] [] : Initialized worker flagz registry with 0 set fields.
2017-05-16 21:32:06,874 INFO  [improbable.module.ModuleNode] [] [] [] : Using master node configuration loader.
2017-05-16 21:32:06,881 INFO  [i.core.discovery.server.LocalServer] [] [] [] : Registered Service(improbable.fabric.internal.service.NodeConfigurationInternalService) on host: "127.0.0.1"
port: 9005
.
2017-05-16 21:32:06,892 INFO  [i.c.c.n.MasterNodeConfigurationLoader] [] [] [] : Using roles [MASTER, GSIM, BRIDGE, WORKER_RUNNER, INSPECTION] for node node_id {
  deployment_id {
    project_id {
      name: "your_project_name_here"
    }
    name: "local"
  }
  name: "master"
}
private_ip: "127.0.0.1"
roles: MASTER
roles: GSIM
roles: BRIDGE
roles: WORKER_RUNNER
roles: INSPECTION

2017-05-16 21:32:06,900 INFO  [improbable.core.config.node.GsimGrid] [] [] [] : Created gsim grid configuration of size (1500, 1500) with 1 columns and 1 rows, using gsims of (30, 30) chunks.
2017-05-16 21:32:06,905 INFO  [i.c.c.n.MasterNodeConfigurationLoader] [] [] [] : Original deployment module configuration (before parsing): {deployment_id {
  project_id {
    name: "your_project_name_here"
  }
  name: "local"
}
name: "master"
=[name: "ProfilingModule"
, name: "AssetDatabaseModule"
, name: "BridgeModuleOracleModule"
, name: "BridgeOracleModule"
, name: "EngineStartupModuleOracleModule"
, name: "PersistenceModule"
, name: "ReceptionistModule"
, name: "RouterModule"
, name: "WorldAppOracleModule"
, name: "WorldAppSupervisorModule"
, name: "GSimModule"
, name: "BridgeModule"
, name: "EngineStartupModule"
, name: "DevWorldRestApiModule"
, name: "InspectionRestModule"
]}
2017-05-16 21:32:06,916 INFO  [improbable.module.ModuleNode] [] [] [] : Loaded node configuration: node_id {
  deployment_id {
    project_id {
      name: "your_project_name_here"
    }
    name: "local"
  }
  name: "master"
}
module_configurations {
  name: "ProfilingModule"
}
module_configurations {
  name: "AssetDatabaseModule"
}
module_configurations {
  name: "EngineStartupModuleOracleModule"
}
module_configurations {
  name: "PersistenceModule"
}
module_configurations {
  name: "ReceptionistModule"
}
module_configurations {
  name: "WorldAppOracleModule"
}
module_configurations {
  name: "WorldAppSupervisorModule"
}
module_configurations {
  name: "GSimModule"
}
module_configurations {
  name: "EngineStartupModule"
}
module_configurations {
  name: "DevWorldRestApiModule"
}
module_configurations {
  name: "InspectionRestModule"
}
gsim_configurations {
  extent {
    bottom_left {
      x_in_chunks: -15
      z_in_chunks: -15
    }
    top_right {
      x_in_chunks: 15
      z_in_chunks: 15
    }
  }
}
start_router: true
start_bridge_oracle: true
start_bridge_module_oracle: true
bridge_modules {
  name: "BridgeModule"
}

2017-05-16 21:32:06,916 INFO  [i.c.c.n.MasterNodeConfigurationLoader] [] [] [] : Master successfully loaded node configurations: {deployment_id {
  project_id {
    name: "your_project_name_here"
  }
  name: "local"
}
name: "master"
=node_id {
  deployment_id {
    project_id {
      name: "your_project_name_here"
    }
    name: "local"
  }
  name: "master"
}
module_configurations {
  name: "ProfilingModule"
}
module_configurations {
  name: "AssetDatabaseModule"
}
module_configurations {
  name: "EngineStartupModuleOracleModule"
}
module_configurations {
  name: "PersistenceModule"
}
module_configurations {
  name: "ReceptionistModule"
}
module_configurations {
  name: "WorldAppOracleModule"
}
module_configurations {
  name: "WorldAppSupervisorModule"
}
module_configurations {
  name: "GSimModule"
}
module_configurations {
  name: "EngineStartupModule"
}
module_configurations {
  name: "DevWorldRestApiModule"
}
module_configurations {
  name: "InspectionRestModule"
}
gsim_configurations {
  extent {
    bottom_left {
      x_in_chunks: -15
      z_in_chunks: -15
    }
    top_right {
      x_in_chunks: 15
      z_in_chunks: 15
    }
  }
}
start_router: true
start_bridge_oracle: true
start_bridge_module_oracle: true
bridge_modules {
  name: "BridgeModule"
}
}
2017-05-16 21:32:06,917 INFO  [improbable.module.ModuleNode] [] [] [] : Using master world extents provider.
2017-05-16 21:32:06,928 INFO  [i.core.discovery.server.LocalServer] [] [] [] : Registered Service(improbable.fabric.internal.service.WorldExtentsInternalService) on host: "127.0.0.1"
port: 9006
.
2017-05-16 21:32:06,929 INFO  [i.c.world.MasterWorldExtentsProvider] [] [] [] : Successfully initialized world extents with 1 rectangle(s).
2017-05-16 21:32:06,933 INFO  [improbable.module.ModuleNode] [] [] [] : Loaded world extents: WorldExtents{proto=rectangles {
  bottom_left {
    x: -750.0
    z: -750.0
  }
  top_right {
    x: 750.0
    z: 750.0
  }
  is_fully_simulated: true
  responsible_gsim_id {
  }
}
bounding_rectangle {
  bottom_left {
    x: -750.0
    z: -750.0
  }
  top_right {
    x: 750.0
    z: 750.0
  }
  is_fully_simulated: true
}
}
2017-05-16 21:32:07,829 INFO  [i.c.d.global.GlobalServiceDiscovery] [] [] [] : Global service discovery refreshed 8 server(s) as master (previously: 6)
2017-05-16 21:32:08,684 INFO  [i.entity.schema.FabricSchema] [] [] [] : Found components: [improbable.EntityAcl, improbable.user.PlayerSpawning, improbable.core.WorldTransform]
2017-05-16 21:32:08,685 INFO  [improbable.module.ModuleNode] [] [] [] : Successfully loaded schema for entities
2017-05-16 21:32:08,685 INFO  [improbable.module.ModuleNode] [] [] [] : Validating snapshot at startup and determining max entity id
2017-05-16 21:32:08,798 INFO  [improbable.module.ModuleNode] [] [] [] : Determined the first entity id for the id assigner as 843
2017-05-16 21:32:08,802 INFO  [i.core.discovery.server.LocalServer] [] [] [] : Registered Service(improbable.fabric.internal.service.EntityIdInternalService) on host: "127.0.0.1"
port: 9007
.
2017-05-16 21:32:08,808 INFO  [i.core.discovery.server.LocalServer] [] [] [] : Registered Service(improbable.fabric.internal.service.BridgePositionHintInternalService) on host: "127.0.0.1"
port: 9008
.
2017-05-16 21:32:08,816 INFO  [i.core.discovery.server.LocalServer] [] [] [] : Registered Service(improbable.fabric.internal.service.RouterLookupInternalService) on host: "127.0.0.1"
port: 9009
.
2017-05-16 21:32:08,817 INFO  [i.module.router.ActorSystemFactory$] [] [] [] : Attempting to create ActorSystem akkaFabric with configRecord akkaFabric
2017-05-16 21:32:08,829 INFO  [i.c.d.global.GlobalServiceDiscovery] [] [] [] : Global service discovery refreshed 11 server(s) as master (previously: 8)
2017-05-16 21:32:09,030 INFO  [akka.event.slf4j.Slf4jLogger] [] [] [] : Slf4jLogger started
2017-05-16 21:32:10,001 INFO  [i.w.a.WorkerAssemblyProviderFactory] [] [] [] : Loaded worker assemblies for these workers types: UnityClient, UnityWorker.
2017-05-16 21:32:10,003 INFO  [improbable.module.ModuleNode] [] [] [] : Loaded worker assemblies: [worker_assembly_id {
  assembly_id {
    project_id {
      name: "your_project_name_here"
    }
    name: "local_assembly"
  }
  name {
    name: "UnityClient"
  }
}
bridge_configuration {
  worker_attribute_set {
    attribute {
      name: "visual"
    }
  }
  entity_interest {
    range_entity_interest {
      radius: 200.0
    }
  }
  component_delivery {
    checkout_all_initially: true
  }
}
, worker_assembly_id {
  assembly_id {
    project_id {
      name: "your_project_name_here"
    }
    name: "local_assembly"
  }
  name {
    name: "UnityWorker"
  }
}
worker_launch_configuration {
  platform: WINDOWS
  worker_zip {
    command: "UnityWorker@Windows.exe"
    argument: "+appName"
    argument: "${IMPROBABLE_PROJECT_NAME}"
    argument: "+receptionistIp"
    argument: "${IMPROBABLE_RECEPTIONIST_IP}"
    argument: "+receptionistPort"
    argument: "${IMPROBABLE_RECEPTIONIST_PORT}"
    argument: "+workerType"
    argument: "${IMPROBABLE_WORKER_NAME}"
    argument: "+workerId"
    argument: "${IMPROBABLE_WORKER_ID}"
    argument: "+useInternalIpForBridge"
    argument: "true"
    argument: "+infraServicesUrl"
    argument: "${IMPROBABLE_API_URL}"
    argument: "+assemblyName"
    argument: "${IMPROBABLE_ASSEMBLY_NAME}"
    argument: "+linkProtocol"
    argument: "RakNet"
    argument: "-logfile"
    argument: "${IMPROBABLE_LOG_FILE}"
    argument: "-batchmode"
    argument: "-nographics"
    worker_location {
      filename: "UnityWorker@Windows.zip"
    }
  }
}
worker_launch_configuration {
  platform: MACOS
  worker_zip {
    command: "UnityWorker@Mac.app/Contents/MacOS/UnityWorker@Mac"
    argument: "+appName"
    argument: "${IMPROBABLE_PROJECT_NAME}"
    argument: "+receptionistIp"
    argument: "${IMPROBABLE_RECEPTIONIST_IP}"
    argument: "+receptionistPort"
    argument: "${IMPROBABLE_RECEPTIONIST_PORT}"
    argument: "+workerType"
    argument: "${IMPROBABLE_WORKER_NAME}"
    argument: "+workerId"
    argument: "${IMPROBABLE_WORKER_ID}"
    argument: "+useInternalIpForBridge"
    argument: "true"
    argument: "+infraServicesUrl"
    argument: "${IMPROBABLE_API_URL}"
    argument: "+assemblyName"
    argument: "${IMPROBABLE_ASSEMBLY_NAME}"
    argument: "+linkProtocol"
    argument: "RakNet"
    argument: "-logfile"
    argument: "${IMPROBABLE_LOG_FILE}"
    argument: "-batchmode"
    argument: "-nographics"
    worker_location {
      filename: "UnityWorker@Mac.zip"
    }
  }
}
worker_launch_configuration {
  platform: LINUX
  worker_zip {
    command: "UnityWorker@Linux"
    argument: "+appName"
    argument: "${IMPROBABLE_PROJECT_NAME}"
    argument: "+receptionistIp"
    argument: "${IMPROBABLE_RECEPTIONIST_IP}"
    argument: "+receptionistPort"
    argument: "${IMPROBABLE_RECEPTIONIST_PORT}"
    argument: "+workerType"
    argument: "${IMPROBABLE_WORKER_NAME}"
    argument: "+workerId"
    argument: "${IMPROBABLE_WORKER_ID}"
    argument: "+useInternalIpForBridge"
    argument: "true"
    argument: "+infraServicesUrl"
    argument: "${IMPROBABLE_API_URL}"
    argument: "+assemblyName"
    argument: "${IMPROBABLE_ASSEMBLY_NAME}"
    argument: "+linkProtocol"
    argument: "RakNet"
    argument: "-logfile"
    argument: "${IMPROBABLE_LOG_FILE}"
    argument: "-batchmode"
    argument: "-nographics"
    worker_location {
      filename: "UnityWorker@Linux.zip"
    }
  }
}
bridge_configuration {
  worker_attribute_set {
    attribute {
      name: "physics"
    }
  }
  entity_interest {
    range_entity_interest {
      radius: 200.0
    }
  }
  component_delivery {
    checkout_all_initially: true
  }
}
]
2017-05-16 21:32:10,004 INFO  [i.l.params.LoadbalancerParamsFactory] [] [] [] : Parsed 1 worker loadbalancing configuration(s)
2017-05-16 21:32:10,007 INFO  [i.l.params.LoadbalancerParamsFactory] [] [] [] : Successfully loaded loadbalancing configurations: {UnityWorker=improbable.loadbalancing.params.AutoHexGridLoadbalancerParams@6ba05d3d}
2017-05-16 21:32:10,008 INFO  [i.w.permissions.PermissionsFactory] [] [] [] : Created permissions manager with permissions: {UnityWorker=Permissions{{/sys/CreateEntity=, /sys/DeleteEntity=, /sys/EntityQuery={"component":["*"]}}}, UnityClient=Permissions{{/sys/EntityQuery={"component":["*"]}}}}
2017-05-16 21:32:11,750 INFO  [improbable.module.ModuleNode] [] [] [] : Starting router on master
2017-05-16 21:32:11,755 INFO  [i.core.discovery.server.LocalServer] [] [] [] : Registered Service(improbable.fabric.internal.service.RouterInternalService) on host: "127.0.0.1"
port: 9010
.
2017-05-16 21:32:11,755 INFO  [i.c.m.r.RouterInternalServiceImpl] [] [] [] : Attempting to register RouterInternalServiceImpl with RouterLookupInternalService.
2017-05-16 21:32:11,756 INFO  [io.grpc.internal.ManagedChannelImpl] [] [] [] : [ManagedChannelImpl@318dc0e5] Created with target directaddress:///io.grpc.inprocess.InProcessSocketAddress@59b8aeda
2017-05-16 21:32:11,759 INFO  [i.c.m.r.l.RouterLookupInternalServiceImpl] [] [] [] : 1/1 router modules started
2017-05-16 21:32:11,759 INFO  [i.c.m.r.RouterInternalServiceImpl] [] [] [] : Registered RouterInternalServiceImpl with RouterLookupInternalService.
2017-05-16 21:32:11,760 INFO  [improbable.module.ModuleNode] [] [] [] : Waiting for all router modules in the deployment to have started
2017-05-16 21:32:11,761 INFO  [i.routing.proxy.RouterProxyFactory$] [] [] [] : Attempting to get addresses of all RouterModules from master node
2017-05-16 21:32:11,767 INFO  [i.routing.proxy.RouterProxyFactory$] [] [] [] : Got all RouterModules from master node
2017-05-16 21:32:11,777 INFO  [i.core.discovery.server.LocalServer] [] [] [] : Registered Service(improbable.fabric.internal.service.RemoteMessageInternalService) on host: "127.0.0.1"
port: 9011
.
2017-05-16 21:32:11,786 INFO  [i.core.discovery.server.LocalServer] [] [] [] : Registered Service(improbable.fabric.internal.service.LocalBrokerInternalService) on host: "127.0.0.1"
port: 9012
.
2017-05-16 21:32:11,791 INFO  [improbable.module.ModuleNode] [] [] [] : All router modules in the deployment started
2017-05-16 21:32:11,830 INFO  [i.c.d.global.GlobalServiceDiscovery] [] [] [] : Global service discovery refreshed 14 server(s) as master (previously: 11)
2017-05-16 21:32:11,838 INFO  [org.eclipse.jetty.server.Server] [] [] [] : jetty-8.y.z-SNAPSHOT
2017-05-16 21:32:11,858 INFO  [o.e.jetty.server.AbstractConnector] [] [] [] : Started SelectChannelConnector@0.0.0.0:5006
2017-05-16 21:32:11,858 INFO  [improbable.http.ServletContainer$] [] [] [] : Servlet container started
2017-05-16 21:32:11,858 INFO  [improbable.module.ModuleNode] [] [] [] : Starting BridgeOracle on master
2017-05-16 21:32:11,864 INFO  [improbable.module.ModuleNode] [] [] [] : Waiting for the BridgeOracle to have started
2017-05-16 21:32:11,991 INFO  [io.grpc.internal.ManagedChannelImpl] [] [] [] : [ManagedChannelImpl@7f3b6c76] Created with target directaddress:///io.grpc.inprocess.InProcessSocketAddress@870b15f
2017-05-16 21:32:11,996 INFO  [io.grpc.internal.ManagedChannelImpl] [] [] [] : [ManagedChannelImpl@2f16d43c] Created with target directaddress:///io.grpc.inprocess.InProcessSocketAddress@c298184
2017-05-16 21:32:11,999 INFO  [i.core.discovery.server.LocalServer] [] [] [] : Registered Service(improbable.fabric.internal.service.BridgeOracleInternalService) on host: "127.0.0.1"
port: 9013
.
2017-05-16 21:32:12,831 INFO  [i.c.d.global.GlobalServiceDiscovery] [] [] [] : Global service discovery refreshed 15 server(s) as master (previously: 14)
2017-05-16 21:32:12,831 INFO  [improbable.module.ModuleNode] [] [] [] : Received BridgeOracle started
2017-05-16 21:32:12,836 INFO  [i.core.discovery.server.LocalServer] [] [] [] : Registered Service(improbable.fabric.internal.service.GlobalBrokerInternalService) on host: "127.0.0.1"
port: 9014
.
2017-05-16 21:32:12,838 INFO  [improbable.module.ModuleNode] [] [] [] : Waiting for the BridgeModuleOracle to have started
2017-05-16 21:32:12,842 INFO  [i.c.a.e.ExtensibleActorReporter] [] [] [] : Started BridgeModuleOracleActor(Actor[akka://akkaFabric/user/BridgeModuleOracleModule#-870830705]).
2017-05-16 21:32:12,851 INFO  [i.core.discovery.server.LocalServer] [] [] [] : Registered Service(improbable.fabric.internal.service.BridgeServiceOracleInternalService) on host: "127.0.0.1"
port: 9015
.
2017-05-16 21:32:13,830 INFO  [improbable.module.ModuleNode] [] [] [] : Received BridgeModuleOracle started
2017-05-16 21:32:13,830 INFO  [i.c.d.global.GlobalServiceDiscovery] [] [] [] : Global service discovery refreshed 17 server(s) as master (previously: 15)
2017-05-16 21:32:13,833 INFO  [io.grpc.internal.ManagedChannelImpl] [] [] [] : [ManagedChannelImpl@3fe1c74a] Created with target directaddress:///io.grpc.inprocess.InProcessSocketAddress@2c6ca8c1
2017-05-16 21:32:13,838 INFO  [improbable.module.ModuleNode] [] [] [] : Waiting for 1 BridgeModules to have started
2017-05-16 21:32:13,846 INFO  [i.c.a.e.ExtensibleActorReporter] [] [] [] : Started BridgeModuleActor(Actor[akka://akkaFabric/user/BridgeModule:qWhTqKqi#-803613657]).
2017-05-16 21:32:13,846 INFO  [i.module.bridge.BridgeModuleActor] [] [] [] : Waiting for BridgeModuleOracle service to be available
2017-05-16 21:32:13,853 INFO  [i.module.bridge.BridgeModuleActor] [] [] [] : Registered(BridgeModuleEndpoint(qWhTqKqi)) on BridgeModuleOracleService
2017-05-16 21:32:13,854 INFO  [i.m.b.o.m.BridgeModuleOracleActor] [] [] [] : Registering: BridgeModuleEndpoint(qWhTqKqi) with BridgeModuleOracleActor
2017-05-16 21:32:13,866 INFO  [i.core.discovery.server.LocalServer] [] [] [] : Registered Service(improbable.fabric.internal.service.BridgeInternalService) on host: "127.0.0.1"
port: 9016
.
2017-05-16 21:32:13,996 INFO  [i.bridge.oracle.scaling.WorkerScaler] [] [] [] : Skipping reconciliation because no WorkerRunner service is available. This message is expected at startup but should not persist through the deployment
2017-05-16 21:32:14,830 INFO  [i.c.d.global.GlobalServiceDiscovery] [] [] [] : Global service discovery refreshed 18 server(s) as master (previously: 17)
2017-05-16 21:32:14,848 INFO  [improbable.module.ModuleNode] [] [] [] : Received 1 BridgeModules started
2017-05-16 21:32:14,850 INFO  [io.grpc.internal.ManagedChannelImpl] [] [] [] : [ManagedChannelImpl@197b969e] Created with target directaddress:///io.grpc.inprocess.InProcessSocketAddress@69ddc6db
2017-05-16 21:32:14,858 INFO  [improbable.module.ModuleNode] [] [] [] : Waiting for all modules on this node to start.
2017-05-16 21:32:14,862 INFO  [i.core.discovery.server.PublicServer] [] [] [] : Registered Service(improbable.platform.runtime.ModuleService) on host: "127.0.0.1"
port: 9017
.
2017-05-16 21:32:14,863 INFO  [i.c.a.e.ExtensibleActorReporter] [] [] [] : Started ModuleManager(Actor[akka://akkaFabric/user/moduleManager#1599452196]).
2017-05-16 21:32:14,864 INFO  [i.module.manager.ModuleManager] [] [] [] : Starting modules on master: Buffer(name: "ProfilingModule"
, name: "AssetDatabaseModule"
, name: "EngineStartupModuleOracleModule"
, name: "PersistenceModule"
, name: "ReceptionistModule"
, name: "WorldAppOracleModule"
, name: "WorldAppSupervisorModule"
, name: "GSimModule"
, name: "EngineStartupModule"
, name: "DevWorldRestApiModule"
, name: "InspectionRestModule"
)
2017-05-16 21:32:14,866 INFO  [i.module.manager.ModuleManager] [] [] [] : Starting Module(ProfilingModule) ...
2017-05-16 21:32:14,867 INFO  [i.module.manager.ModuleManager] [] [] [] : Started Module(ProfilingModule).
2017-05-16 21:32:14,867 INFO  [i.module.manager.ModuleManager] [] [] [] : Starting Module(AssetDatabaseModule) ...
2017-05-16 21:32:14,869 INFO  [i.module.manager.ModuleManager] [] [] [] : Started Module(AssetDatabaseModule).
2017-05-16 21:32:14,869 INFO  [i.module.manager.ModuleManager] [] [] [] : Starting Module(EngineStartupModuleOracleModule) ...
2017-05-16 21:32:14,869 INFO  [i.c.a.e.ExtensibleActorReporter] [] [] [] : Started ProfilingModuleActor(Actor[akka://akkaFabric/user/moduleManager/ProfilingModule1#-2065814578]).
2017-05-16 21:32:14,872 INFO  [i.module.manager.ModuleManager] [] [] [] : Started Module(EngineStartupModuleOracleModule).
2017-05-16 21:32:14,872 INFO  [i.module.manager.ModuleManager] [] [] [] : Starting Module(PersistenceModule) ...
2017-05-16 21:32:14,873 INFO  [i.c.a.e.ExtensibleActorReporter] [] [] [] : Started EngineStartupModuleOracleActor(Actor[akka://akkaFabric/user/moduleManager/EngineStartupModuleOracleModule1#-159867104]).
2017-05-16 21:32:14,873 INFO  [i.module.manager.ModuleManager] [] [] [] : Started Module(PersistenceModule).
2017-05-16 21:32:14,874 INFO  [i.module.manager.ModuleManager] [] [] [] : Starting Module(ReceptionistModule) ...
2017-05-16 21:32:14,875 INFO  [i.module.manager.ModuleManager] [] [] [] : Started Module(ReceptionistModule).
2017-05-16 21:32:14,875 INFO  [i.module.manager.ModuleManager] [] [] [] : Starting Module(WorldAppOracleModule) ...
2017-05-16 21:32:14,882 INFO  [i.core.discovery.server.LocalServer] [] [] [] : Registered Service(improbable.fabric.internal.service.ReceptionistInternalService) on host: "127.0.0.1"
port: 9018
.
2017-05-16 21:32:15,029 INFO  [i.core.discovery.server.PublicServer] [] [] [] : Registered Service(improbable.platform.runtime.ReceptionistService) on host: "127.0.0.1"
port: 9019
.
2017-05-16 21:32:15,030 INFO  [i.m.r.ReceptionistRestGateway] [] [] [] : Starting receptionist on 0.0.0.0:7777
2017-05-16 21:32:15,214 INFO  [spray.can.server.HttpListener] [akka://akkaFabric/user/IO-HTTP/listener-1] [akkaFabric-akka.actor.default-dispatcher-4] [] : Bound to /0.0.0.0:7777
2017-05-16 21:32:15,214 INFO  [spray.can.server.HttpListener] [akka://akkaFabric/user/IO-HTTP/listener-0] [akkaFabric-akka.actor.default-dispatcher-12] [] : Bound to /0.0.0.0:1238
2017-05-16 21:32:15,827 INFO  [i.c.d.global.GlobalServiceDiscovery] [] [] [] : Global service discovery refreshed 21 server(s) as master (previously: 18)
2017-05-16 21:32:15,996 INFO  [i.bridge.oracle.scaling.WorkerScaler] [] [] [] : Skipping reconciliation because no WorkerRunner service is available. This message is expected at startup but should not persist through the deployment
2017-05-16 21:32:16,577 INFO  [i.core.discovery.server.LocalServer] [] [] [] : Registered Service(improbable.fabric.internal.service.WorldAppOracleInternalService) on host: "127.0.0.1"
port: 9020
.
2017-05-16 21:32:16,578 INFO  [i.module.manager.ModuleManager] [] [] [] : Started Module(WorldAppOracleModule).
2017-05-16 21:32:16,578 INFO  [i.module.manager.ModuleManager] [] [] [] : Starting Module(WorldAppSupervisorModule) ...
2017-05-16 21:32:16,579 INFO  [i.module.manager.ModuleManager] [] [] [] : Started Module(WorldAppSupervisorModule).
2017-05-16 21:32:16,579 INFO  [i.module.manager.ModuleManager] [] [] [] : Starting Module(GSimModule) ...
2017-05-16 21:32:16,581 INFO  [i.module.manager.ModuleManager] [] [] [] : Started Module(GSimModule).
2017-05-16 21:32:16,581 INFO  [i.module.manager.ModuleManager] [] [] [] : Starting Module(EngineStartupModule) ...
2017-05-16 21:32:16,581 INFO  [i.c.a.e.ExtensibleActorReporter] [] [] [] : Started WorldAppSupervisorModuleActor(Actor[akka://akkaFabric/user/moduleManager/WorldAppSupervisorModule1#1349341121]).
2017-05-16 21:32:16,586 INFO  [improbable.engine.worker.WorkerStats] [] [] [] : Cannot read /proc/self/stat; worker stats reporting will not work.
2017-05-16 21:32:16,592 INFO  [i.core.discovery.server.PublicServer] [] [] [] : Registered Service(improbable.platform.inner.worker.WorkerRunner) on host: "127.0.0.1"
port: 9021
.
2017-05-16 21:32:16,592 INFO  [i.module.manager.ModuleManager] [] [] [] : Started Module(EngineStartupModule).
2017-05-16 21:32:16,593 INFO  [i.module.manager.ModuleManager] [] [] [] : Starting Module(DevWorldRestApiModule) ...
2017-05-16 21:32:16,593 INFO  [i.module.manager.ModuleManager] [] [] [] : Started Module(DevWorldRestApiModule).
2017-05-16 21:32:16,594 INFO  [i.module.manager.ModuleManager] [] [] [] : Starting Module(InspectionRestModule) ...
2017-05-16 21:32:16,596 INFO  [i.module.manager.ModuleManager] [] [] [] : Started Module(InspectionRestModule).
2017-05-16 21:32:16,597 INFO  [i.module.manager.ModuleManager] [] [] [] : Module bootstrapping complete on master.
2017-05-16 21:32:16,597 INFO  [improbable.module.ModuleNode] [] [] [] : All modules on this node started, waiting for other nodes to reach the same state.
2017-05-16 21:32:16,597 INFO  [improbable.module.ModuleNode] [] [] [] : Using master module status checker.
2017-05-16 21:32:16,606 INFO  [i.core.discovery.server.PublicServer] [] [] [] : Registered Service(improbable.fabric.internal.service.ScalingStatsInternalService) on host: "127.0.0.1"
port: 9022
.
2017-05-16 21:32:16,609 INFO  [i.c.r.MasterModuleStatusChecker] [] [] [] : All other nodes have all modules started.
2017-05-16 21:32:16,609 INFO  [improbable.module.ModuleNode] [] [] [] : All modules on all nodes have been started, setting node state to healthy.
2017-05-16 21:32:16,611 INFO  [improbable.module.ModuleNode] [] [] [] : SpatialOS runtime startup complete.
2017-05-16 21:32:16,632 INFO  [i.core.discovery.server.LocalServer] [] [] [] : Registered Service(improbable.fabric.internal.service.EntityQueryInternalService) on host: "127.0.0.1"
port: 9023
.
2017-05-16 21:32:16,632 INFO  [i.p.gsim.GSimPersistenceWriter] [] [] [] : Transitioning GSimPersistenceActor(0) from State [Idle] to [Idle].  Time Elapsed: 2 milliseconds
2017-05-16 21:32:16,635 INFO  [i.core.discovery.server.PublicServer] [] [] [] : Registered Service(improbable.platform.runtime.SnapshotService) on host: "127.0.0.1"
port: 9024
.
2017-05-16 21:32:16,637 INFO  [i.c.a.e.ExtensibleActorReporter] [] [] [] : Started PersistenceModuleActor(Actor[akka://akkaFabric/user/moduleManager/PersistenceModule1#1140922022]).
2017-05-16 21:32:16,637 INFO  [i.c.a.e.ExtensibleActorReporter] [] [] [] : Started DevWorldRestApiModuleActor(Actor[akka://akkaFabric/user/moduleManager/DevWorldRestApiModule1#28724338]).
2017-05-16 21:32:16,638 INFO  [i.devworld.DevWorldRestServer] [] [] [] : Dev API server starting on 0.0.0.0 : 5000
2017-05-16 21:32:16,644 INFO  [i.p.g.GSimPersistenceLoadOrchestrator] [] [] [] : Loading snapshot on GSim(0).
2017-05-16 21:32:16,644 INFO  [i.p.gsim.GSimPersistenceLoader] [] [] [] : Loading snapshot
2017-05-16 21:32:16,650 INFO  [spray.can.server.HttpListener] [akka://akkaFabric/user/IO-HTTP/listener-2] [akkaFabric-akka.actor.default-dispatcher-38] [] : Bound to /0.0.0.0:5000
2017-05-16 21:32:16,672 INFO  [i.core.discovery.server.PublicServer] [] [] [] : Registered Service(improbable.platform.runtime.InspectionService) on host: "127.0.0.1"
port: 9025
.
2017-05-16 21:32:16,680 INFO  [io.grpc.internal.ManagedChannelImpl] [] [] [] : [ManagedChannelImpl@1c777c0b] Created with target directaddress:///io.grpc.inprocess.InProcessSocketAddress@5975e941
2017-05-16 21:32:16,716 INFO  [i.c.a.e.ExtensibleActorReporter] [] [] [] : Started InspectionRestModuleActor(Actor[akka://akkaFabric/user/moduleManager/InspectionRestModule1#1881463807]).
2017-05-16 21:32:16,734 INFO  [spray.can.server.HttpListener] [akka://akkaFabric/user/IO-HTTP/listener-3] [akkaFabric-akka.actor.default-dispatcher-41] [] : Bound to /0.0.0.0:5005
2017-05-16 21:32:16,850 INFO  [i.c.d.global.GlobalServiceDiscovery] [] [] [] : Global service discovery refreshed 27 server(s) as master (previously: 21)
2017-05-16 21:32:16,850 INFO  [io.grpc.internal.ManagedChannelImpl] [] [] [] : [ManagedChannelImpl@6e872fa8] Created with target directaddress:///io.grpc.inprocess.InProcessSocketAddress@2b85a4bc
2017-05-16 21:32:16,855 INFO  [i.m.a.WorldAppOracleInternalServiceImpl] [] [] [] : Trying to start initial WorldApps
2017-05-16 21:32:16,856 INFO  [i.m.a.WorldAppOracleInternalServiceImpl] [] [] [] : Waiting for World App supervisors to be ready
2017-05-16 21:32:16,862 INFO  [i.m.a.WorldAppOracleInternalServiceImpl] [] [] [] : WorldApp Supervisor master registered with the world app oracle
2017-05-16 21:32:16,863 INFO  [i.m.a.WorldAppOracleInternalServiceImpl] [] [] [] : World App supervisors registered, asking them to start worldapps
2017-05-16 21:32:17,042 INFO  [i.l.params.LoadbalancerParamsFactory] [] [] [] : LoadbalancerParams for worker type [UnityWorker]: [AutoHexGridLoadbalancerParams{energyLimitingEnabled=true, energyLimit=1.0E9, minWorkerRange=1500.0, maxWorkerRange=1500.0, maxWorkerStepSize=0.0, workerExpansionTimeMs=60000, workerGridSize=0, loadbalancerEnabled=false, hexGridMode=AUTO, scalerAdvisorType=CONSTANT, maxWorkers=1, initialWorkers=1, numEntitiesPerWorker=9223372036854775807, statusReportPeriodMs=30000, pointsOfInterestEnabled=false, hexGridSolution=AutoValue_HexGridSolution{workersUsed=1, hexagonEdgeLength=1500.0, hexagonOrientation=POINTY_TOP, bounds=Rectangle{minX=-750.0, minZ=-750.0, maxX=750.0, maxZ=750.0}}, pointsOfInterestSolution=Empty}]
2017-05-16 21:32:17,051 INFO  [io.grpc.internal.ManagedChannelImpl] [] [] [] : [ManagedChannelImpl@4178f4ba] Created with target directaddress:///io.grpc.inprocess.InProcessSocketAddress@2cc000e8
2017-05-16 21:32:17,083 INFO  [io.grpc.internal.ManagedChannelImpl] [] [] [] : [ManagedChannelImpl@46c0e9ff] Created with target directaddress:///io.grpc.inprocess.InProcessSocketAddress@72e7a1f3
2017-05-16 21:32:17,086 INFO  [i.b.o.m.BridgeOracleEngineManager] [] [] [] : Trying to start managed worker UnityWorker0
2017-05-16 21:32:17,087 INFO  [i.bridge.oracle.scaling.WorkerScaler] [] [] [] : Starting 1 new managed workers for attribute_set {
  attribute {
    name: "physics"
  }
}
 (required: 1, existing: 0)
2017-05-16 21:32:17,236 INFO  [io.grpc.internal.ManagedChannelImpl] [] [] [] : [ManagedChannelImpl@1fa772c6] Created with target directaddress:///io.grpc.inprocess.InProcessSocketAddress@12ed4aea
2017-05-16 21:32:17,242 INFO  [i.e.worker.WorkerStartupExecutor] [] [] [] : Awaiting internal receptionist service to register with service discovery
2017-05-16 21:32:17,243 INFO  [io.grpc.internal.ManagedChannelImpl] [] [] [] : [ManagedChannelImpl@24b6cb3e] Created with target directaddress:///io.grpc.inprocess.InProcessSocketAddress@54c77574
2017-05-16 21:32:17,243 INFO  [i.e.worker.WorkerStartupExecutor] [] [] [] : Successfully found the internal receptionist service in service discovery
2017-05-16 21:32:17,244 INFO  [io.grpc.internal.ClientCallImpl] [] [] [] : Call timeout set to '29993333850' ns, due to context deadline. Explicit call timeout was '29999736562' ns.
2017-05-16 21:32:17,250 INFO  [i.e.worker.WorkerStartupExecutor] [] [] [] : Awaiting public receptionist service to register with service discovery
2017-05-16 21:32:17,250 INFO  [i.e.worker.WorkerStartupExecutor] [] [] [] : Successfully found the public receptionist service in service discovery
2017-05-16 21:32:17,876 INFO  [io.grpc.internal.ManagedChannelImpl] [] [] [] : [ManagedChannelImpl@401482ec] Created with target directaddress:///io.grpc.inprocess.InProcessSocketAddress@630c38a3
2017-05-16 21:32:18,073 INFO  [i.p.g.GSimPersistenceLoadOrchestrator] [] [] [] : Loaded 842 entities on GSim(0).
2017-05-16 21:32:18,075 INFO  [i.p.c.PersistenceLoaderCoordinatorActor] [] [] [] : All Snapshots loaded. Activating entities.
2017-05-16 21:32:18,077 INFO  [i.p.g.GSimPersistenceLoadOrchestrator] [] [] [] : Activating 842 entities on GSim(0).
2017-05-16 21:32:18,113 INFO  [i.p.g.GSimPersistenceLoadOrchestrator] [] [] [] : Activated 842 entities on GSim(0).
2017-05-16 21:32:18,113 INFO  [i.p.c.PersistenceLoaderCoordinatorActor] [] [] [] : Snapshot Load Complete.
2017-05-16 21:32:19,095 INFO  [i.e.worker.WorkerStartupExecutor] [] [] [] : Created log file for worker UnityWorker0, type (UnityWorker): [/Users/trefethen/Documents/unity/spatial/logs/2017-05-16_21-32-00_0/workers/UnityWorker/UnityWorker0-4879296850532822880.log]
2017-05-16 21:32:19,097 INFO  [i.engine.worker.CommandLineExecutor] [] [] [] : Running command: /var/folders/4l/xzgp2w7j5lzd9ydctvd65g1c0000gn/T/improbable2729093904303914782/UnityWorker@Mac.app/Contents/MacOS/UnityWorker@Mac +appName your_project_name_here +receptionistIp 127.0.0.1 +receptionistPort 7777 +workerType UnityWorker +workerId UnityWorker0 +useInternalIpForBridge true +infraServicesUrl http://127.0.0.1:21000 +assemblyName local_assembly +linkProtocol RakNet -logfile /Users/trefethen/Documents/unity/spatial/logs/2017-05-16_21-32-00_0/workers/UnityWorker/UnityWorker0-4879296850532822880.log -batchmode -nographics
2017-05-16 21:32:19,764 INFO  [i.b.o.p.LoadTrackingProximityPreferredBridgeModulePicker] [] [] [] : Attempting to get positionhint for UnityWorker0 via rpc
2017-05-16 21:32:19,767 INFO  [i.m.b.o.m.BridgeModuleOracleActor] [] [] [] : Asking LoadTrackingProximityPreferredBridgeModulePicker for a new BridgeModule for Engine(UnityWorker0). Returning: Some(BridgeModuleEndpoint(qWhTqKqi)) at Some(BridgeModuleLoadBalanceInfo((0.0, 0.0, 0.0),0))
2017-05-16 21:32:19,905 INFO  [i.b.i.BridgeInternalServiceImpl] [] [] [] : Bridge worker_id: "UnityWorker0"
 registered with bridge internal service
2017-05-16 21:32:19,909 INFO  [i.b.o.s.BridgeOracleInternalServiceImpl] [] [] [] : Got bridge started rpc from bridge: worker_id: "UnityWorker0"

2017-05-16 21:32:19,910 INFO  [i.b.o.s.BridgeOracleInternalServiceImpl] [] [] [] : The worker UnityWorker0 registered with SpatialOS successfully.
2017-05-16 21:32:19,910 INFO  [i.module.bridge.oracle.BridgeOracle] [] [] [] : Sending bridge started to self for bridge endpoint BridgeEndpoint(UnityWorker0)
2017-05-16 21:32:19,911 INFO  [i.module.bridge.oracle.BridgeOracle] [] [] [] : Bridge(UnityWorker0) started.
2017-05-16 21:32:19,911 INFO  [i.b.o.m.BridgeOracleEngineManager] [] [] [] : Worker UnityWorker0 registered with the BridgeOracleEngine manager
2017-05-16 21:32:19,911 INFO  [improbable.bridge.BridgeActor] [] [] [] : Bridge(UnityWorker0) sent BridgeStarted to the bridge oracle.
2017-05-16 21:32:20,117 INFO  [i.b.n.raknet.GuardedRakPeerInterface] [] [] [] : New RakNet connection established with 127.0.0.1
2017-05-16 21:32:24,974 INFO  [i.i.service.InspectionRestService] [] [] [] : Processing GET request from new source 0:0:0:0:0:0:0:1
2017-05-16 21:32:25,086 INFO  [akka.actor.LocalActorRef] [akka://akkaFabric/system/IO-TCP/selectors/$a/7] [akkaFabric-akka.actor.default-dispatcher-15] [] : Message [akka.io.Tcp$Write] from Actor[akka://akkaFabric/user/IO-HTTP/listener-3/2#1562470758] to Actor[akka://akkaFabric/system/IO-TCP/selectors/$a/7#-153290819] was not delivered. [1] dead letters encountered. This logging can be turned off or adjusted with configuration settings 'akka.log-dead-letters' and 'akka.log-dead-letters-during-shutdown'.
2017-05-16 21:32:25,086 INFO  [akka.actor.LocalActorRef] [akka://akkaFabric/user/moduleManager/InspectionRestModule1/$b] [akkaFabric-akka.actor.default-dispatcher-39] [] : Message [improbable.inspection.service.ResponseStreamer$ServerSentEvent] from Actor[akka://akkaFabric/user/moduleManager/InspectionRestModule1/$a#-1556121405] to Actor[akka://akkaFabric/user/moduleManager/InspectionRestModule1/$b#-1922497822] was not delivered. [2] dead letters encountered. This logging can be turned off or adjusted with configuration settings 'akka.log-dead-letters' and 'akka.log-dead-letters-during-shutdown'.
2017-05-16 21:32:25,086 INFO  [akka.actor.LocalActorRef] [akka://akkaFabric/user/moduleManager/InspectionRestModule1/$b] [akkaFabric-akka.actor.default-dispatcher-39] [] : Message [improbable.inspection.service.ResponseStreamer$ServerSentEvent] from Actor[akka://akkaFabric/user/moduleManager/InspectionRestModule1/$a#-1556121405] to Actor[akka://akkaFabric/user/moduleManager/InspectionRestModule1/$b#-1922497822] was not delivered. [3] dead letters encountered. This logging can be turned off or adjusted with configuration settings 'akka.log-dead-letters' and 'akka.log-dead-letters-during-shutdown'.
2017-05-16 21:32:25,087 INFO  [akka.actor.LocalActorRef] [akka://akkaFabric/user/moduleManager/InspectionRestModule1/$b] [akkaFabric-akka.actor.default-dispatcher-39] [] : Message [improbable.inspection.service.ResponseStreamer$ServerSentEvent] from Actor[akka://akkaFabric/user/moduleManager/InspectionRestModule1/$a#-1556121405] to Actor[akka://akkaFabric/user/moduleManager/InspectionRestModule1/$b#-1922497822] was not delivered. [4] dead letters encountered. This logging can be turned off or adjusted with configuration settings 'akka.log-dead-letters' and 'akka.log-dead-letters-during-shutdown'.
2017-05-16 21:32:25,087 INFO  [akka.actor.LocalActorRef] [akka://akkaFabric/user/moduleManager/InspectionRestModule1/$b] [akkaFabric-akka.actor.default-dispatcher-39] [] : Message [improbable.inspection.service.ResponseStreamer$ServerSentEvent] from Actor[akka://akkaFabric/user/moduleManager/InspectionRestModule1/$a#-1556121405] to Actor[akka://akkaFabric/user/moduleManager/InspectionRestModule1/$b#-1922497822] was not delivered. [5] dead letters encountered. This logging can be turned off or adjusted with configuration settings 'akka.log-dead-letters' and 'akka.log-dead-letters-during-shutdown'.
2017-05-16 21:32:25,087 INFO  [akka.actor.LocalActorRef] [akka://akkaFabric/user/moduleManager/InspectionRestModule1/$b] [akkaFabric-akka.actor.default-dispatcher-39] [] : Message [improbable.inspection.service.ResponseStreamer$ServerSentEvent] from Actor[akka://akkaFabric/user/moduleManager/InspectionRestModule1/$a#-1556121405] to Actor[akka://akkaFabric/user/moduleManager/InspectionRestModule1/$b#-1922497822] was not delivered. [6] dead letters encountered. This logging can be turned off or adjusted with configuration settings 'akka.log-dead-letters' and 'akka.log-dead-letters-during-shutdown'.
2017-05-16 21:32:25,087 INFO  [akka.actor.LocalActorRef] [akka://akkaFabric/user/moduleManager/InspectionRestModule1/$b] [akkaFabric-akka.actor.default-dispatcher-39] [] : Message [improbable.inspection.service.ResponseStreamer$ServerSentEvent] from Actor[akka://akkaFabric/user/moduleManager/InspectionRestModule1/$a#-1556121405] to Actor[akka://akkaFabric/user/moduleManager/InspectionRestModule1/$b#-1922497822] was not delivered. [7] dead letters encountered. This logging can be turned off or adjusted with configuration settings 'akka.log-dead-letters' and 'akka.log-dead-letters-during-shutdown'.
2017-05-16 21:32:25,087 INFO  [akka.actor.LocalActorRef] [akka://akkaFabric/user/moduleManager/InspectionRestModule1/$b] [akkaFabric-akka.actor.default-dispatcher-39] [] : Message [improbable.inspection.service.ResponseStreamer$ServerSentEvent] from Actor[akka://akkaFabric/user/moduleManager/InspectionRestModule1/$a#-1556121405] to Actor[akka://akkaFabric/user/moduleManager/InspectionRestModule1/$b#-1922497822] was not delivered. [8] dead letters encountered. This logging can be turned off or adjusted with configuration settings 'akka.log-dead-letters' and 'akka.log-dead-letters-during-shutdown'.
2017-05-16 21:32:25,087 INFO  [akka.actor.LocalActorRef] [akka://akkaFabric/user/moduleManager/InspectionRestModule1/$b] [akkaFabric-akka.actor.default-dispatcher-39] [] : Message [improbable.inspection.service.ResponseStreamer$ServerSentEvent] from Actor[akka://akkaFabric/user/moduleManager/InspectionRestModule1/$a#-1556121405] to Actor[akka://akkaFabric/user/moduleManager/InspectionRestModule1/$b#-1922497822] was not delivered. [9] dead letters encountered. This logging can be turned off or adjusted with configuration settings 'akka.log-dead-letters' and 'akka.log-dead-letters-during-shutdown'.
2017-05-16 21:32:25,100 INFO  [akka.actor.LocalActorRef] [akka://akkaFabric/user/moduleManager/InspectionRestModule1/$a] [akkaFabric-akka.actor.default-dispatcher-12] [] : Message [improbable.bridge.message.SendBridgeEntitiesDirectly] from Actor[akka://akkaFabric/deadLetters] to Actor[akka://akkaFabric/user/moduleManager/InspectionRestModule1/$a#-1556121405] was not delivered. [10] dead letters encountered, no more dead letters will be logged. This logging can be turned off or adjusted with configuration settings 'akka.log-dead-letters' and 'akka.log-dead-letters-during-shutdown'.
2017-05-16 21:32:25,372 INFO  [io.grpc.internal.ClientCallImpl] [] [] [] : Call timeout set to '29997952018' ns, due to context deadline. Explicit call timeout was '29999917707' ns.
2017-05-16 21:32:26,970 INFO  [io.grpc.internal.ClientCallImpl] [] [] [] : Call timeout set to '29999426241' ns, due to context deadline. Explicit call timeout was '29999939703' ns.
2017-05-16 21:32:28,478 INFO  [io.grpc.internal.ClientCallImpl] [] [] [] : Call timeout set to '29999461743' ns, due to context deadline. Explicit call timeout was '29999942868' ns.
2017-05-16 21:32:29,984 INFO  [io.grpc.internal.ClientCallImpl] [] [] [] : Call timeout set to '29999470923' ns, due to context deadline. Explicit call timeout was '29999959749' ns.
2017-05-16 21:32:31,574 INFO  [io.grpc.internal.ClientCallImpl] [] [] [] : Call timeout set to '29999283109' ns, due to context deadline. Explicit call timeout was '29999935135' ns.
2017-05-16 21:32:33,374 INFO  [io.grpc.internal.ClientCallImpl] [] [] [] : Call timeout set to '29999329140' ns, due to context deadline. Explicit call timeout was '29999944118' ns.
2017-05-16 21:32:36,429 INFO  [io.grpc.internal.ClientCallImpl] [] [] [] : Call timeout set to '29999309551' ns, due to context deadline. Explicit call timeout was '29999938311' ns.
2017-05-16 21:32:37,937 INFO  [io.grpc.internal.ClientCallImpl] [] [] [] : Call timeout set to '29999467017' ns, due to context deadline. Explicit call timeout was '29999960657' ns.
2017-05-16 21:32:39,443 INFO  [io.grpc.internal.ClientCallImpl] [] [] [] : Call timeout set to '29999464005' ns, due to context deadline. Explicit call timeout was '29999955242' ns.
2017-05-16 21:32:40,949 INFO  [io.grpc.internal.ClientCallImpl] [] [] [] : Call timeout set to '29999383383' ns, due to context deadline. Explicit call timeout was '29999946080' ns.
2017-05-16 21:32:42,060 INFO  [i.b.o.p.LoadTrackingProximityPreferredBridgeModulePicker] [] [] [] : Attempting to get positionhint for UnityClientf1b4a277-e524-41e0-981f-625004b5ab49 via rpc
2017-05-16 21:32:42,060 INFO  [i.b.o.p.LoadTrackingProximityPreferredBridgeModulePicker] [] [] [] : Starting UnityClientf1b4a277-e524-41e0-981f-625004b5ab49 without an existing position hint (none set), so using a randomly selected bridge module.
2017-05-16 21:32:42,064 INFO  [i.b.o.p.LoadTrackingProximityPreferredBridgeModulePicker] [] [] [] : Assign Engine(UnityClientf1b4a277-e524-41e0-981f-625004b5ab49) to a random Endpoint(Some(BridgeModuleEndpoint(qWhTqKqi))): no position hint was found. (Logged every 100 times)
2017-05-16 21:32:42,064 INFO  [i.m.b.o.m.BridgeModuleOracleActor] [] [] [] : Asking LoadTrackingProximityPreferredBridgeModulePicker for a new BridgeModule for Engine(UnityClientf1b4a277-e524-41e0-981f-625004b5ab49). Returning: Some(BridgeModuleEndpoint(qWhTqKqi)) at Some(BridgeModuleLoadBalanceInfo((0.0, 0.0, 0.0),1))
2017-05-16 21:32:42,066 INFO  [i.l.params.LoadbalancerParamsFactory] [] [] [] : LoadbalancerParams for worker type [UnityClient]: [FlagzLoadbalancerParams{energyLimitingEnabled=true, energyLimit=1.0E9, minWorkerRange=Infinity, maxWorkerRange=Infinity, maxWorkerStepSize=50.0, workerExpansionTimeMs=60000, workerGridSize=5, loadbalancerEnabled=true, hexGridMode=OFF, scalerAdvisorType=ENTITY_COUNT, maxWorkers=25, initialWorkers=25, numEntitiesPerWorker=9223372036854775807, statusReportPeriodMs=2000, pointsOfInterestEnabled=false, hexGridSolution=Empty, pointsOfInterestSolution=Empty}]
2017-05-16 21:32:42,085 INFO  [i.b.i.BridgeInternalServiceImpl] [] [] [] : Bridge worker_id: "UnityClientf1b4a277-e524-41e0-981f-625004b5ab49"
 registered with bridge internal service
2017-05-16 21:32:42,086 INFO  [i.b.o.s.BridgeOracleInternalServiceImpl] [] [] [] : Got bridge started rpc from bridge: worker_id: "UnityClientf1b4a277-e524-41e0-981f-625004b5ab49"

2017-05-16 21:32:42,086 INFO  [i.b.o.s.BridgeOracleInternalServiceImpl] [] [] [] : The worker UnityClientf1b4a277-e524-41e0-981f-625004b5ab49 registered with SpatialOS successfully.
2017-05-16 21:32:42,086 INFO  [i.module.bridge.oracle.BridgeOracle] [] [] [] : Sending bridge started to self for bridge endpoint BridgeEndpoint(UnityClientf1b4a277-e524-41e0-981f-625004b5ab49)
2017-05-16 21:32:42,086 INFO  [i.module.bridge.oracle.BridgeOracle] [] [] [] : Bridge(UnityClientf1b4a277-e524-41e0-981f-625004b5ab49) started.
2017-05-16 21:32:42,087 INFO  [improbable.bridge.BridgeActor] [] [] [] : Bridge(UnityClientf1b4a277-e524-41e0-981f-625004b5ab49) sent BridgeStarted to the bridge oracle.
2017-05-16 21:32:42,135 INFO  [i.b.n.raknet.GuardedRakPeerInterface] [] [] [] : New RakNet connection established with 127.0.0.1
2017-05-16 21:32:42,248 INFO  [io.grpc.internal.ManagedChannelImpl] [] [] [] : [ManagedChannelImpl@5abdcf3e] Created with target directaddress:///io.grpc.inprocess.InProcessSocketAddress@7871384f
2017-05-16 21:32:42,446 INFO  [io.grpc.internal.ManagedChannelImpl] [] [] [] : [ManagedChannelImpl@271c69cf] Created with target directaddress:///io.grpc.inprocess.InProcessSocketAddress@5f2cfa3d
2017-05-16 21:32:42,454 INFO  [io.grpc.internal.ClientCallImpl] [] [] [] : Call timeout set to '29999607287' ns, due to context deadline. Explicit call timeout was '29999971053' ns.
2017-05-16 21:32:43,961 INFO  [io.grpc.internal.ClientCallImpl] [] [] [] : Call timeout set to '29999527489' ns, due to context deadline. Explicit call timeout was '29999939636' ns.
2017-05-16 21:32:45,467 INFO  [io.grpc.internal.ClientCallImpl] [] [] [] : Call timeout set to '29999576087' ns, due to context deadline. Explicit call timeout was '29999959678' ns.
2017-05-16 21:32:46,461 INFO  [i.b.n.BridgeActorTransportLinkListener] [] [] [] : TransportLinkListener(UnityClientf1b4a277-e524-41e0-981f-625004b5ab49) sending Disconnected to akka://akkaFabric/user/BridgeModule:qWhTqKqi/BridgeActor-UnityClientf1b4a277-e524-41e0-981f-625004b5ab49
2017-05-16 21:32:46,463 INFO  [i.module.bridge.oracle.BridgeOracle] [] [] [] : Bridge(UnityClientf1b4a277-e524-41e0-981f-625004b5ab49) stopped.
2017-05-16 21:32:46,465 INFO  [i.b.i.BridgeInternalServiceImpl] [] [] [] : Bridge worker_id: "UnityClientf1b4a277-e524-41e0-981f-625004b5ab49"
 unregistered with bridge internal service
2017-05-16 21:32:46,466 INFO  [improbable.bridge.BridgeActor] [] [] [] : Bridge(UnityClientf1b4a277-e524-41e0-981f-625004b5ab49) on BridgeModuleEndpoint(qWhTqKqi) stopped.
2017-05-16 21:32:46,973 INFO  [io.grpc.internal.ClientCallImpl] [] [] [] : Call timeout set to '29999491143' ns, due to context deadline. Explicit call timeout was '29999958849' ns.
2017-05-16 21:32:48,480 INFO  [io.grpc.internal.ClientCallImpl] [] [] [] : Call timeout set to '29999237666' ns, due to context deadline. Explicit call timeout was '29999957175' ns.
2017-05-16 21:32:49,512 INFO  [i.c.discovery.ServiceDiscoveryImpl] [] [] [] : Shutting down all services
2017-05-16 21:32:49,516 INFO  [i.core.discovery.server.PublicServer] [] [] [] : Stopped Service(improbable.platform.runtime.HealthCheckService) on host: "127.0.0.1"
port: 9001

2017-05-16 21:32:49,517 INFO  [i.core.discovery.server.LocalServer] [] [] [] : Stopped Service(improbable.fabric.internal.service.RouterInternalService) on host: "127.0.0.1"
port: 9010

2017-05-16 21:32:49,519 INFO  [i.core.discovery.server.PublicServer] [] [] [] : Stopped Service(improbable.platform.inner.worker.WorkerRunner) on host: "127.0.0.1"
port: 9021

2017-05-16 21:32:49,519 INFO  [i.core.discovery.server.LocalServer] [] [] [] : Stopped Service(improbable.fabric.internal.service.ContentionInternalService) on host: "127.0.0.1"
port: 9003

2017-05-16 21:32:49,521 INFO  [i.core.discovery.server.LocalServer] [] [] [] : Stopped Service(improbable.fabric.internal.service.GlobalBrokerInternalService) on host: "127.0.0.1"
port: 9014

2017-05-16 21:32:49,521 INFO  [i.core.discovery.server.PublicServer] [] [] [] : Stopped Service(improbable.platform.runtime.InspectionService) on host: "127.0.0.1"
port: 9025

2017-05-16 21:32:49,521 INFO  [i.core.discovery.server.LocalServer] [] [] [] : Stopped Service(improbable.fabric.internal.service.LocalBrokerInternalService) on host: "127.0.0.1"
port: 9012

2017-05-16 21:32:49,522 INFO  [i.core.discovery.server.LocalServer] [] [] [] : Stopped Service(improbable.fabric.internal.service.EntityQueryInternalService) on host: "127.0.0.1"
port: 9023

2017-05-16 21:32:49,522 INFO  [i.core.discovery.server.LocalServer] [] [] [] : Stopped Service(improbable.fabric.internal.service.WorldExtentsInternalService) on host: "127.0.0.1"
port: 9006

2017-05-16 21:32:49,523 INFO  [i.core.discovery.server.PublicServer] [] [] [] : Stopped Service(improbable.platform.runtime.ModuleService) on host: "127.0.0.1"
port: 9017

2017-05-16 21:32:49,523 INFO  [i.core.discovery.server.PublicServer] [] [] [] : Stopped Service(improbable.platform.runtime.FeatureService) on host: "127.0.0.1"
port: 9004

2017-05-16 21:32:49,524 INFO  [i.core.discovery.server.LocalServer] [] [] [] : Stopped Service(improbable.fabric.internal.service.BridgeServiceOracleInternalService) on host: "127.0.0.1"
port: 9015

2017-05-16 21:32:49,529 INFO  [i.core.discovery.server.LocalServer] [] [] [] : Stopped Service(improbable.fabric.internal.service.BridgePositionHintInternalService) on host: "127.0.0.1"
port: 9008

2017-05-16 21:32:49,530 INFO  [i.core.discovery.server.PublicServer] [] [] [] : Stopped Service(improbable.platform.runtime.ReceptionistService) on host: "127.0.0.1"
port: 9019

2017-05-16 21:32:49,529 ERROR [i.engine.worker.CommandLineExecutor] [] [] [] : Worker UnityWorker0 terminated abnormally. It may have crashed due to worker-side errors.
2017-05-16 21:32:49,530 INFO  [i.core.discovery.server.LocalServer] [] [] [] : Stopped Service(improbable.fabric.internal.service.RunLevelInternalService) on host: "127.0.0.1"
port: 9000

2017-05-16 21:32:49,530 ERROR [i.engine.worker.CommandLineExecutor] [] [] [] : (UnityWorker0) Command exited with code 143 (POSIX signal: 15): /var/folders/4l/xzgp2w7j5lzd9ydctvd65g1c0000gn/T/improbable2729093904303914782/UnityWorker@Mac.app/Contents/MacOS/UnityWorker@Mac +appName your_project_name_here +receptionistIp 127.0.0.1 +receptionistPort 7777 +workerType UnityWorker +workerId UnityWorker0 +useInternalIpForBridge true +infraServicesUrl http://127.0.0.1:21000 +assemblyName local_assembly +linkProtocol RakNet -logfile /Users/trefethen/Documents/unity/spatial/logs/2017-05-16_21-32-00_0/workers/UnityWorker/UnityWorker0-4879296850532822880.log -batchmode -nographics
2017-05-16 21:32:49,531 INFO  [i.core.discovery.server.LocalServer] [] [] [] : Stopped Service(improbable.fabric.internal.service.RemoteMessageInternalService) on host: "127.0.0.1"
port: 9011

2017-05-16 21:32:49,532 INFO  [i.core.discovery.server.PublicServer] [] [] [] : Stopped Service(improbable.fabric.internal.service.ScalingStatsInternalService) on host: "127.0.0.1"
port: 9022

2017-05-16 21:32:49,533 INFO  [i.core.discovery.server.LocalServer] [] [] [] : Stopped Service(improbable.fabric.internal.service.WorldAppOracleInternalService) on host: "127.0.0.1"
port: 9020

2017-05-16 21:32:49,534 INFO  [i.core.discovery.server.PublicServer] [] [] [] : Stopped Service(improbable.platform.runtime.SnapshotService) on host: "127.0.0.1"
port: 9024

2017-05-16 21:32:49,535 INFO  [i.core.discovery.server.LocalServer] [] [] [] : Stopped Service(improbable.fabric.internal.service.ServiceDiscoveryInternalService) on host: "127.0.0.1"
port: 5301

2017-05-16 21:32:49,535 INFO  [i.core.discovery.server.LocalServer] [] [] [] : Stopped Service(improbable.fabric.internal.service.PerfInternalService) on host: "127.0.0.1"
port: 9002

2017-05-16 21:32:49,536 INFO  [i.core.discovery.server.LocalServer] [] [] [] : Stopped Service(improbable.fabric.internal.service.BridgeOracleInternalService) on host: "127.0.0.1"
port: 9013

2017-05-16 21:32:49,538 INFO  [i.core.discovery.server.LocalServer] [] [] [] : Stopped Service(improbable.fabric.internal.service.BridgeInternalService) on host: "127.0.0.1"
port: 9016

2017-05-16 21:32:49,538 INFO  [i.core.discovery.server.LocalServer] [] [] [] : Stopped Service(improbable.fabric.internal.service.NodeConfigurationInternalService) on host: "127.0.0.1"
port: 9005

2017-05-16 21:32:49,539 INFO  [i.core.discovery.server.LocalServer] [] [] [] : Stopped Service(improbable.fabric.internal.service.RouterLookupInternalService) on host: "127.0.0.1"
port: 9009

2017-05-16 21:32:49,540 INFO  [i.core.discovery.server.LocalServer] [] [] [] : Stopped Service(improbable.fabric.internal.service.EntityIdInternalService) on host: "127.0.0.1"
port: 9007

2017-05-16 21:32:49,541 INFO  [i.core.discovery.server.LocalServer] [] [] [] : Stopped Service(improbable.fabric.internal.service.ReceptionistInternalService) on host: "127.0.0.1"
port: 9018

