2017-05-15 14:39:21,834 INFO  [io.grpc.internal.ManagedChannelImpl] [] [] [] : [ManagedChannelImpl@166305de] Created with target localhost:22000
2017-05-15 14:39:25,086 INFO  [i.deployment.InternalGameLauncher] [] [] [] : Parsed 366 internal flags at startup
2017-05-15 14:39:25,139 INFO  [i.deployment.InternalGameLauncher] [] [] [] : SpatialOS runtime version: 10-20170515T124111Z-65dc96e
2017-05-15 14:39:25,155 INFO  [io.grpc.internal.ManagedChannelImpl] [] [] [] : [ManagedChannelImpl@3f2470df] Created with target 127.0.0.1:22000
2017-05-15 14:39:25,157 INFO  [io.grpc.internal.ManagedChannelImpl] [] [] [] : [ManagedChannelImpl@60235b0d] Created with target 127.0.0.1:22000
2017-05-15 14:39:25,283 INFO  [i.c.c.f.FlagzFieldRegistryUpdater] [] [] [] : Initialized Fabric flagz registry with 13 set fields.
2017-05-15 14:39:26,093 INFO  [io.grpc.internal.ManagedChannelImpl] [] [] [] : [ManagedChannelImpl@266f0a56] Created with target localhost:22000
2017-05-15 14:39:28,027 INFO  [i.core.discovery.server.LocalServer] [] [] [] : Registered Service(improbable.fabric.internal.service.ServiceDiscoveryInternalService) on host: "127.0.0.1"
port: 5301
.
2017-05-15 14:39:28,027 INFO  [i.c.discovery.ServiceDiscoveryImpl] [] [] [] : Service discovery address: improbable.core.discovery.common.SettableServiceAddress@7b2e6c64
2017-05-15 14:39:28,036 INFO  [improbable.module.ModuleNode] [] [] [] : Starting Fabric node as master (IP: 127.0.0.1).
2017-05-15 14:39:28,042 INFO  [i.core.discovery.server.LocalServer] [] [] [] : Registered Service(improbable.fabric.internal.service.RunLevelInternalService) on host: "127.0.0.1"
port: 9000
.
2017-05-15 14:39:28,046 INFO  [i.core.discovery.server.PublicServer] [] [] [] : Registered Service(improbable.platform.runtime.HealthCheckService) on host: "127.0.0.1"
port: 9001
.
2017-05-15 14:39:28,053 INFO  [i.core.discovery.server.LocalServer] [] [] [] : Registered Service(improbable.fabric.internal.service.PerfInternalService) on host: "127.0.0.1"
port: 9002
.
2017-05-15 14:39:28,055 INFO  [io.grpc.internal.ManagedChannelImpl] [] [] [] : [ManagedChannelImpl@133beaea] Created with target directaddress:///io.grpc.inprocess.InProcessSocketAddress@a153d2c
2017-05-15 14:39:28,059 INFO  [i.core.discovery.server.LocalServer] [] [] [] : Registered Service(improbable.fabric.internal.service.ContentionInternalService) on host: "127.0.0.1"
port: 9003
.
2017-05-15 14:39:28,066 INFO  [i.core.discovery.server.PublicServer] [] [] [] : Registered Service(improbable.platform.runtime.FeatureService) on host: "127.0.0.1"
port: 9004
.
2017-05-15 14:39:28,080 INFO  [i.c.d.global.GlobalServiceDiscovery] [] [] [] : Global service discovery refreshed 6 server(s) as master (previously: 0)
2017-05-15 14:39:28,085 INFO  [i.c.config.flagz.WorkerFlagzUpdater] [] [] [] : Initialized worker flagz registry with 0 set fields.
2017-05-15 14:39:28,085 INFO  [improbable.module.ModuleNode] [] [] [] : Using master node configuration loader.
2017-05-15 14:39:28,093 INFO  [i.core.discovery.server.LocalServer] [] [] [] : Registered Service(improbable.fabric.internal.service.NodeConfigurationInternalService) on host: "127.0.0.1"
port: 9005
.
2017-05-15 14:39:28,129 INFO  [i.c.c.n.MasterNodeConfigurationLoader] [] [] [] : Using roles [MASTER, GSIM, BRIDGE, WORKER_RUNNER, INSPECTION] for node node_id {
  deployment_id {
    project_id {
      name: "your_project_name_here"
    }
    name: "local"
  }
  name: "master"
}
private_ip: "127.0.0.1"
roles: MASTER
roles: GSIM
roles: BRIDGE
roles: WORKER_RUNNER
roles: INSPECTION

2017-05-15 14:39:28,154 INFO  [improbable.core.config.node.GsimGrid] [] [] [] : Created gsim grid configuration of size (1500, 1500) with 1 columns and 1 rows, using gsims of (30, 30) chunks.
2017-05-15 14:39:28,167 INFO  [i.c.c.n.MasterNodeConfigurationLoader] [] [] [] : Original deployment module configuration (before parsing): {deployment_id {
  project_id {
    name: "your_project_name_here"
  }
  name: "local"
}
name: "master"
=[name: "ProfilingModule"
, name: "AssetDatabaseModule"
, name: "BridgeModuleOracleModule"
, name: "BridgeOracleModule"
, name: "EngineStartupModuleOracleModule"
, name: "PersistenceModule"
, name: "ReceptionistModule"
, name: "RouterModule"
, name: "WorldAppOracleModule"
, name: "WorldAppSupervisorModule"
, name: "GSimModule"
, name: "BridgeModule"
, name: "EngineStartupModule"
, name: "DevWorldRestApiModule"
, name: "InspectionRestModule"
]}
2017-05-15 14:39:28,188 INFO  [improbable.module.ModuleNode] [] [] [] : Loaded node configuration: node_id {
  deployment_id {
    project_id {
      name: "your_project_name_here"
    }
    name: "local"
  }
  name: "master"
}
module_configurations {
  name: "ProfilingModule"
}
module_configurations {
  name: "AssetDatabaseModule"
}
module_configurations {
  name: "EngineStartupModuleOracleModule"
}
module_configurations {
  name: "PersistenceModule"
}
module_configurations {
  name: "ReceptionistModule"
}
module_configurations {
  name: "WorldAppOracleModule"
}
module_configurations {
  name: "WorldAppSupervisorModule"
}
module_configurations {
  name: "GSimModule"
}
module_configurations {
  name: "EngineStartupModule"
}
module_configurations {
  name: "DevWorldRestApiModule"
}
module_configurations {
  name: "InspectionRestModule"
}
gsim_configurations {
  extent {
    bottom_left {
      x_in_chunks: -15
      z_in_chunks: -15
    }
    top_right {
      x_in_chunks: 15
      z_in_chunks: 15
    }
  }
}
start_router: true
start_bridge_oracle: true
start_bridge_module_oracle: true
bridge_modules {
  name: "BridgeModule"
}

2017-05-15 14:39:28,188 INFO  [i.c.c.n.MasterNodeConfigurationLoader] [] [] [] : Master successfully loaded node configurations: {deployment_id {
  project_id {
    name: "your_project_name_here"
  }
  name: "local"
}
name: "master"
=node_id {
  deployment_id {
    project_id {
      name: "your_project_name_here"
    }
    name: "local"
  }
  name: "master"
}
module_configurations {
  name: "ProfilingModule"
}
module_configurations {
  name: "AssetDatabaseModule"
}
module_configurations {
  name: "EngineStartupModuleOracleModule"
}
module_configurations {
  name: "PersistenceModule"
}
module_configurations {
  name: "ReceptionistModule"
}
module_configurations {
  name: "WorldAppOracleModule"
}
module_configurations {
  name: "WorldAppSupervisorModule"
}
module_configurations {
  name: "GSimModule"
}
module_configurations {
  name: "EngineStartupModule"
}
module_configurations {
  name: "DevWorldRestApiModule"
}
module_configurations {
  name: "InspectionRestModule"
}
gsim_configurations {
  extent {
    bottom_left {
      x_in_chunks: -15
      z_in_chunks: -15
    }
    top_right {
      x_in_chunks: 15
      z_in_chunks: 15
    }
  }
}
start_router: true
start_bridge_oracle: true
start_bridge_module_oracle: true
bridge_modules {
  name: "BridgeModule"
}
}
2017-05-15 14:39:28,189 INFO  [improbable.module.ModuleNode] [] [] [] : Using master world extents provider.
2017-05-15 14:39:28,206 INFO  [i.core.discovery.server.LocalServer] [] [] [] : Registered Service(improbable.fabric.internal.service.WorldExtentsInternalService) on host: "127.0.0.1"
port: 9006
.
2017-05-15 14:39:28,207 INFO  [i.c.world.MasterWorldExtentsProvider] [] [] [] : Successfully initialized world extents with 1 rectangle(s).
2017-05-15 14:39:28,212 INFO  [improbable.module.ModuleNode] [] [] [] : Loaded world extents: WorldExtents{proto=rectangles {
  bottom_left {
    x: -750.0
    z: -750.0
  }
  top_right {
    x: 750.0
    z: 750.0
  }
  is_fully_simulated: true
  responsible_gsim_id {
  }
}
bounding_rectangle {
  bottom_left {
    x: -750.0
    z: -750.0
  }
  top_right {
    x: 750.0
    z: 750.0
  }
  is_fully_simulated: true
}
}
2017-05-15 14:39:29,044 INFO  [i.c.d.global.GlobalServiceDiscovery] [] [] [] : Global service discovery refreshed 8 server(s) as master (previously: 6)
2017-05-15 14:39:30,146 INFO  [i.entity.schema.FabricSchema] [] [] [] : Found components: [improbable.core.WorldTransform, improbable.EntityAcl, improbable.user.PlayerSpawning]
2017-05-15 14:39:30,147 INFO  [improbable.module.ModuleNode] [] [] [] : Successfully loaded schema for entities
2017-05-15 14:39:30,147 INFO  [improbable.module.ModuleNode] [] [] [] : Validating snapshot at startup and determining max entity id
2017-05-15 14:39:30,178 INFO  [improbable.module.ModuleNode] [] [] [] : Determined the first entity id for the id assigner as 2
2017-05-15 14:39:30,181 INFO  [i.core.discovery.server.LocalServer] [] [] [] : Registered Service(improbable.fabric.internal.service.EntityIdInternalService) on host: "127.0.0.1"
port: 9007
.
2017-05-15 14:39:30,188 INFO  [i.core.discovery.server.LocalServer] [] [] [] : Registered Service(improbable.fabric.internal.service.BridgePositionHintInternalService) on host: "127.0.0.1"
port: 9008
.
2017-05-15 14:39:30,196 INFO  [i.core.discovery.server.LocalServer] [] [] [] : Registered Service(improbable.fabric.internal.service.RouterLookupInternalService) on host: "127.0.0.1"
port: 9009
.
2017-05-15 14:39:30,197 INFO  [i.module.router.ActorSystemFactory$] [] [] [] : Attempting to create ActorSystem akkaFabric with configRecord akkaFabric
2017-05-15 14:39:30,459 INFO  [akka.event.slf4j.Slf4jLogger] [] [] [] : Slf4jLogger started
2017-05-15 14:39:31,044 INFO  [i.c.d.global.GlobalServiceDiscovery] [] [] [] : Global service discovery refreshed 11 server(s) as master (previously: 8)
2017-05-15 14:39:31,515 INFO  [i.w.a.WorkerAssemblyProviderFactory] [] [] [] : Loaded worker assemblies for these workers types: UnityClient, UnityWorker.
2017-05-15 14:39:31,517 INFO  [improbable.module.ModuleNode] [] [] [] : Loaded worker assemblies: [worker_assembly_id {
  assembly_id {
    project_id {
      name: "your_project_name_here"
    }
    name: "local_assembly"
  }
  name {
    name: "UnityClient"
  }
}
bridge_configuration {
  worker_attribute_set {
    attribute {
      name: "visual"
    }
  }
  entity_interest {
    range_entity_interest {
      radius: 200.0
    }
  }
  component_delivery {
    checkout_all_initially: true
  }
}
, worker_assembly_id {
  assembly_id {
    project_id {
      name: "your_project_name_here"
    }
    name: "local_assembly"
  }
  name {
    name: "UnityWorker"
  }
}
worker_launch_configuration {
  platform: WINDOWS
  worker_zip {
    command: "UnityWorker@Windows.exe"
    argument: "+appName"
    argument: "${IMPROBABLE_PROJECT_NAME}"
    argument: "+receptionistIp"
    argument: "${IMPROBABLE_RECEPTIONIST_IP}"
    argument: "+receptionistPort"
    argument: "${IMPROBABLE_RECEPTIONIST_PORT}"
    argument: "+workerType"
    argument: "${IMPROBABLE_WORKER_NAME}"
    argument: "+workerId"
    argument: "${IMPROBABLE_WORKER_ID}"
    argument: "+useInternalIpForBridge"
    argument: "true"
    argument: "+infraServicesUrl"
    argument: "${IMPROBABLE_API_URL}"
    argument: "+assemblyName"
    argument: "${IMPROBABLE_ASSEMBLY_NAME}"
    argument: "+linkProtocol"
    argument: "RakNet"
    argument: "-logfile"
    argument: "${IMPROBABLE_LOG_FILE}"
    argument: "-batchmode"
    argument: "-nographics"
    worker_location {
      filename: "UnityWorker@Windows.zip"
    }
  }
}
worker_launch_configuration {
  platform: MACOS
  worker_zip {
    command: "UnityWorker@Mac.app/Contents/MacOS/UnityWorker@Mac"
    argument: "+appName"
    argument: "${IMPROBABLE_PROJECT_NAME}"
    argument: "+receptionistIp"
    argument: "${IMPROBABLE_RECEPTIONIST_IP}"
    argument: "+receptionistPort"
    argument: "${IMPROBABLE_RECEPTIONIST_PORT}"
    argument: "+workerType"
    argument: "${IMPROBABLE_WORKER_NAME}"
    argument: "+workerId"
    argument: "${IMPROBABLE_WORKER_ID}"
    argument: "+useInternalIpForBridge"
    argument: "true"
    argument: "+infraServicesUrl"
    argument: "${IMPROBABLE_API_URL}"
    argument: "+assemblyName"
    argument: "${IMPROBABLE_ASSEMBLY_NAME}"
    argument: "+linkProtocol"
    argument: "RakNet"
    argument: "-logfile"
    argument: "${IMPROBABLE_LOG_FILE}"
    argument: "-batchmode"
    argument: "-nographics"
    worker_location {
      filename: "UnityWorker@Mac.zip"
    }
  }
}
worker_launch_configuration {
  platform: LINUX
  worker_zip {
    command: "UnityWorker@Linux"
    argument: "+appName"
    argument: "${IMPROBABLE_PROJECT_NAME}"
    argument: "+receptionistIp"
    argument: "${IMPROBABLE_RECEPTIONIST_IP}"
    argument: "+receptionistPort"
    argument: "${IMPROBABLE_RECEPTIONIST_PORT}"
    argument: "+workerType"
    argument: "${IMPROBABLE_WORKER_NAME}"
    argument: "+workerId"
    argument: "${IMPROBABLE_WORKER_ID}"
    argument: "+useInternalIpForBridge"
    argument: "true"
    argument: "+infraServicesUrl"
    argument: "${IMPROBABLE_API_URL}"
    argument: "+assemblyName"
    argument: "${IMPROBABLE_ASSEMBLY_NAME}"
    argument: "+linkProtocol"
    argument: "RakNet"
    argument: "-logfile"
    argument: "${IMPROBABLE_LOG_FILE}"
    argument: "-batchmode"
    argument: "-nographics"
    worker_location {
      filename: "UnityWorker@Linux.zip"
    }
  }
}
bridge_configuration {
  worker_attribute_set {
    attribute {
      name: "physics"
    }
  }
  entity_interest {
    range_entity_interest {
      radius: 200.0
    }
  }
  component_delivery {
    checkout_all_initially: true
  }
}
]
2017-05-15 14:39:31,518 INFO  [i.l.params.LoadbalancerParamsFactory] [] [] [] : Parsed 1 worker loadbalancing configuration(s)
2017-05-15 14:39:31,520 INFO  [i.l.params.LoadbalancerParamsFactory] [] [] [] : Successfully loaded loadbalancing configurations: {UnityWorker=improbable.loadbalancing.params.AutoHexGridLoadbalancerParams@42218485}
2017-05-15 14:39:31,522 INFO  [i.w.permissions.PermissionsFactory] [] [] [] : Created permissions manager with permissions: {UnityWorker=Permissions{{/sys/CreateEntity=, /sys/DeleteEntity=, /sys/EntityQuery={"component":["*"]}}}, UnityClient=Permissions{{/sys/EntityQuery={"component":["*"]}}}}
2017-05-15 14:39:33,404 INFO  [improbable.module.ModuleNode] [] [] [] : Starting router on master
2017-05-15 14:39:33,410 INFO  [i.core.discovery.server.LocalServer] [] [] [] : Registered Service(improbable.fabric.internal.service.RouterInternalService) on host: "127.0.0.1"
port: 9010
.
2017-05-15 14:39:33,410 INFO  [i.c.m.r.RouterInternalServiceImpl] [] [] [] : Attempting to register RouterInternalServiceImpl with RouterLookupInternalService.
2017-05-15 14:39:33,412 INFO  [io.grpc.internal.ManagedChannelImpl] [] [] [] : [ManagedChannelImpl@212e9d11] Created with target directaddress:///io.grpc.inprocess.InProcessSocketAddress@2faca211
2017-05-15 14:39:33,414 INFO  [i.c.m.r.l.RouterLookupInternalServiceImpl] [] [] [] : 1/1 router modules started
2017-05-15 14:39:33,415 INFO  [i.c.m.r.RouterInternalServiceImpl] [] [] [] : Registered RouterInternalServiceImpl with RouterLookupInternalService.
2017-05-15 14:39:33,415 INFO  [improbable.module.ModuleNode] [] [] [] : Waiting for all router modules in the deployment to have started
2017-05-15 14:39:33,416 INFO  [i.routing.proxy.RouterProxyFactory$] [] [] [] : Attempting to get addresses of all RouterModules from master node
2017-05-15 14:39:33,422 INFO  [i.routing.proxy.RouterProxyFactory$] [] [] [] : Got all RouterModules from master node
2017-05-15 14:39:33,432 INFO  [i.core.discovery.server.LocalServer] [] [] [] : Registered Service(improbable.fabric.internal.service.RemoteMessageInternalService) on host: "127.0.0.1"
port: 9011
.
2017-05-15 14:39:33,442 INFO  [i.core.discovery.server.LocalServer] [] [] [] : Registered Service(improbable.fabric.internal.service.LocalBrokerInternalService) on host: "127.0.0.1"
port: 9012
.
2017-05-15 14:39:33,448 INFO  [improbable.module.ModuleNode] [] [] [] : All router modules in the deployment started
2017-05-15 14:39:33,500 INFO  [org.eclipse.jetty.server.Server] [] [] [] : jetty-8.y.z-SNAPSHOT
2017-05-15 14:39:33,520 INFO  [o.e.jetty.server.AbstractConnector] [] [] [] : Started SelectChannelConnector@0.0.0.0:5006
2017-05-15 14:39:33,521 INFO  [improbable.http.ServletContainer$] [] [] [] : Servlet container started
2017-05-15 14:39:33,521 INFO  [improbable.module.ModuleNode] [] [] [] : Starting BridgeOracle on master
2017-05-15 14:39:33,527 INFO  [improbable.module.ModuleNode] [] [] [] : Waiting for the BridgeOracle to have started
2017-05-15 14:39:33,676 INFO  [io.grpc.internal.ManagedChannelImpl] [] [] [] : [ManagedChannelImpl@cc9319c] Created with target directaddress:///io.grpc.inprocess.InProcessSocketAddress@dc313b0
2017-05-15 14:39:33,682 INFO  [io.grpc.internal.ManagedChannelImpl] [] [] [] : [ManagedChannelImpl@3d160a] Created with target directaddress:///io.grpc.inprocess.InProcessSocketAddress@43359723
2017-05-15 14:39:33,685 INFO  [i.core.discovery.server.LocalServer] [] [] [] : Registered Service(improbable.fabric.internal.service.BridgeOracleInternalService) on host: "127.0.0.1"
port: 9013
.
2017-05-15 14:39:34,044 INFO  [improbable.module.ModuleNode] [] [] [] : Received BridgeOracle started
2017-05-15 14:39:34,044 INFO  [i.c.d.global.GlobalServiceDiscovery] [] [] [] : Global service discovery refreshed 15 server(s) as master (previously: 11)
2017-05-15 14:39:34,050 INFO  [i.core.discovery.server.LocalServer] [] [] [] : Registered Service(improbable.fabric.internal.service.GlobalBrokerInternalService) on host: "127.0.0.1"
port: 9014
.
2017-05-15 14:39:34,051 INFO  [improbable.module.ModuleNode] [] [] [] : Waiting for the BridgeModuleOracle to have started
2017-05-15 14:39:34,056 INFO  [i.c.a.e.ExtensibleActorReporter] [] [] [] : Started BridgeModuleOracleActor(Actor[akka://akkaFabric/user/BridgeModuleOracleModule#2015423532]).
2017-05-15 14:39:34,064 INFO  [i.core.discovery.server.LocalServer] [] [] [] : Registered Service(improbable.fabric.internal.service.BridgeServiceOracleInternalService) on host: "127.0.0.1"
port: 9015
.
2017-05-15 14:39:35,045 INFO  [i.c.d.global.GlobalServiceDiscovery] [] [] [] : Global service discovery refreshed 17 server(s) as master (previously: 15)
2017-05-15 14:39:35,045 INFO  [improbable.module.ModuleNode] [] [] [] : Received BridgeModuleOracle started
2017-05-15 14:39:35,048 INFO  [io.grpc.internal.ManagedChannelImpl] [] [] [] : [ManagedChannelImpl@47549d1e] Created with target directaddress:///io.grpc.inprocess.InProcessSocketAddress@33bc7ad6
2017-05-15 14:39:35,053 INFO  [improbable.module.ModuleNode] [] [] [] : Waiting for 1 BridgeModules to have started
2017-05-15 14:39:35,060 INFO  [i.c.a.e.ExtensibleActorReporter] [] [] [] : Started BridgeModuleActor(Actor[akka://akkaFabric/user/BridgeModule:kpAIhyiH#-503422681]).
2017-05-15 14:39:35,061 INFO  [i.module.bridge.BridgeModuleActor] [] [] [] : Waiting for BridgeModuleOracle service to be available
2017-05-15 14:39:35,068 INFO  [i.module.bridge.BridgeModuleActor] [] [] [] : Registered(BridgeModuleEndpoint(kpAIhyiH)) on BridgeModuleOracleService
2017-05-15 14:39:35,069 INFO  [i.m.b.o.m.BridgeModuleOracleActor] [] [] [] : Registering: BridgeModuleEndpoint(kpAIhyiH) with BridgeModuleOracleActor
2017-05-15 14:39:35,080 INFO  [i.core.discovery.server.LocalServer] [] [] [] : Registered Service(improbable.fabric.internal.service.BridgeInternalService) on host: "127.0.0.1"
port: 9016
.
2017-05-15 14:39:35,682 INFO  [i.bridge.oracle.scaling.WorkerScaler] [] [] [] : Skipping reconciliation because no WorkerRunner service is available. This message is expected at startup but should not persist through the deployment
2017-05-15 14:39:36,044 INFO  [i.c.d.global.GlobalServiceDiscovery] [] [] [] : Global service discovery refreshed 18 server(s) as master (previously: 17)
2017-05-15 14:39:36,059 INFO  [improbable.module.ModuleNode] [] [] [] : Received 1 BridgeModules started
2017-05-15 14:39:36,062 INFO  [io.grpc.internal.ManagedChannelImpl] [] [] [] : [ManagedChannelImpl@1f13f4fd] Created with target directaddress:///io.grpc.inprocess.InProcessSocketAddress@7531e4a8
2017-05-15 14:39:36,069 INFO  [improbable.module.ModuleNode] [] [] [] : Waiting for all modules on this node to start.
2017-05-15 14:39:36,073 INFO  [i.core.discovery.server.PublicServer] [] [] [] : Registered Service(improbable.platform.runtime.ModuleService) on host: "127.0.0.1"
port: 9017
.
2017-05-15 14:39:36,074 INFO  [i.c.a.e.ExtensibleActorReporter] [] [] [] : Started ModuleManager(Actor[akka://akkaFabric/user/moduleManager#-530780333]).
2017-05-15 14:39:36,075 INFO  [i.module.manager.ModuleManager] [] [] [] : Starting modules on master: Buffer(name: "ProfilingModule"
, name: "AssetDatabaseModule"
, name: "EngineStartupModuleOracleModule"
, name: "PersistenceModule"
, name: "ReceptionistModule"
, name: "WorldAppOracleModule"
, name: "WorldAppSupervisorModule"
, name: "GSimModule"
, name: "EngineStartupModule"
, name: "DevWorldRestApiModule"
, name: "InspectionRestModule"
)
2017-05-15 14:39:36,075 INFO  [i.module.manager.ModuleManager] [] [] [] : Starting Module(ProfilingModule) ...
2017-05-15 14:39:36,077 INFO  [i.module.manager.ModuleManager] [] [] [] : Started Module(ProfilingModule).
2017-05-15 14:39:36,077 INFO  [i.module.manager.ModuleManager] [] [] [] : Starting Module(AssetDatabaseModule) ...
2017-05-15 14:39:36,079 INFO  [i.module.manager.ModuleManager] [] [] [] : Started Module(AssetDatabaseModule).
2017-05-15 14:39:36,080 INFO  [i.module.manager.ModuleManager] [] [] [] : Starting Module(EngineStartupModuleOracleModule) ...
2017-05-15 14:39:36,080 INFO  [i.c.a.e.ExtensibleActorReporter] [] [] [] : Started ProfilingModuleActor(Actor[akka://akkaFabric/user/moduleManager/ProfilingModule1#-1509091015]).
2017-05-15 14:39:36,083 INFO  [i.module.manager.ModuleManager] [] [] [] : Started Module(EngineStartupModuleOracleModule).
2017-05-15 14:39:36,084 INFO  [i.module.manager.ModuleManager] [] [] [] : Starting Module(PersistenceModule) ...
2017-05-15 14:39:36,084 INFO  [i.c.a.e.ExtensibleActorReporter] [] [] [] : Started EngineStartupModuleOracleActor(Actor[akka://akkaFabric/user/moduleManager/EngineStartupModuleOracleModule1#1104518691]).
2017-05-15 14:39:36,084 INFO  [i.module.manager.ModuleManager] [] [] [] : Started Module(PersistenceModule).
2017-05-15 14:39:36,085 INFO  [i.module.manager.ModuleManager] [] [] [] : Starting Module(ReceptionistModule) ...
2017-05-15 14:39:36,086 INFO  [i.module.manager.ModuleManager] [] [] [] : Started Module(ReceptionistModule).
2017-05-15 14:39:36,086 INFO  [i.module.manager.ModuleManager] [] [] [] : Starting Module(WorldAppOracleModule) ...
2017-05-15 14:39:36,093 INFO  [i.core.discovery.server.LocalServer] [] [] [] : Registered Service(improbable.fabric.internal.service.ReceptionistInternalService) on host: "127.0.0.1"
port: 9018
.
2017-05-15 14:39:36,250 INFO  [i.core.discovery.server.PublicServer] [] [] [] : Registered Service(improbable.platform.runtime.ReceptionistService) on host: "127.0.0.1"
port: 9019
.
2017-05-15 14:39:36,251 INFO  [i.m.r.ReceptionistRestGateway] [] [] [] : Starting receptionist on 0.0.0.0:7777
2017-05-15 14:39:36,464 INFO  [spray.can.server.HttpListener] [akka://akkaFabric/user/IO-HTTP/listener-1] [akkaFabric-akka.actor.default-dispatcher-2] [] : Bound to /0.0.0.0:7777
2017-05-15 14:39:36,465 INFO  [spray.can.server.HttpListener] [akka://akkaFabric/user/IO-HTTP/listener-0] [akkaFabric-akka.actor.default-dispatcher-14] [] : Bound to /0.0.0.0:1238
2017-05-15 14:39:37,044 INFO  [i.c.d.global.GlobalServiceDiscovery] [] [] [] : Global service discovery refreshed 21 server(s) as master (previously: 18)
2017-05-15 14:39:37,682 INFO  [i.bridge.oracle.scaling.WorkerScaler] [] [] [] : Skipping reconciliation because no WorkerRunner service is available. This message is expected at startup but should not persist through the deployment
2017-05-15 14:39:37,962 INFO  [i.core.discovery.server.LocalServer] [] [] [] : Registered Service(improbable.fabric.internal.service.WorldAppOracleInternalService) on host: "127.0.0.1"
port: 9020
.
2017-05-15 14:39:37,963 INFO  [i.module.manager.ModuleManager] [] [] [] : Started Module(WorldAppOracleModule).
2017-05-15 14:39:37,963 INFO  [i.module.manager.ModuleManager] [] [] [] : Starting Module(WorldAppSupervisorModule) ...
2017-05-15 14:39:37,964 INFO  [i.module.manager.ModuleManager] [] [] [] : Started Module(WorldAppSupervisorModule).
2017-05-15 14:39:37,965 INFO  [i.module.manager.ModuleManager] [] [] [] : Starting Module(GSimModule) ...
2017-05-15 14:39:37,966 INFO  [i.module.manager.ModuleManager] [] [] [] : Started Module(GSimModule).
2017-05-15 14:39:37,966 INFO  [i.module.manager.ModuleManager] [] [] [] : Starting Module(EngineStartupModule) ...
2017-05-15 14:39:37,967 INFO  [i.c.a.e.ExtensibleActorReporter] [] [] [] : Started WorldAppSupervisorModuleActor(Actor[akka://akkaFabric/user/moduleManager/WorldAppSupervisorModule1#923588851]).
2017-05-15 14:39:37,971 INFO  [improbable.engine.worker.WorkerStats] [] [] [] : Cannot read /proc/self/stat; worker stats reporting will not work.
2017-05-15 14:39:37,977 INFO  [i.core.discovery.server.PublicServer] [] [] [] : Registered Service(improbable.platform.inner.worker.WorkerRunner) on host: "127.0.0.1"
port: 9021
.
2017-05-15 14:39:37,977 INFO  [i.module.manager.ModuleManager] [] [] [] : Started Module(EngineStartupModule).
2017-05-15 14:39:37,978 INFO  [i.module.manager.ModuleManager] [] [] [] : Starting Module(DevWorldRestApiModule) ...
2017-05-15 14:39:37,978 INFO  [i.module.manager.ModuleManager] [] [] [] : Started Module(DevWorldRestApiModule).
2017-05-15 14:39:37,978 INFO  [i.module.manager.ModuleManager] [] [] [] : Starting Module(InspectionRestModule) ...
2017-05-15 14:39:37,980 INFO  [i.module.manager.ModuleManager] [] [] [] : Started Module(InspectionRestModule).
2017-05-15 14:39:37,980 INFO  [i.module.manager.ModuleManager] [] [] [] : Module bootstrapping complete on master.
2017-05-15 14:39:37,981 INFO  [improbable.module.ModuleNode] [] [] [] : All modules on this node started, waiting for other nodes to reach the same state.
2017-05-15 14:39:37,981 INFO  [improbable.module.ModuleNode] [] [] [] : Using master module status checker.
2017-05-15 14:39:37,993 INFO  [i.c.r.MasterModuleStatusChecker] [] [] [] : All other nodes have all modules started.
2017-05-15 14:39:37,993 INFO  [improbable.module.ModuleNode] [] [] [] : All modules on all nodes have been started, setting node state to healthy.
2017-05-15 14:39:37,995 INFO  [improbable.module.ModuleNode] [] [] [] : SpatialOS runtime startup complete.
2017-05-15 14:39:37,997 INFO  [i.core.discovery.server.PublicServer] [] [] [] : Registered Service(improbable.fabric.internal.service.ScalingStatsInternalService) on host: "127.0.0.1"
port: 9022
.
2017-05-15 14:39:38,019 INFO  [i.c.a.e.ExtensibleActorReporter] [] [] [] : Started DevWorldRestApiModuleActor(Actor[akka://akkaFabric/user/moduleManager/DevWorldRestApiModule1#588812314]).
2017-05-15 14:39:38,020 INFO  [i.core.discovery.server.PublicServer] [] [] [] : Registered Service(improbable.platform.runtime.SnapshotService) on host: "127.0.0.1"
port: 9023
.
2017-05-15 14:39:38,020 INFO  [i.devworld.DevWorldRestServer] [] [] [] : Dev API server starting on 0.0.0.0 : 5000
2017-05-15 14:39:38,023 INFO  [i.p.gsim.GSimPersistenceWriter] [] [] [] : Transitioning GSimPersistenceActor(0) from State [Idle] to [Idle].  Time Elapsed: 2 milliseconds
2017-05-15 14:39:38,026 INFO  [i.c.a.e.ExtensibleActorReporter] [] [] [] : Started PersistenceModuleActor(Actor[akka://akkaFabric/user/moduleManager/PersistenceModule1#2014897435]).
2017-05-15 14:39:38,026 INFO  [spray.can.server.HttpListener] [akka://akkaFabric/user/IO-HTTP/listener-2] [akkaFabric-akka.actor.default-dispatcher-37] [] : Bound to /0.0.0.0:5000
2017-05-15 14:39:38,035 INFO  [i.core.discovery.server.LocalServer] [] [] [] : Registered Service(improbable.fabric.internal.service.EntityQueryInternalService) on host: "127.0.0.1"
port: 9024
.
2017-05-15 14:39:38,038 INFO  [i.p.g.GSimPersistenceLoadOrchestrator] [] [] [] : Loading snapshot on GSim(0).
2017-05-15 14:39:38,039 INFO  [i.p.gsim.GSimPersistenceLoader] [] [] [] : Loading snapshot
2017-05-15 14:39:38,045 INFO  [i.c.d.global.GlobalServiceDiscovery] [] [] [] : Global service discovery refreshed 26 server(s) as master (previously: 21)
2017-05-15 14:39:38,046 INFO  [io.grpc.internal.ManagedChannelImpl] [] [] [] : [ManagedChannelImpl@36c7fa15] Created with target directaddress:///io.grpc.inprocess.InProcessSocketAddress@73c57a09
2017-05-15 14:39:38,049 INFO  [i.m.a.WorldAppOracleInternalServiceImpl] [] [] [] : Trying to start initial WorldApps
2017-05-15 14:39:38,050 INFO  [i.m.a.WorldAppOracleInternalServiceImpl] [] [] [] : Waiting for World App supervisors to be ready
2017-05-15 14:39:38,051 INFO  [i.m.a.WorldAppOracleInternalServiceImpl] [] [] [] : WorldApp Supervisor master registered with the world app oracle
2017-05-15 14:39:38,052 INFO  [i.m.a.WorldAppOracleInternalServiceImpl] [] [] [] : World App supervisors registered, asking them to start worldapps
2017-05-15 14:39:38,063 INFO  [i.p.g.GSimPersistenceLoadOrchestrator] [] [] [] : Loaded 1 entities on GSim(0).
2017-05-15 14:39:38,067 INFO  [i.p.c.PersistenceLoaderCoordinatorActor] [] [] [] : All Snapshots loaded. Activating entities.
2017-05-15 14:39:38,067 INFO  [i.core.discovery.server.PublicServer] [] [] [] : Registered Service(improbable.platform.runtime.InspectionService) on host: "127.0.0.1"
port: 9025
.
2017-05-15 14:39:38,070 INFO  [io.grpc.internal.ManagedChannelImpl] [] [] [] : [ManagedChannelImpl@8034e92] Created with target directaddress:///io.grpc.inprocess.InProcessSocketAddress@4d01d956
2017-05-15 14:39:38,073 INFO  [i.p.g.GSimPersistenceLoadOrchestrator] [] [] [] : Activating 1 entities on GSim(0).
2017-05-15 14:39:38,085 INFO  [i.p.g.GSimPersistenceLoadOrchestrator] [] [] [] : Activated 1 entities on GSim(0).
2017-05-15 14:39:38,088 INFO  [i.p.c.PersistenceLoaderCoordinatorActor] [] [] [] : Snapshot Load Complete.
2017-05-15 14:39:38,115 INFO  [i.c.a.e.ExtensibleActorReporter] [] [] [] : Started InspectionRestModuleActor(Actor[akka://akkaFabric/user/moduleManager/InspectionRestModule1#-1889440823]).
2017-05-15 14:39:38,123 INFO  [spray.can.server.HttpListener] [akka://akkaFabric/user/IO-HTTP/listener-3] [akkaFabric-akka.actor.default-dispatcher-37] [] : Bound to /0.0.0.0:5005
2017-05-15 14:39:38,333 INFO  [i.l.params.LoadbalancerParamsFactory] [] [] [] : LoadbalancerParams for worker type [UnityWorker]: [AutoHexGridLoadbalancerParams{energyLimitingEnabled=true, energyLimit=1.0E9, minWorkerRange=1500.0, maxWorkerRange=1500.0, maxWorkerStepSize=0.0, workerExpansionTimeMs=60000, workerGridSize=0, loadbalancerEnabled=false, hexGridMode=AUTO, scalerAdvisorType=CONSTANT, maxWorkers=1, initialWorkers=1, numEntitiesPerWorker=9223372036854775807, statusReportPeriodMs=30000, pointsOfInterestEnabled=false, hexGridSolution=AutoValue_HexGridSolution{workersUsed=1, hexagonEdgeLength=1500.0, hexagonOrientation=POINTY_TOP, bounds=Rectangle{minX=-750.0, minZ=-750.0, maxX=750.0, maxZ=750.0}}, pointsOfInterestSolution=Empty}]
2017-05-15 14:39:38,389 INFO  [io.grpc.internal.ManagedChannelImpl] [] [] [] : [ManagedChannelImpl@39e0d3b0] Created with target directaddress:///io.grpc.inprocess.InProcessSocketAddress@46694ffc
2017-05-15 14:39:38,421 INFO  [io.grpc.internal.ManagedChannelImpl] [] [] [] : [ManagedChannelImpl@abb0c93] Created with target directaddress:///io.grpc.inprocess.InProcessSocketAddress@1270df23
2017-05-15 14:39:38,425 INFO  [i.b.o.m.BridgeOracleEngineManager] [] [] [] : Trying to start managed worker UnityWorker0
2017-05-15 14:39:38,426 INFO  [i.bridge.oracle.scaling.WorkerScaler] [] [] [] : Starting 1 new managed workers for attribute_set {
  attribute {
    name: "physics"
  }
}
 (required: 1, existing: 0)
2017-05-15 14:39:38,445 INFO  [io.grpc.internal.ManagedChannelImpl] [] [] [] : [ManagedChannelImpl@3ff73c95] Created with target directaddress:///io.grpc.inprocess.InProcessSocketAddress@167422e0
2017-05-15 14:39:38,447 INFO  [i.e.worker.WorkerStartupExecutor] [] [] [] : Awaiting internal receptionist service to register with service discovery
2017-05-15 14:39:38,448 INFO  [io.grpc.internal.ManagedChannelImpl] [] [] [] : [ManagedChannelImpl@5a0ffcb0] Created with target directaddress:///io.grpc.inprocess.InProcessSocketAddress@1c305be8
2017-05-15 14:39:38,448 INFO  [i.e.worker.WorkerStartupExecutor] [] [] [] : Successfully found the internal receptionist service in service discovery
2017-05-15 14:39:38,449 INFO  [io.grpc.internal.ClientCallImpl] [] [] [] : Call timeout set to '29997019805' ns, due to context deadline. Explicit call timeout was '29999125284' ns.
2017-05-15 14:39:38,452 INFO  [i.e.worker.WorkerStartupExecutor] [] [] [] : Awaiting public receptionist service to register with service discovery
2017-05-15 14:39:38,452 INFO  [i.e.worker.WorkerStartupExecutor] [] [] [] : Successfully found the public receptionist service in service discovery
2017-05-15 14:39:38,669 INFO  [io.grpc.internal.ClientCallImpl] [] [] [] : Call timeout set to '29997311969' ns, due to context deadline. Explicit call timeout was '29999552011' ns.
2017-05-15 14:39:38,742 INFO  [i.i.service.InspectionRestService] [] [] [] : Processing GET request from new source 0:0:0:0:0:0:0:1
2017-05-15 14:39:39,044 INFO  [i.c.d.global.GlobalServiceDiscovery] [] [] [] : Global service discovery refreshed 27 server(s) as master (previously: 26)
2017-05-15 14:39:39,523 INFO  [i.e.worker.WorkerStartupExecutor] [] [] [] : Created log file for worker UnityWorker0, type (UnityWorker): [/Users/trefethen/Documents/unity/spatial/logs/2017-05-15_14-39-20_0/workers/UnityWorker/UnityWorker0-7163448542295121263.log]
2017-05-15 14:39:39,524 INFO  [i.engine.worker.CommandLineExecutor] [] [] [] : Running command: /var/folders/4l/xzgp2w7j5lzd9ydctvd65g1c0000gn/T/improbable6228018648086166436/UnityWorker@Mac.app/Contents/MacOS/UnityWorker@Mac +appName your_project_name_here +receptionistIp 127.0.0.1 +receptionistPort 7777 +workerType UnityWorker +workerId UnityWorker0 +useInternalIpForBridge true +infraServicesUrl http://127.0.0.1:21000 +assemblyName local_assembly +linkProtocol RakNet -logfile /Users/trefethen/Documents/unity/spatial/logs/2017-05-15_14-39-20_0/workers/UnityWorker/UnityWorker0-7163448542295121263.log -batchmode -nographics
2017-05-15 14:39:39,543 INFO  [io.grpc.internal.ManagedChannelImpl] [] [] [] : [ManagedChannelImpl@7decb3a8] Created with target directaddress:///io.grpc.inprocess.InProcessSocketAddress@3fb730d5
2017-05-15 14:39:40,182 INFO  [io.grpc.internal.ClientCallImpl] [] [] [] : Call timeout set to '29998949759' ns, due to context deadline. Explicit call timeout was '29999479862' ns.
2017-05-15 14:39:40,200 INFO  [i.b.o.p.LoadTrackingProximityPreferredBridgeModulePicker] [] [] [] : Attempting to get positionhint for UnityWorker0 via rpc
2017-05-15 14:39:40,204 INFO  [i.m.b.o.m.BridgeModuleOracleActor] [] [] [] : Asking LoadTrackingProximityPreferredBridgeModulePicker for a new BridgeModule for Engine(UnityWorker0). Returning: Some(BridgeModuleEndpoint(kpAIhyiH)) at Some(BridgeModuleLoadBalanceInfo((0.0, 0.0, 0.0),0))
2017-05-15 14:39:40,344 INFO  [i.b.i.BridgeInternalServiceImpl] [] [] [] : Bridge worker_id: "UnityWorker0"
 registered with bridge internal service
2017-05-15 14:39:40,349 INFO  [i.b.o.s.BridgeOracleInternalServiceImpl] [] [] [] : Got bridge started rpc from bridge: worker_id: "UnityWorker0"

2017-05-15 14:39:40,349 INFO  [i.b.o.s.BridgeOracleInternalServiceImpl] [] [] [] : The worker UnityWorker0 registered with SpatialOS successfully.
2017-05-15 14:39:40,350 INFO  [i.module.bridge.oracle.BridgeOracle] [] [] [] : Sending bridge started to self for bridge endpoint BridgeEndpoint(UnityWorker0)
2017-05-15 14:39:40,351 INFO  [i.module.bridge.oracle.BridgeOracle] [] [] [] : Bridge(UnityWorker0) started.
2017-05-15 14:39:40,353 INFO  [i.b.o.m.BridgeOracleEngineManager] [] [] [] : Worker UnityWorker0 registered with the BridgeOracleEngine manager
2017-05-15 14:39:40,353 INFO  [improbable.bridge.BridgeActor] [] [] [] : Bridge(UnityWorker0) sent BridgeStarted to the bridge oracle.
2017-05-15 14:39:40,451 INFO  [i.b.n.raknet.GuardedRakPeerInterface] [] [] [] : New RakNet connection established with 127.0.0.1
2017-05-15 14:39:41,691 INFO  [io.grpc.internal.ClientCallImpl] [] [] [] : Call timeout set to '29999358618' ns, due to context deadline. Explicit call timeout was '29999915485' ns.
2017-05-15 14:39:43,204 INFO  [io.grpc.internal.ClientCallImpl] [] [] [] : Call timeout set to '29999457050' ns, due to context deadline. Explicit call timeout was '29999933278' ns.
2017-05-15 14:39:44,711 INFO  [io.grpc.internal.ClientCallImpl] [] [] [] : Call timeout set to '29999464228' ns, due to context deadline. Explicit call timeout was '29999932354' ns.
2017-05-15 14:39:49,470 INFO  [i.b.o.p.LoadTrackingProximityPreferredBridgeModulePicker] [] [] [] : Attempting to get positionhint for UnityClientb302832f-2435-4e20-ac0c-8437086acca5 via rpc
2017-05-15 14:39:49,471 INFO  [i.b.o.p.LoadTrackingProximityPreferredBridgeModulePicker] [] [] [] : Starting UnityClientb302832f-2435-4e20-ac0c-8437086acca5 without an existing position hint (none set), so using a randomly selected bridge module.
2017-05-15 14:39:49,473 INFO  [i.b.o.p.LoadTrackingProximityPreferredBridgeModulePicker] [] [] [] : Assign Engine(UnityClientb302832f-2435-4e20-ac0c-8437086acca5) to a random Endpoint(Some(BridgeModuleEndpoint(kpAIhyiH))): no position hint was found. (Logged every 100 times)
2017-05-15 14:39:49,473 INFO  [i.m.b.o.m.BridgeModuleOracleActor] [] [] [] : Asking LoadTrackingProximityPreferredBridgeModulePicker for a new BridgeModule for Engine(UnityClientb302832f-2435-4e20-ac0c-8437086acca5). Returning: Some(BridgeModuleEndpoint(kpAIhyiH)) at Some(BridgeModuleLoadBalanceInfo((0.0, 0.0, 0.0),1))
2017-05-15 14:39:49,475 INFO  [i.l.params.LoadbalancerParamsFactory] [] [] [] : LoadbalancerParams for worker type [UnityClient]: [FlagzLoadbalancerParams{energyLimitingEnabled=true, energyLimit=1.0E9, minWorkerRange=Infinity, maxWorkerRange=Infinity, maxWorkerStepSize=50.0, workerExpansionTimeMs=60000, workerGridSize=5, loadbalancerEnabled=true, hexGridMode=OFF, scalerAdvisorType=ENTITY_COUNT, maxWorkers=25, initialWorkers=25, numEntitiesPerWorker=9223372036854775807, statusReportPeriodMs=2000, pointsOfInterestEnabled=false, hexGridSolution=Empty, pointsOfInterestSolution=Empty}]
2017-05-15 14:39:49,492 INFO  [i.b.i.BridgeInternalServiceImpl] [] [] [] : Bridge worker_id: "UnityClientb302832f-2435-4e20-ac0c-8437086acca5"
 registered with bridge internal service
2017-05-15 14:39:49,493 INFO  [i.b.o.s.BridgeOracleInternalServiceImpl] [] [] [] : Got bridge started rpc from bridge: worker_id: "UnityClientb302832f-2435-4e20-ac0c-8437086acca5"

2017-05-15 14:39:49,493 INFO  [i.b.o.s.BridgeOracleInternalServiceImpl] [] [] [] : The worker UnityClientb302832f-2435-4e20-ac0c-8437086acca5 registered with SpatialOS successfully.
2017-05-15 14:39:49,494 INFO  [i.module.bridge.oracle.BridgeOracle] [] [] [] : Sending bridge started to self for bridge endpoint BridgeEndpoint(UnityClientb302832f-2435-4e20-ac0c-8437086acca5)
2017-05-15 14:39:49,494 INFO  [i.module.bridge.oracle.BridgeOracle] [] [] [] : Bridge(UnityClientb302832f-2435-4e20-ac0c-8437086acca5) started.
2017-05-15 14:39:49,494 INFO  [improbable.bridge.BridgeActor] [] [] [] : Bridge(UnityClientb302832f-2435-4e20-ac0c-8437086acca5) sent BridgeStarted to the bridge oracle.
2017-05-15 14:39:49,544 INFO  [i.b.n.raknet.GuardedRakPeerInterface] [] [] [] : New RakNet connection established with 127.0.0.1
2017-05-15 14:39:49,646 INFO  [io.grpc.internal.ManagedChannelImpl] [] [] [] : [ManagedChannelImpl@7ba49825] Created with target directaddress:///io.grpc.inprocess.InProcessSocketAddress@fe5dfd3
2017-05-15 14:40:24,414 INFO  [i.c.discovery.ServiceDiscoveryImpl] [] [] [] : Shutting down all services
2017-05-15 14:40:24,420 INFO  [i.core.discovery.server.PublicServer] [] [] [] : Stopped Service(improbable.platform.runtime.HealthCheckService) on host: "127.0.0.1"
port: 9001

2017-05-15 14:40:24,421 INFO  [i.core.discovery.server.LocalServer] [] [] [] : Stopped Service(improbable.fabric.internal.service.RouterInternalService) on host: "127.0.0.1"
port: 9010

2017-05-15 14:40:24,423 INFO  [i.core.discovery.server.PublicServer] [] [] [] : Stopped Service(improbable.platform.inner.worker.WorkerRunner) on host: "127.0.0.1"
port: 9021

2017-05-15 14:40:24,423 INFO  [i.core.discovery.server.LocalServer] [] [] [] : Stopped Service(improbable.fabric.internal.service.ContentionInternalService) on host: "127.0.0.1"
port: 9003

2017-05-15 14:40:24,425 INFO  [i.core.discovery.server.LocalServer] [] [] [] : Stopped Service(improbable.fabric.internal.service.GlobalBrokerInternalService) on host: "127.0.0.1"
port: 9014

2017-05-15 14:40:24,425 INFO  [i.core.discovery.server.PublicServer] [] [] [] : Stopped Service(improbable.platform.runtime.InspectionService) on host: "127.0.0.1"
port: 9025

2017-05-15 14:40:24,425 ERROR [i.engine.worker.CommandLineExecutor] [] [] [] : Worker UnityWorker0 terminated abnormally. It may have crashed due to worker-side errors.
2017-05-15 14:40:24,425 INFO  [i.core.discovery.server.LocalServer] [] [] [] : Stopped Service(improbable.fabric.internal.service.LocalBrokerInternalService) on host: "127.0.0.1"
port: 9012

2017-05-15 14:40:24,425 ERROR [i.engine.worker.CommandLineExecutor] [] [] [] : (UnityWorker0) Command exited with code 143 (POSIX signal: 15): /var/folders/4l/xzgp2w7j5lzd9ydctvd65g1c0000gn/T/improbable6228018648086166436/UnityWorker@Mac.app/Contents/MacOS/UnityWorker@Mac +appName your_project_name_here +receptionistIp 127.0.0.1 +receptionistPort 7777 +workerType UnityWorker +workerId UnityWorker0 +useInternalIpForBridge true +infraServicesUrl http://127.0.0.1:21000 +assemblyName local_assembly +linkProtocol RakNet -logfile /Users/trefethen/Documents/unity/spatial/logs/2017-05-15_14-39-20_0/workers/UnityWorker/UnityWorker0-7163448542295121263.log -batchmode -nographics
2017-05-15 14:40:24,427 INFO  [i.core.discovery.server.PublicServer] [] [] [] : Stopped Service(improbable.platform.runtime.SnapshotService) on host: "127.0.0.1"
port: 9023

2017-05-15 14:40:24,427 INFO  [i.core.discovery.server.LocalServer] [] [] [] : Stopped Service(improbable.fabric.internal.service.WorldExtentsInternalService) on host: "127.0.0.1"
port: 9006

2017-05-15 14:40:24,427 INFO  [i.core.discovery.server.PublicServer] [] [] [] : Stopped Service(improbable.platform.runtime.ModuleService) on host: "127.0.0.1"
port: 9017

2017-05-15 14:40:24,427 INFO  [i.core.discovery.server.PublicServer] [] [] [] : Stopped Service(improbable.platform.runtime.FeatureService) on host: "127.0.0.1"
port: 9004

2017-05-15 14:40:24,428 INFO  [i.core.discovery.server.LocalServer] [] [] [] : Stopped Service(improbable.fabric.internal.service.BridgeServiceOracleInternalService) on host: "127.0.0.1"
port: 9015

2017-05-15 14:40:24,429 INFO  [i.core.discovery.server.LocalServer] [] [] [] : Stopped Service(improbable.fabric.internal.service.BridgePositionHintInternalService) on host: "127.0.0.1"
port: 9008

2017-05-15 14:40:24,429 INFO  [i.core.discovery.server.PublicServer] [] [] [] : Stopped Service(improbable.platform.runtime.ReceptionistService) on host: "127.0.0.1"
port: 9019

2017-05-15 14:40:24,429 INFO  [i.core.discovery.server.LocalServer] [] [] [] : Stopped Service(improbable.fabric.internal.service.RunLevelInternalService) on host: "127.0.0.1"
port: 9000

2017-05-15 14:40:24,430 INFO  [i.core.discovery.server.LocalServer] [] [] [] : Stopped Service(improbable.fabric.internal.service.RemoteMessageInternalService) on host: "127.0.0.1"
port: 9011

2017-05-15 14:40:24,431 INFO  [i.core.discovery.server.PublicServer] [] [] [] : Stopped Service(improbable.fabric.internal.service.ScalingStatsInternalService) on host: "127.0.0.1"
port: 9022

2017-05-15 14:40:24,431 INFO  [i.core.discovery.server.LocalServer] [] [] [] : Stopped Service(improbable.fabric.internal.service.WorldAppOracleInternalService) on host: "127.0.0.1"
port: 9020

2017-05-15 14:40:24,432 INFO  [i.core.discovery.server.LocalServer] [] [] [] : Stopped Service(improbable.fabric.internal.service.EntityQueryInternalService) on host: "127.0.0.1"
port: 9024

2017-05-15 14:40:24,432 INFO  [i.core.discovery.server.LocalServer] [] [] [] : Stopped Service(improbable.fabric.internal.service.ServiceDiscoveryInternalService) on host: "127.0.0.1"
port: 5301

2017-05-15 14:40:24,433 INFO  [i.core.discovery.server.LocalServer] [] [] [] : Stopped Service(improbable.fabric.internal.service.PerfInternalService) on host: "127.0.0.1"
port: 9002

2017-05-15 14:40:24,433 INFO  [i.core.discovery.server.LocalServer] [] [] [] : Stopped Service(improbable.fabric.internal.service.BridgeOracleInternalService) on host: "127.0.0.1"
port: 9013

2017-05-15 14:40:24,434 INFO  [i.core.discovery.server.LocalServer] [] [] [] : Stopped Service(improbable.fabric.internal.service.BridgeInternalService) on host: "127.0.0.1"
port: 9016

2017-05-15 14:40:24,434 INFO  [i.core.discovery.server.LocalServer] [] [] [] : Stopped Service(improbable.fabric.internal.service.NodeConfigurationInternalService) on host: "127.0.0.1"
port: 9005

2017-05-15 14:40:24,435 INFO  [i.core.discovery.server.LocalServer] [] [] [] : Stopped Service(improbable.fabric.internal.service.RouterLookupInternalService) on host: "127.0.0.1"
port: 9009

2017-05-15 14:40:24,435 INFO  [i.core.discovery.server.LocalServer] [] [] [] : Stopped Service(improbable.fabric.internal.service.EntityIdInternalService) on host: "127.0.0.1"
port: 9007

2017-05-15 14:40:24,436 INFO  [i.core.discovery.server.LocalServer] [] [] [] : Stopped Service(improbable.fabric.internal.service.ReceptionistInternalService) on host: "127.0.0.1"
port: 9018

