2017-05-17 14:20:53,641 INFO  [io.grpc.internal.ManagedChannelImpl] [] [] [] : [ManagedChannelImpl@17e69bbd] Created with target localhost:22000
2017-05-17 14:20:57,071 INFO  [i.deployment.InternalGameLauncher] [] [] [] : Parsed 366 internal flags at startup
2017-05-17 14:20:57,144 INFO  [i.deployment.InternalGameLauncher] [] [] [] : SpatialOS runtime version: 10-20170515T124111Z-65dc96e
2017-05-17 14:20:57,159 INFO  [io.grpc.internal.ManagedChannelImpl] [] [] [] : [ManagedChannelImpl@3044da1a] Created with target 127.0.0.1:22000
2017-05-17 14:20:57,160 INFO  [io.grpc.internal.ManagedChannelImpl] [] [] [] : [ManagedChannelImpl@608b6677] Created with target 127.0.0.1:22000
2017-05-17 14:20:57,294 INFO  [i.c.c.f.FlagzFieldRegistryUpdater] [] [] [] : Initialized Fabric flagz registry with 13 set fields.
2017-05-17 14:20:58,076 INFO  [io.grpc.internal.ManagedChannelImpl] [] [] [] : [ManagedChannelImpl@1c4f9fd9] Created with target localhost:22000
2017-05-17 14:20:59,886 INFO  [i.core.discovery.server.LocalServer] [] [] [] : Registered Service(improbable.fabric.internal.service.ServiceDiscoveryInternalService) on host: "127.0.0.1"
port: 5301
.
2017-05-17 14:20:59,886 INFO  [i.c.discovery.ServiceDiscoveryImpl] [] [] [] : Service discovery address: improbable.core.discovery.common.SettableServiceAddress@5c7bdf00
2017-05-17 14:20:59,894 INFO  [improbable.module.ModuleNode] [] [] [] : Starting Fabric node as master (IP: 127.0.0.1).
2017-05-17 14:20:59,900 INFO  [i.core.discovery.server.LocalServer] [] [] [] : Registered Service(improbable.fabric.internal.service.RunLevelInternalService) on host: "127.0.0.1"
port: 9000
.
2017-05-17 14:20:59,904 INFO  [i.core.discovery.server.PublicServer] [] [] [] : Registered Service(improbable.platform.runtime.HealthCheckService) on host: "127.0.0.1"
port: 9001
.
2017-05-17 14:20:59,912 INFO  [i.core.discovery.server.LocalServer] [] [] [] : Registered Service(improbable.fabric.internal.service.PerfInternalService) on host: "127.0.0.1"
port: 9002
.
2017-05-17 14:20:59,915 INFO  [io.grpc.internal.ManagedChannelImpl] [] [] [] : [ManagedChannelImpl@239c6407] Created with target directaddress:///io.grpc.inprocess.InProcessSocketAddress@1d268fd7
2017-05-17 14:20:59,918 INFO  [i.core.discovery.server.LocalServer] [] [] [] : Registered Service(improbable.fabric.internal.service.ContentionInternalService) on host: "127.0.0.1"
port: 9003
.
2017-05-17 14:20:59,926 INFO  [i.core.discovery.server.PublicServer] [] [] [] : Registered Service(improbable.platform.runtime.FeatureService) on host: "127.0.0.1"
port: 9004
.
2017-05-17 14:20:59,941 INFO  [i.c.d.global.GlobalServiceDiscovery] [] [] [] : Global service discovery refreshed 6 server(s) as master (previously: 0)
2017-05-17 14:20:59,944 INFO  [i.c.config.flagz.WorkerFlagzUpdater] [] [] [] : Initialized worker flagz registry with 0 set fields.
2017-05-17 14:20:59,944 INFO  [improbable.module.ModuleNode] [] [] [] : Using master node configuration loader.
2017-05-17 14:20:59,950 INFO  [i.core.discovery.server.LocalServer] [] [] [] : Registered Service(improbable.fabric.internal.service.NodeConfigurationInternalService) on host: "127.0.0.1"
port: 9005
.
2017-05-17 14:20:59,961 INFO  [i.c.c.n.MasterNodeConfigurationLoader] [] [] [] : Using roles [MASTER, GSIM, BRIDGE, WORKER_RUNNER, INSPECTION] for node node_id {
  deployment_id {
    project_id {
      name: "your_project_name_here"
    }
    name: "local"
  }
  name: "master"
}
private_ip: "127.0.0.1"
roles: MASTER
roles: GSIM
roles: BRIDGE
roles: WORKER_RUNNER
roles: INSPECTION

2017-05-17 14:20:59,969 INFO  [improbable.core.config.node.GsimGrid] [] [] [] : Created gsim grid configuration of size (1500, 1500) with 1 columns and 1 rows, using gsims of (30, 30) chunks.
2017-05-17 14:20:59,975 INFO  [i.c.c.n.MasterNodeConfigurationLoader] [] [] [] : Original deployment module configuration (before parsing): {deployment_id {
  project_id {
    name: "your_project_name_here"
  }
  name: "local"
}
name: "master"
=[name: "ProfilingModule"
, name: "AssetDatabaseModule"
, name: "BridgeModuleOracleModule"
, name: "BridgeOracleModule"
, name: "EngineStartupModuleOracleModule"
, name: "PersistenceModule"
, name: "ReceptionistModule"
, name: "RouterModule"
, name: "WorldAppOracleModule"
, name: "WorldAppSupervisorModule"
, name: "GSimModule"
, name: "BridgeModule"
, name: "EngineStartupModule"
, name: "DevWorldRestApiModule"
, name: "InspectionRestModule"
]}
2017-05-17 14:20:59,986 INFO  [improbable.module.ModuleNode] [] [] [] : Loaded node configuration: node_id {
  deployment_id {
    project_id {
      name: "your_project_name_here"
    }
    name: "local"
  }
  name: "master"
}
module_configurations {
  name: "ProfilingModule"
}
module_configurations {
  name: "AssetDatabaseModule"
}
module_configurations {
  name: "EngineStartupModuleOracleModule"
}
module_configurations {
  name: "PersistenceModule"
}
module_configurations {
  name: "ReceptionistModule"
}
module_configurations {
  name: "WorldAppOracleModule"
}
module_configurations {
  name: "WorldAppSupervisorModule"
}
module_configurations {
  name: "GSimModule"
}
module_configurations {
  name: "EngineStartupModule"
}
module_configurations {
  name: "DevWorldRestApiModule"
}
module_configurations {
  name: "InspectionRestModule"
}
gsim_configurations {
  extent {
    bottom_left {
      x_in_chunks: -15
      z_in_chunks: -15
    }
    top_right {
      x_in_chunks: 15
      z_in_chunks: 15
    }
  }
}
start_router: true
start_bridge_oracle: true
start_bridge_module_oracle: true
bridge_modules {
  name: "BridgeModule"
}

2017-05-17 14:20:59,986 INFO  [i.c.c.n.MasterNodeConfigurationLoader] [] [] [] : Master successfully loaded node configurations: {deployment_id {
  project_id {
    name: "your_project_name_here"
  }
  name: "local"
}
name: "master"
=node_id {
  deployment_id {
    project_id {
      name: "your_project_name_here"
    }
    name: "local"
  }
  name: "master"
}
module_configurations {
  name: "ProfilingModule"
}
module_configurations {
  name: "AssetDatabaseModule"
}
module_configurations {
  name: "EngineStartupModuleOracleModule"
}
module_configurations {
  name: "PersistenceModule"
}
module_configurations {
  name: "ReceptionistModule"
}
module_configurations {
  name: "WorldAppOracleModule"
}
module_configurations {
  name: "WorldAppSupervisorModule"
}
module_configurations {
  name: "GSimModule"
}
module_configurations {
  name: "EngineStartupModule"
}
module_configurations {
  name: "DevWorldRestApiModule"
}
module_configurations {
  name: "InspectionRestModule"
}
gsim_configurations {
  extent {
    bottom_left {
      x_in_chunks: -15
      z_in_chunks: -15
    }
    top_right {
      x_in_chunks: 15
      z_in_chunks: 15
    }
  }
}
start_router: true
start_bridge_oracle: true
start_bridge_module_oracle: true
bridge_modules {
  name: "BridgeModule"
}
}
2017-05-17 14:20:59,986 INFO  [improbable.module.ModuleNode] [] [] [] : Using master world extents provider.
2017-05-17 14:20:59,997 INFO  [i.core.discovery.server.LocalServer] [] [] [] : Registered Service(improbable.fabric.internal.service.WorldExtentsInternalService) on host: "127.0.0.1"
port: 9006
.
2017-05-17 14:20:59,998 INFO  [i.c.world.MasterWorldExtentsProvider] [] [] [] : Successfully initialized world extents with 1 rectangle(s).
2017-05-17 14:21:00,001 INFO  [improbable.module.ModuleNode] [] [] [] : Loaded world extents: WorldExtents{proto=rectangles {
  bottom_left {
    x: -750.0
    z: -750.0
  }
  top_right {
    x: 750.0
    z: 750.0
  }
  is_fully_simulated: true
  responsible_gsim_id {
  }
}
bounding_rectangle {
  bottom_left {
    x: -750.0
    z: -750.0
  }
  top_right {
    x: 750.0
    z: 750.0
  }
  is_fully_simulated: true
}
}
2017-05-17 14:21:00,904 INFO  [i.c.d.global.GlobalServiceDiscovery] [] [] [] : Global service discovery refreshed 8 server(s) as master (previously: 6)
2017-05-17 14:21:01,928 WARN  [i.entity.schema.SchemaInspector] [] [] [] : Your schema has multiple components with a position (schema.polytechnica.realms.core.DynamicTransformData.field1_position, schema.polytechnica.realms.core.StaticTransformData.field1_position), this is currently allowed but will be deprecated in a future version of SpatialOS.
2017-05-17 14:21:01,932 INFO  [i.entity.schema.FabricSchema] [] [] [] : Found components: [polytechnica.realms.player.PlayerAnim, improbable.EntityAcl, polytechnica.realms.core.PlayerSpawning, polytechnica.realms.core.DynamicTransform, polytechnica.realms.core.StaticTransform]
2017-05-17 14:21:01,932 INFO  [improbable.module.ModuleNode] [] [] [] : Successfully loaded schema for entities
2017-05-17 14:21:01,933 INFO  [improbable.module.ModuleNode] [] [] [] : Validating snapshot at startup and determining max entity id
2017-05-17 14:21:02,068 INFO  [improbable.module.ModuleNode] [] [] [] : Determined the first entity id for the id assigner as 843
2017-05-17 14:21:02,072 INFO  [i.core.discovery.server.LocalServer] [] [] [] : Registered Service(improbable.fabric.internal.service.EntityIdInternalService) on host: "127.0.0.1"
port: 9007
.
2017-05-17 14:21:02,078 INFO  [i.core.discovery.server.LocalServer] [] [] [] : Registered Service(improbable.fabric.internal.service.BridgePositionHintInternalService) on host: "127.0.0.1"
port: 9008
.
2017-05-17 14:21:02,085 INFO  [i.core.discovery.server.LocalServer] [] [] [] : Registered Service(improbable.fabric.internal.service.RouterLookupInternalService) on host: "127.0.0.1"
port: 9009
.
2017-05-17 14:21:02,085 INFO  [i.module.router.ActorSystemFactory$] [] [] [] : Attempting to create ActorSystem akkaFabric with configRecord akkaFabric
2017-05-17 14:21:02,324 INFO  [akka.event.slf4j.Slf4jLogger] [] [] [] : Slf4jLogger started
2017-05-17 14:21:02,901 INFO  [i.c.d.global.GlobalServiceDiscovery] [] [] [] : Global service discovery refreshed 11 server(s) as master (previously: 8)
2017-05-17 14:21:03,195 INFO  [i.w.a.WorkerAssemblyProviderFactory] [] [] [] : Loaded worker assemblies for these workers types: UnityClient, UnityWorker.
2017-05-17 14:21:03,196 INFO  [improbable.module.ModuleNode] [] [] [] : Loaded worker assemblies: [worker_assembly_id {
  assembly_id {
    project_id {
      name: "your_project_name_here"
    }
    name: "local_assembly"
  }
  name {
    name: "UnityClient"
  }
}
bridge_configuration {
  worker_attribute_set {
    attribute {
      name: "visual"
    }
  }
  entity_interest {
    range_entity_interest {
      radius: 200.0
    }
  }
  component_delivery {
    checkout_all_initially: true
  }
}
, worker_assembly_id {
  assembly_id {
    project_id {
      name: "your_project_name_here"
    }
    name: "local_assembly"
  }
  name {
    name: "UnityWorker"
  }
}
worker_launch_configuration {
  platform: WINDOWS
  worker_zip {
    command: "UnityWorker@Windows.exe"
    argument: "+appName"
    argument: "${IMPROBABLE_PROJECT_NAME}"
    argument: "+receptionistIp"
    argument: "${IMPROBABLE_RECEPTIONIST_IP}"
    argument: "+receptionistPort"
    argument: "${IMPROBABLE_RECEPTIONIST_PORT}"
    argument: "+workerType"
    argument: "${IMPROBABLE_WORKER_NAME}"
    argument: "+workerId"
    argument: "${IMPROBABLE_WORKER_ID}"
    argument: "+useInternalIpForBridge"
    argument: "true"
    argument: "+infraServicesUrl"
    argument: "${IMPROBABLE_API_URL}"
    argument: "+assemblyName"
    argument: "${IMPROBABLE_ASSEMBLY_NAME}"
    argument: "+linkProtocol"
    argument: "RakNet"
    argument: "-logfile"
    argument: "${IMPROBABLE_LOG_FILE}"
    argument: "-batchmode"
    argument: "-nographics"
    worker_location {
      filename: "UnityWorker@Windows.zip"
    }
  }
}
worker_launch_configuration {
  platform: MACOS
  worker_zip {
    command: "UnityWorker@Mac.app/Contents/MacOS/UnityWorker@Mac"
    argument: "+appName"
    argument: "${IMPROBABLE_PROJECT_NAME}"
    argument: "+receptionistIp"
    argument: "${IMPROBABLE_RECEPTIONIST_IP}"
    argument: "+receptionistPort"
    argument: "${IMPROBABLE_RECEPTIONIST_PORT}"
    argument: "+workerType"
    argument: "${IMPROBABLE_WORKER_NAME}"
    argument: "+workerId"
    argument: "${IMPROBABLE_WORKER_ID}"
    argument: "+useInternalIpForBridge"
    argument: "true"
    argument: "+infraServicesUrl"
    argument: "${IMPROBABLE_API_URL}"
    argument: "+assemblyName"
    argument: "${IMPROBABLE_ASSEMBLY_NAME}"
    argument: "+linkProtocol"
    argument: "RakNet"
    argument: "-logfile"
    argument: "${IMPROBABLE_LOG_FILE}"
    argument: "-batchmode"
    argument: "-nographics"
    worker_location {
      filename: "UnityWorker@Mac.zip"
    }
  }
}
worker_launch_configuration {
  platform: LINUX
  worker_zip {
    command: "UnityWorker@Linux"
    argument: "+appName"
    argument: "${IMPROBABLE_PROJECT_NAME}"
    argument: "+receptionistIp"
    argument: "${IMPROBABLE_RECEPTIONIST_IP}"
    argument: "+receptionistPort"
    argument: "${IMPROBABLE_RECEPTIONIST_PORT}"
    argument: "+workerType"
    argument: "${IMPROBABLE_WORKER_NAME}"
    argument: "+workerId"
    argument: "${IMPROBABLE_WORKER_ID}"
    argument: "+useInternalIpForBridge"
    argument: "true"
    argument: "+infraServicesUrl"
    argument: "${IMPROBABLE_API_URL}"
    argument: "+assemblyName"
    argument: "${IMPROBABLE_ASSEMBLY_NAME}"
    argument: "+linkProtocol"
    argument: "RakNet"
    argument: "-logfile"
    argument: "${IMPROBABLE_LOG_FILE}"
    argument: "-batchmode"
    argument: "-nographics"
    worker_location {
      filename: "UnityWorker@Linux.zip"
    }
  }
}
bridge_configuration {
  worker_attribute_set {
    attribute {
      name: "physics"
    }
  }
  entity_interest {
    range_entity_interest {
      radius: 200.0
    }
  }
  component_delivery {
    checkout_all_initially: true
  }
}
]
2017-05-17 14:21:03,197 INFO  [i.l.params.LoadbalancerParamsFactory] [] [] [] : Parsed 1 worker loadbalancing configuration(s)
2017-05-17 14:21:03,200 INFO  [i.l.params.LoadbalancerParamsFactory] [] [] [] : Successfully loaded loadbalancing configurations: {UnityWorker=improbable.loadbalancing.params.AutoHexGridLoadbalancerParams@fa7c96}
2017-05-17 14:21:03,201 INFO  [i.w.permissions.PermissionsFactory] [] [] [] : Created permissions manager with permissions: {UnityWorker=Permissions{{/sys/CreateEntity=, /sys/DeleteEntity=, /sys/EntityQuery={"component":["*"]}}}, UnityClient=Permissions{{/sys/EntityQuery={"component":["*"]}}}}
2017-05-17 14:21:04,970 INFO  [improbable.module.ModuleNode] [] [] [] : Starting router on master
2017-05-17 14:21:04,976 INFO  [i.core.discovery.server.LocalServer] [] [] [] : Registered Service(improbable.fabric.internal.service.RouterInternalService) on host: "127.0.0.1"
port: 9010
.
2017-05-17 14:21:04,976 INFO  [i.c.m.r.RouterInternalServiceImpl] [] [] [] : Attempting to register RouterInternalServiceImpl with RouterLookupInternalService.
2017-05-17 14:21:04,978 INFO  [io.grpc.internal.ManagedChannelImpl] [] [] [] : [ManagedChannelImpl@6860d181] Created with target directaddress:///io.grpc.inprocess.InProcessSocketAddress@646e51a0
2017-05-17 14:21:04,980 INFO  [i.c.m.r.l.RouterLookupInternalServiceImpl] [] [] [] : 1/1 router modules started
2017-05-17 14:21:04,980 INFO  [i.c.m.r.RouterInternalServiceImpl] [] [] [] : Registered RouterInternalServiceImpl with RouterLookupInternalService.
2017-05-17 14:21:04,981 INFO  [improbable.module.ModuleNode] [] [] [] : Waiting for all router modules in the deployment to have started
2017-05-17 14:21:04,982 INFO  [i.routing.proxy.RouterProxyFactory$] [] [] [] : Attempting to get addresses of all RouterModules from master node
2017-05-17 14:21:04,987 INFO  [i.routing.proxy.RouterProxyFactory$] [] [] [] : Got all RouterModules from master node
2017-05-17 14:21:04,997 INFO  [i.core.discovery.server.LocalServer] [] [] [] : Registered Service(improbable.fabric.internal.service.RemoteMessageInternalService) on host: "127.0.0.1"
port: 9011
.
2017-05-17 14:21:05,006 INFO  [i.core.discovery.server.LocalServer] [] [] [] : Registered Service(improbable.fabric.internal.service.LocalBrokerInternalService) on host: "127.0.0.1"
port: 9012
.
2017-05-17 14:21:05,012 INFO  [improbable.module.ModuleNode] [] [] [] : All router modules in the deployment started
2017-05-17 14:21:05,064 INFO  [org.eclipse.jetty.server.Server] [] [] [] : jetty-8.y.z-SNAPSHOT
2017-05-17 14:21:05,085 INFO  [o.e.jetty.server.AbstractConnector] [] [] [] : Started SelectChannelConnector@0.0.0.0:5006
2017-05-17 14:21:05,085 INFO  [improbable.http.ServletContainer$] [] [] [] : Servlet container started
2017-05-17 14:21:05,086 INFO  [improbable.module.ModuleNode] [] [] [] : Starting BridgeOracle on master
2017-05-17 14:21:05,091 INFO  [improbable.module.ModuleNode] [] [] [] : Waiting for the BridgeOracle to have started
2017-05-17 14:21:05,231 INFO  [io.grpc.internal.ManagedChannelImpl] [] [] [] : [ManagedChannelImpl@5e402d01] Created with target directaddress:///io.grpc.inprocess.InProcessSocketAddress@a44552
2017-05-17 14:21:05,237 INFO  [io.grpc.internal.ManagedChannelImpl] [] [] [] : [ManagedChannelImpl@67063c7a] Created with target directaddress:///io.grpc.inprocess.InProcessSocketAddress@57c8c863
2017-05-17 14:21:05,240 INFO  [i.core.discovery.server.LocalServer] [] [] [] : Registered Service(improbable.fabric.internal.service.BridgeOracleInternalService) on host: "127.0.0.1"
port: 9013
.
2017-05-17 14:21:05,904 INFO  [improbable.module.ModuleNode] [] [] [] : Received BridgeOracle started
2017-05-17 14:21:05,904 INFO  [i.c.d.global.GlobalServiceDiscovery] [] [] [] : Global service discovery refreshed 15 server(s) as master (previously: 11)
2017-05-17 14:21:05,910 INFO  [i.core.discovery.server.LocalServer] [] [] [] : Registered Service(improbable.fabric.internal.service.GlobalBrokerInternalService) on host: "127.0.0.1"
port: 9014
.
2017-05-17 14:21:05,911 INFO  [improbable.module.ModuleNode] [] [] [] : Waiting for the BridgeModuleOracle to have started
2017-05-17 14:21:05,916 INFO  [i.c.a.e.ExtensibleActorReporter] [] [] [] : Started BridgeModuleOracleActor(Actor[akka://akkaFabric/user/BridgeModuleOracleModule#688478891]).
2017-05-17 14:21:05,924 INFO  [i.core.discovery.server.LocalServer] [] [] [] : Registered Service(improbable.fabric.internal.service.BridgeServiceOracleInternalService) on host: "127.0.0.1"
port: 9015
.
2017-05-17 14:21:06,900 INFO  [i.c.d.global.GlobalServiceDiscovery] [] [] [] : Global service discovery refreshed 17 server(s) as master (previously: 15)
2017-05-17 14:21:06,901 INFO  [improbable.module.ModuleNode] [] [] [] : Received BridgeModuleOracle started
2017-05-17 14:21:06,903 INFO  [io.grpc.internal.ManagedChannelImpl] [] [] [] : [ManagedChannelImpl@36f04d4] Created with target directaddress:///io.grpc.inprocess.InProcessSocketAddress@251251d3
2017-05-17 14:21:06,909 INFO  [improbable.module.ModuleNode] [] [] [] : Waiting for 1 BridgeModules to have started
2017-05-17 14:21:06,916 INFO  [i.c.a.e.ExtensibleActorReporter] [] [] [] : Started BridgeModuleActor(Actor[akka://akkaFabric/user/BridgeModule:ypWCo7WU#-963836214]).
2017-05-17 14:21:06,917 INFO  [i.module.bridge.BridgeModuleActor] [] [] [] : Waiting for BridgeModuleOracle service to be available
2017-05-17 14:21:06,923 INFO  [i.module.bridge.BridgeModuleActor] [] [] [] : Registered(BridgeModuleEndpoint(ypWCo7WU)) on BridgeModuleOracleService
2017-05-17 14:21:06,924 INFO  [i.m.b.o.m.BridgeModuleOracleActor] [] [] [] : Registering: BridgeModuleEndpoint(ypWCo7WU) with BridgeModuleOracleActor
2017-05-17 14:21:06,935 INFO  [i.core.discovery.server.LocalServer] [] [] [] : Registered Service(improbable.fabric.internal.service.BridgeInternalService) on host: "127.0.0.1"
port: 9016
.
2017-05-17 14:21:07,235 INFO  [i.bridge.oracle.scaling.WorkerScaler] [] [] [] : Skipping reconciliation because no WorkerRunner service is available. This message is expected at startup but should not persist through the deployment
2017-05-17 14:21:07,901 INFO  [i.c.d.global.GlobalServiceDiscovery] [] [] [] : Global service discovery refreshed 18 server(s) as master (previously: 17)
2017-05-17 14:21:07,918 INFO  [improbable.module.ModuleNode] [] [] [] : Received 1 BridgeModules started
2017-05-17 14:21:07,922 INFO  [io.grpc.internal.ManagedChannelImpl] [] [] [] : [ManagedChannelImpl@2183115f] Created with target directaddress:///io.grpc.inprocess.InProcessSocketAddress@5eddd80e
2017-05-17 14:21:07,927 INFO  [improbable.module.ModuleNode] [] [] [] : Waiting for all modules on this node to start.
2017-05-17 14:21:07,931 INFO  [i.core.discovery.server.PublicServer] [] [] [] : Registered Service(improbable.platform.runtime.ModuleService) on host: "127.0.0.1"
port: 9017
.
2017-05-17 14:21:07,932 INFO  [i.c.a.e.ExtensibleActorReporter] [] [] [] : Started ModuleManager(Actor[akka://akkaFabric/user/moduleManager#-1700284755]).
2017-05-17 14:21:07,932 INFO  [i.module.manager.ModuleManager] [] [] [] : Starting modules on master: Buffer(name: "ProfilingModule"
, name: "AssetDatabaseModule"
, name: "EngineStartupModuleOracleModule"
, name: "PersistenceModule"
, name: "ReceptionistModule"
, name: "WorldAppOracleModule"
, name: "WorldAppSupervisorModule"
, name: "GSimModule"
, name: "EngineStartupModule"
, name: "DevWorldRestApiModule"
, name: "InspectionRestModule"
)
2017-05-17 14:21:07,933 INFO  [i.module.manager.ModuleManager] [] [] [] : Starting Module(ProfilingModule) ...
2017-05-17 14:21:07,935 INFO  [i.module.manager.ModuleManager] [] [] [] : Started Module(ProfilingModule).
2017-05-17 14:21:07,935 INFO  [i.module.manager.ModuleManager] [] [] [] : Starting Module(AssetDatabaseModule) ...
2017-05-17 14:21:07,937 INFO  [i.module.manager.ModuleManager] [] [] [] : Started Module(AssetDatabaseModule).
2017-05-17 14:21:07,937 INFO  [i.c.a.e.ExtensibleActorReporter] [] [] [] : Started ProfilingModuleActor(Actor[akka://akkaFabric/user/moduleManager/ProfilingModule1#396892069]).
2017-05-17 14:21:07,937 INFO  [i.module.manager.ModuleManager] [] [] [] : Starting Module(EngineStartupModuleOracleModule) ...
2017-05-17 14:21:07,941 INFO  [i.module.manager.ModuleManager] [] [] [] : Started Module(EngineStartupModuleOracleModule).
2017-05-17 14:21:07,942 INFO  [i.module.manager.ModuleManager] [] [] [] : Starting Module(PersistenceModule) ...
2017-05-17 14:21:07,942 INFO  [i.c.a.e.ExtensibleActorReporter] [] [] [] : Started EngineStartupModuleOracleActor(Actor[akka://akkaFabric/user/moduleManager/EngineStartupModuleOracleModule1#-1135709608]).
2017-05-17 14:21:07,943 INFO  [i.module.manager.ModuleManager] [] [] [] : Started Module(PersistenceModule).
2017-05-17 14:21:07,943 INFO  [i.module.manager.ModuleManager] [] [] [] : Starting Module(ReceptionistModule) ...
2017-05-17 14:21:07,944 INFO  [i.module.manager.ModuleManager] [] [] [] : Started Module(ReceptionistModule).
2017-05-17 14:21:07,944 INFO  [i.module.manager.ModuleManager] [] [] [] : Starting Module(WorldAppOracleModule) ...
2017-05-17 14:21:07,951 INFO  [i.core.discovery.server.LocalServer] [] [] [] : Registered Service(improbable.fabric.internal.service.ReceptionistInternalService) on host: "127.0.0.1"
port: 9018
.
2017-05-17 14:21:08,107 INFO  [i.core.discovery.server.PublicServer] [] [] [] : Registered Service(improbable.platform.runtime.ReceptionistService) on host: "127.0.0.1"
port: 9019
.
2017-05-17 14:21:08,108 INFO  [i.m.r.ReceptionistRestGateway] [] [] [] : Starting receptionist on 0.0.0.0:7777
2017-05-17 14:21:08,298 INFO  [spray.can.server.HttpListener] [akka://akkaFabric/user/IO-HTTP/listener-0] [akkaFabric-akka.actor.default-dispatcher-4] [] : Bound to /0.0.0.0:1238
2017-05-17 14:21:08,299 INFO  [spray.can.server.HttpListener] [akka://akkaFabric/user/IO-HTTP/listener-1] [akkaFabric-akka.actor.default-dispatcher-2] [] : Bound to /0.0.0.0:7777
2017-05-17 14:21:08,899 INFO  [i.c.d.global.GlobalServiceDiscovery] [] [] [] : Global service discovery refreshed 21 server(s) as master (previously: 18)
2017-05-17 14:21:09,266 INFO  [i.bridge.oracle.scaling.WorkerScaler] [] [] [] : Skipping reconciliation because no WorkerRunner service is available. This message is expected at startup but should not persist through the deployment
2017-05-17 14:21:09,733 INFO  [i.core.discovery.server.LocalServer] [] [] [] : Registered Service(improbable.fabric.internal.service.WorldAppOracleInternalService) on host: "127.0.0.1"
port: 9020
.
2017-05-17 14:21:09,734 INFO  [i.module.manager.ModuleManager] [] [] [] : Started Module(WorldAppOracleModule).
2017-05-17 14:21:09,734 INFO  [i.module.manager.ModuleManager] [] [] [] : Starting Module(WorldAppSupervisorModule) ...
2017-05-17 14:21:09,735 INFO  [i.module.manager.ModuleManager] [] [] [] : Started Module(WorldAppSupervisorModule).
2017-05-17 14:21:09,736 INFO  [i.module.manager.ModuleManager] [] [] [] : Starting Module(GSimModule) ...
2017-05-17 14:21:09,737 INFO  [i.module.manager.ModuleManager] [] [] [] : Started Module(GSimModule).
2017-05-17 14:21:09,737 INFO  [i.module.manager.ModuleManager] [] [] [] : Starting Module(EngineStartupModule) ...
2017-05-17 14:21:09,738 INFO  [i.c.a.e.ExtensibleActorReporter] [] [] [] : Started WorldAppSupervisorModuleActor(Actor[akka://akkaFabric/user/moduleManager/WorldAppSupervisorModule1#963496985]).
2017-05-17 14:21:09,741 INFO  [improbable.engine.worker.WorkerStats] [] [] [] : Cannot read /proc/self/stat; worker stats reporting will not work.
2017-05-17 14:21:09,747 INFO  [i.core.discovery.server.PublicServer] [] [] [] : Registered Service(improbable.platform.inner.worker.WorkerRunner) on host: "127.0.0.1"
port: 9021
.
2017-05-17 14:21:09,748 INFO  [i.module.manager.ModuleManager] [] [] [] : Started Module(EngineStartupModule).
2017-05-17 14:21:09,748 INFO  [i.module.manager.ModuleManager] [] [] [] : Starting Module(DevWorldRestApiModule) ...
2017-05-17 14:21:09,749 INFO  [i.module.manager.ModuleManager] [] [] [] : Started Module(DevWorldRestApiModule).
2017-05-17 14:21:09,750 INFO  [i.module.manager.ModuleManager] [] [] [] : Starting Module(InspectionRestModule) ...
2017-05-17 14:21:09,753 INFO  [i.module.manager.ModuleManager] [] [] [] : Started Module(InspectionRestModule).
2017-05-17 14:21:09,754 INFO  [i.module.manager.ModuleManager] [] [] [] : Module bootstrapping complete on master.
2017-05-17 14:21:09,754 INFO  [improbable.module.ModuleNode] [] [] [] : All modules on this node started, waiting for other nodes to reach the same state.
2017-05-17 14:21:09,754 INFO  [improbable.module.ModuleNode] [] [] [] : Using master module status checker.
2017-05-17 14:21:09,765 INFO  [i.c.r.MasterModuleStatusChecker] [] [] [] : All other nodes have all modules started.
2017-05-17 14:21:09,766 INFO  [improbable.module.ModuleNode] [] [] [] : All modules on all nodes have been started, setting node state to healthy.
2017-05-17 14:21:09,767 INFO  [i.core.discovery.server.PublicServer] [] [] [] : Registered Service(improbable.fabric.internal.service.ScalingStatsInternalService) on host: "127.0.0.1"
port: 9022
.
2017-05-17 14:21:09,768 INFO  [improbable.module.ModuleNode] [] [] [] : SpatialOS runtime startup complete.
2017-05-17 14:21:09,785 INFO  [i.c.a.e.ExtensibleActorReporter] [] [] [] : Started DevWorldRestApiModuleActor(Actor[akka://akkaFabric/user/moduleManager/DevWorldRestApiModule1#-1295437388]).
2017-05-17 14:21:09,786 INFO  [i.devworld.DevWorldRestServer] [] [] [] : Dev API server starting on 0.0.0.0 : 5000
2017-05-17 14:21:09,792 INFO  [i.core.discovery.server.PublicServer] [] [] [] : Registered Service(improbable.platform.runtime.SnapshotService) on host: "127.0.0.1"
port: 9023
.
2017-05-17 14:21:09,792 INFO  [spray.can.server.HttpListener] [akka://akkaFabric/user/IO-HTTP/listener-2] [akkaFabric-akka.actor.default-dispatcher-2] [] : Bound to /0.0.0.0:5000
2017-05-17 14:21:09,795 INFO  [i.p.gsim.GSimPersistenceWriter] [] [] [] : Transitioning GSimPersistenceActor(0) from State [Idle] to [Idle].  Time Elapsed: 4 milliseconds
2017-05-17 14:21:09,795 INFO  [i.c.a.e.ExtensibleActorReporter] [] [] [] : Started PersistenceModuleActor(Actor[akka://akkaFabric/user/moduleManager/PersistenceModule1#766501134]).
2017-05-17 14:21:09,809 INFO  [i.core.discovery.server.LocalServer] [] [] [] : Registered Service(improbable.fabric.internal.service.EntityQueryInternalService) on host: "127.0.0.1"
port: 9024
.
2017-05-17 14:21:09,831 INFO  [i.core.discovery.server.PublicServer] [] [] [] : Registered Service(improbable.platform.runtime.InspectionService) on host: "127.0.0.1"
port: 9025
.
2017-05-17 14:21:09,844 INFO  [i.p.g.GSimPersistenceLoadOrchestrator] [] [] [] : Loading snapshot on GSim(0).
2017-05-17 14:21:09,844 INFO  [i.p.gsim.GSimPersistenceLoader] [] [] [] : Loading snapshot
2017-05-17 14:21:09,849 INFO  [io.grpc.internal.ManagedChannelImpl] [] [] [] : [ManagedChannelImpl@4b9de51] Created with target directaddress:///io.grpc.inprocess.InProcessSocketAddress@2aef6bb5
2017-05-17 14:21:09,861 INFO  [i.c.a.e.ExtensibleActorReporter] [] [] [] : Started InspectionRestModuleActor(Actor[akka://akkaFabric/user/moduleManager/InspectionRestModule1#-1791421922]).
2017-05-17 14:21:09,865 INFO  [spray.can.server.HttpListener] [akka://akkaFabric/user/IO-HTTP/listener-3] [akkaFabric-akka.actor.default-dispatcher-3] [] : Bound to /0.0.0.0:5005
2017-05-17 14:21:09,903 INFO  [i.c.d.global.GlobalServiceDiscovery] [] [] [] : Global service discovery refreshed 27 server(s) as master (previously: 21)
2017-05-17 14:21:09,903 INFO  [io.grpc.internal.ManagedChannelImpl] [] [] [] : [ManagedChannelImpl@2bfa399] Created with target directaddress:///io.grpc.inprocess.InProcessSocketAddress@47bd350a
2017-05-17 14:21:09,905 INFO  [i.m.a.WorldAppOracleInternalServiceImpl] [] [] [] : Trying to start initial WorldApps
2017-05-17 14:21:09,905 INFO  [i.m.a.WorldAppOracleInternalServiceImpl] [] [] [] : Waiting for World App supervisors to be ready
2017-05-17 14:21:09,906 INFO  [i.m.a.WorldAppOracleInternalServiceImpl] [] [] [] : WorldApp Supervisor master registered with the world app oracle
2017-05-17 14:21:09,914 INFO  [i.m.a.WorldAppOracleInternalServiceImpl] [] [] [] : World App supervisors registered, asking them to start worldapps
2017-05-17 14:21:10,007 INFO  [i.l.params.LoadbalancerParamsFactory] [] [] [] : LoadbalancerParams for worker type [UnityWorker]: [AutoHexGridLoadbalancerParams{energyLimitingEnabled=true, energyLimit=1.0E9, minWorkerRange=1500.0, maxWorkerRange=1500.0, maxWorkerStepSize=0.0, workerExpansionTimeMs=60000, workerGridSize=0, loadbalancerEnabled=false, hexGridMode=AUTO, scalerAdvisorType=CONSTANT, maxWorkers=1, initialWorkers=1, numEntitiesPerWorker=9223372036854775807, statusReportPeriodMs=30000, pointsOfInterestEnabled=false, hexGridSolution=AutoValue_HexGridSolution{workersUsed=1, hexagonEdgeLength=1500.0, hexagonOrientation=POINTY_TOP, bounds=Rectangle{minX=-750.0, minZ=-750.0, maxX=750.0, maxZ=750.0}}, pointsOfInterestSolution=Empty}]
2017-05-17 14:21:10,015 INFO  [io.grpc.internal.ManagedChannelImpl] [] [] [] : [ManagedChannelImpl@1cb61503] Created with target directaddress:///io.grpc.inprocess.InProcessSocketAddress@64ed8194
2017-05-17 14:21:10,046 INFO  [io.grpc.internal.ManagedChannelImpl] [] [] [] : [ManagedChannelImpl@98c8e27] Created with target directaddress:///io.grpc.inprocess.InProcessSocketAddress@37560235
2017-05-17 14:21:10,052 INFO  [i.b.o.m.BridgeOracleEngineManager] [] [] [] : Trying to start managed worker UnityWorker0
2017-05-17 14:21:10,054 INFO  [i.bridge.oracle.scaling.WorkerScaler] [] [] [] : Starting 1 new managed workers for attribute_set {
  attribute {
    name: "physics"
  }
}
 (required: 1, existing: 0)
2017-05-17 14:21:10,086 INFO  [io.grpc.internal.ManagedChannelImpl] [] [] [] : [ManagedChannelImpl@39deec66] Created with target directaddress:///io.grpc.inprocess.InProcessSocketAddress@5b1dca84
2017-05-17 14:21:10,145 INFO  [i.e.worker.WorkerStartupExecutor] [] [] [] : Awaiting internal receptionist service to register with service discovery
2017-05-17 14:21:10,146 INFO  [io.grpc.internal.ManagedChannelImpl] [] [] [] : [ManagedChannelImpl@55a19fa4] Created with target directaddress:///io.grpc.inprocess.InProcessSocketAddress@766bf94c
2017-05-17 14:21:10,146 INFO  [i.e.worker.WorkerStartupExecutor] [] [] [] : Successfully found the internal receptionist service in service discovery
2017-05-17 14:21:10,147 INFO  [io.grpc.internal.ClientCallImpl] [] [] [] : Call timeout set to '29939434260' ns, due to context deadline. Explicit call timeout was '29999206559' ns.
2017-05-17 14:21:10,163 INFO  [i.e.worker.WorkerStartupExecutor] [] [] [] : Awaiting public receptionist service to register with service discovery
2017-05-17 14:21:10,163 INFO  [i.e.worker.WorkerStartupExecutor] [] [] [] : Successfully found the public receptionist service in service discovery
2017-05-17 14:21:10,754 INFO  [io.grpc.internal.ClientCallImpl] [] [] [] : Call timeout set to '29996861360' ns, due to context deadline. Explicit call timeout was '29999871547' ns.
2017-05-17 14:21:10,863 INFO  [i.i.service.InspectionRestService] [] [] [] : Processing GET request from new source 0:0:0:0:0:0:0:1
2017-05-17 14:21:11,107 INFO  [io.grpc.internal.ManagedChannelImpl] [] [] [] : [ManagedChannelImpl@31ac4d65] Created with target directaddress:///io.grpc.inprocess.InProcessSocketAddress@1d0c061f
2017-05-17 14:21:11,367 INFO  [i.p.g.GSimPersistenceLoadOrchestrator] [] [] [] : Loaded 842 entities on GSim(0).
2017-05-17 14:21:11,369 INFO  [i.p.c.PersistenceLoaderCoordinatorActor] [] [] [] : All Snapshots loaded. Activating entities.
2017-05-17 14:21:11,371 INFO  [i.p.g.GSimPersistenceLoadOrchestrator] [] [] [] : Activating 842 entities on GSim(0).
2017-05-17 14:21:11,401 INFO  [i.p.g.GSimPersistenceLoadOrchestrator] [] [] [] : Activated 842 entities on GSim(0).
2017-05-17 14:21:11,402 INFO  [i.p.c.PersistenceLoaderCoordinatorActor] [] [] [] : Snapshot Load Complete.
2017-05-17 14:21:12,065 INFO  [i.e.worker.WorkerStartupExecutor] [] [] [] : Created log file for worker UnityWorker0, type (UnityWorker): [/Users/trefethen/Documents/unity/realms/logs/2017-05-17_14-20-52_0/workers/UnityWorker/UnityWorker0-5818735975880772060.log]
2017-05-17 14:21:12,067 INFO  [i.engine.worker.CommandLineExecutor] [] [] [] : Running command: /var/folders/4l/xzgp2w7j5lzd9ydctvd65g1c0000gn/T/improbable8176732449054938885/UnityWorker@Mac.app/Contents/MacOS/UnityWorker@Mac +appName your_project_name_here +receptionistIp 127.0.0.1 +receptionistPort 7777 +workerType UnityWorker +workerId UnityWorker0 +useInternalIpForBridge true +infraServicesUrl http://127.0.0.1:21000 +assemblyName local_assembly +linkProtocol RakNet -logfile /Users/trefethen/Documents/unity/realms/logs/2017-05-17_14-20-52_0/workers/UnityWorker/UnityWorker0-5818735975880772060.log -batchmode -nographics
2017-05-17 14:21:12,268 INFO  [io.grpc.internal.ClientCallImpl] [] [] [] : Call timeout set to '29999310965' ns, due to context deadline. Explicit call timeout was '29999859769' ns.
2017-05-17 14:21:12,841 INFO  [i.b.o.p.LoadTrackingProximityPreferredBridgeModulePicker] [] [] [] : Attempting to get positionhint for UnityWorker0 via rpc
2017-05-17 14:21:12,846 INFO  [i.m.b.o.m.BridgeModuleOracleActor] [] [] [] : Asking LoadTrackingProximityPreferredBridgeModulePicker for a new BridgeModule for Engine(UnityWorker0). Returning: Some(BridgeModuleEndpoint(ypWCo7WU)) at Some(BridgeModuleLoadBalanceInfo((0.0, 0.0, 0.0),0))
2017-05-17 14:21:13,004 INFO  [i.b.i.BridgeInternalServiceImpl] [] [] [] : Bridge worker_id: "UnityWorker0"
 registered with bridge internal service
2017-05-17 14:21:13,008 INFO  [i.b.o.s.BridgeOracleInternalServiceImpl] [] [] [] : Got bridge started rpc from bridge: worker_id: "UnityWorker0"

2017-05-17 14:21:13,009 INFO  [i.b.o.s.BridgeOracleInternalServiceImpl] [] [] [] : The worker UnityWorker0 registered with SpatialOS successfully.
2017-05-17 14:21:13,009 INFO  [i.module.bridge.oracle.BridgeOracle] [] [] [] : Sending bridge started to self for bridge endpoint BridgeEndpoint(UnityWorker0)
2017-05-17 14:21:13,010 INFO  [i.module.bridge.oracle.BridgeOracle] [] [] [] : Bridge(UnityWorker0) started.
2017-05-17 14:21:13,010 INFO  [i.b.o.m.BridgeOracleEngineManager] [] [] [] : Worker UnityWorker0 registered with the BridgeOracleEngine manager
2017-05-17 14:21:13,011 INFO  [improbable.bridge.BridgeActor] [] [] [] : Bridge(UnityWorker0) sent BridgeStarted to the bridge oracle.
2017-05-17 14:21:13,129 INFO  [i.b.n.raknet.GuardedRakPeerInterface] [] [] [] : New RakNet connection established with 127.0.0.1
2017-05-17 14:21:13,775 INFO  [io.grpc.internal.ClientCallImpl] [] [] [] : Call timeout set to '29999341832' ns, due to context deadline. Explicit call timeout was '29999935673' ns.
2017-05-17 14:21:14,594 INFO  [akka.actor.LocalActorRef] [akka://akkaFabric/user/moduleManager/InspectionRestModule1/$j] [akkaFabric-akka.actor.default-dispatcher-39] [] : Message [improbable.inspection.service.ResponseStreamer$ServerSentEvent] from Actor[akka://akkaFabric/user/moduleManager/InspectionRestModule1/$i#1499219941] to Actor[akka://akkaFabric/user/moduleManager/InspectionRestModule1/$j#-113655497] was not delivered. [1] dead letters encountered. This logging can be turned off or adjusted with configuration settings 'akka.log-dead-letters' and 'akka.log-dead-letters-during-shutdown'.
2017-05-17 14:21:14,594 INFO  [akka.actor.LocalActorRef] [akka://akkaFabric/user/moduleManager/InspectionRestModule1/$j] [akkaFabric-akka.actor.default-dispatcher-39] [] : Message [improbable.inspection.service.ResponseStreamer$ServerSentEvent] from Actor[akka://akkaFabric/user/moduleManager/InspectionRestModule1/$i#1499219941] to Actor[akka://akkaFabric/user/moduleManager/InspectionRestModule1/$j#-113655497] was not delivered. [2] dead letters encountered. This logging can be turned off or adjusted with configuration settings 'akka.log-dead-letters' and 'akka.log-dead-letters-during-shutdown'.
2017-05-17 14:21:14,594 INFO  [akka.actor.LocalActorRef] [akka://akkaFabric/user/moduleManager/InspectionRestModule1/$j] [akkaFabric-akka.actor.default-dispatcher-39] [] : Message [improbable.inspection.service.ResponseStreamer$ServerSentEvent] from Actor[akka://akkaFabric/user/moduleManager/InspectionRestModule1/$i#1499219941] to Actor[akka://akkaFabric/user/moduleManager/InspectionRestModule1/$j#-113655497] was not delivered. [3] dead letters encountered. This logging can be turned off or adjusted with configuration settings 'akka.log-dead-letters' and 'akka.log-dead-letters-during-shutdown'.
2017-05-17 14:21:14,595 INFO  [akka.actor.LocalActorRef] [akka://akkaFabric/user/moduleManager/InspectionRestModule1/$j] [akkaFabric-akka.actor.default-dispatcher-39] [] : Message [improbable.inspection.service.ResponseStreamer$ServerSentEvent] from Actor[akka://akkaFabric/user/moduleManager/InspectionRestModule1/$i#1499219941] to Actor[akka://akkaFabric/user/moduleManager/InspectionRestModule1/$j#-113655497] was not delivered. [4] dead letters encountered. This logging can be turned off or adjusted with configuration settings 'akka.log-dead-letters' and 'akka.log-dead-letters-during-shutdown'.
2017-05-17 14:21:14,615 INFO  [akka.actor.LocalActorRef] [akka://akkaFabric/user/moduleManager/InspectionRestModule1/$j] [akkaFabric-akka.actor.default-dispatcher-39] [] : Message [improbable.inspection.service.ResponseStreamer$ServerSentEvent] from Actor[akka://akkaFabric/user/moduleManager/InspectionRestModule1/$i#1499219941] to Actor[akka://akkaFabric/user/moduleManager/InspectionRestModule1/$j#-113655497] was not delivered. [5] dead letters encountered. This logging can be turned off or adjusted with configuration settings 'akka.log-dead-letters' and 'akka.log-dead-letters-during-shutdown'.
2017-05-17 14:21:14,615 INFO  [akka.actor.LocalActorRef] [akka://akkaFabric/user/moduleManager/InspectionRestModule1/$j] [akkaFabric-akka.actor.default-dispatcher-39] [] : Message [improbable.inspection.service.ResponseStreamer$ServerSentEvent] from Actor[akka://akkaFabric/user/moduleManager/InspectionRestModule1/$i#1499219941] to Actor[akka://akkaFabric/user/moduleManager/InspectionRestModule1/$j#-113655497] was not delivered. [6] dead letters encountered. This logging can be turned off or adjusted with configuration settings 'akka.log-dead-letters' and 'akka.log-dead-letters-during-shutdown'.
2017-05-17 14:21:14,615 INFO  [akka.actor.LocalActorRef] [akka://akkaFabric/user/moduleManager/InspectionRestModule1/$j] [akkaFabric-akka.actor.default-dispatcher-39] [] : Message [improbable.inspection.service.ResponseStreamer$ServerSentEvent] from Actor[akka://akkaFabric/user/moduleManager/InspectionRestModule1/$i#1499219941] to Actor[akka://akkaFabric/user/moduleManager/InspectionRestModule1/$j#-113655497] was not delivered. [7] dead letters encountered. This logging can be turned off or adjusted with configuration settings 'akka.log-dead-letters' and 'akka.log-dead-letters-during-shutdown'.
2017-05-17 14:21:14,616 INFO  [akka.actor.LocalActorRef] [akka://akkaFabric/user/moduleManager/InspectionRestModule1/$j] [akkaFabric-akka.actor.default-dispatcher-39] [] : Message [improbable.inspection.service.ResponseStreamer$ServerSentEvent] from Actor[akka://akkaFabric/user/moduleManager/InspectionRestModule1/$i#1499219941] to Actor[akka://akkaFabric/user/moduleManager/InspectionRestModule1/$j#-113655497] was not delivered. [8] dead letters encountered. This logging can be turned off or adjusted with configuration settings 'akka.log-dead-letters' and 'akka.log-dead-letters-during-shutdown'.
2017-05-17 14:21:14,616 INFO  [akka.actor.LocalActorRef] [akka://akkaFabric/user/moduleManager/InspectionRestModule1/$j] [akkaFabric-akka.actor.default-dispatcher-39] [] : Message [improbable.inspection.service.ResponseStreamer$ServerSentEvent] from Actor[akka://akkaFabric/user/moduleManager/InspectionRestModule1/$i#1499219941] to Actor[akka://akkaFabric/user/moduleManager/InspectionRestModule1/$j#-113655497] was not delivered. [9] dead letters encountered. This logging can be turned off or adjusted with configuration settings 'akka.log-dead-letters' and 'akka.log-dead-letters-during-shutdown'.
2017-05-17 14:21:14,616 INFO  [akka.actor.LocalActorRef] [akka://akkaFabric/user/moduleManager/InspectionRestModule1/$j] [akkaFabric-akka.actor.default-dispatcher-39] [] : Message [improbable.inspection.service.ResponseStreamer$ServerSentEvent] from Actor[akka://akkaFabric/user/moduleManager/InspectionRestModule1/$i#1499219941] to Actor[akka://akkaFabric/user/moduleManager/InspectionRestModule1/$j#-113655497] was not delivered. [10] dead letters encountered, no more dead letters will be logged. This logging can be turned off or adjusted with configuration settings 'akka.log-dead-letters' and 'akka.log-dead-letters-during-shutdown'.
2017-05-17 14:21:15,296 INFO  [io.grpc.internal.ClientCallImpl] [] [] [] : Call timeout set to '29999411823' ns, due to context deadline. Explicit call timeout was '29999918102' ns.
2017-05-17 14:21:16,803 INFO  [io.grpc.internal.ClientCallImpl] [] [] [] : Call timeout set to '29999381418' ns, due to context deadline. Explicit call timeout was '29999927232' ns.
2017-05-17 14:21:18,047 INFO  [i.c.discovery.ServiceDiscoveryImpl] [] [] [] : Shutting down all services
2017-05-17 14:21:18,051 INFO  [i.core.discovery.server.LocalServer] [] [] [] : Stopped Service(improbable.fabric.internal.service.BridgeServiceOracleInternalService) on host: "127.0.0.1"
port: 9015

2017-05-17 14:21:18,051 INFO  [i.core.discovery.server.PublicServer] [] [] [] : Stopped Service(improbable.platform.runtime.FeatureService) on host: "127.0.0.1"
port: 9004

2017-05-17 14:21:18,052 INFO  [i.core.discovery.server.LocalServer] [] [] [] : Stopped Service(improbable.fabric.internal.service.WorldExtentsInternalService) on host: "127.0.0.1"
port: 9006

2017-05-17 14:21:18,052 INFO  [i.core.discovery.server.PublicServer] [] [] [] : Stopped Service(improbable.platform.runtime.ModuleService) on host: "127.0.0.1"
port: 9017

2017-05-17 14:21:18,052 INFO  [i.core.discovery.server.PublicServer] [] [] [] : Stopped Service(improbable.platform.runtime.ReceptionistService) on host: "127.0.0.1"
port: 9019

2017-05-17 14:21:18,053 INFO  [i.core.discovery.server.LocalServer] [] [] [] : Stopped Service(improbable.fabric.internal.service.BridgePositionHintInternalService) on host: "127.0.0.1"
port: 9008

2017-05-17 14:21:18,054 INFO  [i.core.discovery.server.LocalServer] [] [] [] : Stopped Service(improbable.fabric.internal.service.RouterInternalService) on host: "127.0.0.1"
port: 9010

2017-05-17 14:21:18,055 INFO  [i.core.discovery.server.PublicServer] [] [] [] : Stopped Service(improbable.platform.inner.worker.WorkerRunner) on host: "127.0.0.1"
port: 9021

2017-05-17 14:21:18,055 INFO  [i.core.discovery.server.PublicServer] [] [] [] : Stopped Service(improbable.platform.runtime.SnapshotService) on host: "127.0.0.1"
port: 9023

2017-05-17 14:21:18,055 INFO  [i.core.discovery.server.LocalServer] [] [] [] : Stopped Service(improbable.fabric.internal.service.LocalBrokerInternalService) on host: "127.0.0.1"
port: 9012

2017-05-17 14:21:18,055 INFO  [i.core.discovery.server.PublicServer] [] [] [] : Stopped Service(improbable.platform.runtime.HealthCheckService) on host: "127.0.0.1"
port: 9001

2017-05-17 14:21:18,056 INFO  [i.core.discovery.server.LocalServer] [] [] [] : Stopped Service(improbable.fabric.internal.service.GlobalBrokerInternalService) on host: "127.0.0.1"
port: 9014

2017-05-17 14:21:18,057 INFO  [i.core.discovery.server.LocalServer] [] [] [] : Stopped Service(improbable.fabric.internal.service.ContentionInternalService) on host: "127.0.0.1"
port: 9003

2017-05-17 14:21:18,057 INFO  [i.core.discovery.server.PublicServer] [] [] [] : Stopped Service(improbable.platform.runtime.InspectionService) on host: "127.0.0.1"
port: 9025

2017-05-17 14:21:18,060 INFO  [i.core.discovery.server.LocalServer] [] [] [] : Stopped Service(improbable.fabric.internal.service.BridgeInternalService) on host: "127.0.0.1"
port: 9016

2017-05-17 14:21:18,063 ERROR [i.engine.worker.CommandLineExecutor] [] [] [] : Worker UnityWorker0 terminated abnormally. It may have crashed due to worker-side errors.
2017-05-17 14:21:18,064 ERROR [i.engine.worker.CommandLineExecutor] [] [] [] : (UnityWorker0) Command exited with code 143 (POSIX signal: 15): /var/folders/4l/xzgp2w7j5lzd9ydctvd65g1c0000gn/T/improbable8176732449054938885/UnityWorker@Mac.app/Contents/MacOS/UnityWorker@Mac +appName your_project_name_here +receptionistIp 127.0.0.1 +receptionistPort 7777 +workerType UnityWorker +workerId UnityWorker0 +useInternalIpForBridge true +infraServicesUrl http://127.0.0.1:21000 +assemblyName local_assembly +linkProtocol RakNet -logfile /Users/trefethen/Documents/unity/realms/logs/2017-05-17_14-20-52_0/workers/UnityWorker/UnityWorker0-5818735975880772060.log -batchmode -nographics
2017-05-17 14:21:18,064 INFO  [i.core.discovery.server.LocalServer] [] [] [] : Stopped Service(improbable.fabric.internal.service.NodeConfigurationInternalService) on host: "127.0.0.1"
port: 9005

2017-05-17 14:21:18,065 INFO  [i.core.discovery.server.LocalServer] [] [] [] : Stopped Service(improbable.fabric.internal.service.ReceptionistInternalService) on host: "127.0.0.1"
port: 9018

2017-05-17 14:21:18,069 INFO  [i.core.discovery.server.LocalServer] [] [] [] : Stopped Service(improbable.fabric.internal.service.EntityIdInternalService) on host: "127.0.0.1"
port: 9007

2017-05-17 14:21:18,071 INFO  [i.core.discovery.server.LocalServer] [] [] [] : Stopped Service(improbable.fabric.internal.service.WorldAppOracleInternalService) on host: "127.0.0.1"
port: 9020

2017-05-17 14:21:18,072 INFO  [i.core.discovery.server.LocalServer] [] [] [] : Stopped Service(improbable.fabric.internal.service.RouterLookupInternalService) on host: "127.0.0.1"
port: 9009

2017-05-17 14:21:18,073 INFO  [i.core.discovery.server.PublicServer] [] [] [] : Stopped Service(improbable.fabric.internal.service.ScalingStatsInternalService) on host: "127.0.0.1"
port: 9022

2017-05-17 14:21:18,074 INFO  [i.core.discovery.server.LocalServer] [] [] [] : Stopped Service(improbable.fabric.internal.service.RemoteMessageInternalService) on host: "127.0.0.1"
port: 9011

2017-05-17 14:21:18,076 INFO  [i.core.discovery.server.LocalServer] [] [] [] : Stopped Service(improbable.fabric.internal.service.RunLevelInternalService) on host: "127.0.0.1"
port: 9000

2017-05-17 14:21:18,076 INFO  [i.core.discovery.server.LocalServer] [] [] [] : Stopped Service(improbable.fabric.internal.service.PerfInternalService) on host: "127.0.0.1"
port: 9002

2017-05-17 14:21:18,077 INFO  [i.core.discovery.server.LocalServer] [] [] [] : Stopped Service(improbable.fabric.internal.service.ServiceDiscoveryInternalService) on host: "127.0.0.1"
port: 5301

2017-05-17 14:21:18,077 INFO  [i.core.discovery.server.LocalServer] [] [] [] : Stopped Service(improbable.fabric.internal.service.EntityQueryInternalService) on host: "127.0.0.1"
port: 9024

2017-05-17 14:21:18,078 INFO  [i.core.discovery.server.LocalServer] [] [] [] : Stopped Service(improbable.fabric.internal.service.BridgeOracleInternalService) on host: "127.0.0.1"
port: 9013

