2017-05-16 21:59:04,608 INFO  [io.grpc.internal.ManagedChannelImpl] [] [] [] : [ManagedChannelImpl@124db2b4] Created with target localhost:22000
2017-05-16 21:59:08,188 INFO  [i.deployment.InternalGameLauncher] [] [] [] : Parsed 366 internal flags at startup
2017-05-16 21:59:08,276 INFO  [i.deployment.InternalGameLauncher] [] [] [] : SpatialOS runtime version: 10-20170515T124111Z-65dc96e
2017-05-16 21:59:08,293 INFO  [io.grpc.internal.ManagedChannelImpl] [] [] [] : [ManagedChannelImpl@3f2470df] Created with target 127.0.0.1:22000
2017-05-16 21:59:08,295 INFO  [io.grpc.internal.ManagedChannelImpl] [] [] [] : [ManagedChannelImpl@37caa03e] Created with target 127.0.0.1:22000
2017-05-16 21:59:08,457 INFO  [i.c.c.f.FlagzFieldRegistryUpdater] [] [] [] : Initialized Fabric flagz registry with 13 set fields.
2017-05-16 21:59:09,212 INFO  [io.grpc.internal.ManagedChannelImpl] [] [] [] : [ManagedChannelImpl@5e2176e] Created with target localhost:22000
2017-05-16 21:59:11,587 INFO  [i.core.discovery.server.LocalServer] [] [] [] : Registered Service(improbable.fabric.internal.service.ServiceDiscoveryInternalService) on host: "127.0.0.1"
port: 5301
.
2017-05-16 21:59:11,588 INFO  [i.c.discovery.ServiceDiscoveryImpl] [] [] [] : Service discovery address: improbable.core.discovery.common.SettableServiceAddress@7b2e6c64
2017-05-16 21:59:11,598 INFO  [improbable.module.ModuleNode] [] [] [] : Starting Fabric node as master (IP: 127.0.0.1).
2017-05-16 21:59:11,604 INFO  [i.core.discovery.server.LocalServer] [] [] [] : Registered Service(improbable.fabric.internal.service.RunLevelInternalService) on host: "127.0.0.1"
port: 9000
.
2017-05-16 21:59:11,611 INFO  [i.core.discovery.server.PublicServer] [] [] [] : Registered Service(improbable.platform.runtime.HealthCheckService) on host: "127.0.0.1"
port: 9001
.
2017-05-16 21:59:11,619 INFO  [i.core.discovery.server.LocalServer] [] [] [] : Registered Service(improbable.fabric.internal.service.PerfInternalService) on host: "127.0.0.1"
port: 9002
.
2017-05-16 21:59:11,625 INFO  [io.grpc.internal.ManagedChannelImpl] [] [] [] : [ManagedChannelImpl@4ca45340] Created with target directaddress:///io.grpc.inprocess.InProcessSocketAddress@606e7322
2017-05-16 21:59:11,628 INFO  [i.core.discovery.server.LocalServer] [] [] [] : Registered Service(improbable.fabric.internal.service.ContentionInternalService) on host: "127.0.0.1"
port: 9003
.
2017-05-16 21:59:11,636 INFO  [i.core.discovery.server.PublicServer] [] [] [] : Registered Service(improbable.platform.runtime.FeatureService) on host: "127.0.0.1"
port: 9004
.
2017-05-16 21:59:11,658 INFO  [i.c.d.global.GlobalServiceDiscovery] [] [] [] : Global service discovery refreshed 6 server(s) as master (previously: 0)
2017-05-16 21:59:11,659 INFO  [i.c.config.flagz.WorkerFlagzUpdater] [] [] [] : Initialized worker flagz registry with 0 set fields.
2017-05-16 21:59:11,659 INFO  [improbable.module.ModuleNode] [] [] [] : Using master node configuration loader.
2017-05-16 21:59:11,668 INFO  [i.core.discovery.server.LocalServer] [] [] [] : Registered Service(improbable.fabric.internal.service.NodeConfigurationInternalService) on host: "127.0.0.1"
port: 9005
.
2017-05-16 21:59:11,683 INFO  [i.c.c.n.MasterNodeConfigurationLoader] [] [] [] : Using roles [MASTER, GSIM, BRIDGE, WORKER_RUNNER, INSPECTION] for node node_id {
  deployment_id {
    project_id {
      name: "your_project_name_here"
    }
    name: "local"
  }
  name: "master"
}
private_ip: "127.0.0.1"
roles: MASTER
roles: GSIM
roles: BRIDGE
roles: WORKER_RUNNER
roles: INSPECTION

2017-05-16 21:59:11,696 INFO  [improbable.core.config.node.GsimGrid] [] [] [] : Created gsim grid configuration of size (1500, 1500) with 1 columns and 1 rows, using gsims of (30, 30) chunks.
2017-05-16 21:59:11,703 INFO  [i.c.c.n.MasterNodeConfigurationLoader] [] [] [] : Original deployment module configuration (before parsing): {deployment_id {
  project_id {
    name: "your_project_name_here"
  }
  name: "local"
}
name: "master"
=[name: "ProfilingModule"
, name: "AssetDatabaseModule"
, name: "BridgeModuleOracleModule"
, name: "BridgeOracleModule"
, name: "EngineStartupModuleOracleModule"
, name: "PersistenceModule"
, name: "ReceptionistModule"
, name: "RouterModule"
, name: "WorldAppOracleModule"
, name: "WorldAppSupervisorModule"
, name: "GSimModule"
, name: "BridgeModule"
, name: "EngineStartupModule"
, name: "DevWorldRestApiModule"
, name: "InspectionRestModule"
]}
2017-05-16 21:59:11,718 INFO  [improbable.module.ModuleNode] [] [] [] : Loaded node configuration: node_id {
  deployment_id {
    project_id {
      name: "your_project_name_here"
    }
    name: "local"
  }
  name: "master"
}
module_configurations {
  name: "ProfilingModule"
}
module_configurations {
  name: "AssetDatabaseModule"
}
module_configurations {
  name: "EngineStartupModuleOracleModule"
}
module_configurations {
  name: "PersistenceModule"
}
module_configurations {
  name: "ReceptionistModule"
}
module_configurations {
  name: "WorldAppOracleModule"
}
module_configurations {
  name: "WorldAppSupervisorModule"
}
module_configurations {
  name: "GSimModule"
}
module_configurations {
  name: "EngineStartupModule"
}
module_configurations {
  name: "DevWorldRestApiModule"
}
module_configurations {
  name: "InspectionRestModule"
}
gsim_configurations {
  extent {
    bottom_left {
      x_in_chunks: -15
      z_in_chunks: -15
    }
    top_right {
      x_in_chunks: 15
      z_in_chunks: 15
    }
  }
}
start_router: true
start_bridge_oracle: true
start_bridge_module_oracle: true
bridge_modules {
  name: "BridgeModule"
}

2017-05-16 21:59:11,718 INFO  [i.c.c.n.MasterNodeConfigurationLoader] [] [] [] : Master successfully loaded node configurations: {deployment_id {
  project_id {
    name: "your_project_name_here"
  }
  name: "local"
}
name: "master"
=node_id {
  deployment_id {
    project_id {
      name: "your_project_name_here"
    }
    name: "local"
  }
  name: "master"
}
module_configurations {
  name: "ProfilingModule"
}
module_configurations {
  name: "AssetDatabaseModule"
}
module_configurations {
  name: "EngineStartupModuleOracleModule"
}
module_configurations {
  name: "PersistenceModule"
}
module_configurations {
  name: "ReceptionistModule"
}
module_configurations {
  name: "WorldAppOracleModule"
}
module_configurations {
  name: "WorldAppSupervisorModule"
}
module_configurations {
  name: "GSimModule"
}
module_configurations {
  name: "EngineStartupModule"
}
module_configurations {
  name: "DevWorldRestApiModule"
}
module_configurations {
  name: "InspectionRestModule"
}
gsim_configurations {
  extent {
    bottom_left {
      x_in_chunks: -15
      z_in_chunks: -15
    }
    top_right {
      x_in_chunks: 15
      z_in_chunks: 15
    }
  }
}
start_router: true
start_bridge_oracle: true
start_bridge_module_oracle: true
bridge_modules {
  name: "BridgeModule"
}
}
2017-05-16 21:59:11,719 INFO  [improbable.module.ModuleNode] [] [] [] : Using master world extents provider.
2017-05-16 21:59:11,735 INFO  [i.core.discovery.server.LocalServer] [] [] [] : Registered Service(improbable.fabric.internal.service.WorldExtentsInternalService) on host: "127.0.0.1"
port: 9006
.
2017-05-16 21:59:11,736 INFO  [i.c.world.MasterWorldExtentsProvider] [] [] [] : Successfully initialized world extents with 1 rectangle(s).
2017-05-16 21:59:11,741 INFO  [improbable.module.ModuleNode] [] [] [] : Loaded world extents: WorldExtents{proto=rectangles {
  bottom_left {
    x: -750.0
    z: -750.0
  }
  top_right {
    x: 750.0
    z: 750.0
  }
  is_fully_simulated: true
  responsible_gsim_id {
  }
}
bounding_rectangle {
  bottom_left {
    x: -750.0
    z: -750.0
  }
  top_right {
    x: 750.0
    z: 750.0
  }
  is_fully_simulated: true
}
}
2017-05-16 21:59:12,609 INFO  [i.c.d.global.GlobalServiceDiscovery] [] [] [] : Global service discovery refreshed 8 server(s) as master (previously: 6)
2017-05-16 21:59:13,898 INFO  [i.entity.schema.FabricSchema] [] [] [] : Found components: [improbable.EntityAcl, improbable.user.PlayerSpawning, improbable.core.WorldTransform]
2017-05-16 21:59:13,899 INFO  [improbable.module.ModuleNode] [] [] [] : Successfully loaded schema for entities
2017-05-16 21:59:13,900 INFO  [improbable.module.ModuleNode] [] [] [] : Validating snapshot at startup and determining max entity id
2017-05-16 21:59:14,043 INFO  [improbable.module.ModuleNode] [] [] [] : Determined the first entity id for the id assigner as 843
2017-05-16 21:59:14,048 INFO  [i.core.discovery.server.LocalServer] [] [] [] : Registered Service(improbable.fabric.internal.service.EntityIdInternalService) on host: "127.0.0.1"
port: 9007
.
2017-05-16 21:59:14,057 INFO  [i.core.discovery.server.LocalServer] [] [] [] : Registered Service(improbable.fabric.internal.service.BridgePositionHintInternalService) on host: "127.0.0.1"
port: 9008
.
2017-05-16 21:59:14,065 INFO  [i.core.discovery.server.LocalServer] [] [] [] : Registered Service(improbable.fabric.internal.service.RouterLookupInternalService) on host: "127.0.0.1"
port: 9009
.
2017-05-16 21:59:14,066 INFO  [i.module.router.ActorSystemFactory$] [] [] [] : Attempting to create ActorSystem akkaFabric with configRecord akkaFabric
2017-05-16 21:59:14,351 INFO  [akka.event.slf4j.Slf4jLogger] [] [] [] : Slf4jLogger started
2017-05-16 21:59:14,608 INFO  [i.c.d.global.GlobalServiceDiscovery] [] [] [] : Global service discovery refreshed 11 server(s) as master (previously: 8)
2017-05-16 21:59:15,462 INFO  [i.w.a.WorkerAssemblyProviderFactory] [] [] [] : Loaded worker assemblies for these workers types: UnityClient, UnityWorker.
2017-05-16 21:59:15,464 INFO  [improbable.module.ModuleNode] [] [] [] : Loaded worker assemblies: [worker_assembly_id {
  assembly_id {
    project_id {
      name: "your_project_name_here"
    }
    name: "local_assembly"
  }
  name {
    name: "UnityClient"
  }
}
bridge_configuration {
  worker_attribute_set {
    attribute {
      name: "visual"
    }
  }
  entity_interest {
    range_entity_interest {
      radius: 200.0
    }
  }
  component_delivery {
    checkout_all_initially: true
  }
}
, worker_assembly_id {
  assembly_id {
    project_id {
      name: "your_project_name_here"
    }
    name: "local_assembly"
  }
  name {
    name: "UnityWorker"
  }
}
worker_launch_configuration {
  platform: WINDOWS
  worker_zip {
    command: "UnityWorker@Windows.exe"
    argument: "+appName"
    argument: "${IMPROBABLE_PROJECT_NAME}"
    argument: "+receptionistIp"
    argument: "${IMPROBABLE_RECEPTIONIST_IP}"
    argument: "+receptionistPort"
    argument: "${IMPROBABLE_RECEPTIONIST_PORT}"
    argument: "+workerType"
    argument: "${IMPROBABLE_WORKER_NAME}"
    argument: "+workerId"
    argument: "${IMPROBABLE_WORKER_ID}"
    argument: "+useInternalIpForBridge"
    argument: "true"
    argument: "+infraServicesUrl"
    argument: "${IMPROBABLE_API_URL}"
    argument: "+assemblyName"
    argument: "${IMPROBABLE_ASSEMBLY_NAME}"
    argument: "+linkProtocol"
    argument: "RakNet"
    argument: "-logfile"
    argument: "${IMPROBABLE_LOG_FILE}"
    argument: "-batchmode"
    argument: "-nographics"
    worker_location {
      filename: "UnityWorker@Windows.zip"
    }
  }
}
worker_launch_configuration {
  platform: MACOS
  worker_zip {
    command: "UnityWorker@Mac.app/Contents/MacOS/UnityWorker@Mac"
    argument: "+appName"
    argument: "${IMPROBABLE_PROJECT_NAME}"
    argument: "+receptionistIp"
    argument: "${IMPROBABLE_RECEPTIONIST_IP}"
    argument: "+receptionistPort"
    argument: "${IMPROBABLE_RECEPTIONIST_PORT}"
    argument: "+workerType"
    argument: "${IMPROBABLE_WORKER_NAME}"
    argument: "+workerId"
    argument: "${IMPROBABLE_WORKER_ID}"
    argument: "+useInternalIpForBridge"
    argument: "true"
    argument: "+infraServicesUrl"
    argument: "${IMPROBABLE_API_URL}"
    argument: "+assemblyName"
    argument: "${IMPROBABLE_ASSEMBLY_NAME}"
    argument: "+linkProtocol"
    argument: "RakNet"
    argument: "-logfile"
    argument: "${IMPROBABLE_LOG_FILE}"
    argument: "-batchmode"
    argument: "-nographics"
    worker_location {
      filename: "UnityWorker@Mac.zip"
    }
  }
}
worker_launch_configuration {
  platform: LINUX
  worker_zip {
    command: "UnityWorker@Linux"
    argument: "+appName"
    argument: "${IMPROBABLE_PROJECT_NAME}"
    argument: "+receptionistIp"
    argument: "${IMPROBABLE_RECEPTIONIST_IP}"
    argument: "+receptionistPort"
    argument: "${IMPROBABLE_RECEPTIONIST_PORT}"
    argument: "+workerType"
    argument: "${IMPROBABLE_WORKER_NAME}"
    argument: "+workerId"
    argument: "${IMPROBABLE_WORKER_ID}"
    argument: "+useInternalIpForBridge"
    argument: "true"
    argument: "+infraServicesUrl"
    argument: "${IMPROBABLE_API_URL}"
    argument: "+assemblyName"
    argument: "${IMPROBABLE_ASSEMBLY_NAME}"
    argument: "+linkProtocol"
    argument: "RakNet"
    argument: "-logfile"
    argument: "${IMPROBABLE_LOG_FILE}"
    argument: "-batchmode"
    argument: "-nographics"
    worker_location {
      filename: "UnityWorker@Linux.zip"
    }
  }
}
bridge_configuration {
  worker_attribute_set {
    attribute {
      name: "physics"
    }
  }
  entity_interest {
    range_entity_interest {
      radius: 200.0
    }
  }
  component_delivery {
    checkout_all_initially: true
  }
}
]
2017-05-16 21:59:15,465 INFO  [i.l.params.LoadbalancerParamsFactory] [] [] [] : Parsed 1 worker loadbalancing configuration(s)
2017-05-16 21:59:15,469 INFO  [i.l.params.LoadbalancerParamsFactory] [] [] [] : Successfully loaded loadbalancing configurations: {UnityWorker=improbable.loadbalancing.params.AutoHexGridLoadbalancerParams@15119c57}
2017-05-16 21:59:15,471 INFO  [i.w.permissions.PermissionsFactory] [] [] [] : Created permissions manager with permissions: {UnityWorker=Permissions{{/sys/CreateEntity=, /sys/DeleteEntity=, /sys/EntityQuery={"component":["*"]}}}, UnityClient=Permissions{{/sys/EntityQuery={"component":["*"]}}}}
2017-05-16 21:59:17,681 INFO  [improbable.module.ModuleNode] [] [] [] : Starting router on master
2017-05-16 21:59:17,689 INFO  [i.core.discovery.server.LocalServer] [] [] [] : Registered Service(improbable.fabric.internal.service.RouterInternalService) on host: "127.0.0.1"
port: 9010
.
2017-05-16 21:59:17,689 INFO  [i.c.m.r.RouterInternalServiceImpl] [] [] [] : Attempting to register RouterInternalServiceImpl with RouterLookupInternalService.
2017-05-16 21:59:17,692 INFO  [io.grpc.internal.ManagedChannelImpl] [] [] [] : [ManagedChannelImpl@aeb7af2] Created with target directaddress:///io.grpc.inprocess.InProcessSocketAddress@5ec8b586
2017-05-16 21:59:17,694 INFO  [i.c.m.r.l.RouterLookupInternalServiceImpl] [] [] [] : 1/1 router modules started
2017-05-16 21:59:17,695 INFO  [i.c.m.r.RouterInternalServiceImpl] [] [] [] : Registered RouterInternalServiceImpl with RouterLookupInternalService.
2017-05-16 21:59:17,696 INFO  [improbable.module.ModuleNode] [] [] [] : Waiting for all router modules in the deployment to have started
2017-05-16 21:59:17,697 INFO  [i.routing.proxy.RouterProxyFactory$] [] [] [] : Attempting to get addresses of all RouterModules from master node
2017-05-16 21:59:17,703 INFO  [i.routing.proxy.RouterProxyFactory$] [] [] [] : Got all RouterModules from master node
2017-05-16 21:59:17,716 INFO  [i.core.discovery.server.LocalServer] [] [] [] : Registered Service(improbable.fabric.internal.service.RemoteMessageInternalService) on host: "127.0.0.1"
port: 9011
.
2017-05-16 21:59:17,729 INFO  [i.core.discovery.server.LocalServer] [] [] [] : Registered Service(improbable.fabric.internal.service.LocalBrokerInternalService) on host: "127.0.0.1"
port: 9012
.
2017-05-16 21:59:17,735 INFO  [improbable.module.ModuleNode] [] [] [] : All router modules in the deployment started
2017-05-16 21:59:17,799 INFO  [org.eclipse.jetty.server.Server] [] [] [] : jetty-8.y.z-SNAPSHOT
2017-05-16 21:59:17,825 INFO  [o.e.jetty.server.AbstractConnector] [] [] [] : Started SelectChannelConnector@0.0.0.0:5006
2017-05-16 21:59:17,825 INFO  [improbable.http.ServletContainer$] [] [] [] : Servlet container started
2017-05-16 21:59:17,826 INFO  [improbable.module.ModuleNode] [] [] [] : Starting BridgeOracle on master
2017-05-16 21:59:17,834 INFO  [improbable.module.ModuleNode] [] [] [] : Waiting for the BridgeOracle to have started
2017-05-16 21:59:18,009 INFO  [io.grpc.internal.ManagedChannelImpl] [] [] [] : [ManagedChannelImpl@58bbf317] Created with target directaddress:///io.grpc.inprocess.InProcessSocketAddress@19f12935
2017-05-16 21:59:18,017 INFO  [io.grpc.internal.ManagedChannelImpl] [] [] [] : [ManagedChannelImpl@721d19a0] Created with target directaddress:///io.grpc.inprocess.InProcessSocketAddress@10762a0a
2017-05-16 21:59:18,022 INFO  [i.core.discovery.server.LocalServer] [] [] [] : Registered Service(improbable.fabric.internal.service.BridgeOracleInternalService) on host: "127.0.0.1"
port: 9013
.
2017-05-16 21:59:18,607 INFO  [improbable.module.ModuleNode] [] [] [] : Received BridgeOracle started
2017-05-16 21:59:18,607 INFO  [i.c.d.global.GlobalServiceDiscovery] [] [] [] : Global service discovery refreshed 15 server(s) as master (previously: 11)
2017-05-16 21:59:18,612 INFO  [i.core.discovery.server.LocalServer] [] [] [] : Registered Service(improbable.fabric.internal.service.GlobalBrokerInternalService) on host: "127.0.0.1"
port: 9014
.
2017-05-16 21:59:18,614 INFO  [improbable.module.ModuleNode] [] [] [] : Waiting for the BridgeModuleOracle to have started
2017-05-16 21:59:18,618 INFO  [i.c.a.e.ExtensibleActorReporter] [] [] [] : Started BridgeModuleOracleActor(Actor[akka://akkaFabric/user/BridgeModuleOracleModule#-709949718]).
2017-05-16 21:59:18,629 INFO  [i.core.discovery.server.LocalServer] [] [] [] : Registered Service(improbable.fabric.internal.service.BridgeServiceOracleInternalService) on host: "127.0.0.1"
port: 9015
.
2017-05-16 21:59:19,603 INFO  [improbable.module.ModuleNode] [] [] [] : Received BridgeModuleOracle started
2017-05-16 21:59:19,603 INFO  [i.c.d.global.GlobalServiceDiscovery] [] [] [] : Global service discovery refreshed 17 server(s) as master (previously: 15)
2017-05-16 21:59:19,608 INFO  [io.grpc.internal.ManagedChannelImpl] [] [] [] : [ManagedChannelImpl@651f0405] Created with target directaddress:///io.grpc.inprocess.InProcessSocketAddress@b40dcfe
2017-05-16 21:59:19,615 INFO  [improbable.module.ModuleNode] [] [] [] : Waiting for 1 BridgeModules to have started
2017-05-16 21:59:19,625 INFO  [i.c.a.e.ExtensibleActorReporter] [] [] [] : Started BridgeModuleActor(Actor[akka://akkaFabric/user/BridgeModule:eWmT8zrY#-18946726]).
2017-05-16 21:59:19,626 INFO  [i.module.bridge.BridgeModuleActor] [] [] [] : Waiting for BridgeModuleOracle service to be available
2017-05-16 21:59:19,633 INFO  [i.module.bridge.BridgeModuleActor] [] [] [] : Registered(BridgeModuleEndpoint(eWmT8zrY)) on BridgeModuleOracleService
2017-05-16 21:59:19,635 INFO  [i.m.b.o.m.BridgeModuleOracleActor] [] [] [] : Registering: BridgeModuleEndpoint(eWmT8zrY) with BridgeModuleOracleActor
2017-05-16 21:59:19,647 INFO  [i.core.discovery.server.LocalServer] [] [] [] : Registered Service(improbable.fabric.internal.service.BridgeInternalService) on host: "127.0.0.1"
port: 9016
.
2017-05-16 21:59:20,015 INFO  [i.bridge.oracle.scaling.WorkerScaler] [] [] [] : Skipping reconciliation because no WorkerRunner service is available. This message is expected at startup but should not persist through the deployment
2017-05-16 21:59:20,607 INFO  [i.c.d.global.GlobalServiceDiscovery] [] [] [] : Global service discovery refreshed 18 server(s) as master (previously: 17)
2017-05-16 21:59:20,621 INFO  [improbable.module.ModuleNode] [] [] [] : Received 1 BridgeModules started
2017-05-16 21:59:20,624 INFO  [io.grpc.internal.ManagedChannelImpl] [] [] [] : [ManagedChannelImpl@5edc9a9c] Created with target directaddress:///io.grpc.inprocess.InProcessSocketAddress@7db15cd4
2017-05-16 21:59:20,632 INFO  [improbable.module.ModuleNode] [] [] [] : Waiting for all modules on this node to start.
2017-05-16 21:59:20,636 INFO  [i.core.discovery.server.PublicServer] [] [] [] : Registered Service(improbable.platform.runtime.ModuleService) on host: "127.0.0.1"
port: 9017
.
2017-05-16 21:59:20,637 INFO  [i.c.a.e.ExtensibleActorReporter] [] [] [] : Started ModuleManager(Actor[akka://akkaFabric/user/moduleManager#1707615842]).
2017-05-16 21:59:20,638 INFO  [i.module.manager.ModuleManager] [] [] [] : Starting modules on master: Buffer(name: "ProfilingModule"
, name: "AssetDatabaseModule"
, name: "EngineStartupModuleOracleModule"
, name: "PersistenceModule"
, name: "ReceptionistModule"
, name: "WorldAppOracleModule"
, name: "WorldAppSupervisorModule"
, name: "GSimModule"
, name: "EngineStartupModule"
, name: "DevWorldRestApiModule"
, name: "InspectionRestModule"
)
2017-05-16 21:59:20,639 INFO  [i.module.manager.ModuleManager] [] [] [] : Starting Module(ProfilingModule) ...
2017-05-16 21:59:20,642 INFO  [i.module.manager.ModuleManager] [] [] [] : Started Module(ProfilingModule).
2017-05-16 21:59:20,642 INFO  [i.module.manager.ModuleManager] [] [] [] : Starting Module(AssetDatabaseModule) ...
2017-05-16 21:59:20,645 INFO  [i.module.manager.ModuleManager] [] [] [] : Started Module(AssetDatabaseModule).
2017-05-16 21:59:20,645 INFO  [i.c.a.e.ExtensibleActorReporter] [] [] [] : Started ProfilingModuleActor(Actor[akka://akkaFabric/user/moduleManager/ProfilingModule1#626703143]).
2017-05-16 21:59:20,646 INFO  [i.module.manager.ModuleManager] [] [] [] : Starting Module(EngineStartupModuleOracleModule) ...
2017-05-16 21:59:20,650 INFO  [i.module.manager.ModuleManager] [] [] [] : Started Module(EngineStartupModuleOracleModule).
2017-05-16 21:59:20,651 INFO  [i.module.manager.ModuleManager] [] [] [] : Starting Module(PersistenceModule) ...
2017-05-16 21:59:20,652 INFO  [i.c.a.e.ExtensibleActorReporter] [] [] [] : Started EngineStartupModuleOracleActor(Actor[akka://akkaFabric/user/moduleManager/EngineStartupModuleOracleModule1#-1125007774]).
2017-05-16 21:59:20,652 INFO  [i.module.manager.ModuleManager] [] [] [] : Started Module(PersistenceModule).
2017-05-16 21:59:20,652 INFO  [i.module.manager.ModuleManager] [] [] [] : Starting Module(ReceptionistModule) ...
2017-05-16 21:59:20,654 INFO  [i.module.manager.ModuleManager] [] [] [] : Started Module(ReceptionistModule).
2017-05-16 21:59:20,654 INFO  [i.module.manager.ModuleManager] [] [] [] : Starting Module(WorldAppOracleModule) ...
2017-05-16 21:59:20,665 INFO  [i.core.discovery.server.LocalServer] [] [] [] : Registered Service(improbable.fabric.internal.service.ReceptionistInternalService) on host: "127.0.0.1"
port: 9018
.
2017-05-16 21:59:20,912 INFO  [i.core.discovery.server.PublicServer] [] [] [] : Registered Service(improbable.platform.runtime.ReceptionistService) on host: "127.0.0.1"
port: 9019
.
2017-05-16 21:59:20,913 INFO  [i.m.r.ReceptionistRestGateway] [] [] [] : Starting receptionist on 0.0.0.0:7777
2017-05-16 21:59:21,145 INFO  [spray.can.server.HttpListener] [akka://akkaFabric/user/IO-HTTP/listener-0] [akkaFabric-akka.actor.default-dispatcher-12] [] : Bound to /0.0.0.0:1238
2017-05-16 21:59:21,146 INFO  [spray.can.server.HttpListener] [akka://akkaFabric/user/IO-HTTP/listener-1] [akkaFabric-akka.actor.default-dispatcher-2] [] : Bound to /0.0.0.0:7777
2017-05-16 21:59:21,604 INFO  [i.c.d.global.GlobalServiceDiscovery] [] [] [] : Global service discovery refreshed 21 server(s) as master (previously: 18)
2017-05-16 21:59:22,017 INFO  [i.bridge.oracle.scaling.WorkerScaler] [] [] [] : Skipping reconciliation because no WorkerRunner service is available. This message is expected at startup but should not persist through the deployment
2017-05-16 21:59:22,778 INFO  [i.core.discovery.server.LocalServer] [] [] [] : Registered Service(improbable.fabric.internal.service.WorldAppOracleInternalService) on host: "127.0.0.1"
port: 9020
.
2017-05-16 21:59:22,780 INFO  [i.module.manager.ModuleManager] [] [] [] : Started Module(WorldAppOracleModule).
2017-05-16 21:59:22,780 INFO  [i.module.manager.ModuleManager] [] [] [] : Starting Module(WorldAppSupervisorModule) ...
2017-05-16 21:59:22,781 INFO  [i.module.manager.ModuleManager] [] [] [] : Started Module(WorldAppSupervisorModule).
2017-05-16 21:59:22,782 INFO  [i.module.manager.ModuleManager] [] [] [] : Starting Module(GSimModule) ...
2017-05-16 21:59:22,783 INFO  [i.module.manager.ModuleManager] [] [] [] : Started Module(GSimModule).
2017-05-16 21:59:22,783 INFO  [i.module.manager.ModuleManager] [] [] [] : Starting Module(EngineStartupModule) ...
2017-05-16 21:59:22,784 INFO  [i.c.a.e.ExtensibleActorReporter] [] [] [] : Started WorldAppSupervisorModuleActor(Actor[akka://akkaFabric/user/moduleManager/WorldAppSupervisorModule1#1302968349]).
2017-05-16 21:59:22,790 INFO  [improbable.engine.worker.WorkerStats] [] [] [] : Cannot read /proc/self/stat; worker stats reporting will not work.
2017-05-16 21:59:22,798 INFO  [i.core.discovery.server.PublicServer] [] [] [] : Registered Service(improbable.platform.inner.worker.WorkerRunner) on host: "127.0.0.1"
port: 9021
.
2017-05-16 21:59:22,799 INFO  [i.module.manager.ModuleManager] [] [] [] : Started Module(EngineStartupModule).
2017-05-16 21:59:22,799 INFO  [i.module.manager.ModuleManager] [] [] [] : Starting Module(DevWorldRestApiModule) ...
2017-05-16 21:59:22,800 INFO  [i.module.manager.ModuleManager] [] [] [] : Started Module(DevWorldRestApiModule).
2017-05-16 21:59:22,801 INFO  [i.module.manager.ModuleManager] [] [] [] : Starting Module(InspectionRestModule) ...
2017-05-16 21:59:22,804 INFO  [i.module.manager.ModuleManager] [] [] [] : Started Module(InspectionRestModule).
2017-05-16 21:59:22,804 INFO  [i.module.manager.ModuleManager] [] [] [] : Module bootstrapping complete on master.
2017-05-16 21:59:22,806 INFO  [improbable.module.ModuleNode] [] [] [] : All modules on this node started, waiting for other nodes to reach the same state.
2017-05-16 21:59:22,807 INFO  [improbable.module.ModuleNode] [] [] [] : Using master module status checker.
2017-05-16 21:59:22,821 INFO  [i.c.r.MasterModuleStatusChecker] [] [] [] : All other nodes have all modules started.
2017-05-16 21:59:22,821 INFO  [improbable.module.ModuleNode] [] [] [] : All modules on all nodes have been started, setting node state to healthy.
2017-05-16 21:59:22,825 INFO  [improbable.module.ModuleNode] [] [] [] : SpatialOS runtime startup complete.
2017-05-16 21:59:22,829 INFO  [i.core.discovery.server.PublicServer] [] [] [] : Registered Service(improbable.fabric.internal.service.ScalingStatsInternalService) on host: "127.0.0.1"
port: 9022
.
2017-05-16 21:59:22,849 INFO  [i.core.discovery.server.PublicServer] [] [] [] : Registered Service(improbable.platform.runtime.SnapshotService) on host: "127.0.0.1"
port: 9023
.
2017-05-16 21:59:22,855 INFO  [i.c.a.e.ExtensibleActorReporter] [] [] [] : Started PersistenceModuleActor(Actor[akka://akkaFabric/user/moduleManager/PersistenceModule1#-999822898]).
2017-05-16 21:59:22,861 INFO  [i.p.gsim.GSimPersistenceWriter] [] [] [] : Transitioning GSimPersistenceActor(0) from State [Idle] to [Idle].  Time Elapsed: 6 milliseconds
2017-05-16 21:59:22,863 INFO  [i.c.a.e.ExtensibleActorReporter] [] [] [] : Started DevWorldRestApiModuleActor(Actor[akka://akkaFabric/user/moduleManager/DevWorldRestApiModule1#-1482572583]).
2017-05-16 21:59:22,864 INFO  [i.devworld.DevWorldRestServer] [] [] [] : Dev API server starting on 0.0.0.0 : 5000
2017-05-16 21:59:22,871 INFO  [spray.can.server.HttpListener] [akka://akkaFabric/user/IO-HTTP/listener-2] [akkaFabric-akka.actor.default-dispatcher-2] [] : Bound to /0.0.0.0:5000
2017-05-16 21:59:22,879 INFO  [i.core.discovery.server.LocalServer] [] [] [] : Registered Service(improbable.fabric.internal.service.EntityQueryInternalService) on host: "127.0.0.1"
port: 9024
.
2017-05-16 21:59:22,879 INFO  [i.p.g.GSimPersistenceLoadOrchestrator] [] [] [] : Loading snapshot on GSim(0).
2017-05-16 21:59:22,881 INFO  [i.p.gsim.GSimPersistenceLoader] [] [] [] : Loading snapshot
2017-05-16 21:59:22,933 INFO  [io.grpc.internal.ManagedChannelImpl] [] [] [] : [ManagedChannelImpl@3a8869d6] Created with target directaddress:///io.grpc.inprocess.InProcessSocketAddress@344f812f
2017-05-16 21:59:22,955 INFO  [i.core.discovery.server.PublicServer] [] [] [] : Registered Service(improbable.platform.runtime.InspectionService) on host: "127.0.0.1"
port: 9025
.
2017-05-16 21:59:23,030 INFO  [i.c.a.e.ExtensibleActorReporter] [] [] [] : Started InspectionRestModuleActor(Actor[akka://akkaFabric/user/moduleManager/InspectionRestModule1#769335050]).
2017-05-16 21:59:23,034 INFO  [spray.can.server.HttpListener] [akka://akkaFabric/user/IO-HTTP/listener-3] [akkaFabric-akka.actor.default-dispatcher-38] [] : Bound to /0.0.0.0:5005
2017-05-16 21:59:23,157 INFO  [i.l.params.LoadbalancerParamsFactory] [] [] [] : LoadbalancerParams for worker type [UnityWorker]: [AutoHexGridLoadbalancerParams{energyLimitingEnabled=true, energyLimit=1.0E9, minWorkerRange=1500.0, maxWorkerRange=1500.0, maxWorkerStepSize=0.0, workerExpansionTimeMs=60000, workerGridSize=0, loadbalancerEnabled=false, hexGridMode=AUTO, scalerAdvisorType=CONSTANT, maxWorkers=1, initialWorkers=1, numEntitiesPerWorker=9223372036854775807, statusReportPeriodMs=30000, pointsOfInterestEnabled=false, hexGridSolution=AutoValue_HexGridSolution{workersUsed=1, hexagonEdgeLength=1500.0, hexagonOrientation=POINTY_TOP, bounds=Rectangle{minX=-750.0, minZ=-750.0, maxX=750.0, maxZ=750.0}}, pointsOfInterestSolution=Empty}]
2017-05-16 21:59:23,166 INFO  [io.grpc.internal.ManagedChannelImpl] [] [] [] : [ManagedChannelImpl@580d39d1] Created with target directaddress:///io.grpc.inprocess.InProcessSocketAddress@159bb6fb
2017-05-16 21:59:23,196 INFO  [i.bridge.oracle.scaling.WorkerScaler] [] [] [] : Skipping reconciliation because no WorkerRunner service is available. This message is expected at startup but should not persist through the deployment
2017-05-16 21:59:23,615 INFO  [i.c.d.global.GlobalServiceDiscovery] [] [] [] : Global service discovery refreshed 27 server(s) as master (previously: 21)
2017-05-16 21:59:23,615 INFO  [io.grpc.internal.ManagedChannelImpl] [] [] [] : [ManagedChannelImpl@26514caf] Created with target directaddress:///io.grpc.inprocess.InProcessSocketAddress@6353dea1
2017-05-16 21:59:23,622 INFO  [i.m.a.WorldAppOracleInternalServiceImpl] [] [] [] : Trying to start initial WorldApps
2017-05-16 21:59:23,622 INFO  [i.m.a.WorldAppOracleInternalServiceImpl] [] [] [] : WorldApp Supervisor master registered with the world app oracle
2017-05-16 21:59:23,622 INFO  [i.m.a.WorldAppOracleInternalServiceImpl] [] [] [] : Waiting for World App supervisors to be ready
2017-05-16 21:59:23,623 INFO  [i.m.a.WorldAppOracleInternalServiceImpl] [] [] [] : World App supervisors registered, asking them to start worldapps
2017-05-16 21:59:23,771 INFO  [i.i.service.InspectionRestService] [] [] [] : Processing GET request from new source 0:0:0:0:0:0:0:1
2017-05-16 21:59:23,850 INFO  [io.grpc.internal.ManagedChannelImpl] [] [] [] : [ManagedChannelImpl@1fae20cd] Created with target directaddress:///io.grpc.inprocess.InProcessSocketAddress@34e02aaa
2017-05-16 21:59:24,044 INFO  [io.grpc.internal.ManagedChannelImpl] [] [] [] : [ManagedChannelImpl@f512d0d] Created with target directaddress:///io.grpc.inprocess.InProcessSocketAddress@201a3dd2
2017-05-16 21:59:24,048 INFO  [i.b.o.m.BridgeOracleEngineManager] [] [] [] : Trying to start managed worker UnityWorker0
2017-05-16 21:59:24,049 INFO  [i.bridge.oracle.scaling.WorkerScaler] [] [] [] : Starting 1 new managed workers for attribute_set {
  attribute {
    name: "physics"
  }
}
 (required: 1, existing: 0)
2017-05-16 21:59:24,069 INFO  [io.grpc.internal.ManagedChannelImpl] [] [] [] : [ManagedChannelImpl@809950f] Created with target directaddress:///io.grpc.inprocess.InProcessSocketAddress@380a4413
2017-05-16 21:59:24,070 INFO  [i.e.worker.WorkerStartupExecutor] [] [] [] : Awaiting internal receptionist service to register with service discovery
2017-05-16 21:59:24,072 INFO  [io.grpc.internal.ManagedChannelImpl] [] [] [] : [ManagedChannelImpl@6ce8438f] Created with target directaddress:///io.grpc.inprocess.InProcessSocketAddress@5278d050
2017-05-16 21:59:24,072 INFO  [i.e.worker.WorkerStartupExecutor] [] [] [] : Successfully found the internal receptionist service in service discovery
2017-05-16 21:59:24,073 INFO  [io.grpc.internal.ClientCallImpl] [] [] [] : Call timeout set to '29997228809' ns, due to context deadline. Explicit call timeout was '29999583824' ns.
2017-05-16 21:59:24,079 INFO  [i.e.worker.WorkerStartupExecutor] [] [] [] : Awaiting public receptionist service to register with service discovery
2017-05-16 21:59:24,079 INFO  [i.e.worker.WorkerStartupExecutor] [] [] [] : Successfully found the public receptionist service in service discovery
2017-05-16 21:59:25,052 INFO  [i.p.g.GSimPersistenceLoadOrchestrator] [] [] [] : Loaded 842 entities on GSim(0).
2017-05-16 21:59:25,054 INFO  [i.p.c.PersistenceLoaderCoordinatorActor] [] [] [] : All Snapshots loaded. Activating entities.
2017-05-16 21:59:25,056 INFO  [i.p.g.GSimPersistenceLoadOrchestrator] [] [] [] : Activating 842 entities on GSim(0).
2017-05-16 21:59:25,088 INFO  [i.p.g.GSimPersistenceLoadOrchestrator] [] [] [] : Activated 842 entities on GSim(0).
2017-05-16 21:59:25,088 INFO  [i.p.c.PersistenceLoaderCoordinatorActor] [] [] [] : Snapshot Load Complete.
2017-05-16 21:59:25,425 INFO  [io.grpc.internal.ClientCallImpl] [] [] [] : Call timeout set to '29995317589' ns, due to context deadline. Explicit call timeout was '29999879595' ns.
2017-05-16 21:59:26,186 INFO  [i.e.worker.WorkerStartupExecutor] [] [] [] : Created log file for worker UnityWorker0, type (UnityWorker): [/Users/trefethen/Documents/unity/realms/logs/2017-05-16_21-59-03_0/workers/UnityWorker/UnityWorker0-8010822756591424064.log]
2017-05-16 21:59:26,188 INFO  [i.engine.worker.CommandLineExecutor] [] [] [] : Running command: /var/folders/4l/xzgp2w7j5lzd9ydctvd65g1c0000gn/T/improbable7636721722836142520/UnityWorker@Mac.app/Contents/MacOS/UnityWorker@Mac +appName your_project_name_here +receptionistIp 127.0.0.1 +receptionistPort 7777 +workerType UnityWorker +workerId UnityWorker0 +useInternalIpForBridge true +infraServicesUrl http://127.0.0.1:21000 +assemblyName local_assembly +linkProtocol RakNet -logfile /Users/trefethen/Documents/unity/realms/logs/2017-05-16_21-59-03_0/workers/UnityWorker/UnityWorker0-8010822756591424064.log -batchmode -nographics
2017-05-16 21:59:26,942 INFO  [io.grpc.internal.ClientCallImpl] [] [] [] : Call timeout set to '29999079162' ns, due to context deadline. Explicit call timeout was '29999935976' ns.
2017-05-16 21:59:27,581 INFO  [i.b.o.p.LoadTrackingProximityPreferredBridgeModulePicker] [] [] [] : Attempting to get positionhint for UnityWorker0 via rpc
2017-05-16 21:59:27,586 INFO  [i.m.b.o.m.BridgeModuleOracleActor] [] [] [] : Asking LoadTrackingProximityPreferredBridgeModulePicker for a new BridgeModule for Engine(UnityWorker0). Returning: Some(BridgeModuleEndpoint(eWmT8zrY)) at Some(BridgeModuleLoadBalanceInfo((0.0, 0.0, 0.0),0))
2017-05-16 21:59:27,767 INFO  [i.b.i.BridgeInternalServiceImpl] [] [] [] : Bridge worker_id: "UnityWorker0"
 registered with bridge internal service
2017-05-16 21:59:27,772 INFO  [i.b.o.s.BridgeOracleInternalServiceImpl] [] [] [] : Got bridge started rpc from bridge: worker_id: "UnityWorker0"

2017-05-16 21:59:27,773 INFO  [i.b.o.s.BridgeOracleInternalServiceImpl] [] [] [] : The worker UnityWorker0 registered with SpatialOS successfully.
2017-05-16 21:59:27,773 INFO  [i.module.bridge.oracle.BridgeOracle] [] [] [] : Sending bridge started to self for bridge endpoint BridgeEndpoint(UnityWorker0)
2017-05-16 21:59:27,774 INFO  [i.module.bridge.oracle.BridgeOracle] [] [] [] : Bridge(UnityWorker0) started.
2017-05-16 21:59:27,774 INFO  [i.b.o.m.BridgeOracleEngineManager] [] [] [] : Worker UnityWorker0 registered with the BridgeOracleEngine manager
2017-05-16 21:59:27,774 INFO  [improbable.bridge.BridgeActor] [] [] [] : Bridge(UnityWorker0) sent BridgeStarted to the bridge oracle.
2017-05-16 21:59:27,972 INFO  [i.b.n.raknet.GuardedRakPeerInterface] [] [] [] : New RakNet connection established with 127.0.0.1
2017-05-16 21:59:28,462 INFO  [io.grpc.internal.ClientCallImpl] [] [] [] : Call timeout set to '29999371841' ns, due to context deadline. Explicit call timeout was '29999904651' ns.
2017-05-16 21:59:29,981 INFO  [io.grpc.internal.ClientCallImpl] [] [] [] : Call timeout set to '29999236218' ns, due to context deadline. Explicit call timeout was '29999911985' ns.
2017-05-16 21:59:31,909 INFO  [io.grpc.internal.ClientCallImpl] [] [] [] : Call timeout set to '29998283675' ns, due to context deadline. Explicit call timeout was '29999929636' ns.
2017-05-16 21:59:33,686 INFO  [io.grpc.internal.ClientCallImpl] [] [] [] : Call timeout set to '29998429871' ns, due to context deadline. Explicit call timeout was '29999930810' ns.
2017-05-16 21:59:35,843 INFO  [io.grpc.internal.ClientCallImpl] [] [] [] : Call timeout set to '29999014863' ns, due to context deadline. Explicit call timeout was '29999940257' ns.
2017-05-16 21:59:37,355 INFO  [io.grpc.internal.ClientCallImpl] [] [] [] : Call timeout set to '29999087499' ns, due to context deadline. Explicit call timeout was '29999915553' ns.
2017-05-16 21:59:38,864 INFO  [io.grpc.internal.ClientCallImpl] [] [] [] : Call timeout set to '29999390602' ns, due to context deadline. Explicit call timeout was '29999961924' ns.
2017-05-16 21:59:40,371 INFO  [io.grpc.internal.ClientCallImpl] [] [] [] : Call timeout set to '29999422813' ns, due to context deadline. Explicit call timeout was '29999957687' ns.
2017-05-16 21:59:41,878 INFO  [io.grpc.internal.ClientCallImpl] [] [] [] : Call timeout set to '29999415818' ns, due to context deadline. Explicit call timeout was '29999947735' ns.
2017-05-16 21:59:44,875 INFO  [io.grpc.internal.ClientCallImpl] [] [] [] : Call timeout set to '29998904170' ns, due to context deadline. Explicit call timeout was '29999906217' ns.
2017-05-16 21:59:48,133 INFO  [io.grpc.internal.ClientCallImpl] [] [] [] : Call timeout set to '29998411660' ns, due to context deadline. Explicit call timeout was '29999907263' ns.
2017-05-16 21:59:49,110 INFO  [akka.actor.LocalActorRef] [akka://akkaFabric/user/moduleManager/InspectionRestModule1/$h] [akkaFabric-akka.actor.default-dispatcher-100] [] : Message [improbable.inspection.service.ResponseStreamer$ServerSentEvent] from Actor[akka://akkaFabric/user/moduleManager/InspectionRestModule1/$g#-2125186109] to Actor[akka://akkaFabric/user/moduleManager/InspectionRestModule1/$h#1466587600] was not delivered. [1] dead letters encountered. This logging can be turned off or adjusted with configuration settings 'akka.log-dead-letters' and 'akka.log-dead-letters-during-shutdown'.
2017-05-16 21:59:49,110 INFO  [akka.actor.LocalActorRef] [akka://akkaFabric/user/moduleManager/InspectionRestModule1/$h] [akkaFabric-akka.actor.default-dispatcher-100] [] : Message [improbable.inspection.service.ResponseStreamer$ServerSentEvent] from Actor[akka://akkaFabric/user/moduleManager/InspectionRestModule1/$g#-2125186109] to Actor[akka://akkaFabric/user/moduleManager/InspectionRestModule1/$h#1466587600] was not delivered. [2] dead letters encountered. This logging can be turned off or adjusted with configuration settings 'akka.log-dead-letters' and 'akka.log-dead-letters-during-shutdown'.
2017-05-16 21:59:49,111 INFO  [akka.actor.LocalActorRef] [akka://akkaFabric/user/moduleManager/InspectionRestModule1/$h] [akkaFabric-akka.actor.default-dispatcher-100] [] : Message [improbable.inspection.service.ResponseStreamer$ServerSentEvent] from Actor[akka://akkaFabric/user/moduleManager/InspectionRestModule1/$g#-2125186109] to Actor[akka://akkaFabric/user/moduleManager/InspectionRestModule1/$h#1466587600] was not delivered. [3] dead letters encountered. This logging can be turned off or adjusted with configuration settings 'akka.log-dead-letters' and 'akka.log-dead-letters-during-shutdown'.
2017-05-16 21:59:49,111 INFO  [akka.actor.LocalActorRef] [akka://akkaFabric/user/moduleManager/InspectionRestModule1/$h] [akkaFabric-akka.actor.default-dispatcher-100] [] : Message [improbable.inspection.service.ResponseStreamer$ServerSentEvent] from Actor[akka://akkaFabric/user/moduleManager/InspectionRestModule1/$g#-2125186109] to Actor[akka://akkaFabric/user/moduleManager/InspectionRestModule1/$h#1466587600] was not delivered. [4] dead letters encountered. This logging can be turned off or adjusted with configuration settings 'akka.log-dead-letters' and 'akka.log-dead-letters-during-shutdown'.
2017-05-16 21:59:49,114 INFO  [akka.actor.LocalActorRef] [akka://akkaFabric/system/IO-TCP/selectors/$a/10] [akkaFabric-akka.actor.default-dispatcher-100] [] : Message [akka.io.Tcp$Write] from Actor[akka://akkaFabric/user/IO-HTTP/listener-3/5#-1880469531] to Actor[akka://akkaFabric/system/IO-TCP/selectors/$a/10#-8467369] was not delivered. [5] dead letters encountered. This logging can be turned off or adjusted with configuration settings 'akka.log-dead-letters' and 'akka.log-dead-letters-during-shutdown'.
2017-05-16 21:59:49,116 INFO  [akka.actor.LocalActorRef] [akka://akkaFabric/user/moduleManager/InspectionRestModule1/$j] [akkaFabric-akka.actor.default-dispatcher-100] [] : Message [improbable.inspection.service.ResponseStreamer$ServerSentEvent] from Actor[akka://akkaFabric/user/moduleManager/InspectionRestModule1/$i#-289337672] to Actor[akka://akkaFabric/user/moduleManager/InspectionRestModule1/$j#32252718] was not delivered. [6] dead letters encountered. This logging can be turned off or adjusted with configuration settings 'akka.log-dead-letters' and 'akka.log-dead-letters-during-shutdown'.
2017-05-16 21:59:49,117 INFO  [akka.actor.LocalActorRef] [akka://akkaFabric/user/moduleManager/InspectionRestModule1/$j] [akkaFabric-akka.actor.default-dispatcher-97] [] : Message [improbable.inspection.service.ResponseStreamer$ServerSentEvent] from Actor[akka://akkaFabric/user/moduleManager/InspectionRestModule1/$i#-289337672] to Actor[akka://akkaFabric/user/moduleManager/InspectionRestModule1/$j#32252718] was not delivered. [7] dead letters encountered. This logging can be turned off or adjusted with configuration settings 'akka.log-dead-letters' and 'akka.log-dead-letters-during-shutdown'.
2017-05-16 21:59:49,118 INFO  [akka.actor.LocalActorRef] [akka://akkaFabric/user/moduleManager/InspectionRestModule1/$j] [akkaFabric-akka.actor.default-dispatcher-87] [] : Message [improbable.inspection.service.ResponseStreamer$ServerSentEvent] from Actor[akka://akkaFabric/user/moduleManager/InspectionRestModule1/$i#-289337672] to Actor[akka://akkaFabric/user/moduleManager/InspectionRestModule1/$j#32252718] was not delivered. [8] dead letters encountered. This logging can be turned off or adjusted with configuration settings 'akka.log-dead-letters' and 'akka.log-dead-letters-during-shutdown'.
2017-05-16 21:59:49,140 INFO  [akka.actor.LocalActorRef] [akka://akkaFabric/user/moduleManager/InspectionRestModule1/$i] [akkaFabric-akka.actor.default-dispatcher-88] [] : Message [improbable.bridge.message.SendBridgeEntitiesDirectly] from Actor[akka://akkaFabric/deadLetters] to Actor[akka://akkaFabric/user/moduleManager/InspectionRestModule1/$i#-289337672] was not delivered. [9] dead letters encountered. This logging can be turned off or adjusted with configuration settings 'akka.log-dead-letters' and 'akka.log-dead-letters-during-shutdown'.
2017-05-16 21:59:49,175 INFO  [akka.actor.LocalActorRef] [akka://akkaFabric/user/moduleManager/InspectionRestModule1/$i] [akkaFabric-akka.actor.default-dispatcher-101] [] : Message [improbable.bridge.message.SendBridgeEntitiesDirectly] from Actor[akka://akkaFabric/deadLetters] to Actor[akka://akkaFabric/user/moduleManager/InspectionRestModule1/$i#-289337672] was not delivered. [10] dead letters encountered, no more dead letters will be logged. This logging can be turned off or adjusted with configuration settings 'akka.log-dead-letters' and 'akka.log-dead-letters-during-shutdown'.
2017-05-16 21:59:49,647 INFO  [io.grpc.internal.ClientCallImpl] [] [] [] : Call timeout set to '29999447693' ns, due to context deadline. Explicit call timeout was '29999953483' ns.
2017-05-16 21:59:51,164 INFO  [io.grpc.internal.ClientCallImpl] [] [] [] : Call timeout set to '29998868709' ns, due to context deadline. Explicit call timeout was '29999938229' ns.
2017-05-16 21:59:52,693 INFO  [io.grpc.internal.ClientCallImpl] [] [] [] : Call timeout set to '29999418129' ns, due to context deadline. Explicit call timeout was '29999963897' ns.
2017-05-16 21:59:54,202 INFO  [io.grpc.internal.ClientCallImpl] [] [] [] : Call timeout set to '29999386299' ns, due to context deadline. Explicit call timeout was '29999949376' ns.
2017-05-16 21:59:55,710 INFO  [io.grpc.internal.ClientCallImpl] [] [] [] : Call timeout set to '29999310819' ns, due to context deadline. Explicit call timeout was '29999946554' ns.
2017-05-16 21:59:57,219 INFO  [io.grpc.internal.ClientCallImpl] [] [] [] : Call timeout set to '29999392916' ns, due to context deadline. Explicit call timeout was '29999924187' ns.
2017-05-16 21:59:58,732 INFO  [io.grpc.internal.ClientCallImpl] [] [] [] : Call timeout set to '29999385749' ns, due to context deadline. Explicit call timeout was '29999949188' ns.
