2017-05-16 21:26:27,827 INFO  [io.grpc.internal.ManagedChannelImpl] [] [] [] : [ManagedChannelImpl@17e69bbd] Created with target localhost:22000
2017-05-16 21:26:31,011 INFO  [i.deployment.InternalGameLauncher] [] [] [] : Parsed 366 internal flags at startup
2017-05-16 21:26:31,061 INFO  [i.deployment.InternalGameLauncher] [] [] [] : SpatialOS runtime version: 10-20170515T124111Z-65dc96e
2017-05-16 21:26:31,076 INFO  [io.grpc.internal.ManagedChannelImpl] [] [] [] : [ManagedChannelImpl@3f2470df] Created with target 127.0.0.1:22000
2017-05-16 21:26:31,077 INFO  [io.grpc.internal.ManagedChannelImpl] [] [] [] : [ManagedChannelImpl@3acca318] Created with target 127.0.0.1:22000
2017-05-16 21:26:31,197 INFO  [i.c.c.f.FlagzFieldRegistryUpdater] [] [] [] : Initialized Fabric flagz registry with 13 set fields.
2017-05-16 21:26:32,014 INFO  [io.grpc.internal.ManagedChannelImpl] [] [] [] : [ManagedChannelImpl@1c4f9fd9] Created with target localhost:22000
2017-05-16 21:26:33,802 INFO  [i.core.discovery.server.LocalServer] [] [] [] : Registered Service(improbable.fabric.internal.service.ServiceDiscoveryInternalService) on host: "127.0.0.1"
port: 5301
.
2017-05-16 21:26:33,802 INFO  [i.c.discovery.ServiceDiscoveryImpl] [] [] [] : Service discovery address: improbable.core.discovery.common.SettableServiceAddress@7b2e6c64
2017-05-16 21:26:33,810 INFO  [improbable.module.ModuleNode] [] [] [] : Starting Fabric node as master (IP: 127.0.0.1).
2017-05-16 21:26:33,815 INFO  [i.core.discovery.server.LocalServer] [] [] [] : Registered Service(improbable.fabric.internal.service.RunLevelInternalService) on host: "127.0.0.1"
port: 9000
.
2017-05-16 21:26:33,820 INFO  [i.core.discovery.server.PublicServer] [] [] [] : Registered Service(improbable.platform.runtime.HealthCheckService) on host: "127.0.0.1"
port: 9001
.
2017-05-16 21:26:33,827 INFO  [i.core.discovery.server.LocalServer] [] [] [] : Registered Service(improbable.fabric.internal.service.PerfInternalService) on host: "127.0.0.1"
port: 9002
.
2017-05-16 21:26:33,828 INFO  [io.grpc.internal.ManagedChannelImpl] [] [] [] : [ManagedChannelImpl@4a8b4d58] Created with target directaddress:///io.grpc.inprocess.InProcessSocketAddress@3ec21958
2017-05-16 21:26:33,832 INFO  [i.core.discovery.server.LocalServer] [] [] [] : Registered Service(improbable.fabric.internal.service.ContentionInternalService) on host: "127.0.0.1"
port: 9003
.
2017-05-16 21:26:33,837 INFO  [i.core.discovery.server.PublicServer] [] [] [] : Registered Service(improbable.platform.runtime.FeatureService) on host: "127.0.0.1"
port: 9004
.
2017-05-16 21:26:33,855 INFO  [i.c.d.global.GlobalServiceDiscovery] [] [] [] : Global service discovery refreshed 6 server(s) as master (previously: 0)
2017-05-16 21:26:33,858 INFO  [i.c.config.flagz.WorkerFlagzUpdater] [] [] [] : Initialized worker flagz registry with 0 set fields.
2017-05-16 21:26:33,858 INFO  [improbable.module.ModuleNode] [] [] [] : Using master node configuration loader.
2017-05-16 21:26:33,864 INFO  [i.core.discovery.server.LocalServer] [] [] [] : Registered Service(improbable.fabric.internal.service.NodeConfigurationInternalService) on host: "127.0.0.1"
port: 9005
.
2017-05-16 21:26:33,875 INFO  [i.c.c.n.MasterNodeConfigurationLoader] [] [] [] : Using roles [MASTER, GSIM, BRIDGE, WORKER_RUNNER, INSPECTION] for node node_id {
  deployment_id {
    project_id {
      name: "your_project_name_here"
    }
    name: "local"
  }
  name: "master"
}
private_ip: "127.0.0.1"
roles: MASTER
roles: GSIM
roles: BRIDGE
roles: WORKER_RUNNER
roles: INSPECTION

2017-05-16 21:26:33,884 INFO  [improbable.core.config.node.GsimGrid] [] [] [] : Created gsim grid configuration of size (1500, 1500) with 1 columns and 1 rows, using gsims of (30, 30) chunks.
2017-05-16 21:26:33,889 INFO  [i.c.c.n.MasterNodeConfigurationLoader] [] [] [] : Original deployment module configuration (before parsing): {deployment_id {
  project_id {
    name: "your_project_name_here"
  }
  name: "local"
}
name: "master"
=[name: "ProfilingModule"
, name: "AssetDatabaseModule"
, name: "BridgeModuleOracleModule"
, name: "BridgeOracleModule"
, name: "EngineStartupModuleOracleModule"
, name: "PersistenceModule"
, name: "ReceptionistModule"
, name: "RouterModule"
, name: "WorldAppOracleModule"
, name: "WorldAppSupervisorModule"
, name: "GSimModule"
, name: "BridgeModule"
, name: "EngineStartupModule"
, name: "DevWorldRestApiModule"
, name: "InspectionRestModule"
]}
2017-05-16 21:26:33,899 INFO  [i.c.c.n.MasterNodeConfigurationLoader] [] [] [] : Master successfully loaded node configurations: {deployment_id {
  project_id {
    name: "your_project_name_here"
  }
  name: "local"
}
name: "master"
=node_id {
  deployment_id {
    project_id {
      name: "your_project_name_here"
    }
    name: "local"
  }
  name: "master"
}
module_configurations {
  name: "ProfilingModule"
}
module_configurations {
  name: "AssetDatabaseModule"
}
module_configurations {
  name: "EngineStartupModuleOracleModule"
}
module_configurations {
  name: "PersistenceModule"
}
module_configurations {
  name: "ReceptionistModule"
}
module_configurations {
  name: "WorldAppOracleModule"
}
module_configurations {
  name: "WorldAppSupervisorModule"
}
module_configurations {
  name: "GSimModule"
}
module_configurations {
  name: "EngineStartupModule"
}
module_configurations {
  name: "DevWorldRestApiModule"
}
module_configurations {
  name: "InspectionRestModule"
}
gsim_configurations {
  extent {
    bottom_left {
      x_in_chunks: -15
      z_in_chunks: -15
    }
    top_right {
      x_in_chunks: 15
      z_in_chunks: 15
    }
  }
}
start_router: true
start_bridge_oracle: true
start_bridge_module_oracle: true
bridge_modules {
  name: "BridgeModule"
}
}
2017-05-16 21:26:33,899 INFO  [improbable.module.ModuleNode] [] [] [] : Loaded node configuration: node_id {
  deployment_id {
    project_id {
      name: "your_project_name_here"
    }
    name: "local"
  }
  name: "master"
}
module_configurations {
  name: "ProfilingModule"
}
module_configurations {
  name: "AssetDatabaseModule"
}
module_configurations {
  name: "EngineStartupModuleOracleModule"
}
module_configurations {
  name: "PersistenceModule"
}
module_configurations {
  name: "ReceptionistModule"
}
module_configurations {
  name: "WorldAppOracleModule"
}
module_configurations {
  name: "WorldAppSupervisorModule"
}
module_configurations {
  name: "GSimModule"
}
module_configurations {
  name: "EngineStartupModule"
}
module_configurations {
  name: "DevWorldRestApiModule"
}
module_configurations {
  name: "InspectionRestModule"
}
gsim_configurations {
  extent {
    bottom_left {
      x_in_chunks: -15
      z_in_chunks: -15
    }
    top_right {
      x_in_chunks: 15
      z_in_chunks: 15
    }
  }
}
start_router: true
start_bridge_oracle: true
start_bridge_module_oracle: true
bridge_modules {
  name: "BridgeModule"
}

2017-05-16 21:26:33,899 INFO  [improbable.module.ModuleNode] [] [] [] : Using master world extents provider.
2017-05-16 21:26:33,909 INFO  [i.core.discovery.server.LocalServer] [] [] [] : Registered Service(improbable.fabric.internal.service.WorldExtentsInternalService) on host: "127.0.0.1"
port: 9006
.
2017-05-16 21:26:33,909 INFO  [i.c.world.MasterWorldExtentsProvider] [] [] [] : Successfully initialized world extents with 1 rectangle(s).
2017-05-16 21:26:33,912 INFO  [improbable.module.ModuleNode] [] [] [] : Loaded world extents: WorldExtents{proto=rectangles {
  bottom_left {
    x: -750.0
    z: -750.0
  }
  top_right {
    x: 750.0
    z: 750.0
  }
  is_fully_simulated: true
  responsible_gsim_id {
  }
}
bounding_rectangle {
  bottom_left {
    x: -750.0
    z: -750.0
  }
  top_right {
    x: 750.0
    z: 750.0
  }
  is_fully_simulated: true
}
}
2017-05-16 21:26:34,817 INFO  [i.c.d.global.GlobalServiceDiscovery] [] [] [] : Global service discovery refreshed 8 server(s) as master (previously: 6)
2017-05-16 21:26:35,655 INFO  [i.entity.schema.FabricSchema] [] [] [] : Found components: [improbable.user.PlayerSpawning, improbable.core.WorldTransform, improbable.EntityAcl]
2017-05-16 21:26:35,656 INFO  [improbable.module.ModuleNode] [] [] [] : Successfully loaded schema for entities
2017-05-16 21:26:35,656 INFO  [improbable.module.ModuleNode] [] [] [] : Validating snapshot at startup and determining max entity id
2017-05-16 21:26:35,718 ERROR [improbable.module.ModuleNode] [] [] [] : Initial snapshot validation failed: Entity 17 position (750.0, 0.0, 0.0) is outside of the world extents.
Entity 18 position (800.0, 0.0, 0.0) is outside of the world extents.
Entity 19 position (850.0, 0.0, 0.0) is outside of the world extents.
Entity 20 position (900.0, 0.0, 0.0) is outside of the world extents.
Entity 21 position (950.0, 0.0, 0.0) is outside of the world extents.
Entity 22 position (1000.0, 0.0, 0.0) is outside of the world extents.
Entity 23 position (1050.0, 0.0, 0.0) is outside of the world extents.
Entity 24 position (1100.0, 0.0, 0.0) is outside of the world extents.
Entity 25 position (1150.0, 0.0, 0.0) is outside of the world extents.
Entity 26 position (1200.0, 0.0, 0.0) is outside of the world extents.
Entity 27 position (1250.0, 0.0, 0.0) is outside of the world extents.
Entity 28 position (1300.0, 0.0, 0.0) is outside of the world extents.
Entity 29 position (1350.0, 0.0, 0.0) is outside of the world extents.
Entity 30 position (1400.0, 0.0, 0.0) is outside of the world extents.
Entity 31 position (1450.0, 0.0, 0.0) is outside of the world extents.
Entity 47 position (750.0, 0.0, 50.0) is outside of the world extents.
Entity 48 position (800.0, 0.0, 50.0) is outside of the world extents.
Entity 49 position (850.0, 0.0, 50.0) is outside of the world extents.
Entity 50 position (900.0, 0.0, 50.0) is outside of the world extents.
Entity 51 position (950.0, 0.0, 50.0) is outside of the world extents.
Entity 52 position (1000.0, 0.0, 50.0) is outside of the world extents.
Entity 53 position (1050.0, 0.0, 50.0) is outside of the world extents.
Entity 54 position (1100.0, 0.0, 50.0) is outside of the world extents.
Entity 55 position (1150.0, 0.0, 50.0) is outside of the world extents.
Entity 56 position (1200.0, 0.0, 50.0) is outside of the world extents.
Entity 57 position (1250.0, 0.0, 50.0) is outside of the world extents.
Entity 58 position (1300.0, 0.0, 50.0) is outside of the world extents.
Entity 59 position (1350.0, 0.0, 50.0) is outside of the world extents.
Entity 60 position (1400.0, 0.0, 50.0) is outside of the world extents.
Entity 61 position (1450.0, 0.0, 50.0) is outside of the world extents.
Entity 77 position (750.0, 0.0, 100.0) is outside of the world extents.
Entity 78 position (800.0, 0.0, 100.0) is outside of the world extents.
Entity 79 position (850.0, 0.0, 100.0) is outside of the world extents.
Entity 80 position (900.0, 0.0, 100.0) is outside of the world extents.
Entity 81 position (950.0, 0.0, 100.0) is outside of the world extents.
Entity 82 position (1000.0, 0.0, 100.0) is outside of the world extents.
Entity 83 position (1050.0, 0.0, 100.0) is outside of the world extents.
Entity 84 position (1100.0, 0.0, 100.0) is outside of the world extents.
Entity 85 position (1150.0, 0.0, 100.0) is outside of the world extents.
Entity 86 position (1200.0, 0.0, 100.0) is outside of the world extents.
Entity 87 position (1250.0, 0.0, 100.0) is outside of the world extents.
Entity 88 position (1300.0, 0.0, 100.0) is outside of the world extents.
Entity 89 position (1350.0, 0.0, 100.0) is outside of the world extents.
Entity 90 position (1400.0, 0.0, 100.0) is outside of the world extents.
Entity 91 position (1450.0, 0.0, 100.0) is outside of the world extents.
Entity 107 position (750.0, 0.0, 150.0) is outside of the world extents.
Entity 108 position (800.0, 0.0, 150.0) is outside of the world extents.
Entity 109 position (850.0, 0.0, 150.0) is outside of the world extents.
Entity 110 position (900.0, 0.0, 150.0) is outside of the world extents.
Entity 111 position (950.0, 0.0, 150.0) is outside of the world extents.
Entity 112 position (1000.0, 0.0, 150.0) is outside of the world extents.
Entity 113 position (1050.0, 0.0, 150.0) is outside of the world extents.
Entity 114 position (1100.0, 0.0, 150.0) is outside of the world extents.
Entity 115 position (1150.0, 0.0, 150.0) is outside of the world extents.
Entity 116 position (1200.0, 0.0, 150.0) is outside of the world extents.
Entity 117 position (1250.0, 0.0, 150.0) is outside of the world extents.
Entity 118 position (1300.0, 0.0, 150.0) is outside of the world extents.
Entity 119 position (1350.0, 0.0, 150.0) is outside of the world extents.
Entity 120 position (1400.0, 0.0, 150.0) is outside of the world extents.
Entity 121 position (1450.0, 0.0, 150.0) is outside of the world extents.
Entity 137 position (750.0, 0.0, 200.0) is outside of the world extents.
Entity 138 position (800.0, 0.0, 200.0) is outside of the world extents.
Entity 139 position (850.0, 0.0, 200.0) is outside of the world extents.
Entity 140 position (900.0, 0.0, 200.0) is outside of the world extents.
Entity 141 position (950.0, 0.0, 200.0) is outside of the world extents.
Entity 142 position (1000.0, 0.0, 200.0) is outside of the world extents.
Entity 143 position (1050.0, 0.0, 200.0) is outside of the world extents.
Entity 144 position (1100.0, 0.0, 200.0) is outside of the world extents.
Entity 145 position (1150.0, 0.0, 200.0) is outside of the world extents.
Entity 146 position (1200.0, 0.0, 200.0) is outside of the world extents.
Entity 147 position (1250.0, 0.0, 200.0) is outside of the world extents.
Entity 148 position (1300.0, 0.0, 200.0) is outside of the world extents.
Entity 149 position (1350.0, 0.0, 200.0) is outside of the world extents.
Entity 150 position (1400.0, 0.0, 200.0) is outside of the world extents.
Entity 151 position (1450.0, 0.0, 200.0) is outside of the world extents.
Entity 167 position (750.0, 0.0, 250.0) is outside of the world extents.
Entity 168 position (800.0, 0.0, 250.0) is outside of the world extents.
Entity 169 position (850.0, 0.0, 250.0) is outside of the world extents.
Entity 170 position (900.0, 0.0, 250.0) is outside of the world extents.
Entity 171 position (950.0, 0.0, 250.0) is outside of the world extents.
Entity 172 position (1000.0, 0.0, 250.0) is outside of the world extents.
Entity 173 position (1050.0, 0.0, 250.0) is outside of the world extents.
Entity 174 position (1100.0, 0.0, 250.0) is outside of the world extents.
Entity 175 position (1150.0, 0.0, 250.0) is outside of the world extents.
Entity 176 position (1200.0, 0.0, 250.0) is outside of the world extents.
Entity 177 position (1250.0, 0.0, 250.0) is outside of the world extents.
Entity 178 position (1300.0, 0.0, 250.0) is outside of the world extents.
Entity 179 position (1350.0, 0.0, 250.0) is outside of the world extents.
Entity 180 position (1400.0, 0.0, 250.0) is outside of the world extents.
Entity 181 position (1450.0, 0.0, 250.0) is outside of the world extents.
Entity 197 position (750.0, 0.0, 300.0) is outside of the world extents.
Entity 198 position (800.0, 0.0, 300.0) is outside of the world extents.
Entity 199 position (850.0, 0.0, 300.0) is outside of the world extents.
Entity 200 position (900.0, 0.0, 300.0) is outside of the world extents.
Entity 201 position (950.0, 0.0, 300.0) is outside of the world extents.
Entity 202 position (1000.0, 0.0, 300.0) is outside of the world extents.
Entity 203 position (1050.0, 0.0, 300.0) is outside of the world extents.
Entity 204 position (1100.0, 0.0, 300.0) is outside of the world extents.
Entity 205 position (1150.0, 0.0, 300.0) is outside of the world extents.
Initial snapshot is invalid. Only first 100 exceptions are reported.
2017-05-16 21:26:35,721 ERROR [improbable.deployment.GameLauncher$] [] [] [] : Unhandled exception on startup
java.lang.IllegalStateException: Initial snapshot validation failed: Entity 17 position (750.0, 0.0, 0.0) is outside of the world extents.
Entity 18 position (800.0, 0.0, 0.0) is outside of the world extents.
Entity 19 position (850.0, 0.0, 0.0) is outside of the world extents.
Entity 20 position (900.0, 0.0, 0.0) is outside of the world extents.
Entity 21 position (950.0, 0.0, 0.0) is outside of the world extents.
Entity 22 position (1000.0, 0.0, 0.0) is outside of the world extents.
Entity 23 position (1050.0, 0.0, 0.0) is outside of the world extents.
Entity 24 position (1100.0, 0.0, 0.0) is outside of the world extents.
Entity 25 position (1150.0, 0.0, 0.0) is outside of the world extents.
Entity 26 position (1200.0, 0.0, 0.0) is outside of the world extents.
Entity 27 position (1250.0, 0.0, 0.0) is outside of the world extents.
Entity 28 position (1300.0, 0.0, 0.0) is outside of the world extents.
Entity 29 position (1350.0, 0.0, 0.0) is outside of the world extents.
Entity 30 position (1400.0, 0.0, 0.0) is outside of the world extents.
Entity 31 position (1450.0, 0.0, 0.0) is outside of the world extents.
Entity 47 position (750.0, 0.0, 50.0) is outside of the world extents.
Entity 48 position (800.0, 0.0, 50.0) is outside of the world extents.
Entity 49 position (850.0, 0.0, 50.0) is outside of the world extents.
Entity 50 position (900.0, 0.0, 50.0) is outside of the world extents.
Entity 51 position (950.0, 0.0, 50.0) is outside of the world extents.
Entity 52 position (1000.0, 0.0, 50.0) is outside of the world extents.
Entity 53 position (1050.0, 0.0, 50.0) is outside of the world extents.
Entity 54 position (1100.0, 0.0, 50.0) is outside of the world extents.
Entity 55 position (1150.0, 0.0, 50.0) is outside of the world extents.
Entity 56 position (1200.0, 0.0, 50.0) is outside of the world extents.
Entity 57 position (1250.0, 0.0, 50.0) is outside of the world extents.
Entity 58 position (1300.0, 0.0, 50.0) is outside of the world extents.
Entity 59 position (1350.0, 0.0, 50.0) is outside of the world extents.
Entity 60 position (1400.0, 0.0, 50.0) is outside of the world extents.
Entity 61 position (1450.0, 0.0, 50.0) is outside of the world extents.
Entity 77 position (750.0, 0.0, 100.0) is outside of the world extents.
Entity 78 position (800.0, 0.0, 100.0) is outside of the world extents.
Entity 79 position (850.0, 0.0, 100.0) is outside of the world extents.
Entity 80 position (900.0, 0.0, 100.0) is outside of the world extents.
Entity 81 position (950.0, 0.0, 100.0) is outside of the world extents.
Entity 82 position (1000.0, 0.0, 100.0) is outside of the world extents.
Entity 83 position (1050.0, 0.0, 100.0) is outside of the world extents.
Entity 84 position (1100.0, 0.0, 100.0) is outside of the world extents.
Entity 85 position (1150.0, 0.0, 100.0) is outside of the world extents.
Entity 86 position (1200.0, 0.0, 100.0) is outside of the world extents.
Entity 87 position (1250.0, 0.0, 100.0) is outside of the world extents.
Entity 88 position (1300.0, 0.0, 100.0) is outside of the world extents.
Entity 89 position (1350.0, 0.0, 100.0) is outside of the world extents.
Entity 90 position (1400.0, 0.0, 100.0) is outside of the world extents.
Entity 91 position (1450.0, 0.0, 100.0) is outside of the world extents.
Entity 107 position (750.0, 0.0, 150.0) is outside of the world extents.
Entity 108 position (800.0, 0.0, 150.0) is outside of the world extents.
Entity 109 position (850.0, 0.0, 150.0) is outside of the world extents.
Entity 110 position (900.0, 0.0, 150.0) is outside of the world extents.
Entity 111 position (950.0, 0.0, 150.0) is outside of the world extents.
Entity 112 position (1000.0, 0.0, 150.0) is outside of the world extents.
Entity 113 position (1050.0, 0.0, 150.0) is outside of the world extents.
Entity 114 position (1100.0, 0.0, 150.0) is outside of the world extents.
Entity 115 position (1150.0, 0.0, 150.0) is outside of the world extents.
Entity 116 position (1200.0, 0.0, 150.0) is outside of the world extents.
Entity 117 position (1250.0, 0.0, 150.0) is outside of the world extents.
Entity 118 position (1300.0, 0.0, 150.0) is outside of the world extents.
Entity 119 position (1350.0, 0.0, 150.0) is outside of the world extents.
Entity 120 position (1400.0, 0.0, 150.0) is outside of the world extents.
Entity 121 position (1450.0, 0.0, 150.0) is outside of the world extents.
Entity 137 position (750.0, 0.0, 200.0) is outside of the world extents.
Entity 138 position (800.0, 0.0, 200.0) is outside of the world extents.
Entity 139 position (850.0, 0.0, 200.0) is outside of the world extents.
Entity 140 position (900.0, 0.0, 200.0) is outside of the world extents.
Entity 141 position (950.0, 0.0, 200.0) is outside of the world extents.
Entity 142 position (1000.0, 0.0, 200.0) is outside of the world extents.
Entity 143 position (1050.0, 0.0, 200.0) is outside of the world extents.
Entity 144 position (1100.0, 0.0, 200.0) is outside of the world extents.
Entity 145 position (1150.0, 0.0, 200.0) is outside of the world extents.
Entity 146 position (1200.0, 0.0, 200.0) is outside of the world extents.
Entity 147 position (1250.0, 0.0, 200.0) is outside of the world extents.
Entity 148 position (1300.0, 0.0, 200.0) is outside of the world extents.
Entity 149 position (1350.0, 0.0, 200.0) is outside of the world extents.
Entity 150 position (1400.0, 0.0, 200.0) is outside of the world extents.
Entity 151 position (1450.0, 0.0, 200.0) is outside of the world extents.
Entity 167 position (750.0, 0.0, 250.0) is outside of the world extents.
Entity 168 position (800.0, 0.0, 250.0) is outside of the world extents.
Entity 169 position (850.0, 0.0, 250.0) is outside of the world extents.
Entity 170 position (900.0, 0.0, 250.0) is outside of the world extents.
Entity 171 position (950.0, 0.0, 250.0) is outside of the world extents.
Entity 172 position (1000.0, 0.0, 250.0) is outside of the world extents.
Entity 173 position (1050.0, 0.0, 250.0) is outside of the world extents.
Entity 174 position (1100.0, 0.0, 250.0) is outside of the world extents.
Entity 175 position (1150.0, 0.0, 250.0) is outside of the world extents.
Entity 176 position (1200.0, 0.0, 250.0) is outside of the world extents.
Entity 177 position (1250.0, 0.0, 250.0) is outside of the world extents.
Entity 178 position (1300.0, 0.0, 250.0) is outside of the world extents.
Entity 179 position (1350.0, 0.0, 250.0) is outside of the world extents.
Entity 180 position (1400.0, 0.0, 250.0) is outside of the world extents.
Entity 181 position (1450.0, 0.0, 250.0) is outside of the world extents.
Entity 197 position (750.0, 0.0, 300.0) is outside of the world extents.
Entity 198 position (800.0, 0.0, 300.0) is outside of the world extents.
Entity 199 position (850.0, 0.0, 300.0) is outside of the world extents.
Entity 200 position (900.0, 0.0, 300.0) is outside of the world extents.
Entity 201 position (950.0, 0.0, 300.0) is outside of the world extents.
Entity 202 position (1000.0, 0.0, 300.0) is outside of the world extents.
Entity 203 position (1050.0, 0.0, 300.0) is outside of the world extents.
Entity 204 position (1100.0, 0.0, 300.0) is outside of the world extents.
Entity 205 position (1150.0, 0.0, 300.0) is outside of the world extents.
Initial snapshot is invalid. Only first 100 exceptions are reported.
	at improbable.module.ModuleNode.blockingValidateSnapshotAndDetermineMaxEntityId(ModuleNode.scala:425) ~[fabric__scala__deployment__lib_deploy.jar:na]
	at improbable.module.ModuleNode.<init>(ModuleNode.scala:213) ~[fabric__scala__deployment__lib_deploy.jar:na]
	at improbable.deployment.InternalGameLauncher.<init>(InternalGameLauncher.scala:51) ~[fabric__scala__deployment__lib_deploy.jar:na]
	at improbable.deployment.GameLauncher$.delayedEndpoint$improbable$deployment$GameLauncher$1(GameLauncher.scala:25) [fabric__scala__deployment__lib_deploy.jar:na]
	at improbable.deployment.GameLauncher$delayedInit$body.apply(GameLauncher.scala:14) [fabric__scala__deployment__lib_deploy.jar:na]
	at scala.Function0$class.apply$mcV$sp(Function0.scala:34) [fabric__scala__deployment__lib_deploy.jar:na]
	at scala.runtime.AbstractFunction0.apply$mcV$sp(AbstractFunction0.scala:12) [fabric__scala__deployment__lib_deploy.jar:na]
	at scala.App$$anonfun$main$1.apply(App.scala:76) [fabric__scala__deployment__lib_deploy.jar:na]
	at scala.App$$anonfun$main$1.apply(App.scala:76) [fabric__scala__deployment__lib_deploy.jar:na]
	at scala.collection.immutable.List.foreach(List.scala:381) [fabric__scala__deployment__lib_deploy.jar:na]
	at scala.collection.generic.TraversableForwarder$class.foreach(TraversableForwarder.scala:35) [fabric__scala__deployment__lib_deploy.jar:na]
	at scala.App$class.main(App.scala:76) [fabric__scala__deployment__lib_deploy.jar:na]
	at improbable.deployment.GameLauncher$.main(GameLauncher.scala:14) [fabric__scala__deployment__lib_deploy.jar:na]
	at improbable.deployment.GameLauncher.main(GameLauncher.scala) [fabric__scala__deployment__lib_deploy.jar:na]
2017-05-16 21:26:37,724 INFO  [i.c.discovery.ServiceDiscoveryImpl] [] [] [] : Shutting down all services
2017-05-16 21:26:37,727 INFO  [i.core.discovery.server.LocalServer] [] [] [] : Stopped Service(improbable.fabric.internal.service.RunLevelInternalService) on host: "127.0.0.1"
port: 9000

2017-05-16 21:26:37,728 INFO  [i.core.discovery.server.LocalServer] [] [] [] : Stopped Service(improbable.fabric.internal.service.WorldExtentsInternalService) on host: "127.0.0.1"
port: 9006

2017-05-16 21:26:37,728 INFO  [i.core.discovery.server.PublicServer] [] [] [] : Stopped Service(improbable.platform.runtime.HealthCheckService) on host: "127.0.0.1"
port: 9001

2017-05-16 21:26:37,728 INFO  [i.core.discovery.server.PublicServer] [] [] [] : Stopped Service(improbable.platform.runtime.FeatureService) on host: "127.0.0.1"
port: 9004

2017-05-16 21:26:37,728 INFO  [i.core.discovery.server.LocalServer] [] [] [] : Stopped Service(improbable.fabric.internal.service.NodeConfigurationInternalService) on host: "127.0.0.1"
port: 9005

2017-05-16 21:26:37,728 INFO  [i.core.discovery.server.LocalServer] [] [] [] : Stopped Service(improbable.fabric.internal.service.ContentionInternalService) on host: "127.0.0.1"
port: 9003

2017-05-16 21:26:37,729 INFO  [i.core.discovery.server.LocalServer] [] [] [] : Stopped Service(improbable.fabric.internal.service.ServiceDiscoveryInternalService) on host: "127.0.0.1"
port: 5301

2017-05-16 21:26:37,729 INFO  [i.core.discovery.server.LocalServer] [] [] [] : Stopped Service(improbable.fabric.internal.service.PerfInternalService) on host: "127.0.0.1"
port: 9002

