==========> Opened at 2017-05-16 20:14:54.06663545 -0700 PDT
debug Executing [spatial worker_package unpack-to worker_sdk darwin_x64_bundle /Users/trefethen/Documents/unity/spatial/workers/unity/Assets/Plugins/Improbable/darwin_x64_bundle]
debug Current directory = /Users/trefethen/Documents/unity/spatial/workers/unity
debug Found project root at /Users/trefethen/Documents/unity/spatial
debug Found version '10.3.0' in file /Users/trefethen/Documents/unity/spatial/spatialos.json
warning Overriding deprecated package worker_sdk/darwin_x64_bundle with worker_sdk/core-bundle-x86_64-macos. Please update your build scripts.
debug Skipping extraction of [/Users/trefethen/.improbable/toolbelt/cache/worker_package/e1c622218c9595c0177132b577e4207c22bc9423/worker_sdk/10.3.0/core-bundle-x86_64-macos.zip] to /Users/trefethen/Documents/unity/spatial/workers/unity/Assets/Plugins/Improbable/darwin_x64_bundle. Nothing has changed.
info 'spatial worker_package unpack-to worker_sdk darwin_x64_bundle /Users/trefethen/Documents/unity/spatial/workers/unity/Assets/Plugins/Improbable/darwin_x64_bundle' succeeded duration=< 1ms category=success
==========> Opened at 2017-05-16 20:14:55.852399699 -0700 PDT
debug Executing [spatial build build-config UnityClient UnityWorker]
debug Current directory = /Users/trefethen/Documents/unity/spatial
debug Found project root at /Users/trefethen/Documents/unity/spatial
debug Found project root at /Users/trefethen/Documents/unity/spatial
info Generating bridge settings for UnityClient.
debug Worker 'UnityClient' defined at '/Users/trefethen/Documents/unity/spatial/workers/unity/spatialos.UnityClient.worker.json' has no managed launch configuration defined.
info Generating bridge settings for UnityWorker.
info Generating managed worker configuration for UnityWorker.
info 'spatial build build-config UnityClient UnityWorker' succeeded category=success duration=< 1ms
==========> Opened at 2017-05-16 20:14:55.914978528 -0700 PDT
debug Executing [spatial worker_package unpack-to worker_sdk darwin_x64_bundle /Users/trefethen/Documents/unity/spatial/workers/unity/Assets/Plugins/Improbable/darwin_x64_bundle]
debug Current directory = /Users/trefethen/Documents/unity/spatial/workers/unity
debug Found project root at /Users/trefethen/Documents/unity/spatial
debug Found version '10.3.0' in file /Users/trefethen/Documents/unity/spatial/spatialos.json
warning Overriding deprecated package worker_sdk/darwin_x64_bundle with worker_sdk/core-bundle-x86_64-macos. Please update your build scripts.
debug Skipping extraction of [/Users/trefethen/.improbable/toolbelt/cache/worker_package/e1c622218c9595c0177132b577e4207c22bc9423/worker_sdk/10.3.0/core-bundle-x86_64-macos.zip] to /Users/trefethen/Documents/unity/spatial/workers/unity/Assets/Plugins/Improbable/darwin_x64_bundle. Nothing has changed.
info 'spatial worker_package unpack-to worker_sdk darwin_x64_bundle /Users/trefethen/Documents/unity/spatial/workers/unity/Assets/Plugins/Improbable/darwin_x64_bundle' succeeded duration=< 1ms category=success
==========> Opened at 2017-05-16 20:14:56.155610928 -0700 PDT
debug Executing [spatial worker_package unpack-to worker_sdk darwin_x64_bundle /Users/trefethen/Documents/unity/spatial/workers/unity/Assets/Plugins/Improbable/darwin_x64_bundle]
debug Current directory = /Users/trefethen/Documents/unity/spatial/workers/unity
debug Found project root at /Users/trefethen/Documents/unity/spatial
debug Found version '10.3.0' in file /Users/trefethen/Documents/unity/spatial/spatialos.json
warning Overriding deprecated package worker_sdk/darwin_x64_bundle with worker_sdk/core-bundle-x86_64-macos. Please update your build scripts.
debug Skipping extraction of [/Users/trefethen/.improbable/toolbelt/cache/worker_package/e1c622218c9595c0177132b577e4207c22bc9423/worker_sdk/10.3.0/core-bundle-x86_64-macos.zip] to /Users/trefethen/Documents/unity/spatial/workers/unity/Assets/Plugins/Improbable/darwin_x64_bundle. Nothing has changed.
info 'spatial worker_package unpack-to worker_sdk darwin_x64_bundle /Users/trefethen/Documents/unity/spatial/workers/unity/Assets/Plugins/Improbable/darwin_x64_bundle' succeeded duration=< 1ms category=success
==========> Opened at 2017-05-16 20:15:08.340082127 -0700 PDT
debug Executing [spatial prepare-for-run]
debug Current directory = /Users/trefethen/Documents/unity/spatial
debug Found project root at /Users/trefethen/Documents/unity/spatial
debug Found project root at /Users/trefethen/Documents/unity/spatial
debug Running within a SpatialOS project, using the default input paths '[/Users/trefethen/Documents/unity/spatial/schema /Users/trefethen/Documents/unity/spatial/build/dependencies/schema/WorkerSdkSchema]'
debug Running within a SpatialOS project, using the default input paths '[/Users/trefethen/Documents/unity/spatial/schema /Users/trefethen/Documents/unity/spatial/build/dependencies/schema/WorkerSdkSchema]'
debug Running within a SpatialOS project, using the default input paths '[/Users/trefethen/Documents/unity/spatial/schema /Users/trefethen/Documents/unity/spatial/build/dependencies/schema/WorkerSdkSchema]'
debug Executing internal command: [build gsim]
debug Found project root at /Users/trefethen/Documents/unity/spatial
debug Found project root at /Users/trefethen/Documents/unity/spatial
debug In '', spatial [auth login]
debug Wrote credentials to /Users/trefethen/.ivy2/improbable.credentials
debug Wrote credentials to /Users/trefethen/.m2/settings.xml
debug Skipping extraction of [/Users/trefethen/.improbable/toolbelt/cache/worker_package/a7f9d47f76b82b5748f3bdfd47fb4a569ddf2ac3/schema/10.3.0/WorkerSdkSchema.zip] to /Users/trefethen/Documents/unity/spatial/build/dependencies/schema/WorkerSdkSchema. Nothing has changed.
debug Found version '10.3.0' in file /Users/trefethen/Documents/unity/spatial/spatialos.json
debug Extracting built-in asset 'gsim' to '/Users/trefethen/Documents/unity/spatial/workers/gsim'
debug Unpacking gsim.zip
debug Building worker assemblies.
debug Building schema descriptor.
debug Found version '10.3.0' in file /Users/trefethen/Documents/unity/spatial/spatialos.json
debug Found project root at /Users/trefethen/Documents/unity/spatial
debug Running within a SpatialOS project, using the default input paths '[/Users/trefethen/Documents/unity/spatial/schema /Users/trefethen/Documents/unity/spatial/build/dependencies/schema/WorkerSdkSchema]'
debug Skipping extraction of [/Users/trefethen/.improbable/toolbelt/cache/worker_package/bcc093885952853452ed735e9bc0dd1e701b74b5/protoc/10.3.0/darwin_x64.zip] to /Users/trefethen/.improbable/toolbelt/protoc/10.3.0/darwin_x64. Nothing has changed.
debug Skipping extraction of [/Users/trefethen/.improbable/toolbelt/cache/worker_package/bcc093885952853452ed735e9bc0dd1e701b74b5/protoc/10.3.0/darwin_x64.zip] to /Users/trefethen/.improbable/toolbelt/protoc/10.3.0/darwin_x64. Nothing has changed.
debug Skipping extraction of [/Users/trefethen/.improbable/toolbelt/cache/worker_package/7464426815fdcede7cfb51ec3970ef2bb0ff4057/protocol/10.3.0/protocol.zip] to /Users/trefethen/.improbable/toolbelt/protocol/10.3.0/protocol. Nothing has changed.
debug In '', /Users/trefethen/.improbable/toolbelt/protoc/10.3.0/darwin_x64/SchemaCompiler [--schema_path=/Users/trefethen/Documents/unity/spatial/schema --schema_path=/Users/trefethen/Documents/unity/spatial/build/dependencies/schema/WorkerSdkSchema --load_all_schema_on_schema_path]
debug /Users/trefethen/.improbable/toolbelt/protoc/10.3.0/darwin_x64/SchemaCompiler: No outputs specified, validating schema only.
info   No changes detected, skipping code generation.
debug Found version '10.3.0' in file /Users/trefethen/Documents/unity/spatial/spatialos.json
debug Extracting built-in asset 'gsim' to '/Users/trefethen/Documents/unity/spatial/workers/gsim'
debug Unpacking gsim.zip
info   Running task 'build' for 'gsim'
info   [1/2] > Build Codegen category=heading
info   [1/1] > Codegen Scala category=heading
debug Found project root at /Users/trefethen/Documents/unity/spatial
debug Running within a SpatialOS project, using the default input paths '[/Users/trefethen/Documents/unity/spatial/schema /Users/trefethen/Documents/unity/spatial/build/dependencies/schema/WorkerSdkSchema]'
debug Running within a SpatialOS project, using the default input paths '[/Users/trefethen/Documents/unity/spatial/schema /Users/trefethen/Documents/unity/spatial/build/dependencies/schema/WorkerSdkSchema]'
debug Running within a SpatialOS project, using the default input paths '[/Users/trefethen/Documents/unity/spatial/schema /Users/trefethen/Documents/unity/spatial/build/dependencies/schema/WorkerSdkSchema]'
debug Executing internal command: [process_schema generate --input=../../schema/ --repository=../../build/dependencies/schema/ --output=generated --language=scala]
debug Found version '10.3.0' in file /Users/trefethen/Documents/unity/spatial/spatialos.json
debug Skipping extraction of [/Users/trefethen/.improbable/toolbelt/cache/worker_package/bcc093885952853452ed735e9bc0dd1e701b74b5/protoc/10.3.0/darwin_x64.zip] to /Users/trefethen/.improbable/toolbelt/protoc/10.3.0/darwin_x64. Nothing has changed.
debug In '', /Users/trefethen/.improbable/toolbelt/protoc/10.3.0/darwin_x64/SchemaCompiler [--schema_path=../../build/dependencies/schema/WorkerSdkSchema --schema_path=../../schema/ --load_all_schema_on_schema_path]
debug /Users/trefethen/.improbable/toolbelt/protoc/10.3.0/darwin_x64/SchemaCompiler: No outputs specified, validating schema only.
debug Skipping extraction of [/Users/trefethen/.improbable/toolbelt/cache/worker_package/7464426815fdcede7cfb51ec3970ef2bb0ff4057/protocol/10.3.0/protocol.zip] to /Users/trefethen/.improbable/toolbelt/protocol/10.3.0/protocol. Nothing has changed.
info     No changes detected, skipping code generation.
info   [1/1] < Codegen Scala duration=< 1ms category=success
info   >>> Codegen duration=< 1ms category=neutral
info   [1/2] < Build Codegen duration=< 1ms category=success
info   [2/2] > Build scala category=heading
debug Found project root at /Users/trefethen/Documents/unity/spatial
debug Running within a SpatialOS project, using the default input paths '[/Users/trefethen/Documents/unity/spatial/schema /Users/trefethen/Documents/unity/spatial/build/dependencies/schema/WorkerSdkSchema]'
debug Running within a SpatialOS project, using the default input paths '[/Users/trefethen/Documents/unity/spatial/schema /Users/trefethen/Documents/unity/spatial/build/dependencies/schema/WorkerSdkSchema]'
debug Running within a SpatialOS project, using the default input paths '[/Users/trefethen/Documents/unity/spatial/schema /Users/trefethen/Documents/unity/spatial/build/dependencies/schema/WorkerSdkSchema]'
debug Executing internal command: [invoke sbt workerPackage]
debug In '', sbt [workerPackage]
debug [info] Loading project definition from /Users/trefethen/Documents/unity/spatial/workers/gsim/project
debug [info] Set current project to your_project_name_here (in build file:/Users/trefethen/Documents/unity/spatial/workers/gsim/)
debug [info] Creating a distributable package in target/pack
debug [info] Copying libraries to target/pack/lib
debug [info] project jars:
debug [info] target/scala-2.11/your_project_name_here_2.11-1.0.0.jar
debug [info] project dependencies:
debug [info] com.google.protobuf:protobuf-java:3.0.2
debug [info] com.google.oauth-client:google-oauth-client:1.20.0
debug [info] commons-codec:commons-codec:1.3
debug [info] improbable:fabric-util_2.11:10.3.0
debug [info] org.apache.httpcomponents:httpclient:4.0.1
debug [info] improbable:api-protos_2.11:10.3.0
debug [info] commons-io:commons-io:2.4
debug [info] org.scala-lang:scala-library:2.11.7
debug [info] org.objenesis:objenesis:2.1
debug [info] org.scala-lang:scala-reflect:2.11.7
debug [info] improbable:fabric-papi_2.11:10.3.0
debug [info] commons-logging:commons-logging:1.1.1
debug [info] com.google.protobuf:protobuf-java-util:3.0.2
debug [info] org.xeustechnologies:jcl-core:2.7
debug [info] com.google.http-client:google-http-client:1.20.0
debug [info] org.apache.httpcomponents:httpcore:4.0.1
debug [info] com.google.code.gson:gson:2.3
debug [info] improbable:unity-sdk-fabric_2.11:10.3.0
debug [info] com.google.code.findbugs:jsr305:1.3.9
debug [info] cglib:cglib-nodep:2.2
debug [info] improbable:fabric-fapi_2.11:10.3.0
debug [info] improbable:fabric-dapi_2.11:10.3.0
debug [info] com.esotericsoftware:kryo:3.0.3
debug [info] improbable:fabric-macros_2.11:10.3.0
debug [info] improbable:fabric-fapi-protocol:10.3.0
debug [info] unmanaged dependencies:
debug [info] explicit dependencies:
debug [info] Create a bin folder: target/pack/bin
debug [info] Generating launch scripts
debug [info] main class for dummy-main: DummyMain
debug [info] Generating target/pack/bin/dummy-main
debug [info] Generating target/pack/bin/dummy-main.bat
debug [info] packed resource directories = /Users/trefethen/Documents/unity/spatial/workers/gsim/src/pack
debug [info] Generating target/pack/Makefile
debug [info] Generating target/pack/VERSION
debug [info] done.
debug [info] Cleaning output directory /Users/trefethen/Documents/unity/spatial/build/assembly/gsim
debug [info] Copying /Users/trefethen/Documents/unity/spatial/workers/gsim/target/pack/lib to /Users/trefethen/Documents/unity/spatial/build/assembly/gsim
debug [success] Total time: 0 s, completed May 16, 2017 8:15:13 PM
info   [2/2] < Build scala duration=4.1s category=success
info   >>> Build duration=4.1s category=neutral
info 'spatial prepare-for-run' succeeded duration=4.9s category=success
==========> Opened at 2017-05-16 20:27:18.857141224 -0700 PDT
debug Executing [spatial prepare-for-run]
debug Current directory = /Users/trefethen/Documents/unity/spatial
debug Found project root at /Users/trefethen/Documents/unity/spatial
debug Found project root at /Users/trefethen/Documents/unity/spatial
debug Running within a SpatialOS project, using the default input paths '[/Users/trefethen/Documents/unity/spatial/schema /Users/trefethen/Documents/unity/spatial/build/dependencies/schema/WorkerSdkSchema]'
debug Running within a SpatialOS project, using the default input paths '[/Users/trefethen/Documents/unity/spatial/schema /Users/trefethen/Documents/unity/spatial/build/dependencies/schema/WorkerSdkSchema]'
debug Running within a SpatialOS project, using the default input paths '[/Users/trefethen/Documents/unity/spatial/schema /Users/trefethen/Documents/unity/spatial/build/dependencies/schema/WorkerSdkSchema]'
debug Executing internal command: [build gsim]
debug Found project root at /Users/trefethen/Documents/unity/spatial
debug Found project root at /Users/trefethen/Documents/unity/spatial
debug In '', spatial [auth login]
debug Wrote credentials to /Users/trefethen/.ivy2/improbable.credentials
debug Wrote credentials to /Users/trefethen/.m2/settings.xml
debug Skipping extraction of [/Users/trefethen/.improbable/toolbelt/cache/worker_package/a7f9d47f76b82b5748f3bdfd47fb4a569ddf2ac3/schema/10.3.0/WorkerSdkSchema.zip] to /Users/trefethen/Documents/unity/spatial/build/dependencies/schema/WorkerSdkSchema. Nothing has changed.
debug Found version '10.3.0' in file /Users/trefethen/Documents/unity/spatial/spatialos.json
debug Extracting built-in asset 'gsim' to '/Users/trefethen/Documents/unity/spatial/workers/gsim'
debug Unpacking gsim.zip
debug Building worker assemblies.
debug Building schema descriptor.
debug Found version '10.3.0' in file /Users/trefethen/Documents/unity/spatial/spatialos.json
debug Found project root at /Users/trefethen/Documents/unity/spatial
debug Running within a SpatialOS project, using the default input paths '[/Users/trefethen/Documents/unity/spatial/schema /Users/trefethen/Documents/unity/spatial/build/dependencies/schema/WorkerSdkSchema]'
debug Skipping extraction of [/Users/trefethen/.improbable/toolbelt/cache/worker_package/bcc093885952853452ed735e9bc0dd1e701b74b5/protoc/10.3.0/darwin_x64.zip] to /Users/trefethen/.improbable/toolbelt/protoc/10.3.0/darwin_x64. Nothing has changed.
debug Skipping extraction of [/Users/trefethen/.improbable/toolbelt/cache/worker_package/bcc093885952853452ed735e9bc0dd1e701b74b5/protoc/10.3.0/darwin_x64.zip] to /Users/trefethen/.improbable/toolbelt/protoc/10.3.0/darwin_x64. Nothing has changed.
debug Skipping extraction of [/Users/trefethen/.improbable/toolbelt/cache/worker_package/7464426815fdcede7cfb51ec3970ef2bb0ff4057/protocol/10.3.0/protocol.zip] to /Users/trefethen/.improbable/toolbelt/protocol/10.3.0/protocol. Nothing has changed.
debug In '', /Users/trefethen/.improbable/toolbelt/protoc/10.3.0/darwin_x64/SchemaCompiler [--schema_path=/Users/trefethen/Documents/unity/spatial/schema --schema_path=/Users/trefethen/Documents/unity/spatial/build/dependencies/schema/WorkerSdkSchema --load_all_schema_on_schema_path]
debug /Users/trefethen/.improbable/toolbelt/protoc/10.3.0/darwin_x64/SchemaCompiler: No outputs specified, validating schema only.
info   No changes detected, skipping code generation.
debug Found version '10.3.0' in file /Users/trefethen/Documents/unity/spatial/spatialos.json
debug Extracting built-in asset 'gsim' to '/Users/trefethen/Documents/unity/spatial/workers/gsim'
debug Unpacking gsim.zip
info   Running task 'build' for 'gsim'
info   [1/2] > Build Codegen category=heading
info   [1/1] > Codegen Scala category=heading
debug Found project root at /Users/trefethen/Documents/unity/spatial
debug Running within a SpatialOS project, using the default input paths '[/Users/trefethen/Documents/unity/spatial/schema /Users/trefethen/Documents/unity/spatial/build/dependencies/schema/WorkerSdkSchema]'
debug Running within a SpatialOS project, using the default input paths '[/Users/trefethen/Documents/unity/spatial/schema /Users/trefethen/Documents/unity/spatial/build/dependencies/schema/WorkerSdkSchema]'
debug Running within a SpatialOS project, using the default input paths '[/Users/trefethen/Documents/unity/spatial/schema /Users/trefethen/Documents/unity/spatial/build/dependencies/schema/WorkerSdkSchema]'
debug Executing internal command: [process_schema generate --input=../../schema/ --repository=../../build/dependencies/schema/ --output=generated --language=scala]
debug Found version '10.3.0' in file /Users/trefethen/Documents/unity/spatial/spatialos.json
debug Skipping extraction of [/Users/trefethen/.improbable/toolbelt/cache/worker_package/bcc093885952853452ed735e9bc0dd1e701b74b5/protoc/10.3.0/darwin_x64.zip] to /Users/trefethen/.improbable/toolbelt/protoc/10.3.0/darwin_x64. Nothing has changed.
debug In '', /Users/trefethen/.improbable/toolbelt/protoc/10.3.0/darwin_x64/SchemaCompiler [--schema_path=../../build/dependencies/schema/WorkerSdkSchema --schema_path=../../schema/ --load_all_schema_on_schema_path]
debug /Users/trefethen/.improbable/toolbelt/protoc/10.3.0/darwin_x64/SchemaCompiler: No outputs specified, validating schema only.
debug Skipping extraction of [/Users/trefethen/.improbable/toolbelt/cache/worker_package/7464426815fdcede7cfb51ec3970ef2bb0ff4057/protocol/10.3.0/protocol.zip] to /Users/trefethen/.improbable/toolbelt/protocol/10.3.0/protocol. Nothing has changed.
info     No changes detected, skipping code generation.
info   [1/1] < Codegen Scala category=success duration=< 1ms
info   >>> Codegen duration=< 1ms category=neutral
info   [1/2] < Build Codegen duration=< 1ms category=success
info   [2/2] > Build scala category=heading
debug Found project root at /Users/trefethen/Documents/unity/spatial
debug Running within a SpatialOS project, using the default input paths '[/Users/trefethen/Documents/unity/spatial/schema /Users/trefethen/Documents/unity/spatial/build/dependencies/schema/WorkerSdkSchema]'
debug Running within a SpatialOS project, using the default input paths '[/Users/trefethen/Documents/unity/spatial/schema /Users/trefethen/Documents/unity/spatial/build/dependencies/schema/WorkerSdkSchema]'
debug Running within a SpatialOS project, using the default input paths '[/Users/trefethen/Documents/unity/spatial/schema /Users/trefethen/Documents/unity/spatial/build/dependencies/schema/WorkerSdkSchema]'
debug Executing internal command: [invoke sbt workerPackage]
debug In '', sbt [workerPackage]
debug [info] Loading project definition from /Users/trefethen/Documents/unity/spatial/workers/gsim/project
debug [info] Set current project to your_project_name_here (in build file:/Users/trefethen/Documents/unity/spatial/workers/gsim/)
debug [info] Creating a distributable package in target/pack
debug [info] Copying libraries to target/pack/lib
debug [info] project jars:
debug [info] target/scala-2.11/your_project_name_here_2.11-1.0.0.jar
debug [info] project dependencies:
debug [info] com.google.protobuf:protobuf-java:3.0.2
debug [info] com.google.oauth-client:google-oauth-client:1.20.0
debug [info] commons-codec:commons-codec:1.3
debug [info] improbable:fabric-util_2.11:10.3.0
debug [info] org.apache.httpcomponents:httpclient:4.0.1
debug [info] improbable:api-protos_2.11:10.3.0
debug [info] commons-io:commons-io:2.4
debug [info] org.scala-lang:scala-library:2.11.7
debug [info] org.objenesis:objenesis:2.1
debug [info] org.scala-lang:scala-reflect:2.11.7
debug [info] improbable:fabric-papi_2.11:10.3.0
debug [info] commons-logging:commons-logging:1.1.1
debug [info] com.google.protobuf:protobuf-java-util:3.0.2
debug [info] org.xeustechnologies:jcl-core:2.7
debug [info] com.google.http-client:google-http-client:1.20.0
debug [info] org.apache.httpcomponents:httpcore:4.0.1
debug [info] com.google.code.gson:gson:2.3
debug [info] improbable:unity-sdk-fabric_2.11:10.3.0
debug [info] com.google.code.findbugs:jsr305:1.3.9
debug [info] cglib:cglib-nodep:2.2
debug [info] improbable:fabric-fapi_2.11:10.3.0
debug [info] improbable:fabric-dapi_2.11:10.3.0
debug [info] com.esotericsoftware:kryo:3.0.3
debug [info] improbable:fabric-macros_2.11:10.3.0
debug [info] improbable:fabric-fapi-protocol:10.3.0
debug [info] unmanaged dependencies:
debug [info] explicit dependencies:
debug [info] Create a bin folder: target/pack/bin
debug [info] Generating launch scripts
debug [info] main class for dummy-main: DummyMain
debug [info] Generating target/pack/bin/dummy-main
debug [info] Generating target/pack/bin/dummy-main.bat
debug [info] packed resource directories = /Users/trefethen/Documents/unity/spatial/workers/gsim/src/pack
debug [info] Generating target/pack/Makefile
debug [info] Generating target/pack/VERSION
debug [info] done.
debug [info] Cleaning output directory /Users/trefethen/Documents/unity/spatial/build/assembly/gsim
debug [info] Copying /Users/trefethen/Documents/unity/spatial/workers/gsim/target/pack/lib to /Users/trefethen/Documents/unity/spatial/build/assembly/gsim
debug [success] Total time: 0 s, completed May 16, 2017 8:27:22 PM
info   [2/2] < Build scala duration=3.8s category=success
info   >>> Build duration=3.8s category=neutral
info 'spatial prepare-for-run' succeeded duration=4.1s category=success
==========> Opened at 2017-05-16 21:06:57.950881215 -0700 PDT
debug Executing [spatial build build-config]
debug Current directory = /Users/trefethen/Documents/unity/spatial
debug Found project root at /Users/trefethen/Documents/unity/spatial
debug Found project root at /Users/trefethen/Documents/unity/spatial
info Generating bridge settings for UnityClient.
debug Worker 'UnityClient' defined at '/Users/trefethen/Documents/unity/spatial/workers/unity/spatialos.UnityClient.worker.json' has no managed launch configuration defined.
info Generating bridge settings for UnityWorker.
info Generating managed worker configuration for UnityWorker.
info 'spatial build build-config' succeeded duration=< 1ms category=success
==========> Opened at 2017-05-16 21:07:12.681644175 -0700 PDT
debug Executing [spatial prepare-for-run]
debug Current directory = /Users/trefethen/Documents/unity/spatial
debug Found project root at /Users/trefethen/Documents/unity/spatial
debug Found project root at /Users/trefethen/Documents/unity/spatial
debug Running within a SpatialOS project, using the default input paths '[/Users/trefethen/Documents/unity/spatial/schema /Users/trefethen/Documents/unity/spatial/build/dependencies/schema/WorkerSdkSchema]'
debug Running within a SpatialOS project, using the default input paths '[/Users/trefethen/Documents/unity/spatial/schema /Users/trefethen/Documents/unity/spatial/build/dependencies/schema/WorkerSdkSchema]'
debug Running within a SpatialOS project, using the default input paths '[/Users/trefethen/Documents/unity/spatial/schema /Users/trefethen/Documents/unity/spatial/build/dependencies/schema/WorkerSdkSchema]'
debug Executing internal command: [build gsim]
debug Found project root at /Users/trefethen/Documents/unity/spatial
debug Found project root at /Users/trefethen/Documents/unity/spatial
debug In '', spatial [auth login]
debug Wrote credentials to /Users/trefethen/.ivy2/improbable.credentials
debug Wrote credentials to /Users/trefethen/.m2/settings.xml
debug Skipping extraction of [/Users/trefethen/.improbable/toolbelt/cache/worker_package/a7f9d47f76b82b5748f3bdfd47fb4a569ddf2ac3/schema/10.3.0/WorkerSdkSchema.zip] to /Users/trefethen/Documents/unity/spatial/build/dependencies/schema/WorkerSdkSchema. Nothing has changed.
debug Found version '10.3.0' in file /Users/trefethen/Documents/unity/spatial/spatialos.json
debug Extracting built-in asset 'gsim' to '/Users/trefethen/Documents/unity/spatial/workers/gsim'
debug Unpacking gsim.zip
debug Building worker assemblies.
debug Building schema descriptor.
debug Found version '10.3.0' in file /Users/trefethen/Documents/unity/spatial/spatialos.json
debug Found project root at /Users/trefethen/Documents/unity/spatial
debug Running within a SpatialOS project, using the default input paths '[/Users/trefethen/Documents/unity/spatial/schema /Users/trefethen/Documents/unity/spatial/build/dependencies/schema/WorkerSdkSchema]'
debug Skipping extraction of [/Users/trefethen/.improbable/toolbelt/cache/worker_package/bcc093885952853452ed735e9bc0dd1e701b74b5/protoc/10.3.0/darwin_x64.zip] to /Users/trefethen/.improbable/toolbelt/protoc/10.3.0/darwin_x64. Nothing has changed.
debug Skipping extraction of [/Users/trefethen/.improbable/toolbelt/cache/worker_package/bcc093885952853452ed735e9bc0dd1e701b74b5/protoc/10.3.0/darwin_x64.zip] to /Users/trefethen/.improbable/toolbelt/protoc/10.3.0/darwin_x64. Nothing has changed.
debug Skipping extraction of [/Users/trefethen/.improbable/toolbelt/cache/worker_package/7464426815fdcede7cfb51ec3970ef2bb0ff4057/protocol/10.3.0/protocol.zip] to /Users/trefethen/.improbable/toolbelt/protocol/10.3.0/protocol. Nothing has changed.
debug In '', /Users/trefethen/.improbable/toolbelt/protoc/10.3.0/darwin_x64/SchemaCompiler [--schema_path=/Users/trefethen/Documents/unity/spatial/schema --schema_path=/Users/trefethen/Documents/unity/spatial/build/dependencies/schema/WorkerSdkSchema --load_all_schema_on_schema_path]
debug /Users/trefethen/.improbable/toolbelt/protoc/10.3.0/darwin_x64/SchemaCompiler: No outputs specified, validating schema only.
info   No changes detected, skipping code generation.
debug Found version '10.3.0' in file /Users/trefethen/Documents/unity/spatial/spatialos.json
debug Extracting built-in asset 'gsim' to '/Users/trefethen/Documents/unity/spatial/workers/gsim'
debug Unpacking gsim.zip
info   Running task 'build' for 'gsim'
info   [1/2] > Build Codegen category=heading
info   [1/1] > Codegen Scala category=heading
debug Found project root at /Users/trefethen/Documents/unity/spatial
debug Running within a SpatialOS project, using the default input paths '[/Users/trefethen/Documents/unity/spatial/schema /Users/trefethen/Documents/unity/spatial/build/dependencies/schema/WorkerSdkSchema]'
debug Running within a SpatialOS project, using the default input paths '[/Users/trefethen/Documents/unity/spatial/schema /Users/trefethen/Documents/unity/spatial/build/dependencies/schema/WorkerSdkSchema]'
debug Running within a SpatialOS project, using the default input paths '[/Users/trefethen/Documents/unity/spatial/schema /Users/trefethen/Documents/unity/spatial/build/dependencies/schema/WorkerSdkSchema]'
debug Executing internal command: [process_schema generate --input=../../schema/ --repository=../../build/dependencies/schema/ --output=generated --language=scala]
debug Found version '10.3.0' in file /Users/trefethen/Documents/unity/spatial/spatialos.json
debug Skipping extraction of [/Users/trefethen/.improbable/toolbelt/cache/worker_package/bcc093885952853452ed735e9bc0dd1e701b74b5/protoc/10.3.0/darwin_x64.zip] to /Users/trefethen/.improbable/toolbelt/protoc/10.3.0/darwin_x64. Nothing has changed.
debug In '', /Users/trefethen/.improbable/toolbelt/protoc/10.3.0/darwin_x64/SchemaCompiler [--schema_path=../../build/dependencies/schema/WorkerSdkSchema --schema_path=../../schema/ --load_all_schema_on_schema_path]
debug /Users/trefethen/.improbable/toolbelt/protoc/10.3.0/darwin_x64/SchemaCompiler: No outputs specified, validating schema only.
debug Skipping extraction of [/Users/trefethen/.improbable/toolbelt/cache/worker_package/7464426815fdcede7cfb51ec3970ef2bb0ff4057/protocol/10.3.0/protocol.zip] to /Users/trefethen/.improbable/toolbelt/protocol/10.3.0/protocol. Nothing has changed.
info     No changes detected, skipping code generation.
info   [1/1] < Codegen Scala duration=< 1ms category=success
info   >>> Codegen category=neutral duration=< 1ms
info   [1/2] < Build Codegen duration=< 1ms category=success
info   [2/2] > Build scala category=heading
debug Found project root at /Users/trefethen/Documents/unity/spatial
debug Running within a SpatialOS project, using the default input paths '[/Users/trefethen/Documents/unity/spatial/schema /Users/trefethen/Documents/unity/spatial/build/dependencies/schema/WorkerSdkSchema]'
debug Running within a SpatialOS project, using the default input paths '[/Users/trefethen/Documents/unity/spatial/schema /Users/trefethen/Documents/unity/spatial/build/dependencies/schema/WorkerSdkSchema]'
debug Running within a SpatialOS project, using the default input paths '[/Users/trefethen/Documents/unity/spatial/schema /Users/trefethen/Documents/unity/spatial/build/dependencies/schema/WorkerSdkSchema]'
debug Executing internal command: [invoke sbt workerPackage]
debug In '', sbt [workerPackage]
debug [info] Loading project definition from /Users/trefethen/Documents/unity/spatial/workers/gsim/project
debug [info] Set current project to your_project_name_here (in build file:/Users/trefethen/Documents/unity/spatial/workers/gsim/)
debug [info] Creating a distributable package in target/pack
debug [info] Copying libraries to target/pack/lib
debug [info] project jars:
debug [info] target/scala-2.11/your_project_name_here_2.11-1.0.0.jar
debug [info] project dependencies:
debug [info] com.google.protobuf:protobuf-java:3.0.2
debug [info] com.google.oauth-client:google-oauth-client:1.20.0
debug [info] commons-codec:commons-codec:1.3
debug [info] improbable:fabric-util_2.11:10.3.0
debug [info] org.apache.httpcomponents:httpclient:4.0.1
debug [info] improbable:api-protos_2.11:10.3.0
debug [info] commons-io:commons-io:2.4
debug [info] org.scala-lang:scala-library:2.11.7
debug [info] org.objenesis:objenesis:2.1
debug [info] org.scala-lang:scala-reflect:2.11.7
debug [info] improbable:fabric-papi_2.11:10.3.0
debug [info] commons-logging:commons-logging:1.1.1
debug [info] com.google.protobuf:protobuf-java-util:3.0.2
debug [info] org.xeustechnologies:jcl-core:2.7
debug [info] com.google.http-client:google-http-client:1.20.0
debug [info] org.apache.httpcomponents:httpcore:4.0.1
debug [info] com.google.code.gson:gson:2.3
debug [info] improbable:unity-sdk-fabric_2.11:10.3.0
debug [info] com.google.code.findbugs:jsr305:1.3.9
debug [info] cglib:cglib-nodep:2.2
debug [info] improbable:fabric-fapi_2.11:10.3.0
debug [info] improbable:fabric-dapi_2.11:10.3.0
debug [info] com.esotericsoftware:kryo:3.0.3
debug [info] improbable:fabric-macros_2.11:10.3.0
debug [info] improbable:fabric-fapi-protocol:10.3.0
debug [info] unmanaged dependencies:
debug [info] explicit dependencies:
debug [info] Create a bin folder: target/pack/bin
debug [info] Generating launch scripts
debug [info] main class for dummy-main: DummyMain
debug [info] Generating target/pack/bin/dummy-main
debug [info] Generating target/pack/bin/dummy-main.bat
debug [info] packed resource directories = /Users/trefethen/Documents/unity/spatial/workers/gsim/src/pack
debug [info] Generating target/pack/Makefile
debug [info] Generating target/pack/VERSION
debug [info] done.
debug [info] Cleaning output directory /Users/trefethen/Documents/unity/spatial/build/assembly/gsim
debug [info] Copying /Users/trefethen/Documents/unity/spatial/workers/gsim/target/pack/lib to /Users/trefethen/Documents/unity/spatial/build/assembly/gsim
debug [success] Total time: 0 s, completed May 16, 2017 9:07:16 PM
info   [2/2] < Build scala duration=3.6s category=success
info   >>> Build duration=3.6s category=neutral
info 'spatial prepare-for-run' succeeded duration=4.3s category=success
==========> Opened at 2017-05-16 21:26:22.162079137 -0700 PDT
debug Executing [spatial prepare-for-run]
debug Current directory = /Users/trefethen/Documents/unity/spatial
debug Found project root at /Users/trefethen/Documents/unity/spatial
debug Found project root at /Users/trefethen/Documents/unity/spatial
debug Running within a SpatialOS project, using the default input paths '[/Users/trefethen/Documents/unity/spatial/schema /Users/trefethen/Documents/unity/spatial/build/dependencies/schema/WorkerSdkSchema]'
debug Running within a SpatialOS project, using the default input paths '[/Users/trefethen/Documents/unity/spatial/schema /Users/trefethen/Documents/unity/spatial/build/dependencies/schema/WorkerSdkSchema]'
debug Running within a SpatialOS project, using the default input paths '[/Users/trefethen/Documents/unity/spatial/schema /Users/trefethen/Documents/unity/spatial/build/dependencies/schema/WorkerSdkSchema]'
debug Executing internal command: [build gsim]
debug Found project root at /Users/trefethen/Documents/unity/spatial
debug Found project root at /Users/trefethen/Documents/unity/spatial
debug In '', spatial [auth login]
debug Wrote credentials to /Users/trefethen/.ivy2/improbable.credentials
debug Wrote credentials to /Users/trefethen/.m2/settings.xml
debug Skipping extraction of [/Users/trefethen/.improbable/toolbelt/cache/worker_package/a7f9d47f76b82b5748f3bdfd47fb4a569ddf2ac3/schema/10.3.0/WorkerSdkSchema.zip] to /Users/trefethen/Documents/unity/spatial/build/dependencies/schema/WorkerSdkSchema. Nothing has changed.
debug Found version '10.3.0' in file /Users/trefethen/Documents/unity/spatial/spatialos.json
debug Extracting built-in asset 'gsim' to '/Users/trefethen/Documents/unity/spatial/workers/gsim'
debug Unpacking gsim.zip
debug Building worker assemblies.
debug Building schema descriptor.
debug Found version '10.3.0' in file /Users/trefethen/Documents/unity/spatial/spatialos.json
debug Found project root at /Users/trefethen/Documents/unity/spatial
debug Running within a SpatialOS project, using the default input paths '[/Users/trefethen/Documents/unity/spatial/schema /Users/trefethen/Documents/unity/spatial/build/dependencies/schema/WorkerSdkSchema]'
debug Skipping extraction of [/Users/trefethen/.improbable/toolbelt/cache/worker_package/bcc093885952853452ed735e9bc0dd1e701b74b5/protoc/10.3.0/darwin_x64.zip] to /Users/trefethen/.improbable/toolbelt/protoc/10.3.0/darwin_x64. Nothing has changed.
debug Skipping extraction of [/Users/trefethen/.improbable/toolbelt/cache/worker_package/bcc093885952853452ed735e9bc0dd1e701b74b5/protoc/10.3.0/darwin_x64.zip] to /Users/trefethen/.improbable/toolbelt/protoc/10.3.0/darwin_x64. Nothing has changed.
debug Skipping extraction of [/Users/trefethen/.improbable/toolbelt/cache/worker_package/7464426815fdcede7cfb51ec3970ef2bb0ff4057/protocol/10.3.0/protocol.zip] to /Users/trefethen/.improbable/toolbelt/protocol/10.3.0/protocol. Nothing has changed.
debug In '', /Users/trefethen/.improbable/toolbelt/protoc/10.3.0/darwin_x64/SchemaCompiler [--schema_path=/Users/trefethen/Documents/unity/spatial/schema --schema_path=/Users/trefethen/Documents/unity/spatial/build/dependencies/schema/WorkerSdkSchema --load_all_schema_on_schema_path]
debug /Users/trefethen/.improbable/toolbelt/protoc/10.3.0/darwin_x64/SchemaCompiler: No outputs specified, validating schema only.
info   No changes detected, skipping code generation.
debug Found version '10.3.0' in file /Users/trefethen/Documents/unity/spatial/spatialos.json
debug Extracting built-in asset 'gsim' to '/Users/trefethen/Documents/unity/spatial/workers/gsim'
debug Unpacking gsim.zip
info   Running task 'build' for 'gsim'
info   [1/2] > Build Codegen category=heading
info   [1/1] > Codegen Scala category=heading
debug Found project root at /Users/trefethen/Documents/unity/spatial
debug Running within a SpatialOS project, using the default input paths '[/Users/trefethen/Documents/unity/spatial/schema /Users/trefethen/Documents/unity/spatial/build/dependencies/schema/WorkerSdkSchema]'
debug Running within a SpatialOS project, using the default input paths '[/Users/trefethen/Documents/unity/spatial/schema /Users/trefethen/Documents/unity/spatial/build/dependencies/schema/WorkerSdkSchema]'
debug Running within a SpatialOS project, using the default input paths '[/Users/trefethen/Documents/unity/spatial/schema /Users/trefethen/Documents/unity/spatial/build/dependencies/schema/WorkerSdkSchema]'
debug Executing internal command: [process_schema generate --input=../../schema/ --repository=../../build/dependencies/schema/ --output=generated --language=scala]
debug Found version '10.3.0' in file /Users/trefethen/Documents/unity/spatial/spatialos.json
debug Skipping extraction of [/Users/trefethen/.improbable/toolbelt/cache/worker_package/bcc093885952853452ed735e9bc0dd1e701b74b5/protoc/10.3.0/darwin_x64.zip] to /Users/trefethen/.improbable/toolbelt/protoc/10.3.0/darwin_x64. Nothing has changed.
debug In '', /Users/trefethen/.improbable/toolbelt/protoc/10.3.0/darwin_x64/SchemaCompiler [--schema_path=../../build/dependencies/schema/WorkerSdkSchema --schema_path=../../schema/ --load_all_schema_on_schema_path]
debug /Users/trefethen/.improbable/toolbelt/protoc/10.3.0/darwin_x64/SchemaCompiler: No outputs specified, validating schema only.
debug Skipping extraction of [/Users/trefethen/.improbable/toolbelt/cache/worker_package/7464426815fdcede7cfb51ec3970ef2bb0ff4057/protocol/10.3.0/protocol.zip] to /Users/trefethen/.improbable/toolbelt/protocol/10.3.0/protocol. Nothing has changed.
info     No changes detected, skipping code generation.
info   [1/1] < Codegen Scala duration=< 1ms category=success
info   >>> Codegen category=neutral duration=< 1ms
info   [1/2] < Build Codegen duration=< 1ms category=success
info   [2/2] > Build scala category=heading
debug Found project root at /Users/trefethen/Documents/unity/spatial
debug Running within a SpatialOS project, using the default input paths '[/Users/trefethen/Documents/unity/spatial/schema /Users/trefethen/Documents/unity/spatial/build/dependencies/schema/WorkerSdkSchema]'
debug Running within a SpatialOS project, using the default input paths '[/Users/trefethen/Documents/unity/spatial/schema /Users/trefethen/Documents/unity/spatial/build/dependencies/schema/WorkerSdkSchema]'
debug Running within a SpatialOS project, using the default input paths '[/Users/trefethen/Documents/unity/spatial/schema /Users/trefethen/Documents/unity/spatial/build/dependencies/schema/WorkerSdkSchema]'
debug Executing internal command: [invoke sbt workerPackage]
debug In '', sbt [workerPackage]
debug [info] Loading project definition from /Users/trefethen/Documents/unity/spatial/workers/gsim/project
debug [info] Set current project to your_project_name_here (in build file:/Users/trefethen/Documents/unity/spatial/workers/gsim/)
debug [info] Creating a distributable package in target/pack
debug [info] Copying libraries to target/pack/lib
debug [info] project jars:
debug [info] target/scala-2.11/your_project_name_here_2.11-1.0.0.jar
debug [info] project dependencies:
debug [info] com.google.protobuf:protobuf-java:3.0.2
debug [info] com.google.oauth-client:google-oauth-client:1.20.0
debug [info] commons-codec:commons-codec:1.3
debug [info] improbable:fabric-util_2.11:10.3.0
debug [info] org.apache.httpcomponents:httpclient:4.0.1
debug [info] improbable:api-protos_2.11:10.3.0
debug [info] commons-io:commons-io:2.4
debug [info] org.scala-lang:scala-library:2.11.7
debug [info] org.objenesis:objenesis:2.1
debug [info] org.scala-lang:scala-reflect:2.11.7
debug [info] improbable:fabric-papi_2.11:10.3.0
debug [info] commons-logging:commons-logging:1.1.1
debug [info] com.google.protobuf:protobuf-java-util:3.0.2
debug [info] org.xeustechnologies:jcl-core:2.7
debug [info] com.google.http-client:google-http-client:1.20.0
debug [info] org.apache.httpcomponents:httpcore:4.0.1
debug [info] com.google.code.gson:gson:2.3
debug [info] improbable:unity-sdk-fabric_2.11:10.3.0
debug [info] com.google.code.findbugs:jsr305:1.3.9
debug [info] cglib:cglib-nodep:2.2
debug [info] improbable:fabric-fapi_2.11:10.3.0
debug [info] improbable:fabric-dapi_2.11:10.3.0
debug [info] com.esotericsoftware:kryo:3.0.3
debug [info] improbable:fabric-macros_2.11:10.3.0
debug [info] improbable:fabric-fapi-protocol:10.3.0
debug [info] unmanaged dependencies:
debug [info] explicit dependencies:
debug [info] Create a bin folder: target/pack/bin
debug [info] Generating launch scripts
debug [info] main class for dummy-main: DummyMain
debug [info] Generating target/pack/bin/dummy-main
debug [info] Generating target/pack/bin/dummy-main.bat
debug [info] packed resource directories = /Users/trefethen/Documents/unity/spatial/workers/gsim/src/pack
debug [info] Generating target/pack/Makefile
debug [info] Generating target/pack/VERSION
debug [info] done.
debug [info] Cleaning output directory /Users/trefethen/Documents/unity/spatial/build/assembly/gsim
debug [info] Copying /Users/trefethen/Documents/unity/spatial/workers/gsim/target/pack/lib to /Users/trefethen/Documents/unity/spatial/build/assembly/gsim
debug [success] Total time: 0 s, completed May 16, 2017 9:26:26 PM
info   [2/2] < Build scala duration=3.5s category=success
info   >>> Build category=neutral duration=3.5s
info 'spatial prepare-for-run' succeeded category=success duration=3.9s
==========> Opened at 2017-05-16 21:31:55.456538728 -0700 PDT
debug Executing [spatial prepare-for-run]
debug Current directory = /Users/trefethen/Documents/unity/spatial
debug Found project root at /Users/trefethen/Documents/unity/spatial
debug Found project root at /Users/trefethen/Documents/unity/spatial
debug Running within a SpatialOS project, using the default input paths '[/Users/trefethen/Documents/unity/spatial/schema /Users/trefethen/Documents/unity/spatial/build/dependencies/schema/WorkerSdkSchema]'
debug Running within a SpatialOS project, using the default input paths '[/Users/trefethen/Documents/unity/spatial/schema /Users/trefethen/Documents/unity/spatial/build/dependencies/schema/WorkerSdkSchema]'
debug Running within a SpatialOS project, using the default input paths '[/Users/trefethen/Documents/unity/spatial/schema /Users/trefethen/Documents/unity/spatial/build/dependencies/schema/WorkerSdkSchema]'
debug Executing internal command: [build gsim]
debug Found project root at /Users/trefethen/Documents/unity/spatial
debug Found project root at /Users/trefethen/Documents/unity/spatial
debug In '', spatial [auth login]
debug Wrote credentials to /Users/trefethen/.ivy2/improbable.credentials
debug Wrote credentials to /Users/trefethen/.m2/settings.xml
debug Skipping extraction of [/Users/trefethen/.improbable/toolbelt/cache/worker_package/a7f9d47f76b82b5748f3bdfd47fb4a569ddf2ac3/schema/10.3.0/WorkerSdkSchema.zip] to /Users/trefethen/Documents/unity/spatial/build/dependencies/schema/WorkerSdkSchema. Nothing has changed.
debug Found version '10.3.0' in file /Users/trefethen/Documents/unity/spatial/spatialos.json
debug Extracting built-in asset 'gsim' to '/Users/trefethen/Documents/unity/spatial/workers/gsim'
debug Unpacking gsim.zip
debug Building worker assemblies.
debug Building schema descriptor.
debug Found version '10.3.0' in file /Users/trefethen/Documents/unity/spatial/spatialos.json
debug Found project root at /Users/trefethen/Documents/unity/spatial
debug Running within a SpatialOS project, using the default input paths '[/Users/trefethen/Documents/unity/spatial/schema /Users/trefethen/Documents/unity/spatial/build/dependencies/schema/WorkerSdkSchema]'
debug Skipping extraction of [/Users/trefethen/.improbable/toolbelt/cache/worker_package/bcc093885952853452ed735e9bc0dd1e701b74b5/protoc/10.3.0/darwin_x64.zip] to /Users/trefethen/.improbable/toolbelt/protoc/10.3.0/darwin_x64. Nothing has changed.
debug Skipping extraction of [/Users/trefethen/.improbable/toolbelt/cache/worker_package/bcc093885952853452ed735e9bc0dd1e701b74b5/protoc/10.3.0/darwin_x64.zip] to /Users/trefethen/.improbable/toolbelt/protoc/10.3.0/darwin_x64. Nothing has changed.
debug Skipping extraction of [/Users/trefethen/.improbable/toolbelt/cache/worker_package/7464426815fdcede7cfb51ec3970ef2bb0ff4057/protocol/10.3.0/protocol.zip] to /Users/trefethen/.improbable/toolbelt/protocol/10.3.0/protocol. Nothing has changed.
debug In '', /Users/trefethen/.improbable/toolbelt/protoc/10.3.0/darwin_x64/SchemaCompiler [--schema_path=/Users/trefethen/Documents/unity/spatial/schema --schema_path=/Users/trefethen/Documents/unity/spatial/build/dependencies/schema/WorkerSdkSchema --load_all_schema_on_schema_path]
debug /Users/trefethen/.improbable/toolbelt/protoc/10.3.0/darwin_x64/SchemaCompiler: No outputs specified, validating schema only.
info   No changes detected, skipping code generation.
debug Found version '10.3.0' in file /Users/trefethen/Documents/unity/spatial/spatialos.json
debug Extracting built-in asset 'gsim' to '/Users/trefethen/Documents/unity/spatial/workers/gsim'
debug Unpacking gsim.zip
info   Running task 'build' for 'gsim'
info   [1/2] > Build Codegen category=heading
info   [1/1] > Codegen Scala category=heading
debug Found project root at /Users/trefethen/Documents/unity/spatial
debug Running within a SpatialOS project, using the default input paths '[/Users/trefethen/Documents/unity/spatial/schema /Users/trefethen/Documents/unity/spatial/build/dependencies/schema/WorkerSdkSchema]'
debug Running within a SpatialOS project, using the default input paths '[/Users/trefethen/Documents/unity/spatial/schema /Users/trefethen/Documents/unity/spatial/build/dependencies/schema/WorkerSdkSchema]'
debug Running within a SpatialOS project, using the default input paths '[/Users/trefethen/Documents/unity/spatial/schema /Users/trefethen/Documents/unity/spatial/build/dependencies/schema/WorkerSdkSchema]'
debug Executing internal command: [process_schema generate --input=../../schema/ --repository=../../build/dependencies/schema/ --output=generated --language=scala]
debug Found version '10.3.0' in file /Users/trefethen/Documents/unity/spatial/spatialos.json
debug Skipping extraction of [/Users/trefethen/.improbable/toolbelt/cache/worker_package/bcc093885952853452ed735e9bc0dd1e701b74b5/protoc/10.3.0/darwin_x64.zip] to /Users/trefethen/.improbable/toolbelt/protoc/10.3.0/darwin_x64. Nothing has changed.
debug In '', /Users/trefethen/.improbable/toolbelt/protoc/10.3.0/darwin_x64/SchemaCompiler [--schema_path=../../build/dependencies/schema/WorkerSdkSchema --schema_path=../../schema/ --load_all_schema_on_schema_path]
debug /Users/trefethen/.improbable/toolbelt/protoc/10.3.0/darwin_x64/SchemaCompiler: No outputs specified, validating schema only.
debug Skipping extraction of [/Users/trefethen/.improbable/toolbelt/cache/worker_package/7464426815fdcede7cfb51ec3970ef2bb0ff4057/protocol/10.3.0/protocol.zip] to /Users/trefethen/.improbable/toolbelt/protocol/10.3.0/protocol. Nothing has changed.
info     No changes detected, skipping code generation.
info   [1/1] < Codegen Scala duration=< 1ms category=success
info   >>> Codegen duration=< 1ms category=neutral
info   [1/2] < Build Codegen duration=< 1ms category=success
info   [2/2] > Build scala category=heading
debug Found project root at /Users/trefethen/Documents/unity/spatial
debug Running within a SpatialOS project, using the default input paths '[/Users/trefethen/Documents/unity/spatial/schema /Users/trefethen/Documents/unity/spatial/build/dependencies/schema/WorkerSdkSchema]'
debug Running within a SpatialOS project, using the default input paths '[/Users/trefethen/Documents/unity/spatial/schema /Users/trefethen/Documents/unity/spatial/build/dependencies/schema/WorkerSdkSchema]'
debug Running within a SpatialOS project, using the default input paths '[/Users/trefethen/Documents/unity/spatial/schema /Users/trefethen/Documents/unity/spatial/build/dependencies/schema/WorkerSdkSchema]'
debug Executing internal command: [invoke sbt workerPackage]
debug In '', sbt [workerPackage]
debug [info] Loading project definition from /Users/trefethen/Documents/unity/spatial/workers/gsim/project
debug [info] Set current project to your_project_name_here (in build file:/Users/trefethen/Documents/unity/spatial/workers/gsim/)
debug [info] Creating a distributable package in target/pack
debug [info] Copying libraries to target/pack/lib
debug [info] project jars:
debug [info] target/scala-2.11/your_project_name_here_2.11-1.0.0.jar
debug [info] project dependencies:
debug [info] com.google.protobuf:protobuf-java:3.0.2
debug [info] com.google.oauth-client:google-oauth-client:1.20.0
debug [info] commons-codec:commons-codec:1.3
debug [info] improbable:fabric-util_2.11:10.3.0
debug [info] org.apache.httpcomponents:httpclient:4.0.1
debug [info] improbable:api-protos_2.11:10.3.0
debug [info] commons-io:commons-io:2.4
debug [info] org.scala-lang:scala-library:2.11.7
debug [info] org.objenesis:objenesis:2.1
debug [info] org.scala-lang:scala-reflect:2.11.7
debug [info] improbable:fabric-papi_2.11:10.3.0
debug [info] commons-logging:commons-logging:1.1.1
debug [info] com.google.protobuf:protobuf-java-util:3.0.2
debug [info] org.xeustechnologies:jcl-core:2.7
debug [info] com.google.http-client:google-http-client:1.20.0
debug [info] org.apache.httpcomponents:httpcore:4.0.1
debug [info] com.google.code.gson:gson:2.3
debug [info] improbable:unity-sdk-fabric_2.11:10.3.0
debug [info] com.google.code.findbugs:jsr305:1.3.9
debug [info] cglib:cglib-nodep:2.2
debug [info] improbable:fabric-fapi_2.11:10.3.0
debug [info] improbable:fabric-dapi_2.11:10.3.0
debug [info] com.esotericsoftware:kryo:3.0.3
debug [info] improbable:fabric-macros_2.11:10.3.0
debug [info] improbable:fabric-fapi-protocol:10.3.0
debug [info] unmanaged dependencies:
debug [info] explicit dependencies:
debug [info] Create a bin folder: target/pack/bin
debug [info] Generating launch scripts
debug [info] main class for dummy-main: DummyMain
debug [info] Generating target/pack/bin/dummy-main
debug [info] Generating target/pack/bin/dummy-main.bat
debug [info] packed resource directories = /Users/trefethen/Documents/unity/spatial/workers/gsim/src/pack
debug [info] Generating target/pack/Makefile
debug [info] Generating target/pack/VERSION
debug [info] done.
debug [info] Cleaning output directory /Users/trefethen/Documents/unity/spatial/build/assembly/gsim
debug [info] Copying /Users/trefethen/Documents/unity/spatial/workers/gsim/target/pack/lib to /Users/trefethen/Documents/unity/spatial/build/assembly/gsim
debug [success] Total time: 0 s, completed May 16, 2017 9:31:59 PM
info   [2/2] < Build scala category=success duration=3.5s
info   >>> Build duration=3.5s category=neutral
info 'spatial prepare-for-run' succeeded duration=4.1s category=success
