2017-05-16 21:07:18,747 INFO  [io.grpc.internal.ManagedChannelImpl] [] [] [] : [ManagedChannelImpl@166305de] Created with target localhost:22000
2017-05-16 21:07:21,945 INFO  [i.deployment.InternalGameLauncher] [] [] [] : Parsed 366 internal flags at startup
2017-05-16 21:07:22,001 INFO  [i.deployment.InternalGameLauncher] [] [] [] : SpatialOS runtime version: 10-20170515T124111Z-65dc96e
2017-05-16 21:07:22,016 INFO  [io.grpc.internal.ManagedChannelImpl] [] [] [] : [ManagedChannelImpl@3f2470df] Created with target 127.0.0.1:22000
2017-05-16 21:07:22,017 INFO  [io.grpc.internal.ManagedChannelImpl] [] [] [] : [ManagedChannelImpl@41db96b3] Created with target 127.0.0.1:22000
2017-05-16 21:07:22,141 INFO  [i.c.c.f.FlagzFieldRegistryUpdater] [] [] [] : Initialized Fabric flagz registry with 13 set fields.
2017-05-16 21:07:22,947 INFO  [io.grpc.internal.ManagedChannelImpl] [] [] [] : [ManagedChannelImpl@266f0a56] Created with target localhost:22000
2017-05-16 21:07:24,888 INFO  [i.core.discovery.server.LocalServer] [] [] [] : Registered Service(improbable.fabric.internal.service.ServiceDiscoveryInternalService) on host: "127.0.0.1"
port: 5301
.
2017-05-16 21:07:24,888 INFO  [i.c.discovery.ServiceDiscoveryImpl] [] [] [] : Service discovery address: improbable.core.discovery.common.SettableServiceAddress@7b2e6c64
2017-05-16 21:07:24,896 INFO  [improbable.module.ModuleNode] [] [] [] : Starting Fabric node as master (IP: 127.0.0.1).
2017-05-16 21:07:24,901 INFO  [i.core.discovery.server.LocalServer] [] [] [] : Registered Service(improbable.fabric.internal.service.RunLevelInternalService) on host: "127.0.0.1"
port: 9000
.
2017-05-16 21:07:24,905 INFO  [i.core.discovery.server.PublicServer] [] [] [] : Registered Service(improbable.platform.runtime.HealthCheckService) on host: "127.0.0.1"
port: 9001
.
2017-05-16 21:07:24,911 INFO  [i.core.discovery.server.LocalServer] [] [] [] : Registered Service(improbable.fabric.internal.service.PerfInternalService) on host: "127.0.0.1"
port: 9002
.
2017-05-16 21:07:24,915 INFO  [io.grpc.internal.ManagedChannelImpl] [] [] [] : [ManagedChannelImpl@136e4140] Created with target directaddress:///io.grpc.inprocess.InProcessSocketAddress@10eafc0
2017-05-16 21:07:24,917 INFO  [i.core.discovery.server.LocalServer] [] [] [] : Registered Service(improbable.fabric.internal.service.ContentionInternalService) on host: "127.0.0.1"
port: 9003
.
2017-05-16 21:07:24,923 INFO  [i.core.discovery.server.PublicServer] [] [] [] : Registered Service(improbable.platform.runtime.FeatureService) on host: "127.0.0.1"
port: 9004
.
2017-05-16 21:07:24,939 INFO  [i.c.d.global.GlobalServiceDiscovery] [] [] [] : Global service discovery refreshed 6 server(s) as master (previously: 0)
2017-05-16 21:07:24,942 INFO  [i.c.config.flagz.WorkerFlagzUpdater] [] [] [] : Initialized worker flagz registry with 0 set fields.
2017-05-16 21:07:24,942 INFO  [improbable.module.ModuleNode] [] [] [] : Using master node configuration loader.
2017-05-16 21:07:24,949 INFO  [i.core.discovery.server.LocalServer] [] [] [] : Registered Service(improbable.fabric.internal.service.NodeConfigurationInternalService) on host: "127.0.0.1"
port: 9005
.
2017-05-16 21:07:24,961 INFO  [i.c.c.n.MasterNodeConfigurationLoader] [] [] [] : Using roles [MASTER, GSIM, BRIDGE, WORKER_RUNNER, INSPECTION] for node node_id {
  deployment_id {
    project_id {
      name: "your_project_name_here"
    }
    name: "local"
  }
  name: "master"
}
private_ip: "127.0.0.1"
roles: MASTER
roles: GSIM
roles: BRIDGE
roles: WORKER_RUNNER
roles: INSPECTION

2017-05-16 21:07:24,970 INFO  [improbable.core.config.node.GsimGrid] [] [] [] : Created gsim grid configuration of size (1500, 1500) with 1 columns and 1 rows, using gsims of (30, 30) chunks.
2017-05-16 21:07:24,976 INFO  [i.c.c.n.MasterNodeConfigurationLoader] [] [] [] : Original deployment module configuration (before parsing): {deployment_id {
  project_id {
    name: "your_project_name_here"
  }
  name: "local"
}
name: "master"
=[name: "ProfilingModule"
, name: "AssetDatabaseModule"
, name: "BridgeModuleOracleModule"
, name: "BridgeOracleModule"
, name: "EngineStartupModuleOracleModule"
, name: "PersistenceModule"
, name: "ReceptionistModule"
, name: "RouterModule"
, name: "WorldAppOracleModule"
, name: "WorldAppSupervisorModule"
, name: "GSimModule"
, name: "BridgeModule"
, name: "EngineStartupModule"
, name: "DevWorldRestApiModule"
, name: "InspectionRestModule"
]}
2017-05-16 21:07:24,987 INFO  [improbable.module.ModuleNode] [] [] [] : Loaded node configuration: node_id {
  deployment_id {
    project_id {
      name: "your_project_name_here"
    }
    name: "local"
  }
  name: "master"
}
module_configurations {
  name: "ProfilingModule"
}
module_configurations {
  name: "AssetDatabaseModule"
}
module_configurations {
  name: "EngineStartupModuleOracleModule"
}
module_configurations {
  name: "PersistenceModule"
}
module_configurations {
  name: "ReceptionistModule"
}
module_configurations {
  name: "WorldAppOracleModule"
}
module_configurations {
  name: "WorldAppSupervisorModule"
}
module_configurations {
  name: "GSimModule"
}
module_configurations {
  name: "EngineStartupModule"
}
module_configurations {
  name: "DevWorldRestApiModule"
}
module_configurations {
  name: "InspectionRestModule"
}
gsim_configurations {
  extent {
    bottom_left {
      x_in_chunks: -15
      z_in_chunks: -15
    }
    top_right {
      x_in_chunks: 15
      z_in_chunks: 15
    }
  }
}
start_router: true
start_bridge_oracle: true
start_bridge_module_oracle: true
bridge_modules {
  name: "BridgeModule"
}

2017-05-16 21:07:24,987 INFO  [i.c.c.n.MasterNodeConfigurationLoader] [] [] [] : Master successfully loaded node configurations: {deployment_id {
  project_id {
    name: "your_project_name_here"
  }
  name: "local"
}
name: "master"
=node_id {
  deployment_id {
    project_id {
      name: "your_project_name_here"
    }
    name: "local"
  }
  name: "master"
}
module_configurations {
  name: "ProfilingModule"
}
module_configurations {
  name: "AssetDatabaseModule"
}
module_configurations {
  name: "EngineStartupModuleOracleModule"
}
module_configurations {
  name: "PersistenceModule"
}
module_configurations {
  name: "ReceptionistModule"
}
module_configurations {
  name: "WorldAppOracleModule"
}
module_configurations {
  name: "WorldAppSupervisorModule"
}
module_configurations {
  name: "GSimModule"
}
module_configurations {
  name: "EngineStartupModule"
}
module_configurations {
  name: "DevWorldRestApiModule"
}
module_configurations {
  name: "InspectionRestModule"
}
gsim_configurations {
  extent {
    bottom_left {
      x_in_chunks: -15
      z_in_chunks: -15
    }
    top_right {
      x_in_chunks: 15
      z_in_chunks: 15
    }
  }
}
start_router: true
start_bridge_oracle: true
start_bridge_module_oracle: true
bridge_modules {
  name: "BridgeModule"
}
}
2017-05-16 21:07:24,987 INFO  [improbable.module.ModuleNode] [] [] [] : Using master world extents provider.
2017-05-16 21:07:24,997 INFO  [i.core.discovery.server.LocalServer] [] [] [] : Registered Service(improbable.fabric.internal.service.WorldExtentsInternalService) on host: "127.0.0.1"
port: 9006
.
2017-05-16 21:07:24,998 INFO  [i.c.world.MasterWorldExtentsProvider] [] [] [] : Successfully initialized world extents with 1 rectangle(s).
2017-05-16 21:07:25,000 INFO  [improbable.module.ModuleNode] [] [] [] : Loaded world extents: WorldExtents{proto=rectangles {
  bottom_left {
    x: -750.0
    z: -750.0
  }
  top_right {
    x: 750.0
    z: 750.0
  }
  is_fully_simulated: true
  responsible_gsim_id {
  }
}
bounding_rectangle {
  bottom_left {
    x: -750.0
    z: -750.0
  }
  top_right {
    x: 750.0
    z: 750.0
  }
  is_fully_simulated: true
}
}
2017-05-16 21:07:25,901 INFO  [i.c.d.global.GlobalServiceDiscovery] [] [] [] : Global service discovery refreshed 8 server(s) as master (previously: 6)
2017-05-16 21:07:26,823 INFO  [i.entity.schema.FabricSchema] [] [] [] : Found components: [improbable.core.WorldTransform, improbable.EntityAcl, improbable.user.PlayerSpawning]
2017-05-16 21:07:26,823 INFO  [improbable.module.ModuleNode] [] [] [] : Successfully loaded schema for entities
2017-05-16 21:07:26,824 INFO  [improbable.module.ModuleNode] [] [] [] : Validating snapshot at startup and determining max entity id
2017-05-16 21:07:26,851 INFO  [improbable.module.ModuleNode] [] [] [] : Determined the first entity id for the id assigner as 3
2017-05-16 21:07:26,855 INFO  [i.core.discovery.server.LocalServer] [] [] [] : Registered Service(improbable.fabric.internal.service.EntityIdInternalService) on host: "127.0.0.1"
port: 9007
.
2017-05-16 21:07:26,862 INFO  [i.core.discovery.server.LocalServer] [] [] [] : Registered Service(improbable.fabric.internal.service.BridgePositionHintInternalService) on host: "127.0.0.1"
port: 9008
.
2017-05-16 21:07:26,870 INFO  [i.core.discovery.server.LocalServer] [] [] [] : Registered Service(improbable.fabric.internal.service.RouterLookupInternalService) on host: "127.0.0.1"
port: 9009
.
2017-05-16 21:07:26,870 INFO  [i.module.router.ActorSystemFactory$] [] [] [] : Attempting to create ActorSystem akkaFabric with configRecord akkaFabric
2017-05-16 21:07:26,901 INFO  [i.c.d.global.GlobalServiceDiscovery] [] [] [] : Global service discovery refreshed 11 server(s) as master (previously: 8)
2017-05-16 21:07:27,094 INFO  [akka.event.slf4j.Slf4jLogger] [] [] [] : Slf4jLogger started
2017-05-16 21:07:28,102 INFO  [i.w.a.WorkerAssemblyProviderFactory] [] [] [] : Loaded worker assemblies for these workers types: UnityClient, UnityWorker.
2017-05-16 21:07:28,103 INFO  [improbable.module.ModuleNode] [] [] [] : Loaded worker assemblies: [worker_assembly_id {
  assembly_id {
    project_id {
      name: "your_project_name_here"
    }
    name: "local_assembly"
  }
  name {
    name: "UnityClient"
  }
}
bridge_configuration {
  worker_attribute_set {
    attribute {
      name: "visual"
    }
  }
  entity_interest {
    range_entity_interest {
      radius: 200.0
    }
  }
  component_delivery {
    checkout_all_initially: true
  }
}
, worker_assembly_id {
  assembly_id {
    project_id {
      name: "your_project_name_here"
    }
    name: "local_assembly"
  }
  name {
    name: "UnityWorker"
  }
}
worker_launch_configuration {
  platform: WINDOWS
  worker_zip {
    command: "UnityWorker@Windows.exe"
    argument: "+appName"
    argument: "${IMPROBABLE_PROJECT_NAME}"
    argument: "+receptionistIp"
    argument: "${IMPROBABLE_RECEPTIONIST_IP}"
    argument: "+receptionistPort"
    argument: "${IMPROBABLE_RECEPTIONIST_PORT}"
    argument: "+workerType"
    argument: "${IMPROBABLE_WORKER_NAME}"
    argument: "+workerId"
    argument: "${IMPROBABLE_WORKER_ID}"
    argument: "+useInternalIpForBridge"
    argument: "true"
    argument: "+infraServicesUrl"
    argument: "${IMPROBABLE_API_URL}"
    argument: "+assemblyName"
    argument: "${IMPROBABLE_ASSEMBLY_NAME}"
    argument: "+linkProtocol"
    argument: "RakNet"
    argument: "-logfile"
    argument: "${IMPROBABLE_LOG_FILE}"
    argument: "-batchmode"
    argument: "-nographics"
    worker_location {
      filename: "UnityWorker@Windows.zip"
    }
  }
}
worker_launch_configuration {
  platform: MACOS
  worker_zip {
    command: "UnityWorker@Mac.app/Contents/MacOS/UnityWorker@Mac"
    argument: "+appName"
    argument: "${IMPROBABLE_PROJECT_NAME}"
    argument: "+receptionistIp"
    argument: "${IMPROBABLE_RECEPTIONIST_IP}"
    argument: "+receptionistPort"
    argument: "${IMPROBABLE_RECEPTIONIST_PORT}"
    argument: "+workerType"
    argument: "${IMPROBABLE_WORKER_NAME}"
    argument: "+workerId"
    argument: "${IMPROBABLE_WORKER_ID}"
    argument: "+useInternalIpForBridge"
    argument: "true"
    argument: "+infraServicesUrl"
    argument: "${IMPROBABLE_API_URL}"
    argument: "+assemblyName"
    argument: "${IMPROBABLE_ASSEMBLY_NAME}"
    argument: "+linkProtocol"
    argument: "RakNet"
    argument: "-logfile"
    argument: "${IMPROBABLE_LOG_FILE}"
    argument: "-batchmode"
    argument: "-nographics"
    worker_location {
      filename: "UnityWorker@Mac.zip"
    }
  }
}
worker_launch_configuration {
  platform: LINUX
  worker_zip {
    command: "UnityWorker@Linux"
    argument: "+appName"
    argument: "${IMPROBABLE_PROJECT_NAME}"
    argument: "+receptionistIp"
    argument: "${IMPROBABLE_RECEPTIONIST_IP}"
    argument: "+receptionistPort"
    argument: "${IMPROBABLE_RECEPTIONIST_PORT}"
    argument: "+workerType"
    argument: "${IMPROBABLE_WORKER_NAME}"
    argument: "+workerId"
    argument: "${IMPROBABLE_WORKER_ID}"
    argument: "+useInternalIpForBridge"
    argument: "true"
    argument: "+infraServicesUrl"
    argument: "${IMPROBABLE_API_URL}"
    argument: "+assemblyName"
    argument: "${IMPROBABLE_ASSEMBLY_NAME}"
    argument: "+linkProtocol"
    argument: "RakNet"
    argument: "-logfile"
    argument: "${IMPROBABLE_LOG_FILE}"
    argument: "-batchmode"
    argument: "-nographics"
    worker_location {
      filename: "UnityWorker@Linux.zip"
    }
  }
}
bridge_configuration {
  worker_attribute_set {
    attribute {
      name: "physics"
    }
  }
  entity_interest {
    range_entity_interest {
      radius: 200.0
    }
  }
  component_delivery {
    checkout_all_initially: true
  }
}
]
2017-05-16 21:07:28,105 INFO  [i.l.params.LoadbalancerParamsFactory] [] [] [] : Parsed 1 worker loadbalancing configuration(s)
2017-05-16 21:07:28,109 INFO  [i.l.params.LoadbalancerParamsFactory] [] [] [] : Successfully loaded loadbalancing configurations: {UnityWorker=improbable.loadbalancing.params.AutoHexGridLoadbalancerParams@42218485}
2017-05-16 21:07:28,111 INFO  [i.w.permissions.PermissionsFactory] [] [] [] : Created permissions manager with permissions: {UnityWorker=Permissions{{/sys/CreateEntity=, /sys/DeleteEntity=, /sys/EntityQuery={"component":["*"]}}}, UnityClient=Permissions{{/sys/EntityQuery={"component":["*"]}}}}
2017-05-16 21:07:30,034 INFO  [improbable.module.ModuleNode] [] [] [] : Starting router on master
2017-05-16 21:07:30,039 INFO  [i.core.discovery.server.LocalServer] [] [] [] : Registered Service(improbable.fabric.internal.service.RouterInternalService) on host: "127.0.0.1"
port: 9010
.
2017-05-16 21:07:30,039 INFO  [i.c.m.r.RouterInternalServiceImpl] [] [] [] : Attempting to register RouterInternalServiceImpl with RouterLookupInternalService.
2017-05-16 21:07:30,041 INFO  [io.grpc.internal.ManagedChannelImpl] [] [] [] : [ManagedChannelImpl@10d4d4d6] Created with target directaddress:///io.grpc.inprocess.InProcessSocketAddress@65e0de17
2017-05-16 21:07:30,043 INFO  [i.c.m.r.l.RouterLookupInternalServiceImpl] [] [] [] : 1/1 router modules started
2017-05-16 21:07:30,044 INFO  [i.c.m.r.RouterInternalServiceImpl] [] [] [] : Registered RouterInternalServiceImpl with RouterLookupInternalService.
2017-05-16 21:07:30,044 INFO  [improbable.module.ModuleNode] [] [] [] : Waiting for all router modules in the deployment to have started
2017-05-16 21:07:30,045 INFO  [i.routing.proxy.RouterProxyFactory$] [] [] [] : Attempting to get addresses of all RouterModules from master node
2017-05-16 21:07:30,051 INFO  [i.routing.proxy.RouterProxyFactory$] [] [] [] : Got all RouterModules from master node
2017-05-16 21:07:30,061 INFO  [i.core.discovery.server.LocalServer] [] [] [] : Registered Service(improbable.fabric.internal.service.RemoteMessageInternalService) on host: "127.0.0.1"
port: 9011
.
2017-05-16 21:07:30,071 INFO  [i.core.discovery.server.LocalServer] [] [] [] : Registered Service(improbable.fabric.internal.service.LocalBrokerInternalService) on host: "127.0.0.1"
port: 9012
.
2017-05-16 21:07:30,076 INFO  [improbable.module.ModuleNode] [] [] [] : All router modules in the deployment started
2017-05-16 21:07:30,127 INFO  [org.eclipse.jetty.server.Server] [] [] [] : jetty-8.y.z-SNAPSHOT
2017-05-16 21:07:30,148 INFO  [o.e.jetty.server.AbstractConnector] [] [] [] : Started SelectChannelConnector@0.0.0.0:5006
2017-05-16 21:07:30,148 INFO  [improbable.http.ServletContainer$] [] [] [] : Servlet container started
2017-05-16 21:07:30,148 INFO  [improbable.module.ModuleNode] [] [] [] : Starting BridgeOracle on master
2017-05-16 21:07:30,155 INFO  [improbable.module.ModuleNode] [] [] [] : Waiting for the BridgeOracle to have started
2017-05-16 21:07:30,294 INFO  [io.grpc.internal.ManagedChannelImpl] [] [] [] : [ManagedChannelImpl@7a38d3c9] Created with target directaddress:///io.grpc.inprocess.InProcessSocketAddress@600ac9cf
2017-05-16 21:07:30,300 INFO  [io.grpc.internal.ManagedChannelImpl] [] [] [] : [ManagedChannelImpl@4c91e499] Created with target directaddress:///io.grpc.inprocess.InProcessSocketAddress@6224a052
2017-05-16 21:07:30,302 INFO  [i.core.discovery.server.LocalServer] [] [] [] : Registered Service(improbable.fabric.internal.service.BridgeOracleInternalService) on host: "127.0.0.1"
port: 9013
.
2017-05-16 21:07:30,901 INFO  [i.c.d.global.GlobalServiceDiscovery] [] [] [] : Global service discovery refreshed 15 server(s) as master (previously: 11)
2017-05-16 21:07:30,901 INFO  [improbable.module.ModuleNode] [] [] [] : Received BridgeOracle started
2017-05-16 21:07:30,906 INFO  [i.core.discovery.server.LocalServer] [] [] [] : Registered Service(improbable.fabric.internal.service.GlobalBrokerInternalService) on host: "127.0.0.1"
port: 9014
.
2017-05-16 21:07:30,907 INFO  [improbable.module.ModuleNode] [] [] [] : Waiting for the BridgeModuleOracle to have started
2017-05-16 21:07:30,912 INFO  [i.c.a.e.ExtensibleActorReporter] [] [] [] : Started BridgeModuleOracleActor(Actor[akka://akkaFabric/user/BridgeModuleOracleModule#1927128612]).
2017-05-16 21:07:30,921 INFO  [i.core.discovery.server.LocalServer] [] [] [] : Registered Service(improbable.fabric.internal.service.BridgeServiceOracleInternalService) on host: "127.0.0.1"
port: 9015
.
2017-05-16 21:07:31,905 INFO  [i.c.d.global.GlobalServiceDiscovery] [] [] [] : Global service discovery refreshed 17 server(s) as master (previously: 15)
2017-05-16 21:07:31,905 INFO  [improbable.module.ModuleNode] [] [] [] : Received BridgeModuleOracle started
2017-05-16 21:07:31,907 INFO  [io.grpc.internal.ManagedChannelImpl] [] [] [] : [ManagedChannelImpl@2491070f] Created with target directaddress:///io.grpc.inprocess.InProcessSocketAddress@5f0cabb4
2017-05-16 21:07:31,912 INFO  [improbable.module.ModuleNode] [] [] [] : Waiting for 1 BridgeModules to have started
2017-05-16 21:07:31,920 INFO  [i.c.a.e.ExtensibleActorReporter] [] [] [] : Started BridgeModuleActor(Actor[akka://akkaFabric/user/BridgeModule:7C91lo2f#-1727875252]).
2017-05-16 21:07:31,921 INFO  [i.module.bridge.BridgeModuleActor] [] [] [] : Waiting for BridgeModuleOracle service to be available
2017-05-16 21:07:31,927 INFO  [i.module.bridge.BridgeModuleActor] [] [] [] : Registered(BridgeModuleEndpoint(7C91lo2f)) on BridgeModuleOracleService
2017-05-16 21:07:31,929 INFO  [i.m.b.o.m.BridgeModuleOracleActor] [] [] [] : Registering: BridgeModuleEndpoint(7C91lo2f) with BridgeModuleOracleActor
2017-05-16 21:07:31,940 INFO  [i.core.discovery.server.LocalServer] [] [] [] : Registered Service(improbable.fabric.internal.service.BridgeInternalService) on host: "127.0.0.1"
port: 9016
.
2017-05-16 21:07:32,296 INFO  [i.bridge.oracle.scaling.WorkerScaler] [] [] [] : Skipping reconciliation because no WorkerRunner service is available. This message is expected at startup but should not persist through the deployment
2017-05-16 21:07:32,903 INFO  [i.c.d.global.GlobalServiceDiscovery] [] [] [] : Global service discovery refreshed 18 server(s) as master (previously: 17)
2017-05-16 21:07:32,919 INFO  [improbable.module.ModuleNode] [] [] [] : Received 1 BridgeModules started
2017-05-16 21:07:32,920 INFO  [io.grpc.internal.ManagedChannelImpl] [] [] [] : [ManagedChannelImpl@171efdda] Created with target directaddress:///io.grpc.inprocess.InProcessSocketAddress@104cf4e
2017-05-16 21:07:32,929 INFO  [improbable.module.ModuleNode] [] [] [] : Waiting for all modules on this node to start.
2017-05-16 21:07:32,934 INFO  [i.core.discovery.server.PublicServer] [] [] [] : Registered Service(improbable.platform.runtime.ModuleService) on host: "127.0.0.1"
port: 9017
.
2017-05-16 21:07:32,934 INFO  [i.c.a.e.ExtensibleActorReporter] [] [] [] : Started ModuleManager(Actor[akka://akkaFabric/user/moduleManager#1289380472]).
2017-05-16 21:07:32,935 INFO  [i.module.manager.ModuleManager] [] [] [] : Starting modules on master: Buffer(name: "ProfilingModule"
, name: "AssetDatabaseModule"
, name: "EngineStartupModuleOracleModule"
, name: "PersistenceModule"
, name: "ReceptionistModule"
, name: "WorldAppOracleModule"
, name: "WorldAppSupervisorModule"
, name: "GSimModule"
, name: "EngineStartupModule"
, name: "DevWorldRestApiModule"
, name: "InspectionRestModule"
)
2017-05-16 21:07:32,936 INFO  [i.module.manager.ModuleManager] [] [] [] : Starting Module(ProfilingModule) ...
2017-05-16 21:07:32,937 INFO  [i.module.manager.ModuleManager] [] [] [] : Started Module(ProfilingModule).
2017-05-16 21:07:32,938 INFO  [i.module.manager.ModuleManager] [] [] [] : Starting Module(AssetDatabaseModule) ...
2017-05-16 21:07:32,940 INFO  [i.module.manager.ModuleManager] [] [] [] : Started Module(AssetDatabaseModule).
2017-05-16 21:07:32,940 INFO  [i.c.a.e.ExtensibleActorReporter] [] [] [] : Started ProfilingModuleActor(Actor[akka://akkaFabric/user/moduleManager/ProfilingModule1#1979312920]).
2017-05-16 21:07:32,940 INFO  [i.module.manager.ModuleManager] [] [] [] : Starting Module(EngineStartupModuleOracleModule) ...
2017-05-16 21:07:32,944 INFO  [i.module.manager.ModuleManager] [] [] [] : Started Module(EngineStartupModuleOracleModule).
2017-05-16 21:07:32,944 INFO  [i.module.manager.ModuleManager] [] [] [] : Starting Module(PersistenceModule) ...
2017-05-16 21:07:32,945 INFO  [i.c.a.e.ExtensibleActorReporter] [] [] [] : Started EngineStartupModuleOracleActor(Actor[akka://akkaFabric/user/moduleManager/EngineStartupModuleOracleModule1#1862877537]).
2017-05-16 21:07:32,945 INFO  [i.module.manager.ModuleManager] [] [] [] : Started Module(PersistenceModule).
2017-05-16 21:07:32,945 INFO  [i.module.manager.ModuleManager] [] [] [] : Starting Module(ReceptionistModule) ...
2017-05-16 21:07:32,946 INFO  [i.module.manager.ModuleManager] [] [] [] : Started Module(ReceptionistModule).
2017-05-16 21:07:32,947 INFO  [i.module.manager.ModuleManager] [] [] [] : Starting Module(WorldAppOracleModule) ...
2017-05-16 21:07:32,953 INFO  [i.core.discovery.server.LocalServer] [] [] [] : Registered Service(improbable.fabric.internal.service.ReceptionistInternalService) on host: "127.0.0.1"
port: 9018
.
2017-05-16 21:07:33,105 INFO  [i.core.discovery.server.PublicServer] [] [] [] : Registered Service(improbable.platform.runtime.ReceptionistService) on host: "127.0.0.1"
port: 9019
.
2017-05-16 21:07:33,106 INFO  [i.m.r.ReceptionistRestGateway] [] [] [] : Starting receptionist on 0.0.0.0:7777
2017-05-16 21:07:33,295 INFO  [spray.can.server.HttpListener] [akka://akkaFabric/user/IO-HTTP/listener-1] [akkaFabric-akka.actor.default-dispatcher-12] [] : Bound to /0.0.0.0:7777
2017-05-16 21:07:33,296 INFO  [spray.can.server.HttpListener] [akka://akkaFabric/user/IO-HTTP/listener-0] [akkaFabric-akka.actor.default-dispatcher-4] [] : Bound to /0.0.0.0:1238
2017-05-16 21:07:33,901 INFO  [i.c.d.global.GlobalServiceDiscovery] [] [] [] : Global service discovery refreshed 21 server(s) as master (previously: 18)
2017-05-16 21:07:34,330 INFO  [i.bridge.oracle.scaling.WorkerScaler] [] [] [] : Skipping reconciliation because no WorkerRunner service is available. This message is expected at startup but should not persist through the deployment
2017-05-16 21:07:34,761 INFO  [i.core.discovery.server.LocalServer] [] [] [] : Registered Service(improbable.fabric.internal.service.WorldAppOracleInternalService) on host: "127.0.0.1"
port: 9020
.
2017-05-16 21:07:34,762 INFO  [i.module.manager.ModuleManager] [] [] [] : Started Module(WorldAppOracleModule).
2017-05-16 21:07:34,763 INFO  [i.module.manager.ModuleManager] [] [] [] : Starting Module(WorldAppSupervisorModule) ...
2017-05-16 21:07:34,763 INFO  [i.module.manager.ModuleManager] [] [] [] : Started Module(WorldAppSupervisorModule).
2017-05-16 21:07:34,764 INFO  [i.module.manager.ModuleManager] [] [] [] : Starting Module(GSimModule) ...
2017-05-16 21:07:34,765 INFO  [i.module.manager.ModuleManager] [] [] [] : Started Module(GSimModule).
2017-05-16 21:07:34,766 INFO  [i.module.manager.ModuleManager] [] [] [] : Starting Module(EngineStartupModule) ...
2017-05-16 21:07:34,767 INFO  [i.c.a.e.ExtensibleActorReporter] [] [] [] : Started WorldAppSupervisorModuleActor(Actor[akka://akkaFabric/user/moduleManager/WorldAppSupervisorModule1#776526436]).
2017-05-16 21:07:34,770 INFO  [improbable.engine.worker.WorkerStats] [] [] [] : Cannot read /proc/self/stat; worker stats reporting will not work.
2017-05-16 21:07:34,776 INFO  [i.core.discovery.server.PublicServer] [] [] [] : Registered Service(improbable.platform.inner.worker.WorkerRunner) on host: "127.0.0.1"
port: 9021
.
2017-05-16 21:07:34,776 INFO  [i.module.manager.ModuleManager] [] [] [] : Started Module(EngineStartupModule).
2017-05-16 21:07:34,777 INFO  [i.module.manager.ModuleManager] [] [] [] : Starting Module(DevWorldRestApiModule) ...
2017-05-16 21:07:34,778 INFO  [i.module.manager.ModuleManager] [] [] [] : Started Module(DevWorldRestApiModule).
2017-05-16 21:07:34,778 INFO  [i.module.manager.ModuleManager] [] [] [] : Starting Module(InspectionRestModule) ...
2017-05-16 21:07:34,781 INFO  [i.module.manager.ModuleManager] [] [] [] : Started Module(InspectionRestModule).
2017-05-16 21:07:34,781 INFO  [i.module.manager.ModuleManager] [] [] [] : Module bootstrapping complete on master.
2017-05-16 21:07:34,782 INFO  [improbable.module.ModuleNode] [] [] [] : All modules on this node started, waiting for other nodes to reach the same state.
2017-05-16 21:07:34,783 INFO  [improbable.module.ModuleNode] [] [] [] : Using master module status checker.
2017-05-16 21:07:34,794 INFO  [i.c.r.MasterModuleStatusChecker] [] [] [] : All other nodes have all modules started.
2017-05-16 21:07:34,794 INFO  [improbable.module.ModuleNode] [] [] [] : All modules on all nodes have been started, setting node state to healthy.
2017-05-16 21:07:34,796 INFO  [improbable.module.ModuleNode] [] [] [] : SpatialOS runtime startup complete.
2017-05-16 21:07:34,797 INFO  [i.core.discovery.server.PublicServer] [] [] [] : Registered Service(improbable.fabric.internal.service.ScalingStatsInternalService) on host: "127.0.0.1"
port: 9022
.
2017-05-16 21:07:34,812 INFO  [i.c.a.e.ExtensibleActorReporter] [] [] [] : Started DevWorldRestApiModuleActor(Actor[akka://akkaFabric/user/moduleManager/DevWorldRestApiModule1#-1948810718]).
2017-05-16 21:07:34,812 INFO  [i.devworld.DevWorldRestServer] [] [] [] : Dev API server starting on 0.0.0.0 : 5000
2017-05-16 21:07:34,816 INFO  [spray.can.server.HttpListener] [akka://akkaFabric/user/IO-HTTP/listener-2] [akkaFabric-akka.actor.default-dispatcher-4] [] : Bound to /0.0.0.0:5000
2017-05-16 21:07:34,819 INFO  [i.core.discovery.server.PublicServer] [] [] [] : Registered Service(improbable.platform.runtime.SnapshotService) on host: "127.0.0.1"
port: 9023
.
2017-05-16 21:07:34,819 INFO  [i.p.gsim.GSimPersistenceWriter] [] [] [] : Transitioning GSimPersistenceActor(0) from State [Idle] to [Idle].  Time Elapsed: 5 milliseconds
2017-05-16 21:07:34,821 INFO  [i.c.a.e.ExtensibleActorReporter] [] [] [] : Started PersistenceModuleActor(Actor[akka://akkaFabric/user/moduleManager/PersistenceModule1#173009223]).
2017-05-16 21:07:34,822 INFO  [i.core.discovery.server.LocalServer] [] [] [] : Registered Service(improbable.fabric.internal.service.EntityQueryInternalService) on host: "127.0.0.1"
port: 9024
.
2017-05-16 21:07:34,833 INFO  [i.p.g.GSimPersistenceLoadOrchestrator] [] [] [] : Loading snapshot on GSim(0).
2017-05-16 21:07:34,834 INFO  [i.p.gsim.GSimPersistenceLoader] [] [] [] : Loading snapshot
2017-05-16 21:07:34,865 INFO  [io.grpc.internal.ManagedChannelImpl] [] [] [] : [ManagedChannelImpl@259a5762] Created with target directaddress:///io.grpc.inprocess.InProcessSocketAddress@3faee4e3
2017-05-16 21:07:34,875 INFO  [i.core.discovery.server.PublicServer] [] [] [] : Registered Service(improbable.platform.runtime.InspectionService) on host: "127.0.0.1"
port: 9025
.
2017-05-16 21:07:34,888 INFO  [i.p.g.GSimPersistenceLoadOrchestrator] [] [] [] : Loaded 2 entities on GSim(0).
2017-05-16 21:07:34,897 INFO  [i.p.c.PersistenceLoaderCoordinatorActor] [] [] [] : All Snapshots loaded. Activating entities.
2017-05-16 21:07:34,905 INFO  [i.c.d.global.GlobalServiceDiscovery] [] [] [] : Global service discovery refreshed 27 server(s) as master (previously: 21)
2017-05-16 21:07:34,905 INFO  [io.grpc.internal.ManagedChannelImpl] [] [] [] : [ManagedChannelImpl@46a4c12b] Created with target directaddress:///io.grpc.inprocess.InProcessSocketAddress@3a64f3b
2017-05-16 21:07:34,910 INFO  [i.p.g.GSimPersistenceLoadOrchestrator] [] [] [] : Activating 2 entities on GSim(0).
2017-05-16 21:07:34,910 INFO  [i.m.a.WorldAppOracleInternalServiceImpl] [] [] [] : Trying to start initial WorldApps
2017-05-16 21:07:34,911 INFO  [i.m.a.WorldAppOracleInternalServiceImpl] [] [] [] : Waiting for World App supervisors to be ready
2017-05-16 21:07:34,917 INFO  [i.m.a.WorldAppOracleInternalServiceImpl] [] [] [] : WorldApp Supervisor master registered with the world app oracle
2017-05-16 21:07:34,921 INFO  [i.m.a.WorldAppOracleInternalServiceImpl] [] [] [] : World App supervisors registered, asking them to start worldapps
2017-05-16 21:07:34,930 INFO  [i.c.a.e.ExtensibleActorReporter] [] [] [] : Started InspectionRestModuleActor(Actor[akka://akkaFabric/user/moduleManager/InspectionRestModule1#-1558823122]).
2017-05-16 21:07:34,932 INFO  [i.p.g.GSimPersistenceLoadOrchestrator] [] [] [] : Activated 2 entities on GSim(0).
2017-05-16 21:07:34,933 INFO  [i.p.c.PersistenceLoaderCoordinatorActor] [] [] [] : Snapshot Load Complete.
2017-05-16 21:07:34,934 INFO  [spray.can.server.HttpListener] [akka://akkaFabric/user/IO-HTTP/listener-3] [akkaFabric-akka.actor.default-dispatcher-38] [] : Bound to /0.0.0.0:5005
2017-05-16 21:07:35,036 INFO  [i.l.params.LoadbalancerParamsFactory] [] [] [] : LoadbalancerParams for worker type [UnityWorker]: [AutoHexGridLoadbalancerParams{energyLimitingEnabled=true, energyLimit=1.0E9, minWorkerRange=1500.0, maxWorkerRange=1500.0, maxWorkerStepSize=0.0, workerExpansionTimeMs=60000, workerGridSize=0, loadbalancerEnabled=false, hexGridMode=AUTO, scalerAdvisorType=CONSTANT, maxWorkers=1, initialWorkers=1, numEntitiesPerWorker=9223372036854775807, statusReportPeriodMs=30000, pointsOfInterestEnabled=false, hexGridSolution=AutoValue_HexGridSolution{workersUsed=1, hexagonEdgeLength=1500.0, hexagonOrientation=POINTY_TOP, bounds=Rectangle{minX=-750.0, minZ=-750.0, maxX=750.0, maxZ=750.0}}, pointsOfInterestSolution=Empty}]
2017-05-16 21:07:35,046 INFO  [io.grpc.internal.ManagedChannelImpl] [] [] [] : [ManagedChannelImpl@5f006c89] Created with target directaddress:///io.grpc.inprocess.InProcessSocketAddress@2f57b370
2017-05-16 21:07:35,074 INFO  [io.grpc.internal.ManagedChannelImpl] [] [] [] : [ManagedChannelImpl@1975589] Created with target directaddress:///io.grpc.inprocess.InProcessSocketAddress@45acd5ed
2017-05-16 21:07:35,077 INFO  [i.b.o.m.BridgeOracleEngineManager] [] [] [] : Trying to start managed worker UnityWorker0
2017-05-16 21:07:35,078 INFO  [i.bridge.oracle.scaling.WorkerScaler] [] [] [] : Starting 1 new managed workers for attribute_set {
  attribute {
    name: "physics"
  }
}
 (required: 1, existing: 0)
2017-05-16 21:07:35,094 INFO  [io.grpc.internal.ManagedChannelImpl] [] [] [] : [ManagedChannelImpl@3f56f106] Created with target directaddress:///io.grpc.inprocess.InProcessSocketAddress@4f012460
2017-05-16 21:07:35,095 INFO  [i.e.worker.WorkerStartupExecutor] [] [] [] : Awaiting internal receptionist service to register with service discovery
2017-05-16 21:07:35,096 INFO  [io.grpc.internal.ManagedChannelImpl] [] [] [] : [ManagedChannelImpl@2a752483] Created with target directaddress:///io.grpc.inprocess.InProcessSocketAddress@36d4b328
2017-05-16 21:07:35,096 INFO  [i.e.worker.WorkerStartupExecutor] [] [] [] : Successfully found the internal receptionist service in service discovery
2017-05-16 21:07:35,097 INFO  [io.grpc.internal.ClientCallImpl] [] [] [] : Call timeout set to '29997631646' ns, due to context deadline. Explicit call timeout was '29999373875' ns.
2017-05-16 21:07:35,102 INFO  [i.e.worker.WorkerStartupExecutor] [] [] [] : Awaiting public receptionist service to register with service discovery
2017-05-16 21:07:35,103 INFO  [i.e.worker.WorkerStartupExecutor] [] [] [] : Successfully found the public receptionist service in service discovery
2017-05-16 21:07:35,217 INFO  [i.i.service.InspectionRestService] [] [] [] : Processing GET request from new source 0:0:0:0:0:0:0:1
2017-05-16 21:07:36,089 INFO  [i.e.worker.WorkerStartupExecutor] [] [] [] : Created log file for worker UnityWorker0, type (UnityWorker): [/Users/trefethen/Documents/unity/spatial/logs/2017-05-16_21-07-17_0/workers/UnityWorker/UnityWorker0-5486750606206498690.log]
2017-05-16 21:07:36,090 INFO  [i.engine.worker.CommandLineExecutor] [] [] [] : Running command: /var/folders/4l/xzgp2w7j5lzd9ydctvd65g1c0000gn/T/improbable7288756058288738518/UnityWorker@Mac.app/Contents/MacOS/UnityWorker@Mac +appName your_project_name_here +receptionistIp 127.0.0.1 +receptionistPort 7777 +workerType UnityWorker +workerId UnityWorker0 +useInternalIpForBridge true +infraServicesUrl http://127.0.0.1:21000 +assemblyName local_assembly +linkProtocol RakNet -logfile /Users/trefethen/Documents/unity/spatial/logs/2017-05-16_21-07-17_0/workers/UnityWorker/UnityWorker0-5486750606206498690.log -batchmode -nographics
2017-05-16 21:07:36,171 INFO  [io.grpc.internal.ManagedChannelImpl] [] [] [] : [ManagedChannelImpl@7abab363] Created with target directaddress:///io.grpc.inprocess.InProcessSocketAddress@262e40a6
2017-05-16 21:07:36,682 INFO  [i.b.o.p.LoadTrackingProximityPreferredBridgeModulePicker] [] [] [] : Attempting to get positionhint for UnityWorker0 via rpc
2017-05-16 21:07:36,687 INFO  [i.m.b.o.m.BridgeModuleOracleActor] [] [] [] : Asking LoadTrackingProximityPreferredBridgeModulePicker for a new BridgeModule for Engine(UnityWorker0). Returning: Some(BridgeModuleEndpoint(7C91lo2f)) at Some(BridgeModuleLoadBalanceInfo((0.0, 0.0, 0.0),0))
2017-05-16 21:07:36,839 INFO  [i.b.i.BridgeInternalServiceImpl] [] [] [] : Bridge worker_id: "UnityWorker0"
 registered with bridge internal service
2017-05-16 21:07:36,844 INFO  [i.b.o.s.BridgeOracleInternalServiceImpl] [] [] [] : Got bridge started rpc from bridge: worker_id: "UnityWorker0"

2017-05-16 21:07:36,844 INFO  [i.b.o.s.BridgeOracleInternalServiceImpl] [] [] [] : The worker UnityWorker0 registered with SpatialOS successfully.
2017-05-16 21:07:36,845 INFO  [i.module.bridge.oracle.BridgeOracle] [] [] [] : Sending bridge started to self for bridge endpoint BridgeEndpoint(UnityWorker0)
2017-05-16 21:07:36,846 INFO  [i.module.bridge.oracle.BridgeOracle] [] [] [] : Bridge(UnityWorker0) started.
2017-05-16 21:07:36,847 INFO  [i.b.o.m.BridgeOracleEngineManager] [] [] [] : Worker UnityWorker0 registered with the BridgeOracleEngine manager
2017-05-16 21:07:36,847 INFO  [improbable.bridge.BridgeActor] [] [] [] : Bridge(UnityWorker0) sent BridgeStarted to the bridge oracle.
2017-05-16 21:07:36,945 INFO  [io.grpc.internal.ClientCallImpl] [] [] [] : Call timeout set to '29996017847' ns, due to context deadline. Explicit call timeout was '29999340982' ns.
2017-05-16 21:07:36,991 INFO  [i.b.n.raknet.GuardedRakPeerInterface] [] [] [] : New RakNet connection established with 127.0.0.1
2017-05-16 21:07:38,542 INFO  [io.grpc.internal.ClientCallImpl] [] [] [] : Call timeout set to '29999335484' ns, due to context deadline. Explicit call timeout was '29999921569' ns.
2017-05-16 21:07:40,048 INFO  [io.grpc.internal.ClientCallImpl] [] [] [] : Call timeout set to '29999416458' ns, due to context deadline. Explicit call timeout was '29999931039' ns.
2017-05-16 21:07:41,555 INFO  [io.grpc.internal.ClientCallImpl] [] [] [] : Call timeout set to '29999350797' ns, due to context deadline. Explicit call timeout was '29999902688' ns.
2017-05-16 21:07:43,062 INFO  [io.grpc.internal.ClientCallImpl] [] [] [] : Call timeout set to '29999227223' ns, due to context deadline. Explicit call timeout was '29999915748' ns.
2017-05-16 21:07:44,572 INFO  [io.grpc.internal.ClientCallImpl] [] [] [] : Call timeout set to '29999397679' ns, due to context deadline. Explicit call timeout was '29999912826' ns.
2017-05-16 21:07:46,079 INFO  [io.grpc.internal.ClientCallImpl] [] [] [] : Call timeout set to '29999304572' ns, due to context deadline. Explicit call timeout was '29999875637' ns.
2017-05-16 21:07:47,586 INFO  [io.grpc.internal.ClientCallImpl] [] [] [] : Call timeout set to '29999311120' ns, due to context deadline. Explicit call timeout was '29999891162' ns.
2017-05-16 21:07:49,093 INFO  [io.grpc.internal.ClientCallImpl] [] [] [] : Call timeout set to '29999296938' ns, due to context deadline. Explicit call timeout was '29999892268' ns.
2017-05-16 21:07:50,604 INFO  [io.grpc.internal.ClientCallImpl] [] [] [] : Call timeout set to '29999186363' ns, due to context deadline. Explicit call timeout was '29999749787' ns.
2017-05-16 21:07:52,111 INFO  [io.grpc.internal.ClientCallImpl] [] [] [] : Call timeout set to '29999409287' ns, due to context deadline. Explicit call timeout was '29999921892' ns.
2017-05-16 21:07:53,618 INFO  [io.grpc.internal.ClientCallImpl] [] [] [] : Call timeout set to '29999420893' ns, due to context deadline. Explicit call timeout was '29999931071' ns.
2017-05-16 21:07:55,125 INFO  [io.grpc.internal.ClientCallImpl] [] [] [] : Call timeout set to '29999335238' ns, due to context deadline. Explicit call timeout was '29999888950' ns.
2017-05-16 21:07:56,632 INFO  [io.grpc.internal.ClientCallImpl] [] [] [] : Call timeout set to '29999370322' ns, due to context deadline. Explicit call timeout was '29999929557' ns.
2017-05-16 21:07:56,898 INFO  [i.b.o.p.LoadTrackingProximityPreferredBridgeModulePicker] [] [] [] : Attempting to get positionhint for UnityClient9a13f8bf-0af3-4f4b-9f70-563c329e13bc via rpc
2017-05-16 21:07:56,899 INFO  [i.b.o.p.LoadTrackingProximityPreferredBridgeModulePicker] [] [] [] : Starting UnityClient9a13f8bf-0af3-4f4b-9f70-563c329e13bc without an existing position hint (none set), so using a randomly selected bridge module.
2017-05-16 21:07:56,901 INFO  [i.b.o.p.LoadTrackingProximityPreferredBridgeModulePicker] [] [] [] : Assign Engine(UnityClient9a13f8bf-0af3-4f4b-9f70-563c329e13bc) to a random Endpoint(Some(BridgeModuleEndpoint(7C91lo2f))): no position hint was found. (Logged every 100 times)
2017-05-16 21:07:56,902 INFO  [i.m.b.o.m.BridgeModuleOracleActor] [] [] [] : Asking LoadTrackingProximityPreferredBridgeModulePicker for a new BridgeModule for Engine(UnityClient9a13f8bf-0af3-4f4b-9f70-563c329e13bc). Returning: Some(BridgeModuleEndpoint(7C91lo2f)) at Some(BridgeModuleLoadBalanceInfo((0.0, 0.0, 0.0),1))
2017-05-16 21:07:56,904 INFO  [i.l.params.LoadbalancerParamsFactory] [] [] [] : LoadbalancerParams for worker type [UnityClient]: [FlagzLoadbalancerParams{energyLimitingEnabled=true, energyLimit=1.0E9, minWorkerRange=Infinity, maxWorkerRange=Infinity, maxWorkerStepSize=50.0, workerExpansionTimeMs=60000, workerGridSize=5, loadbalancerEnabled=true, hexGridMode=OFF, scalerAdvisorType=ENTITY_COUNT, maxWorkers=25, initialWorkers=25, numEntitiesPerWorker=9223372036854775807, statusReportPeriodMs=2000, pointsOfInterestEnabled=false, hexGridSolution=Empty, pointsOfInterestSolution=Empty}]
2017-05-16 21:07:56,920 INFO  [i.b.i.BridgeInternalServiceImpl] [] [] [] : Bridge worker_id: "UnityClient9a13f8bf-0af3-4f4b-9f70-563c329e13bc"
 registered with bridge internal service
2017-05-16 21:07:56,921 INFO  [i.b.o.s.BridgeOracleInternalServiceImpl] [] [] [] : Got bridge started rpc from bridge: worker_id: "UnityClient9a13f8bf-0af3-4f4b-9f70-563c329e13bc"

2017-05-16 21:07:56,921 INFO  [i.b.o.s.BridgeOracleInternalServiceImpl] [] [] [] : The worker UnityClient9a13f8bf-0af3-4f4b-9f70-563c329e13bc registered with SpatialOS successfully.
2017-05-16 21:07:56,921 INFO  [i.module.bridge.oracle.BridgeOracle] [] [] [] : Sending bridge started to self for bridge endpoint BridgeEndpoint(UnityClient9a13f8bf-0af3-4f4b-9f70-563c329e13bc)
2017-05-16 21:07:56,921 INFO  [i.module.bridge.oracle.BridgeOracle] [] [] [] : Bridge(UnityClient9a13f8bf-0af3-4f4b-9f70-563c329e13bc) started.
2017-05-16 21:07:56,921 INFO  [improbable.bridge.BridgeActor] [] [] [] : Bridge(UnityClient9a13f8bf-0af3-4f4b-9f70-563c329e13bc) sent BridgeStarted to the bridge oracle.
2017-05-16 21:07:56,970 INFO  [i.b.n.raknet.GuardedRakPeerInterface] [] [] [] : New RakNet connection established with 127.0.0.1
2017-05-16 21:07:57,134 INFO  [io.grpc.internal.ManagedChannelImpl] [] [] [] : [ManagedChannelImpl@7428521e] Created with target directaddress:///io.grpc.inprocess.InProcessSocketAddress@4c466a8b
2017-05-16 21:07:57,330 INFO  [io.grpc.internal.ManagedChannelImpl] [] [] [] : [ManagedChannelImpl@6cbca1b2] Created with target directaddress:///io.grpc.inprocess.InProcessSocketAddress@7c66d1ad
2017-05-16 21:07:58,138 INFO  [io.grpc.internal.ClientCallImpl] [] [] [] : Call timeout set to '29999454554' ns, due to context deadline. Explicit call timeout was '29999945810' ns.
2017-05-16 21:07:59,645 INFO  [io.grpc.internal.ClientCallImpl] [] [] [] : Call timeout set to '29999260882' ns, due to context deadline. Explicit call timeout was '29999903336' ns.
2017-05-16 21:08:01,152 INFO  [io.grpc.internal.ClientCallImpl] [] [] [] : Call timeout set to '29999442800' ns, due to context deadline. Explicit call timeout was '29999923663' ns.
2017-05-16 21:08:02,659 INFO  [io.grpc.internal.ClientCallImpl] [] [] [] : Call timeout set to '29999377376' ns, due to context deadline. Explicit call timeout was '29999936773' ns.
2017-05-16 21:08:04,166 INFO  [io.grpc.internal.ClientCallImpl] [] [] [] : Call timeout set to '29999420197' ns, due to context deadline. Explicit call timeout was '29999932287' ns.
2017-05-16 21:08:05,673 INFO  [io.grpc.internal.ClientCallImpl] [] [] [] : Call timeout set to '29999266546' ns, due to context deadline. Explicit call timeout was '29999888800' ns.
2017-05-16 21:08:07,180 INFO  [io.grpc.internal.ClientCallImpl] [] [] [] : Call timeout set to '29999290871' ns, due to context deadline. Explicit call timeout was '29999934614' ns.
2017-05-16 21:08:08,686 INFO  [io.grpc.internal.ClientCallImpl] [] [] [] : Call timeout set to '29999405593' ns, due to context deadline. Explicit call timeout was '29999938421' ns.
2017-05-16 21:08:10,193 INFO  [io.grpc.internal.ClientCallImpl] [] [] [] : Call timeout set to '29999427829' ns, due to context deadline. Explicit call timeout was '29999939542' ns.
2017-05-16 21:08:11,700 INFO  [io.grpc.internal.ClientCallImpl] [] [] [] : Call timeout set to '29999431043' ns, due to context deadline. Explicit call timeout was '29999904822' ns.
2017-05-16 21:08:13,207 INFO  [io.grpc.internal.ClientCallImpl] [] [] [] : Call timeout set to '29999341318' ns, due to context deadline. Explicit call timeout was '29999931218' ns.
2017-05-16 21:08:14,714 INFO  [io.grpc.internal.ClientCallImpl] [] [] [] : Call timeout set to '29999234660' ns, due to context deadline. Explicit call timeout was '29999928927' ns.
2017-05-16 21:08:16,224 INFO  [io.grpc.internal.ClientCallImpl] [] [] [] : Call timeout set to '29999368344' ns, due to context deadline. Explicit call timeout was '29999940980' ns.
2017-05-16 21:08:17,730 INFO  [io.grpc.internal.ClientCallImpl] [] [] [] : Call timeout set to '29999401380' ns, due to context deadline. Explicit call timeout was '29999939298' ns.
2017-05-16 21:08:19,237 INFO  [io.grpc.internal.ClientCallImpl] [] [] [] : Call timeout set to '29999386972' ns, due to context deadline. Explicit call timeout was '29999927627' ns.
2017-05-16 21:08:20,744 INFO  [io.grpc.internal.ClientCallImpl] [] [] [] : Call timeout set to '29999426991' ns, due to context deadline. Explicit call timeout was '29999890614' ns.
2017-05-16 21:08:22,251 INFO  [io.grpc.internal.ClientCallImpl] [] [] [] : Call timeout set to '29999530127' ns, due to context deadline. Explicit call timeout was '29999943748' ns.
2017-05-16 21:08:23,758 INFO  [io.grpc.internal.ClientCallImpl] [] [] [] : Call timeout set to '29999522113' ns, due to context deadline. Explicit call timeout was '29999945544' ns.
2017-05-16 21:08:25,264 INFO  [io.grpc.internal.ClientCallImpl] [] [] [] : Call timeout set to '29999378152' ns, due to context deadline. Explicit call timeout was '29999925835' ns.
2017-05-16 21:08:26,773 INFO  [io.grpc.internal.ClientCallImpl] [] [] [] : Call timeout set to '29999453457' ns, due to context deadline. Explicit call timeout was '29999941811' ns.
2017-05-16 21:08:28,279 INFO  [io.grpc.internal.ClientCallImpl] [] [] [] : Call timeout set to '29999388877' ns, due to context deadline. Explicit call timeout was '29999945223' ns.
2017-05-16 21:09:17,920 INFO  [io.grpc.internal.ClientCallImpl] [] [] [] : Call timeout set to '29999532032' ns, due to context deadline. Explicit call timeout was '29999949417' ns.
2017-05-16 21:09:19,448 INFO  [io.grpc.internal.ClientCallImpl] [] [] [] : Call timeout set to '29999338916' ns, due to context deadline. Explicit call timeout was '29999956708' ns.
2017-05-16 21:09:20,954 INFO  [io.grpc.internal.ClientCallImpl] [] [] [] : Call timeout set to '29999473759' ns, due to context deadline. Explicit call timeout was '29999960274' ns.
2017-05-16 21:09:22,461 INFO  [io.grpc.internal.ClientCallImpl] [] [] [] : Call timeout set to '29999421919' ns, due to context deadline. Explicit call timeout was '29999942174' ns.
2017-05-16 21:09:23,968 INFO  [io.grpc.internal.ClientCallImpl] [] [] [] : Call timeout set to '29999317063' ns, due to context deadline. Explicit call timeout was '29999938438' ns.
2017-05-16 21:09:25,476 INFO  [io.grpc.internal.ClientCallImpl] [] [] [] : Call timeout set to '29999418989' ns, due to context deadline. Explicit call timeout was '29999947213' ns.
2017-05-16 21:09:26,982 INFO  [io.grpc.internal.ClientCallImpl] [] [] [] : Call timeout set to '29999478071' ns, due to context deadline. Explicit call timeout was '29999947861' ns.
2017-05-16 21:09:28,488 INFO  [io.grpc.internal.ClientCallImpl] [] [] [] : Call timeout set to '29999344123' ns, due to context deadline. Explicit call timeout was '29999952300' ns.
2017-05-16 21:09:29,994 INFO  [io.grpc.internal.ClientCallImpl] [] [] [] : Call timeout set to '29999524130' ns, due to context deadline. Explicit call timeout was '29999957046' ns.
2017-05-16 21:09:31,501 INFO  [io.grpc.internal.ClientCallImpl] [] [] [] : Call timeout set to '29999411267' ns, due to context deadline. Explicit call timeout was '29999954177' ns.
2017-05-16 21:09:33,007 INFO  [io.grpc.internal.ClientCallImpl] [] [] [] : Call timeout set to '29999297763' ns, due to context deadline. Explicit call timeout was '29999953593' ns.
2017-05-16 21:09:34,514 INFO  [io.grpc.internal.ClientCallImpl] [] [] [] : Call timeout set to '29999388143' ns, due to context deadline. Explicit call timeout was '29999960884' ns.
2017-05-16 21:09:36,021 INFO  [io.grpc.internal.ClientCallImpl] [] [] [] : Call timeout set to '29999288701' ns, due to context deadline. Explicit call timeout was '29999949447' ns.
2017-05-16 21:09:37,527 INFO  [io.grpc.internal.ClientCallImpl] [] [] [] : Call timeout set to '29999378327' ns, due to context deadline. Explicit call timeout was '29999956717' ns.
2017-05-16 21:09:39,035 INFO  [io.grpc.internal.ClientCallImpl] [] [] [] : Call timeout set to '29999353794' ns, due to context deadline. Explicit call timeout was '29999945287' ns.
2017-05-16 21:09:40,542 INFO  [io.grpc.internal.ClientCallImpl] [] [] [] : Call timeout set to '29999130043' ns, due to context deadline. Explicit call timeout was '29999916658' ns.
2017-05-16 21:09:41,068 INFO  [i.b.n.BridgeActorTransportLinkListener] [] [] [] : TransportLinkListener(UnityClient9a13f8bf-0af3-4f4b-9f70-563c329e13bc) sending Disconnected to akka://akkaFabric/user/BridgeModule:7C91lo2f/BridgeActor-UnityClient9a13f8bf-0af3-4f4b-9f70-563c329e13bc
2017-05-16 21:09:41,072 INFO  [i.module.bridge.oracle.BridgeOracle] [] [] [] : Bridge(UnityClient9a13f8bf-0af3-4f4b-9f70-563c329e13bc) stopped.
2017-05-16 21:09:41,073 INFO  [i.b.i.BridgeInternalServiceImpl] [] [] [] : Bridge worker_id: "UnityClient9a13f8bf-0af3-4f4b-9f70-563c329e13bc"
 unregistered with bridge internal service
2017-05-16 21:09:41,074 INFO  [improbable.bridge.BridgeActor] [] [] [] : Bridge(UnityClient9a13f8bf-0af3-4f4b-9f70-563c329e13bc) on BridgeModuleEndpoint(7C91lo2f) stopped.
2017-05-16 21:09:41,077 INFO  [akka.actor.LocalActorRef] [akka://akkaFabric/user/BridgeModule:7C91lo2f/BridgeActor-UnityClient9a13f8bf-0af3-4f4b-9f70-563c329e13bc] [akkaFabric-akka.actor.default-dispatcher-84] [] : Message [improbable.fabric.internal.pubsub.PubSubMessageProto$PubSubMessage] from Actor[akka://akkaFabric/user/BridgeModule:7C91lo2f/BridgeActor-UnityClient9a13f8bf-0af3-4f4b-9f70-563c329e13bc#-712022310] to Actor[akka://akkaFabric/user/BridgeModule:7C91lo2f/BridgeActor-UnityClient9a13f8bf-0af3-4f4b-9f70-563c329e13bc#-712022310] was not delivered. [1] dead letters encountered. This logging can be turned off or adjusted with configuration settings 'akka.log-dead-letters' and 'akka.log-dead-letters-during-shutdown'.
2017-05-16 21:09:42,048 INFO  [io.grpc.internal.ClientCallImpl] [] [] [] : Call timeout set to '29999426064' ns, due to context deadline. Explicit call timeout was '29999959132' ns.
2017-05-16 21:09:43,554 INFO  [io.grpc.internal.ClientCallImpl] [] [] [] : Call timeout set to '29999347310' ns, due to context deadline. Explicit call timeout was '29999937267' ns.
2017-05-16 21:09:44,167 INFO  [i.c.discovery.ServiceDiscoveryImpl] [] [] [] : Shutting down all services
2017-05-16 21:09:44,171 INFO  [i.core.discovery.server.PublicServer] [] [] [] : Stopped Service(improbable.platform.runtime.HealthCheckService) on host: "127.0.0.1"
port: 9001

2017-05-16 21:09:44,172 INFO  [i.core.discovery.server.LocalServer] [] [] [] : Stopped Service(improbable.fabric.internal.service.RouterInternalService) on host: "127.0.0.1"
port: 9010

2017-05-16 21:09:44,174 INFO  [i.core.discovery.server.PublicServer] [] [] [] : Stopped Service(improbable.platform.inner.worker.WorkerRunner) on host: "127.0.0.1"
port: 9021

2017-05-16 21:09:44,174 INFO  [i.core.discovery.server.LocalServer] [] [] [] : Stopped Service(improbable.fabric.internal.service.ContentionInternalService) on host: "127.0.0.1"
port: 9003

2017-05-16 21:09:44,175 INFO  [i.core.discovery.server.LocalServer] [] [] [] : Stopped Service(improbable.fabric.internal.service.GlobalBrokerInternalService) on host: "127.0.0.1"
port: 9014

2017-05-16 21:09:44,175 INFO  [i.core.discovery.server.PublicServer] [] [] [] : Stopped Service(improbable.platform.runtime.InspectionService) on host: "127.0.0.1"
port: 9025

2017-05-16 21:09:44,175 INFO  [i.core.discovery.server.LocalServer] [] [] [] : Stopped Service(improbable.fabric.internal.service.LocalBrokerInternalService) on host: "127.0.0.1"
port: 9012

2017-05-16 21:09:44,175 INFO  [i.core.discovery.server.PublicServer] [] [] [] : Stopped Service(improbable.platform.runtime.SnapshotService) on host: "127.0.0.1"
port: 9023

2017-05-16 21:09:44,176 INFO  [i.core.discovery.server.LocalServer] [] [] [] : Stopped Service(improbable.fabric.internal.service.WorldExtentsInternalService) on host: "127.0.0.1"
port: 9006

2017-05-16 21:09:44,177 INFO  [i.core.discovery.server.PublicServer] [] [] [] : Stopped Service(improbable.platform.runtime.ModuleService) on host: "127.0.0.1"
port: 9017

2017-05-16 21:09:44,177 INFO  [i.core.discovery.server.PublicServer] [] [] [] : Stopped Service(improbable.platform.runtime.FeatureService) on host: "127.0.0.1"
port: 9004

2017-05-16 21:09:44,178 INFO  [i.core.discovery.server.LocalServer] [] [] [] : Stopped Service(improbable.fabric.internal.service.BridgeServiceOracleInternalService) on host: "127.0.0.1"
port: 9015

2017-05-16 21:09:44,179 INFO  [i.core.discovery.server.LocalServer] [] [] [] : Stopped Service(improbable.fabric.internal.service.BridgePositionHintInternalService) on host: "127.0.0.1"
port: 9008

2017-05-16 21:09:44,181 INFO  [i.core.discovery.server.PublicServer] [] [] [] : Stopped Service(improbable.platform.runtime.ReceptionistService) on host: "127.0.0.1"
port: 9019

2017-05-16 21:09:44,181 ERROR [i.engine.worker.CommandLineExecutor] [] [] [] : Worker UnityWorker0 terminated abnormally. It may have crashed due to worker-side errors.
2017-05-16 21:09:44,181 ERROR [i.engine.worker.CommandLineExecutor] [] [] [] : (UnityWorker0) Command exited with code 143 (POSIX signal: 15): /var/folders/4l/xzgp2w7j5lzd9ydctvd65g1c0000gn/T/improbable7288756058288738518/UnityWorker@Mac.app/Contents/MacOS/UnityWorker@Mac +appName your_project_name_here +receptionistIp 127.0.0.1 +receptionistPort 7777 +workerType UnityWorker +workerId UnityWorker0 +useInternalIpForBridge true +infraServicesUrl http://127.0.0.1:21000 +assemblyName local_assembly +linkProtocol RakNet -logfile /Users/trefethen/Documents/unity/spatial/logs/2017-05-16_21-07-17_0/workers/UnityWorker/UnityWorker0-5486750606206498690.log -batchmode -nographics
2017-05-16 21:09:44,181 INFO  [i.core.discovery.server.LocalServer] [] [] [] : Stopped Service(improbable.fabric.internal.service.RunLevelInternalService) on host: "127.0.0.1"
port: 9000

2017-05-16 21:09:44,181 INFO  [i.core.discovery.server.LocalServer] [] [] [] : Stopped Service(improbable.fabric.internal.service.RemoteMessageInternalService) on host: "127.0.0.1"
port: 9011

2017-05-16 21:09:44,182 INFO  [i.core.discovery.server.PublicServer] [] [] [] : Stopped Service(improbable.fabric.internal.service.ScalingStatsInternalService) on host: "127.0.0.1"
port: 9022

2017-05-16 21:09:44,182 INFO  [i.core.discovery.server.LocalServer] [] [] [] : Stopped Service(improbable.fabric.internal.service.WorldAppOracleInternalService) on host: "127.0.0.1"
port: 9020

2017-05-16 21:09:44,183 INFO  [i.core.discovery.server.LocalServer] [] [] [] : Stopped Service(improbable.fabric.internal.service.EntityQueryInternalService) on host: "127.0.0.1"
port: 9024

2017-05-16 21:09:44,183 INFO  [i.core.discovery.server.LocalServer] [] [] [] : Stopped Service(improbable.fabric.internal.service.ServiceDiscoveryInternalService) on host: "127.0.0.1"
port: 5301

2017-05-16 21:09:44,183 INFO  [i.core.discovery.server.LocalServer] [] [] [] : Stopped Service(improbable.fabric.internal.service.PerfInternalService) on host: "127.0.0.1"
port: 9002

2017-05-16 21:09:44,184 INFO  [i.core.discovery.server.LocalServer] [] [] [] : Stopped Service(improbable.fabric.internal.service.BridgeOracleInternalService) on host: "127.0.0.1"
port: 9013

2017-05-16 21:09:44,184 INFO  [i.core.discovery.server.LocalServer] [] [] [] : Stopped Service(improbable.fabric.internal.service.BridgeInternalService) on host: "127.0.0.1"
port: 9016

2017-05-16 21:09:44,184 INFO  [i.core.discovery.server.LocalServer] [] [] [] : Stopped Service(improbable.fabric.internal.service.NodeConfigurationInternalService) on host: "127.0.0.1"
port: 9005

2017-05-16 21:09:44,185 INFO  [i.core.discovery.server.LocalServer] [] [] [] : Stopped Service(improbable.fabric.internal.service.RouterLookupInternalService) on host: "127.0.0.1"
port: 9009

2017-05-16 21:09:44,185 INFO  [i.core.discovery.server.LocalServer] [] [] [] : Stopped Service(improbable.fabric.internal.service.EntityIdInternalService) on host: "127.0.0.1"
port: 9007

2017-05-16 21:09:44,185 INFO  [i.core.discovery.server.LocalServer] [] [] [] : Stopped Service(improbable.fabric.internal.service.ReceptionistInternalService) on host: "127.0.0.1"
port: 9018

