2017-05-16 20:15:15,020 INFO  [io.grpc.internal.ManagedChannelImpl] [] [] [] : [ManagedChannelImpl@17e69bbd] Created with target localhost:22000
2017-05-16 20:15:18,056 INFO  [i.deployment.InternalGameLauncher] [] [] [] : Parsed 366 internal flags at startup
2017-05-16 20:15:18,107 INFO  [i.deployment.InternalGameLauncher] [] [] [] : SpatialOS runtime version: 10-20170515T124111Z-65dc96e
2017-05-16 20:15:18,121 INFO  [io.grpc.internal.ManagedChannelImpl] [] [] [] : [ManagedChannelImpl@3f2470df] Created with target 127.0.0.1:22000
2017-05-16 20:15:18,122 INFO  [io.grpc.internal.ManagedChannelImpl] [] [] [] : [ManagedChannelImpl@8994bd5] Created with target 127.0.0.1:22000
2017-05-16 20:15:18,249 INFO  [i.c.c.f.FlagzFieldRegistryUpdater] [] [] [] : Initialized Fabric flagz registry with 13 set fields.
2017-05-16 20:15:19,062 INFO  [io.grpc.internal.ManagedChannelImpl] [] [] [] : [ManagedChannelImpl@1c4f9fd9] Created with target localhost:22000
2017-05-16 20:15:21,135 INFO  [i.core.discovery.server.LocalServer] [] [] [] : Registered Service(improbable.fabric.internal.service.ServiceDiscoveryInternalService) on host: "127.0.0.1"
port: 5301
.
2017-05-16 20:15:21,136 INFO  [i.c.discovery.ServiceDiscoveryImpl] [] [] [] : Service discovery address: improbable.core.discovery.common.SettableServiceAddress@7b2e6c64
2017-05-16 20:15:21,144 INFO  [improbable.module.ModuleNode] [] [] [] : Starting Fabric node as master (IP: 127.0.0.1).
2017-05-16 20:15:21,149 INFO  [i.core.discovery.server.LocalServer] [] [] [] : Registered Service(improbable.fabric.internal.service.RunLevelInternalService) on host: "127.0.0.1"
port: 9000
.
2017-05-16 20:15:21,153 INFO  [i.core.discovery.server.PublicServer] [] [] [] : Registered Service(improbable.platform.runtime.HealthCheckService) on host: "127.0.0.1"
port: 9001
.
2017-05-16 20:15:21,160 INFO  [i.core.discovery.server.LocalServer] [] [] [] : Registered Service(improbable.fabric.internal.service.PerfInternalService) on host: "127.0.0.1"
port: 9002
.
2017-05-16 20:15:21,163 INFO  [io.grpc.internal.ManagedChannelImpl] [] [] [] : [ManagedChannelImpl@f4f8632] Created with target directaddress:///io.grpc.inprocess.InProcessSocketAddress@6d0ade53
2017-05-16 20:15:21,166 INFO  [i.core.discovery.server.LocalServer] [] [] [] : Registered Service(improbable.fabric.internal.service.ContentionInternalService) on host: "127.0.0.1"
port: 9003
.
2017-05-16 20:15:21,173 INFO  [i.core.discovery.server.PublicServer] [] [] [] : Registered Service(improbable.platform.runtime.FeatureService) on host: "127.0.0.1"
port: 9004
.
2017-05-16 20:15:21,193 INFO  [i.c.d.global.GlobalServiceDiscovery] [] [] [] : Global service discovery refreshed 6 server(s) as master (previously: 0)
2017-05-16 20:15:21,194 INFO  [i.c.config.flagz.WorkerFlagzUpdater] [] [] [] : Initialized worker flagz registry with 0 set fields.
2017-05-16 20:15:21,195 INFO  [improbable.module.ModuleNode] [] [] [] : Using master node configuration loader.
2017-05-16 20:15:21,202 INFO  [i.core.discovery.server.LocalServer] [] [] [] : Registered Service(improbable.fabric.internal.service.NodeConfigurationInternalService) on host: "127.0.0.1"
port: 9005
.
2017-05-16 20:15:21,215 INFO  [i.c.c.n.MasterNodeConfigurationLoader] [] [] [] : Using roles [MASTER, GSIM, BRIDGE, WORKER_RUNNER, INSPECTION] for node node_id {
  deployment_id {
    project_id {
      name: "your_project_name_here"
    }
    name: "local"
  }
  name: "master"
}
private_ip: "127.0.0.1"
roles: MASTER
roles: GSIM
roles: BRIDGE
roles: WORKER_RUNNER
roles: INSPECTION

2017-05-16 20:15:21,224 INFO  [improbable.core.config.node.GsimGrid] [] [] [] : Created gsim grid configuration of size (1500, 1500) with 1 columns and 1 rows, using gsims of (30, 30) chunks.
2017-05-16 20:15:21,229 INFO  [i.c.c.n.MasterNodeConfigurationLoader] [] [] [] : Original deployment module configuration (before parsing): {deployment_id {
  project_id {
    name: "your_project_name_here"
  }
  name: "local"
}
name: "master"
=[name: "ProfilingModule"
, name: "AssetDatabaseModule"
, name: "BridgeModuleOracleModule"
, name: "BridgeOracleModule"
, name: "EngineStartupModuleOracleModule"
, name: "PersistenceModule"
, name: "ReceptionistModule"
, name: "RouterModule"
, name: "WorldAppOracleModule"
, name: "WorldAppSupervisorModule"
, name: "GSimModule"
, name: "BridgeModule"
, name: "EngineStartupModule"
, name: "DevWorldRestApiModule"
, name: "InspectionRestModule"
]}
2017-05-16 20:15:21,240 INFO  [i.c.c.n.MasterNodeConfigurationLoader] [] [] [] : Master successfully loaded node configurations: {deployment_id {
  project_id {
    name: "your_project_name_here"
  }
  name: "local"
}
name: "master"
=node_id {
  deployment_id {
    project_id {
      name: "your_project_name_here"
    }
    name: "local"
  }
  name: "master"
}
module_configurations {
  name: "ProfilingModule"
}
module_configurations {
  name: "AssetDatabaseModule"
}
module_configurations {
  name: "EngineStartupModuleOracleModule"
}
module_configurations {
  name: "PersistenceModule"
}
module_configurations {
  name: "ReceptionistModule"
}
module_configurations {
  name: "WorldAppOracleModule"
}
module_configurations {
  name: "WorldAppSupervisorModule"
}
module_configurations {
  name: "GSimModule"
}
module_configurations {
  name: "EngineStartupModule"
}
module_configurations {
  name: "DevWorldRestApiModule"
}
module_configurations {
  name: "InspectionRestModule"
}
gsim_configurations {
  extent {
    bottom_left {
      x_in_chunks: -15
      z_in_chunks: -15
    }
    top_right {
      x_in_chunks: 15
      z_in_chunks: 15
    }
  }
}
start_router: true
start_bridge_oracle: true
start_bridge_module_oracle: true
bridge_modules {
  name: "BridgeModule"
}
}
2017-05-16 20:15:21,241 INFO  [improbable.module.ModuleNode] [] [] [] : Loaded node configuration: node_id {
  deployment_id {
    project_id {
      name: "your_project_name_here"
    }
    name: "local"
  }
  name: "master"
}
module_configurations {
  name: "ProfilingModule"
}
module_configurations {
  name: "AssetDatabaseModule"
}
module_configurations {
  name: "EngineStartupModuleOracleModule"
}
module_configurations {
  name: "PersistenceModule"
}
module_configurations {
  name: "ReceptionistModule"
}
module_configurations {
  name: "WorldAppOracleModule"
}
module_configurations {
  name: "WorldAppSupervisorModule"
}
module_configurations {
  name: "GSimModule"
}
module_configurations {
  name: "EngineStartupModule"
}
module_configurations {
  name: "DevWorldRestApiModule"
}
module_configurations {
  name: "InspectionRestModule"
}
gsim_configurations {
  extent {
    bottom_left {
      x_in_chunks: -15
      z_in_chunks: -15
    }
    top_right {
      x_in_chunks: 15
      z_in_chunks: 15
    }
  }
}
start_router: true
start_bridge_oracle: true
start_bridge_module_oracle: true
bridge_modules {
  name: "BridgeModule"
}

2017-05-16 20:15:21,241 INFO  [improbable.module.ModuleNode] [] [] [] : Using master world extents provider.
2017-05-16 20:15:21,253 INFO  [i.core.discovery.server.LocalServer] [] [] [] : Registered Service(improbable.fabric.internal.service.WorldExtentsInternalService) on host: "127.0.0.1"
port: 9006
.
2017-05-16 20:15:21,254 INFO  [i.c.world.MasterWorldExtentsProvider] [] [] [] : Successfully initialized world extents with 1 rectangle(s).
2017-05-16 20:15:21,257 INFO  [improbable.module.ModuleNode] [] [] [] : Loaded world extents: WorldExtents{proto=rectangles {
  bottom_left {
    x: -750.0
    z: -750.0
  }
  top_right {
    x: 750.0
    z: 750.0
  }
  is_fully_simulated: true
  responsible_gsim_id {
  }
}
bounding_rectangle {
  bottom_left {
    x: -750.0
    z: -750.0
  }
  top_right {
    x: 750.0
    z: 750.0
  }
  is_fully_simulated: true
}
}
2017-05-16 20:15:22,153 INFO  [i.c.d.global.GlobalServiceDiscovery] [] [] [] : Global service discovery refreshed 8 server(s) as master (previously: 6)
2017-05-16 20:15:23,173 INFO  [i.entity.schema.FabricSchema] [] [] [] : Found components: [improbable.EntityAcl, improbable.user.PlayerSpawning, improbable.core.WorldTransform]
2017-05-16 20:15:23,174 INFO  [improbable.module.ModuleNode] [] [] [] : Successfully loaded schema for entities
2017-05-16 20:15:23,174 INFO  [improbable.module.ModuleNode] [] [] [] : Validating snapshot at startup and determining max entity id
2017-05-16 20:15:23,205 INFO  [improbable.module.ModuleNode] [] [] [] : Determined the first entity id for the id assigner as 3
2017-05-16 20:15:23,210 INFO  [i.core.discovery.server.LocalServer] [] [] [] : Registered Service(improbable.fabric.internal.service.EntityIdInternalService) on host: "127.0.0.1"
port: 9007
.
2017-05-16 20:15:23,219 INFO  [i.core.discovery.server.LocalServer] [] [] [] : Registered Service(improbable.fabric.internal.service.BridgePositionHintInternalService) on host: "127.0.0.1"
port: 9008
.
2017-05-16 20:15:23,227 INFO  [i.core.discovery.server.LocalServer] [] [] [] : Registered Service(improbable.fabric.internal.service.RouterLookupInternalService) on host: "127.0.0.1"
port: 9009
.
2017-05-16 20:15:23,228 INFO  [i.module.router.ActorSystemFactory$] [] [] [] : Attempting to create ActorSystem akkaFabric with configRecord akkaFabric
2017-05-16 20:15:23,471 INFO  [akka.event.slf4j.Slf4jLogger] [] [] [] : Slf4jLogger started
2017-05-16 20:15:24,152 INFO  [i.c.d.global.GlobalServiceDiscovery] [] [] [] : Global service discovery refreshed 11 server(s) as master (previously: 8)
2017-05-16 20:15:24,528 INFO  [i.w.a.WorkerAssemblyProviderFactory] [] [] [] : Loaded worker assemblies for these workers types: UnityClient, UnityWorker.
2017-05-16 20:15:24,530 INFO  [improbable.module.ModuleNode] [] [] [] : Loaded worker assemblies: [worker_assembly_id {
  assembly_id {
    project_id {
      name: "your_project_name_here"
    }
    name: "local_assembly"
  }
  name {
    name: "UnityClient"
  }
}
bridge_configuration {
  worker_attribute_set {
    attribute {
      name: "visual"
    }
  }
  entity_interest {
    range_entity_interest {
      radius: 200.0
    }
  }
  component_delivery {
    checkout_all_initially: true
  }
}
, worker_assembly_id {
  assembly_id {
    project_id {
      name: "your_project_name_here"
    }
    name: "local_assembly"
  }
  name {
    name: "UnityWorker"
  }
}
worker_launch_configuration {
  platform: WINDOWS
  worker_zip {
    command: "UnityWorker@Windows.exe"
    argument: "+appName"
    argument: "${IMPROBABLE_PROJECT_NAME}"
    argument: "+receptionistIp"
    argument: "${IMPROBABLE_RECEPTIONIST_IP}"
    argument: "+receptionistPort"
    argument: "${IMPROBABLE_RECEPTIONIST_PORT}"
    argument: "+workerType"
    argument: "${IMPROBABLE_WORKER_NAME}"
    argument: "+workerId"
    argument: "${IMPROBABLE_WORKER_ID}"
    argument: "+useInternalIpForBridge"
    argument: "true"
    argument: "+infraServicesUrl"
    argument: "${IMPROBABLE_API_URL}"
    argument: "+assemblyName"
    argument: "${IMPROBABLE_ASSEMBLY_NAME}"
    argument: "+linkProtocol"
    argument: "RakNet"
    argument: "-logfile"
    argument: "${IMPROBABLE_LOG_FILE}"
    argument: "-batchmode"
    argument: "-nographics"
    worker_location {
      filename: "UnityWorker@Windows.zip"
    }
  }
}
worker_launch_configuration {
  platform: MACOS
  worker_zip {
    command: "UnityWorker@Mac.app/Contents/MacOS/UnityWorker@Mac"
    argument: "+appName"
    argument: "${IMPROBABLE_PROJECT_NAME}"
    argument: "+receptionistIp"
    argument: "${IMPROBABLE_RECEPTIONIST_IP}"
    argument: "+receptionistPort"
    argument: "${IMPROBABLE_RECEPTIONIST_PORT}"
    argument: "+workerType"
    argument: "${IMPROBABLE_WORKER_NAME}"
    argument: "+workerId"
    argument: "${IMPROBABLE_WORKER_ID}"
    argument: "+useInternalIpForBridge"
    argument: "true"
    argument: "+infraServicesUrl"
    argument: "${IMPROBABLE_API_URL}"
    argument: "+assemblyName"
    argument: "${IMPROBABLE_ASSEMBLY_NAME}"
    argument: "+linkProtocol"
    argument: "RakNet"
    argument: "-logfile"
    argument: "${IMPROBABLE_LOG_FILE}"
    argument: "-batchmode"
    argument: "-nographics"
    worker_location {
      filename: "UnityWorker@Mac.zip"
    }
  }
}
worker_launch_configuration {
  platform: LINUX
  worker_zip {
    command: "UnityWorker@Linux"
    argument: "+appName"
    argument: "${IMPROBABLE_PROJECT_NAME}"
    argument: "+receptionistIp"
    argument: "${IMPROBABLE_RECEPTIONIST_IP}"
    argument: "+receptionistPort"
    argument: "${IMPROBABLE_RECEPTIONIST_PORT}"
    argument: "+workerType"
    argument: "${IMPROBABLE_WORKER_NAME}"
    argument: "+workerId"
    argument: "${IMPROBABLE_WORKER_ID}"
    argument: "+useInternalIpForBridge"
    argument: "true"
    argument: "+infraServicesUrl"
    argument: "${IMPROBABLE_API_URL}"
    argument: "+assemblyName"
    argument: "${IMPROBABLE_ASSEMBLY_NAME}"
    argument: "+linkProtocol"
    argument: "RakNet"
    argument: "-logfile"
    argument: "${IMPROBABLE_LOG_FILE}"
    argument: "-batchmode"
    argument: "-nographics"
    worker_location {
      filename: "UnityWorker@Linux.zip"
    }
  }
}
bridge_configuration {
  worker_attribute_set {
    attribute {
      name: "physics"
    }
  }
  entity_interest {
    range_entity_interest {
      radius: 200.0
    }
  }
  component_delivery {
    checkout_all_initially: true
  }
}
]
2017-05-16 20:15:24,531 INFO  [i.l.params.LoadbalancerParamsFactory] [] [] [] : Parsed 1 worker loadbalancing configuration(s)
2017-05-16 20:15:24,534 INFO  [i.l.params.LoadbalancerParamsFactory] [] [] [] : Successfully loaded loadbalancing configurations: {UnityWorker=improbable.loadbalancing.params.AutoHexGridLoadbalancerParams@1f981e7c}
2017-05-16 20:15:24,536 INFO  [i.w.permissions.PermissionsFactory] [] [] [] : Created permissions manager with permissions: {UnityWorker=Permissions{{/sys/CreateEntity=, /sys/DeleteEntity=, /sys/EntityQuery={"component":["*"]}}}, UnityClient=Permissions{{/sys/EntityQuery={"component":["*"]}}}}
2017-05-16 20:15:26,507 INFO  [improbable.module.ModuleNode] [] [] [] : Starting router on master
2017-05-16 20:15:26,513 INFO  [i.core.discovery.server.LocalServer] [] [] [] : Registered Service(improbable.fabric.internal.service.RouterInternalService) on host: "127.0.0.1"
port: 9010
.
2017-05-16 20:15:26,513 INFO  [i.c.m.r.RouterInternalServiceImpl] [] [] [] : Attempting to register RouterInternalServiceImpl with RouterLookupInternalService.
2017-05-16 20:15:26,515 INFO  [io.grpc.internal.ManagedChannelImpl] [] [] [] : [ManagedChannelImpl@72fb0101] Created with target directaddress:///io.grpc.inprocess.InProcessSocketAddress@3db4d062
2017-05-16 20:15:26,517 INFO  [i.c.m.r.l.RouterLookupInternalServiceImpl] [] [] [] : 1/1 router modules started
2017-05-16 20:15:26,518 INFO  [i.c.m.r.RouterInternalServiceImpl] [] [] [] : Registered RouterInternalServiceImpl with RouterLookupInternalService.
2017-05-16 20:15:26,519 INFO  [improbable.module.ModuleNode] [] [] [] : Waiting for all router modules in the deployment to have started
2017-05-16 20:15:26,519 INFO  [i.routing.proxy.RouterProxyFactory$] [] [] [] : Attempting to get addresses of all RouterModules from master node
2017-05-16 20:15:26,525 INFO  [i.routing.proxy.RouterProxyFactory$] [] [] [] : Got all RouterModules from master node
2017-05-16 20:15:26,536 INFO  [i.core.discovery.server.LocalServer] [] [] [] : Registered Service(improbable.fabric.internal.service.RemoteMessageInternalService) on host: "127.0.0.1"
port: 9011
.
2017-05-16 20:15:26,545 INFO  [i.core.discovery.server.LocalServer] [] [] [] : Registered Service(improbable.fabric.internal.service.LocalBrokerInternalService) on host: "127.0.0.1"
port: 9012
.
2017-05-16 20:15:26,551 INFO  [improbable.module.ModuleNode] [] [] [] : All router modules in the deployment started
2017-05-16 20:15:26,605 INFO  [org.eclipse.jetty.server.Server] [] [] [] : jetty-8.y.z-SNAPSHOT
2017-05-16 20:15:26,625 INFO  [o.e.jetty.server.AbstractConnector] [] [] [] : Started SelectChannelConnector@0.0.0.0:5006
2017-05-16 20:15:26,625 INFO  [improbable.http.ServletContainer$] [] [] [] : Servlet container started
2017-05-16 20:15:26,626 INFO  [improbable.module.ModuleNode] [] [] [] : Starting BridgeOracle on master
2017-05-16 20:15:26,632 INFO  [improbable.module.ModuleNode] [] [] [] : Waiting for the BridgeOracle to have started
2017-05-16 20:15:26,764 INFO  [io.grpc.internal.ManagedChannelImpl] [] [] [] : [ManagedChannelImpl@76a81423] Created with target directaddress:///io.grpc.inprocess.InProcessSocketAddress@5047dfd
2017-05-16 20:15:26,771 INFO  [io.grpc.internal.ManagedChannelImpl] [] [] [] : [ManagedChannelImpl@63cc12d4] Created with target directaddress:///io.grpc.inprocess.InProcessSocketAddress@40fe2652
2017-05-16 20:15:26,775 INFO  [i.core.discovery.server.LocalServer] [] [] [] : Registered Service(improbable.fabric.internal.service.BridgeOracleInternalService) on host: "127.0.0.1"
port: 9013
.
2017-05-16 20:15:27,152 INFO  [improbable.module.ModuleNode] [] [] [] : Received BridgeOracle started
2017-05-16 20:15:27,152 INFO  [i.c.d.global.GlobalServiceDiscovery] [] [] [] : Global service discovery refreshed 15 server(s) as master (previously: 11)
2017-05-16 20:15:27,157 INFO  [i.core.discovery.server.LocalServer] [] [] [] : Registered Service(improbable.fabric.internal.service.GlobalBrokerInternalService) on host: "127.0.0.1"
port: 9014
.
2017-05-16 20:15:27,159 INFO  [improbable.module.ModuleNode] [] [] [] : Waiting for the BridgeModuleOracle to have started
2017-05-16 20:15:27,163 INFO  [i.c.a.e.ExtensibleActorReporter] [] [] [] : Started BridgeModuleOracleActor(Actor[akka://akkaFabric/user/BridgeModuleOracleModule#598164325]).
2017-05-16 20:15:27,172 INFO  [i.core.discovery.server.LocalServer] [] [] [] : Registered Service(improbable.fabric.internal.service.BridgeServiceOracleInternalService) on host: "127.0.0.1"
port: 9015
.
2017-05-16 20:15:28,152 INFO  [improbable.module.ModuleNode] [] [] [] : Received BridgeModuleOracle started
2017-05-16 20:15:28,152 INFO  [i.c.d.global.GlobalServiceDiscovery] [] [] [] : Global service discovery refreshed 17 server(s) as master (previously: 15)
2017-05-16 20:15:28,155 INFO  [io.grpc.internal.ManagedChannelImpl] [] [] [] : [ManagedChannelImpl@3c340fb3] Created with target directaddress:///io.grpc.inprocess.InProcessSocketAddress@6212b515
2017-05-16 20:15:28,159 INFO  [improbable.module.ModuleNode] [] [] [] : Waiting for 1 BridgeModules to have started
2017-05-16 20:15:28,166 INFO  [i.c.a.e.ExtensibleActorReporter] [] [] [] : Started BridgeModuleActor(Actor[akka://akkaFabric/user/BridgeModule:tfOO4h0V#2124061380]).
2017-05-16 20:15:28,167 INFO  [i.module.bridge.BridgeModuleActor] [] [] [] : Waiting for BridgeModuleOracle service to be available
2017-05-16 20:15:28,172 INFO  [i.module.bridge.BridgeModuleActor] [] [] [] : Registered(BridgeModuleEndpoint(tfOO4h0V)) on BridgeModuleOracleService
2017-05-16 20:15:28,174 INFO  [i.m.b.o.m.BridgeModuleOracleActor] [] [] [] : Registering: BridgeModuleEndpoint(tfOO4h0V) with BridgeModuleOracleActor
2017-05-16 20:15:28,186 INFO  [i.core.discovery.server.LocalServer] [] [] [] : Registered Service(improbable.fabric.internal.service.BridgeInternalService) on host: "127.0.0.1"
port: 9016
.
2017-05-16 20:15:28,772 INFO  [i.bridge.oracle.scaling.WorkerScaler] [] [] [] : Skipping reconciliation because no WorkerRunner service is available. This message is expected at startup but should not persist through the deployment
2017-05-16 20:15:29,152 INFO  [i.c.d.global.GlobalServiceDiscovery] [] [] [] : Global service discovery refreshed 18 server(s) as master (previously: 17)
2017-05-16 20:15:29,169 INFO  [improbable.module.ModuleNode] [] [] [] : Received 1 BridgeModules started
2017-05-16 20:15:29,172 INFO  [io.grpc.internal.ManagedChannelImpl] [] [] [] : [ManagedChannelImpl@6b985012] Created with target directaddress:///io.grpc.inprocess.InProcessSocketAddress@7e94c78f
2017-05-16 20:15:29,181 INFO  [improbable.module.ModuleNode] [] [] [] : Waiting for all modules on this node to start.
2017-05-16 20:15:29,185 INFO  [i.core.discovery.server.PublicServer] [] [] [] : Registered Service(improbable.platform.runtime.ModuleService) on host: "127.0.0.1"
port: 9017
.
2017-05-16 20:15:29,186 INFO  [i.c.a.e.ExtensibleActorReporter] [] [] [] : Started ModuleManager(Actor[akka://akkaFabric/user/moduleManager#2061402333]).
2017-05-16 20:15:29,186 INFO  [i.module.manager.ModuleManager] [] [] [] : Starting modules on master: Buffer(name: "ProfilingModule"
, name: "AssetDatabaseModule"
, name: "EngineStartupModuleOracleModule"
, name: "PersistenceModule"
, name: "ReceptionistModule"
, name: "WorldAppOracleModule"
, name: "WorldAppSupervisorModule"
, name: "GSimModule"
, name: "EngineStartupModule"
, name: "DevWorldRestApiModule"
, name: "InspectionRestModule"
)
2017-05-16 20:15:29,187 INFO  [i.module.manager.ModuleManager] [] [] [] : Starting Module(ProfilingModule) ...
2017-05-16 20:15:29,189 INFO  [i.module.manager.ModuleManager] [] [] [] : Started Module(ProfilingModule).
2017-05-16 20:15:29,189 INFO  [i.module.manager.ModuleManager] [] [] [] : Starting Module(AssetDatabaseModule) ...
2017-05-16 20:15:29,191 INFO  [i.module.manager.ModuleManager] [] [] [] : Started Module(AssetDatabaseModule).
2017-05-16 20:15:29,191 INFO  [i.module.manager.ModuleManager] [] [] [] : Starting Module(EngineStartupModuleOracleModule) ...
2017-05-16 20:15:29,191 INFO  [i.c.a.e.ExtensibleActorReporter] [] [] [] : Started ProfilingModuleActor(Actor[akka://akkaFabric/user/moduleManager/ProfilingModule1#2131502494]).
2017-05-16 20:15:29,194 INFO  [i.module.manager.ModuleManager] [] [] [] : Started Module(EngineStartupModuleOracleModule).
2017-05-16 20:15:29,194 INFO  [i.module.manager.ModuleManager] [] [] [] : Starting Module(PersistenceModule) ...
2017-05-16 20:15:29,195 INFO  [i.c.a.e.ExtensibleActorReporter] [] [] [] : Started EngineStartupModuleOracleActor(Actor[akka://akkaFabric/user/moduleManager/EngineStartupModuleOracleModule1#-885541324]).
2017-05-16 20:15:29,195 INFO  [i.module.manager.ModuleManager] [] [] [] : Started Module(PersistenceModule).
2017-05-16 20:15:29,196 INFO  [i.module.manager.ModuleManager] [] [] [] : Starting Module(ReceptionistModule) ...
2017-05-16 20:15:29,197 INFO  [i.module.manager.ModuleManager] [] [] [] : Started Module(ReceptionistModule).
2017-05-16 20:15:29,197 INFO  [i.module.manager.ModuleManager] [] [] [] : Starting Module(WorldAppOracleModule) ...
2017-05-16 20:15:29,204 INFO  [i.core.discovery.server.LocalServer] [] [] [] : Registered Service(improbable.fabric.internal.service.ReceptionistInternalService) on host: "127.0.0.1"
port: 9018
.
2017-05-16 20:15:29,366 INFO  [i.core.discovery.server.PublicServer] [] [] [] : Registered Service(improbable.platform.runtime.ReceptionistService) on host: "127.0.0.1"
port: 9019
.
2017-05-16 20:15:29,368 INFO  [i.m.r.ReceptionistRestGateway] [] [] [] : Starting receptionist on 0.0.0.0:7777
2017-05-16 20:15:29,555 INFO  [spray.can.server.HttpListener] [akka://akkaFabric/user/IO-HTTP/listener-0] [akkaFabric-akka.actor.default-dispatcher-14] [] : Bound to /0.0.0.0:1238
2017-05-16 20:15:29,556 INFO  [spray.can.server.HttpListener] [akka://akkaFabric/user/IO-HTTP/listener-1] [akkaFabric-akka.actor.default-dispatcher-4] [] : Bound to /0.0.0.0:7777
2017-05-16 20:15:30,153 INFO  [i.c.d.global.GlobalServiceDiscovery] [] [] [] : Global service discovery refreshed 21 server(s) as master (previously: 18)
2017-05-16 20:15:30,769 INFO  [i.bridge.oracle.scaling.WorkerScaler] [] [] [] : Skipping reconciliation because no WorkerRunner service is available. This message is expected at startup but should not persist through the deployment
2017-05-16 20:15:30,940 INFO  [i.core.discovery.server.LocalServer] [] [] [] : Registered Service(improbable.fabric.internal.service.WorldAppOracleInternalService) on host: "127.0.0.1"
port: 9020
.
2017-05-16 20:15:30,941 INFO  [i.module.manager.ModuleManager] [] [] [] : Started Module(WorldAppOracleModule).
2017-05-16 20:15:30,941 INFO  [i.module.manager.ModuleManager] [] [] [] : Starting Module(WorldAppSupervisorModule) ...
2017-05-16 20:15:30,942 INFO  [i.module.manager.ModuleManager] [] [] [] : Started Module(WorldAppSupervisorModule).
2017-05-16 20:15:30,942 INFO  [i.module.manager.ModuleManager] [] [] [] : Starting Module(GSimModule) ...
2017-05-16 20:15:30,943 INFO  [i.module.manager.ModuleManager] [] [] [] : Started Module(GSimModule).
2017-05-16 20:15:30,944 INFO  [i.module.manager.ModuleManager] [] [] [] : Starting Module(EngineStartupModule) ...
2017-05-16 20:15:30,944 INFO  [i.c.a.e.ExtensibleActorReporter] [] [] [] : Started WorldAppSupervisorModuleActor(Actor[akka://akkaFabric/user/moduleManager/WorldAppSupervisorModule1#960942866]).
2017-05-16 20:15:30,949 INFO  [improbable.engine.worker.WorkerStats] [] [] [] : Cannot read /proc/self/stat; worker stats reporting will not work.
2017-05-16 20:15:30,957 INFO  [i.core.discovery.server.PublicServer] [] [] [] : Registered Service(improbable.platform.inner.worker.WorkerRunner) on host: "127.0.0.1"
port: 9021
.
2017-05-16 20:15:30,958 INFO  [i.module.manager.ModuleManager] [] [] [] : Started Module(EngineStartupModule).
2017-05-16 20:15:30,958 INFO  [i.module.manager.ModuleManager] [] [] [] : Starting Module(DevWorldRestApiModule) ...
2017-05-16 20:15:30,959 INFO  [i.module.manager.ModuleManager] [] [] [] : Started Module(DevWorldRestApiModule).
2017-05-16 20:15:30,959 INFO  [i.module.manager.ModuleManager] [] [] [] : Starting Module(InspectionRestModule) ...
2017-05-16 20:15:30,962 INFO  [i.module.manager.ModuleManager] [] [] [] : Started Module(InspectionRestModule).
2017-05-16 20:15:30,962 INFO  [i.module.manager.ModuleManager] [] [] [] : Module bootstrapping complete on master.
2017-05-16 20:15:30,963 INFO  [improbable.module.ModuleNode] [] [] [] : All modules on this node started, waiting for other nodes to reach the same state.
2017-05-16 20:15:30,963 INFO  [improbable.module.ModuleNode] [] [] [] : Using master module status checker.
2017-05-16 20:15:30,973 INFO  [i.c.r.MasterModuleStatusChecker] [] [] [] : All other nodes have all modules started.
2017-05-16 20:15:30,973 INFO  [improbable.module.ModuleNode] [] [] [] : All modules on all nodes have been started, setting node state to healthy.
2017-05-16 20:15:30,976 INFO  [i.core.discovery.server.PublicServer] [] [] [] : Registered Service(improbable.fabric.internal.service.ScalingStatsInternalService) on host: "127.0.0.1"
port: 9022
.
2017-05-16 20:15:30,976 INFO  [improbable.module.ModuleNode] [] [] [] : SpatialOS runtime startup complete.
2017-05-16 20:15:30,996 INFO  [i.core.discovery.server.PublicServer] [] [] [] : Registered Service(improbable.platform.runtime.SnapshotService) on host: "127.0.0.1"
port: 9023
.
2017-05-16 20:15:30,998 INFO  [i.p.gsim.GSimPersistenceWriter] [] [] [] : Transitioning GSimPersistenceActor(0) from State [Idle] to [Idle].  Time Elapsed: 3 milliseconds
2017-05-16 20:15:30,999 INFO  [i.c.a.e.ExtensibleActorReporter] [] [] [] : Started PersistenceModuleActor(Actor[akka://akkaFabric/user/moduleManager/PersistenceModule1#-542510914]).
2017-05-16 20:15:31,003 INFO  [i.c.a.e.ExtensibleActorReporter] [] [] [] : Started DevWorldRestApiModuleActor(Actor[akka://akkaFabric/user/moduleManager/DevWorldRestApiModule1#613825603]).
2017-05-16 20:15:31,004 INFO  [i.devworld.DevWorldRestServer] [] [] [] : Dev API server starting on 0.0.0.0 : 5000
2017-05-16 20:15:31,007 INFO  [i.core.discovery.server.LocalServer] [] [] [] : Registered Service(improbable.fabric.internal.service.EntityQueryInternalService) on host: "127.0.0.1"
port: 9024
.
2017-05-16 20:15:31,013 INFO  [spray.can.server.HttpListener] [akka://akkaFabric/user/IO-HTTP/listener-2] [akkaFabric-akka.actor.default-dispatcher-14] [] : Bound to /0.0.0.0:5000
2017-05-16 20:15:31,015 INFO  [i.p.g.GSimPersistenceLoadOrchestrator] [] [] [] : Loading snapshot on GSim(0).
2017-05-16 20:15:31,016 INFO  [i.p.gsim.GSimPersistenceLoader] [] [] [] : Loading snapshot
2017-05-16 20:15:31,057 INFO  [io.grpc.internal.ManagedChannelImpl] [] [] [] : [ManagedChannelImpl@795ef8ac] Created with target directaddress:///io.grpc.inprocess.InProcessSocketAddress@7cf491b3
2017-05-16 20:15:31,074 INFO  [i.p.g.GSimPersistenceLoadOrchestrator] [] [] [] : Loaded 2 entities on GSim(0).
2017-05-16 20:15:31,091 INFO  [i.p.c.PersistenceLoaderCoordinatorActor] [] [] [] : All Snapshots loaded. Activating entities.
2017-05-16 20:15:31,094 INFO  [i.p.g.GSimPersistenceLoadOrchestrator] [] [] [] : Activating 2 entities on GSim(0).
2017-05-16 20:15:31,097 INFO  [i.p.g.GSimPersistenceLoadOrchestrator] [] [] [] : Activated 2 entities on GSim(0).
2017-05-16 20:15:31,103 INFO  [i.p.c.PersistenceLoaderCoordinatorActor] [] [] [] : Snapshot Load Complete.
2017-05-16 20:15:31,103 INFO  [i.core.discovery.server.PublicServer] [] [] [] : Registered Service(improbable.platform.runtime.InspectionService) on host: "127.0.0.1"
port: 9025
.
2017-05-16 20:15:31,143 INFO  [i.c.a.e.ExtensibleActorReporter] [] [] [] : Started InspectionRestModuleActor(Actor[akka://akkaFabric/user/moduleManager/InspectionRestModule1#-157528314]).
2017-05-16 20:15:31,154 INFO  [spray.can.server.HttpListener] [akka://akkaFabric/user/IO-HTTP/listener-3] [akkaFabric-akka.actor.default-dispatcher-4] [] : Bound to /0.0.0.0:5005
2017-05-16 20:15:31,158 INFO  [i.c.d.global.GlobalServiceDiscovery] [] [] [] : Global service discovery refreshed 27 server(s) as master (previously: 21)
2017-05-16 20:15:31,159 INFO  [io.grpc.internal.ManagedChannelImpl] [] [] [] : [ManagedChannelImpl@14d89aac] Created with target directaddress:///io.grpc.inprocess.InProcessSocketAddress@51da0ef3
2017-05-16 20:15:31,160 INFO  [i.m.a.WorldAppOracleInternalServiceImpl] [] [] [] : WorldApp Supervisor master registered with the world app oracle
2017-05-16 20:15:31,160 INFO  [i.m.a.WorldAppOracleInternalServiceImpl] [] [] [] : Trying to start initial WorldApps
2017-05-16 20:15:31,161 INFO  [i.m.a.WorldAppOracleInternalServiceImpl] [] [] [] : Waiting for World App supervisors to be ready
2017-05-16 20:15:31,166 INFO  [i.m.a.WorldAppOracleInternalServiceImpl] [] [] [] : World App supervisors registered, asking them to start worldapps
2017-05-16 20:15:31,258 INFO  [i.l.params.LoadbalancerParamsFactory] [] [] [] : LoadbalancerParams for worker type [UnityWorker]: [AutoHexGridLoadbalancerParams{energyLimitingEnabled=true, energyLimit=1.0E9, minWorkerRange=1500.0, maxWorkerRange=1500.0, maxWorkerStepSize=0.0, workerExpansionTimeMs=60000, workerGridSize=0, loadbalancerEnabled=false, hexGridMode=AUTO, scalerAdvisorType=CONSTANT, maxWorkers=1, initialWorkers=1, numEntitiesPerWorker=9223372036854775807, statusReportPeriodMs=30000, pointsOfInterestEnabled=false, hexGridSolution=AutoValue_HexGridSolution{workersUsed=1, hexagonEdgeLength=1500.0, hexagonOrientation=POINTY_TOP, bounds=Rectangle{minX=-750.0, minZ=-750.0, maxX=750.0, maxZ=750.0}}, pointsOfInterestSolution=Empty}]
2017-05-16 20:15:31,278 INFO  [io.grpc.internal.ManagedChannelImpl] [] [] [] : [ManagedChannelImpl@6ee85627] Created with target directaddress:///io.grpc.inprocess.InProcessSocketAddress@41f16787
2017-05-16 20:15:31,319 INFO  [io.grpc.internal.ManagedChannelImpl] [] [] [] : [ManagedChannelImpl@59a19e02] Created with target directaddress:///io.grpc.inprocess.InProcessSocketAddress@542eeacd
2017-05-16 20:15:31,323 INFO  [i.b.o.m.BridgeOracleEngineManager] [] [] [] : Trying to start managed worker UnityWorker0
2017-05-16 20:15:31,324 INFO  [i.bridge.oracle.scaling.WorkerScaler] [] [] [] : Starting 1 new managed workers for attribute_set {
  attribute {
    name: "physics"
  }
}
 (required: 1, existing: 0)
2017-05-16 20:15:31,340 INFO  [io.grpc.internal.ManagedChannelImpl] [] [] [] : [ManagedChannelImpl@72e1a569] Created with target directaddress:///io.grpc.inprocess.InProcessSocketAddress@6d65eb44
2017-05-16 20:15:31,341 INFO  [i.e.worker.WorkerStartupExecutor] [] [] [] : Awaiting internal receptionist service to register with service discovery
2017-05-16 20:15:31,342 INFO  [io.grpc.internal.ManagedChannelImpl] [] [] [] : [ManagedChannelImpl@68ecbc69] Created with target directaddress:///io.grpc.inprocess.InProcessSocketAddress@25ffc95d
2017-05-16 20:15:31,342 INFO  [i.e.worker.WorkerStartupExecutor] [] [] [] : Successfully found the internal receptionist service in service discovery
2017-05-16 20:15:31,343 INFO  [io.grpc.internal.ClientCallImpl] [] [] [] : Call timeout set to '29997718917' ns, due to context deadline. Explicit call timeout was '29999379179' ns.
2017-05-16 20:15:31,345 INFO  [i.e.worker.WorkerStartupExecutor] [] [] [] : Awaiting public receptionist service to register with service discovery
2017-05-16 20:15:31,346 INFO  [i.e.worker.WorkerStartupExecutor] [] [] [] : Successfully found the public receptionist service in service discovery
2017-05-16 20:15:32,285 INFO  [i.e.worker.WorkerStartupExecutor] [] [] [] : Created log file for worker UnityWorker0, type (UnityWorker): [/Users/trefethen/Documents/unity/spatial/logs/2017-05-16_20-15-14_0/workers/UnityWorker/UnityWorker0-3613031290545355508.log]
2017-05-16 20:15:32,286 INFO  [i.engine.worker.CommandLineExecutor] [] [] [] : Running command: /var/folders/4l/xzgp2w7j5lzd9ydctvd65g1c0000gn/T/improbable6071907855051952622/UnityWorker@Mac.app/Contents/MacOS/UnityWorker@Mac +appName your_project_name_here +receptionistIp 127.0.0.1 +receptionistPort 7777 +workerType UnityWorker +workerId UnityWorker0 +useInternalIpForBridge true +infraServicesUrl http://127.0.0.1:21000 +assemblyName local_assembly +linkProtocol RakNet -logfile /Users/trefethen/Documents/unity/spatial/logs/2017-05-16_20-15-14_0/workers/UnityWorker/UnityWorker0-3613031290545355508.log -batchmode -nographics
2017-05-16 20:15:32,460 INFO  [io.grpc.internal.ClientCallImpl] [] [] [] : Call timeout set to '29997648728' ns, due to context deadline. Explicit call timeout was '29999468352' ns.
2017-05-16 20:15:32,649 INFO  [io.grpc.internal.ManagedChannelImpl] [] [] [] : [ManagedChannelImpl@5518a3f7] Created with target directaddress:///io.grpc.inprocess.InProcessSocketAddress@2b26b840
2017-05-16 20:15:32,958 INFO  [i.b.o.p.LoadTrackingProximityPreferredBridgeModulePicker] [] [] [] : Attempting to get positionhint for UnityWorker0 via rpc
2017-05-16 20:15:32,962 INFO  [i.m.b.o.m.BridgeModuleOracleActor] [] [] [] : Asking LoadTrackingProximityPreferredBridgeModulePicker for a new BridgeModule for Engine(UnityWorker0). Returning: Some(BridgeModuleEndpoint(tfOO4h0V)) at Some(BridgeModuleLoadBalanceInfo((0.0, 0.0, 0.0),0))
2017-05-16 20:15:33,100 INFO  [i.b.i.BridgeInternalServiceImpl] [] [] [] : Bridge worker_id: "UnityWorker0"
 registered with bridge internal service
2017-05-16 20:15:33,104 INFO  [i.b.o.s.BridgeOracleInternalServiceImpl] [] [] [] : Got bridge started rpc from bridge: worker_id: "UnityWorker0"

2017-05-16 20:15:33,104 INFO  [i.b.o.s.BridgeOracleInternalServiceImpl] [] [] [] : The worker UnityWorker0 registered with SpatialOS successfully.
2017-05-16 20:15:33,105 INFO  [i.module.bridge.oracle.BridgeOracle] [] [] [] : Sending bridge started to self for bridge endpoint BridgeEndpoint(UnityWorker0)
2017-05-16 20:15:33,106 INFO  [i.module.bridge.oracle.BridgeOracle] [] [] [] : Bridge(UnityWorker0) started.
2017-05-16 20:15:33,106 INFO  [i.b.o.m.BridgeOracleEngineManager] [] [] [] : Worker UnityWorker0 registered with the BridgeOracleEngine manager
2017-05-16 20:15:33,107 INFO  [improbable.bridge.BridgeActor] [] [] [] : Bridge(UnityWorker0) sent BridgeStarted to the bridge oracle.
2017-05-16 20:15:33,257 INFO  [i.b.n.raknet.GuardedRakPeerInterface] [] [] [] : New RakNet connection established with 127.0.0.1
2017-05-16 20:15:33,973 INFO  [io.grpc.internal.ClientCallImpl] [] [] [] : Call timeout set to '29997848087' ns, due to context deadline. Explicit call timeout was '29998404342' ns.
2017-05-16 20:15:34,974 INFO  [i.i.service.InspectionRestService] [] [] [] : Processing GET request from new source 0:0:0:0:0:0:0:1
2017-05-16 20:15:35,485 INFO  [io.grpc.internal.ClientCallImpl] [] [] [] : Call timeout set to '29999330037' ns, due to context deadline. Explicit call timeout was '29999923834' ns.
2017-05-16 20:15:36,992 INFO  [io.grpc.internal.ClientCallImpl] [] [] [] : Call timeout set to '29999237290' ns, due to context deadline. Explicit call timeout was '29999922047' ns.
2017-05-16 20:15:38,499 INFO  [io.grpc.internal.ClientCallImpl] [] [] [] : Call timeout set to '29999323304' ns, due to context deadline. Explicit call timeout was '29999867856' ns.
2017-05-16 20:15:40,006 INFO  [io.grpc.internal.ClientCallImpl] [] [] [] : Call timeout set to '29999410505' ns, due to context deadline. Explicit call timeout was '29999931780' ns.
2017-05-16 20:15:41,292 INFO  [i.b.o.p.LoadTrackingProximityPreferredBridgeModulePicker] [] [] [] : Attempting to get positionhint for UnityClientf460265e-6d87-43ef-a39c-6b794eadacb4 via rpc
2017-05-16 20:15:41,293 INFO  [i.b.o.p.LoadTrackingProximityPreferredBridgeModulePicker] [] [] [] : Starting UnityClientf460265e-6d87-43ef-a39c-6b794eadacb4 without an existing position hint (none set), so using a randomly selected bridge module.
2017-05-16 20:15:41,295 INFO  [i.b.o.p.LoadTrackingProximityPreferredBridgeModulePicker] [] [] [] : Assign Engine(UnityClientf460265e-6d87-43ef-a39c-6b794eadacb4) to a random Endpoint(Some(BridgeModuleEndpoint(tfOO4h0V))): no position hint was found. (Logged every 100 times)
2017-05-16 20:15:41,295 INFO  [i.m.b.o.m.BridgeModuleOracleActor] [] [] [] : Asking LoadTrackingProximityPreferredBridgeModulePicker for a new BridgeModule for Engine(UnityClientf460265e-6d87-43ef-a39c-6b794eadacb4). Returning: Some(BridgeModuleEndpoint(tfOO4h0V)) at Some(BridgeModuleLoadBalanceInfo((0.0, 0.0, 0.0),1))
2017-05-16 20:15:41,297 INFO  [i.l.params.LoadbalancerParamsFactory] [] [] [] : LoadbalancerParams for worker type [UnityClient]: [FlagzLoadbalancerParams{energyLimitingEnabled=true, energyLimit=1.0E9, minWorkerRange=Infinity, maxWorkerRange=Infinity, maxWorkerStepSize=50.0, workerExpansionTimeMs=60000, workerGridSize=5, loadbalancerEnabled=true, hexGridMode=OFF, scalerAdvisorType=ENTITY_COUNT, maxWorkers=25, initialWorkers=25, numEntitiesPerWorker=9223372036854775807, statusReportPeriodMs=2000, pointsOfInterestEnabled=false, hexGridSolution=Empty, pointsOfInterestSolution=Empty}]
2017-05-16 20:15:41,314 INFO  [i.b.i.BridgeInternalServiceImpl] [] [] [] : Bridge worker_id: "UnityClientf460265e-6d87-43ef-a39c-6b794eadacb4"
 registered with bridge internal service
2017-05-16 20:15:41,315 INFO  [i.b.o.s.BridgeOracleInternalServiceImpl] [] [] [] : Got bridge started rpc from bridge: worker_id: "UnityClientf460265e-6d87-43ef-a39c-6b794eadacb4"

2017-05-16 20:15:41,315 INFO  [i.b.o.s.BridgeOracleInternalServiceImpl] [] [] [] : The worker UnityClientf460265e-6d87-43ef-a39c-6b794eadacb4 registered with SpatialOS successfully.
2017-05-16 20:15:41,315 INFO  [i.module.bridge.oracle.BridgeOracle] [] [] [] : Sending bridge started to self for bridge endpoint BridgeEndpoint(UnityClientf460265e-6d87-43ef-a39c-6b794eadacb4)
2017-05-16 20:15:41,315 INFO  [i.module.bridge.oracle.BridgeOracle] [] [] [] : Bridge(UnityClientf460265e-6d87-43ef-a39c-6b794eadacb4) started.
2017-05-16 20:15:41,315 INFO  [improbable.bridge.BridgeActor] [] [] [] : Bridge(UnityClientf460265e-6d87-43ef-a39c-6b794eadacb4) sent BridgeStarted to the bridge oracle.
2017-05-16 20:15:41,367 INFO  [i.b.n.raknet.GuardedRakPeerInterface] [] [] [] : New RakNet connection established with 127.0.0.1
2017-05-16 20:15:41,514 INFO  [io.grpc.internal.ClientCallImpl] [] [] [] : Call timeout set to '29999487712' ns, due to context deadline. Explicit call timeout was '29999935308' ns.
2017-05-16 20:15:41,528 INFO  [io.grpc.internal.ManagedChannelImpl] [] [] [] : [ManagedChannelImpl@1842bbad] Created with target directaddress:///io.grpc.inprocess.InProcessSocketAddress@5cf8898d
2017-05-16 20:15:41,763 INFO  [io.grpc.internal.ManagedChannelImpl] [] [] [] : [ManagedChannelImpl@72f815ec] Created with target directaddress:///io.grpc.inprocess.InProcessSocketAddress@12cbaaad
2017-05-16 20:15:43,021 INFO  [io.grpc.internal.ClientCallImpl] [] [] [] : Call timeout set to '29999332282' ns, due to context deadline. Explicit call timeout was '29999927534' ns.
2017-05-16 20:15:44,528 INFO  [io.grpc.internal.ClientCallImpl] [] [] [] : Call timeout set to '29999429423' ns, due to context deadline. Explicit call timeout was '29999926984' ns.
2017-05-16 20:15:46,034 INFO  [io.grpc.internal.ClientCallImpl] [] [] [] : Call timeout set to '29999380173' ns, due to context deadline. Explicit call timeout was '29999944184' ns.
2017-05-16 20:15:47,541 INFO  [io.grpc.internal.ClientCallImpl] [] [] [] : Call timeout set to '29999439582' ns, due to context deadline. Explicit call timeout was '29999935454' ns.
2017-05-16 20:15:49,048 INFO  [io.grpc.internal.ClientCallImpl] [] [] [] : Call timeout set to '29999289879' ns, due to context deadline. Explicit call timeout was '29999928842' ns.
2017-05-16 20:15:50,555 INFO  [io.grpc.internal.ClientCallImpl] [] [] [] : Call timeout set to '29999460682' ns, due to context deadline. Explicit call timeout was '29999926581' ns.
2017-05-16 20:15:52,061 INFO  [io.grpc.internal.ClientCallImpl] [] [] [] : Call timeout set to '29999444989' ns, due to context deadline. Explicit call timeout was '29999943587' ns.
2017-05-16 20:15:53,569 INFO  [io.grpc.internal.ClientCallImpl] [] [] [] : Call timeout set to '29999247922' ns, due to context deadline. Explicit call timeout was '29999928322' ns.
2017-05-16 20:15:55,075 INFO  [io.grpc.internal.ClientCallImpl] [] [] [] : Call timeout set to '29999485278' ns, due to context deadline. Explicit call timeout was '29999937975' ns.
2017-05-16 20:15:56,582 INFO  [io.grpc.internal.ClientCallImpl] [] [] [] : Call timeout set to '29999511697' ns, due to context deadline. Explicit call timeout was '29999938256' ns.
2017-05-16 20:15:58,089 INFO  [io.grpc.internal.ClientCallImpl] [] [] [] : Call timeout set to '29999340975' ns, due to context deadline. Explicit call timeout was '29999935574' ns.
2017-05-16 20:15:59,596 INFO  [io.grpc.internal.ClientCallImpl] [] [] [] : Call timeout set to '29999313948' ns, due to context deadline. Explicit call timeout was '29999935102' ns.
2017-05-16 20:16:01,103 INFO  [io.grpc.internal.ClientCallImpl] [] [] [] : Call timeout set to '29999465953' ns, due to context deadline. Explicit call timeout was '29999921498' ns.
2017-05-16 20:16:02,609 INFO  [io.grpc.internal.ClientCallImpl] [] [] [] : Call timeout set to '29999328605' ns, due to context deadline. Explicit call timeout was '29999921183' ns.
2017-05-16 20:16:04,117 INFO  [io.grpc.internal.ClientCallImpl] [] [] [] : Call timeout set to '29999063807' ns, due to context deadline. Explicit call timeout was '29999887487' ns.
2017-05-16 20:16:05,623 INFO  [io.grpc.internal.ClientCallImpl] [] [] [] : Call timeout set to '29999494399' ns, due to context deadline. Explicit call timeout was '29999941700' ns.
2017-05-16 20:16:07,130 INFO  [io.grpc.internal.ClientCallImpl] [] [] [] : Call timeout set to '29999312735' ns, due to context deadline. Explicit call timeout was '29999940113' ns.
2017-05-16 20:16:07,157 INFO  [i.b.n.BridgeActorTransportLinkListener] [] [] [] : TransportLinkListener(UnityClientf460265e-6d87-43ef-a39c-6b794eadacb4) sending Disconnected to akka://akkaFabric/user/BridgeModule:tfOO4h0V/BridgeActor-UnityClientf460265e-6d87-43ef-a39c-6b794eadacb4
2017-05-16 20:16:07,160 INFO  [i.module.bridge.oracle.BridgeOracle] [] [] [] : Bridge(UnityClientf460265e-6d87-43ef-a39c-6b794eadacb4) stopped.
2017-05-16 20:16:07,162 INFO  [i.b.i.BridgeInternalServiceImpl] [] [] [] : Bridge worker_id: "UnityClientf460265e-6d87-43ef-a39c-6b794eadacb4"
 unregistered with bridge internal service
2017-05-16 20:16:07,162 INFO  [improbable.bridge.BridgeActor] [] [] [] : Bridge(UnityClientf460265e-6d87-43ef-a39c-6b794eadacb4) on BridgeModuleEndpoint(tfOO4h0V) stopped.
2017-05-16 20:16:07,165 INFO  [akka.actor.LocalActorRef] [akka://akkaFabric/user/BridgeModule:tfOO4h0V/BridgeActor-UnityClientf460265e-6d87-43ef-a39c-6b794eadacb4] [akkaFabric-akka.actor.default-dispatcher-51] [] : Message [improbable.fabric.internal.pubsub.PubSubMessageProto$PubSubMessage] from Actor[akka://akkaFabric/user/BridgeModule:tfOO4h0V/BridgeActor-UnityClientf460265e-6d87-43ef-a39c-6b794eadacb4#-605979109] to Actor[akka://akkaFabric/user/BridgeModule:tfOO4h0V/BridgeActor-UnityClientf460265e-6d87-43ef-a39c-6b794eadacb4#-605979109] was not delivered. [1] dead letters encountered. This logging can be turned off or adjusted with configuration settings 'akka.log-dead-letters' and 'akka.log-dead-letters-during-shutdown'.
2017-05-16 20:16:08,638 INFO  [io.grpc.internal.ClientCallImpl] [] [] [] : Call timeout set to '29999336749' ns, due to context deadline. Explicit call timeout was '29999911546' ns.
2017-05-16 20:16:10,145 INFO  [io.grpc.internal.ClientCallImpl] [] [] [] : Call timeout set to '29999296944' ns, due to context deadline. Explicit call timeout was '29999930888' ns.
2017-05-16 20:16:11,652 INFO  [io.grpc.internal.ClientCallImpl] [] [] [] : Call timeout set to '29999416083' ns, due to context deadline. Explicit call timeout was '29999932887' ns.
2017-05-16 20:16:13,159 INFO  [io.grpc.internal.ClientCallImpl] [] [] [] : Call timeout set to '29999448760' ns, due to context deadline. Explicit call timeout was '29999939335' ns.
2017-05-16 20:16:14,665 INFO  [io.grpc.internal.ClientCallImpl] [] [] [] : Call timeout set to '29999517835' ns, due to context deadline. Explicit call timeout was '29999929758' ns.
2017-05-16 20:16:16,173 INFO  [io.grpc.internal.ClientCallImpl] [] [] [] : Call timeout set to '29999474923' ns, due to context deadline. Explicit call timeout was '29999941572' ns.
2017-05-16 20:16:17,679 INFO  [io.grpc.internal.ClientCallImpl] [] [] [] : Call timeout set to '29999409937' ns, due to context deadline. Explicit call timeout was '29999931310' ns.
2017-05-16 20:16:19,186 INFO  [io.grpc.internal.ClientCallImpl] [] [] [] : Call timeout set to '29999426364' ns, due to context deadline. Explicit call timeout was '29999912897' ns.
2017-05-16 20:16:20,693 INFO  [io.grpc.internal.ClientCallImpl] [] [] [] : Call timeout set to '29999471509' ns, due to context deadline. Explicit call timeout was '29999942199' ns.
2017-05-16 20:16:22,200 INFO  [io.grpc.internal.ClientCallImpl] [] [] [] : Call timeout set to '29999355461' ns, due to context deadline. Explicit call timeout was '29999949209' ns.
2017-05-16 20:16:23,706 INFO  [io.grpc.internal.ClientCallImpl] [] [] [] : Call timeout set to '29999435364' ns, due to context deadline. Explicit call timeout was '29999936696' ns.
2017-05-16 20:16:25,212 INFO  [io.grpc.internal.ClientCallImpl] [] [] [] : Call timeout set to '29999448427' ns, due to context deadline. Explicit call timeout was '29999928896' ns.
2017-05-16 20:16:26,360 INFO  [i.b.o.p.LoadTrackingProximityPreferredBridgeModulePicker] [] [] [] : Attempting to get positionhint for UnityClient6be0c606-ac33-4478-9249-6a335eb5e02f via rpc
2017-05-16 20:16:26,360 INFO  [i.b.o.p.LoadTrackingProximityPreferredBridgeModulePicker] [] [] [] : Starting UnityClient6be0c606-ac33-4478-9249-6a335eb5e02f without an existing position hint (none set), so using a randomly selected bridge module.
2017-05-16 20:16:26,361 INFO  [i.m.b.o.m.BridgeModuleOracleActor] [] [] [] : Asking LoadTrackingProximityPreferredBridgeModulePicker for a new BridgeModule for Engine(UnityClient6be0c606-ac33-4478-9249-6a335eb5e02f). Returning: Some(BridgeModuleEndpoint(tfOO4h0V)) at Some(BridgeModuleLoadBalanceInfo((0.0, 0.0, 0.0),1))
2017-05-16 20:16:26,379 INFO  [i.b.i.BridgeInternalServiceImpl] [] [] [] : Bridge worker_id: "UnityClient6be0c606-ac33-4478-9249-6a335eb5e02f"
 registered with bridge internal service
2017-05-16 20:16:26,380 INFO  [i.b.o.s.BridgeOracleInternalServiceImpl] [] [] [] : Got bridge started rpc from bridge: worker_id: "UnityClient6be0c606-ac33-4478-9249-6a335eb5e02f"

2017-05-16 20:16:26,380 INFO  [i.b.o.s.BridgeOracleInternalServiceImpl] [] [] [] : The worker UnityClient6be0c606-ac33-4478-9249-6a335eb5e02f registered with SpatialOS successfully.
2017-05-16 20:16:26,380 INFO  [i.module.bridge.oracle.BridgeOracle] [] [] [] : Sending bridge started to self for bridge endpoint BridgeEndpoint(UnityClient6be0c606-ac33-4478-9249-6a335eb5e02f)
2017-05-16 20:16:26,380 INFO  [i.module.bridge.oracle.BridgeOracle] [] [] [] : Bridge(UnityClient6be0c606-ac33-4478-9249-6a335eb5e02f) started.
2017-05-16 20:16:26,381 INFO  [improbable.bridge.BridgeActor] [] [] [] : Bridge(UnityClient6be0c606-ac33-4478-9249-6a335eb5e02f) sent BridgeStarted to the bridge oracle.
2017-05-16 20:16:26,433 INFO  [i.b.n.raknet.GuardedRakPeerInterface] [] [] [] : New RakNet connection established with 127.0.0.1
2017-05-16 20:16:26,718 INFO  [io.grpc.internal.ClientCallImpl] [] [] [] : Call timeout set to '29999490003' ns, due to context deadline. Explicit call timeout was '29999949472' ns.
2017-05-16 20:16:28,225 INFO  [io.grpc.internal.ClientCallImpl] [] [] [] : Call timeout set to '29999433558' ns, due to context deadline. Explicit call timeout was '29999934537' ns.
2017-05-16 20:16:29,731 INFO  [io.grpc.internal.ClientCallImpl] [] [] [] : Call timeout set to '29999457864' ns, due to context deadline. Explicit call timeout was '29999948117' ns.
2017-05-16 20:16:31,238 INFO  [io.grpc.internal.ClientCallImpl] [] [] [] : Call timeout set to '29999199924' ns, due to context deadline. Explicit call timeout was '29999907186' ns.
2017-05-16 20:16:32,745 INFO  [io.grpc.internal.ClientCallImpl] [] [] [] : Call timeout set to '29999396074' ns, due to context deadline. Explicit call timeout was '29999928263' ns.
2017-05-16 20:16:34,252 INFO  [io.grpc.internal.ClientCallImpl] [] [] [] : Call timeout set to '29999365433' ns, due to context deadline. Explicit call timeout was '29999938297' ns.
2017-05-16 20:16:35,759 INFO  [io.grpc.internal.ClientCallImpl] [] [] [] : Call timeout set to '29999482190' ns, due to context deadline. Explicit call timeout was '29999947321' ns.
2017-05-16 20:16:37,266 INFO  [io.grpc.internal.ClientCallImpl] [] [] [] : Call timeout set to '29999475966' ns, due to context deadline. Explicit call timeout was '29999936989' ns.
2017-05-16 20:16:38,773 INFO  [io.grpc.internal.ClientCallImpl] [] [] [] : Call timeout set to '29999205477' ns, due to context deadline. Explicit call timeout was '29999847517' ns.
2017-05-16 20:16:40,279 INFO  [io.grpc.internal.ClientCallImpl] [] [] [] : Call timeout set to '29999470784' ns, due to context deadline. Explicit call timeout was '29999953070' ns.
2017-05-16 20:16:41,786 INFO  [io.grpc.internal.ClientCallImpl] [] [] [] : Call timeout set to '29999497043' ns, due to context deadline. Explicit call timeout was '29999906081' ns.
2017-05-16 20:16:43,294 INFO  [io.grpc.internal.ClientCallImpl] [] [] [] : Call timeout set to '29999442101' ns, due to context deadline. Explicit call timeout was '29999957583' ns.
2017-05-16 20:16:44,800 INFO  [io.grpc.internal.ClientCallImpl] [] [] [] : Call timeout set to '29999320772' ns, due to context deadline. Explicit call timeout was '29999957702' ns.
2017-05-16 20:16:46,307 INFO  [io.grpc.internal.ClientCallImpl] [] [] [] : Call timeout set to '29999455936' ns, due to context deadline. Explicit call timeout was '29999939571' ns.
2017-05-16 20:16:47,817 INFO  [io.grpc.internal.ClientCallImpl] [] [] [] : Call timeout set to '29999390422' ns, due to context deadline. Explicit call timeout was '29999960927' ns.
2017-05-16 20:16:49,324 INFO  [io.grpc.internal.ClientCallImpl] [] [] [] : Call timeout set to '29999492588' ns, due to context deadline. Explicit call timeout was '29999958881' ns.
2017-05-16 20:16:50,830 INFO  [io.grpc.internal.ClientCallImpl] [] [] [] : Call timeout set to '29999495340' ns, due to context deadline. Explicit call timeout was '29999950708' ns.
2017-05-16 20:16:52,337 INFO  [io.grpc.internal.ClientCallImpl] [] [] [] : Call timeout set to '29999325471' ns, due to context deadline. Explicit call timeout was '29999955398' ns.
2017-05-16 20:16:53,844 INFO  [io.grpc.internal.ClientCallImpl] [] [] [] : Call timeout set to '29999473415' ns, due to context deadline. Explicit call timeout was '29999956491' ns.
2017-05-16 20:16:55,350 INFO  [io.grpc.internal.ClientCallImpl] [] [] [] : Call timeout set to '29999364060' ns, due to context deadline. Explicit call timeout was '29999951668' ns.
2017-05-16 20:16:56,857 INFO  [io.grpc.internal.ClientCallImpl] [] [] [] : Call timeout set to '29999060277' ns, due to context deadline. Explicit call timeout was '29999933101' ns.
2017-05-16 20:16:58,364 INFO  [io.grpc.internal.ClientCallImpl] [] [] [] : Call timeout set to '29999468551' ns, due to context deadline. Explicit call timeout was '29999936305' ns.
2017-05-16 20:16:59,870 INFO  [io.grpc.internal.ClientCallImpl] [] [] [] : Call timeout set to '29999480290' ns, due to context deadline. Explicit call timeout was '29999952201' ns.
2017-05-16 20:17:01,377 INFO  [io.grpc.internal.ClientCallImpl] [] [] [] : Call timeout set to '29999132451' ns, due to context deadline. Explicit call timeout was '29999954512' ns.
2017-05-16 20:17:02,883 INFO  [io.grpc.internal.ClientCallImpl] [] [] [] : Call timeout set to '29999485088' ns, due to context deadline. Explicit call timeout was '29999960385' ns.
2017-05-16 20:17:04,390 INFO  [io.grpc.internal.ClientCallImpl] [] [] [] : Call timeout set to '29999402101' ns, due to context deadline. Explicit call timeout was '29999952568' ns.
2017-05-16 20:17:05,900 INFO  [io.grpc.internal.ClientCallImpl] [] [] [] : Call timeout set to '29999571306' ns, due to context deadline. Explicit call timeout was '29999962589' ns.
2017-05-16 20:17:07,405 INFO  [io.grpc.internal.ClientCallImpl] [] [] [] : Call timeout set to '29999449091' ns, due to context deadline. Explicit call timeout was '29999954373' ns.
2017-05-16 20:17:08,912 INFO  [io.grpc.internal.ClientCallImpl] [] [] [] : Call timeout set to '29999402924' ns, due to context deadline. Explicit call timeout was '29999941067' ns.
2017-05-16 20:17:10,418 INFO  [io.grpc.internal.ClientCallImpl] [] [] [] : Call timeout set to '29999399313' ns, due to context deadline. Explicit call timeout was '29999957445' ns.
2017-05-16 20:17:11,925 INFO  [io.grpc.internal.ClientCallImpl] [] [] [] : Call timeout set to '29999521407' ns, due to context deadline. Explicit call timeout was '29999956281' ns.
2017-05-16 20:17:13,431 INFO  [io.grpc.internal.ClientCallImpl] [] [] [] : Call timeout set to '29999475349' ns, due to context deadline. Explicit call timeout was '29999961419' ns.
2017-05-16 20:17:14,937 INFO  [io.grpc.internal.ClientCallImpl] [] [] [] : Call timeout set to '29999428977' ns, due to context deadline. Explicit call timeout was '29999964599' ns.
2017-05-16 20:17:16,450 INFO  [io.grpc.internal.ClientCallImpl] [] [] [] : Call timeout set to '29999478565' ns, due to context deadline. Explicit call timeout was '29999963127' ns.
2017-05-16 20:17:44,309 INFO  [io.grpc.internal.ClientCallImpl] [] [] [] : Call timeout set to '29998752805' ns, due to context deadline. Explicit call timeout was '29999886233' ns.
2017-05-16 20:17:45,859 INFO  [io.grpc.internal.ClientCallImpl] [] [] [] : Call timeout set to '29998817254' ns, due to context deadline. Explicit call timeout was '29999848106' ns.
2017-05-16 20:17:47,389 INFO  [io.grpc.internal.ClientCallImpl] [] [] [] : Call timeout set to '29999148747' ns, due to context deadline. Explicit call timeout was '29999897629' ns.
2017-05-16 20:17:48,899 INFO  [io.grpc.internal.ClientCallImpl] [] [] [] : Call timeout set to '29998819680' ns, due to context deadline. Explicit call timeout was '29999833174' ns.
2017-05-16 20:17:50,409 INFO  [io.grpc.internal.ClientCallImpl] [] [] [] : Call timeout set to '29999100102' ns, due to context deadline. Explicit call timeout was '29999887435' ns.
2017-05-16 20:17:51,930 INFO  [io.grpc.internal.ClientCallImpl] [] [] [] : Call timeout set to '29998709444' ns, due to context deadline. Explicit call timeout was '29999918888' ns.
2017-05-16 20:17:57,123 INFO  [i.b.n.BridgeActorTransportLinkListener] [] [] [] : TransportLinkListener(UnityClient6be0c606-ac33-4478-9249-6a335eb5e02f) sending Disconnected to akka://akkaFabric/user/BridgeModule:tfOO4h0V/BridgeActor-UnityClient6be0c606-ac33-4478-9249-6a335eb5e02f
2017-05-16 20:17:57,125 INFO  [i.module.bridge.oracle.BridgeOracle] [] [] [] : Bridge(UnityClient6be0c606-ac33-4478-9249-6a335eb5e02f) stopped.
2017-05-16 20:17:57,127 INFO  [i.b.i.BridgeInternalServiceImpl] [] [] [] : Bridge worker_id: "UnityClient6be0c606-ac33-4478-9249-6a335eb5e02f"
 unregistered with bridge internal service
2017-05-16 20:17:57,128 INFO  [improbable.bridge.BridgeActor] [] [] [] : Bridge(UnityClient6be0c606-ac33-4478-9249-6a335eb5e02f) on BridgeModuleEndpoint(tfOO4h0V) stopped.
2017-05-16 20:17:57,136 INFO  [akka.actor.LocalActorRef] [akka://akkaFabric/user/BridgeModule:tfOO4h0V/BridgeActor-UnityClient6be0c606-ac33-4478-9249-6a335eb5e02f] [akkaFabric-akka.actor.default-dispatcher-77] [] : Message [improbable.fabric.internal.pubsub.PubSubMessageProto$PubSubMessage] from Actor[akka://akkaFabric/user/BridgeModule:tfOO4h0V/BridgeActor-UnityClient6be0c606-ac33-4478-9249-6a335eb5e02f#-1140625795] to Actor[akka://akkaFabric/user/BridgeModule:tfOO4h0V/BridgeActor-UnityClient6be0c606-ac33-4478-9249-6a335eb5e02f#-1140625795] was not delivered. [2] dead letters encountered. This logging can be turned off or adjusted with configuration settings 'akka.log-dead-letters' and 'akka.log-dead-letters-during-shutdown'.
2017-05-16 20:18:00,071 INFO  [i.c.discovery.ServiceDiscoveryImpl] [] [] [] : Shutting down all services
2017-05-16 20:18:00,076 INFO  [i.core.discovery.server.PublicServer] [] [] [] : Stopped Service(improbable.platform.runtime.HealthCheckService) on host: "127.0.0.1"
port: 9001

2017-05-16 20:18:00,081 INFO  [i.core.discovery.server.LocalServer] [] [] [] : Stopped Service(improbable.fabric.internal.service.RouterInternalService) on host: "127.0.0.1"
port: 9010

2017-05-16 20:18:00,084 INFO  [i.core.discovery.server.PublicServer] [] [] [] : Stopped Service(improbable.platform.inner.worker.WorkerRunner) on host: "127.0.0.1"
port: 9021

2017-05-16 20:18:00,085 INFO  [i.core.discovery.server.LocalServer] [] [] [] : Stopped Service(improbable.fabric.internal.service.ContentionInternalService) on host: "127.0.0.1"
port: 9003

2017-05-16 20:18:00,091 INFO  [i.core.discovery.server.LocalServer] [] [] [] : Stopped Service(improbable.fabric.internal.service.GlobalBrokerInternalService) on host: "127.0.0.1"
port: 9014

2017-05-16 20:18:00,095 ERROR [i.engine.worker.CommandLineExecutor] [] [] [] : Worker UnityWorker0 terminated abnormally. It may have crashed due to worker-side errors.
2017-05-16 20:18:00,096 INFO  [i.core.discovery.server.PublicServer] [] [] [] : Stopped Service(improbable.platform.runtime.InspectionService) on host: "127.0.0.1"
port: 9025

2017-05-16 20:18:00,096 ERROR [i.engine.worker.CommandLineExecutor] [] [] [] : (UnityWorker0) Command exited with code 143 (POSIX signal: 15): /var/folders/4l/xzgp2w7j5lzd9ydctvd65g1c0000gn/T/improbable6071907855051952622/UnityWorker@Mac.app/Contents/MacOS/UnityWorker@Mac +appName your_project_name_here +receptionistIp 127.0.0.1 +receptionistPort 7777 +workerType UnityWorker +workerId UnityWorker0 +useInternalIpForBridge true +infraServicesUrl http://127.0.0.1:21000 +assemblyName local_assembly +linkProtocol RakNet -logfile /Users/trefethen/Documents/unity/spatial/logs/2017-05-16_20-15-14_0/workers/UnityWorker/UnityWorker0-3613031290545355508.log -batchmode -nographics
2017-05-16 20:18:00,104 INFO  [i.core.discovery.server.LocalServer] [] [] [] : Stopped Service(improbable.fabric.internal.service.LocalBrokerInternalService) on host: "127.0.0.1"
port: 9012

2017-05-16 20:18:00,106 INFO  [i.core.discovery.server.PublicServer] [] [] [] : Stopped Service(improbable.platform.runtime.SnapshotService) on host: "127.0.0.1"
port: 9023

2017-05-16 20:18:00,106 INFO  [i.core.discovery.server.LocalServer] [] [] [] : Stopped Service(improbable.fabric.internal.service.WorldExtentsInternalService) on host: "127.0.0.1"
port: 9006

2017-05-16 20:18:00,106 INFO  [i.core.discovery.server.PublicServer] [] [] [] : Stopped Service(improbable.platform.runtime.ModuleService) on host: "127.0.0.1"
port: 9017

2017-05-16 20:18:00,107 INFO  [i.core.discovery.server.PublicServer] [] [] [] : Stopped Service(improbable.platform.runtime.FeatureService) on host: "127.0.0.1"
port: 9004

2017-05-16 20:18:00,110 INFO  [i.core.discovery.server.LocalServer] [] [] [] : Stopped Service(improbable.fabric.internal.service.BridgeServiceOracleInternalService) on host: "127.0.0.1"
port: 9015

2017-05-16 20:18:00,113 INFO  [i.core.discovery.server.LocalServer] [] [] [] : Stopped Service(improbable.fabric.internal.service.BridgePositionHintInternalService) on host: "127.0.0.1"
port: 9008

2017-05-16 20:18:00,114 INFO  [i.core.discovery.server.PublicServer] [] [] [] : Stopped Service(improbable.platform.runtime.ReceptionistService) on host: "127.0.0.1"
port: 9019

2017-05-16 20:18:00,114 INFO  [i.core.discovery.server.LocalServer] [] [] [] : Stopped Service(improbable.fabric.internal.service.RunLevelInternalService) on host: "127.0.0.1"
port: 9000

2017-05-16 20:18:00,118 INFO  [i.core.discovery.server.LocalServer] [] [] [] : Stopped Service(improbable.fabric.internal.service.RemoteMessageInternalService) on host: "127.0.0.1"
port: 9011

2017-05-16 20:18:00,121 INFO  [i.core.discovery.server.PublicServer] [] [] [] : Stopped Service(improbable.fabric.internal.service.ScalingStatsInternalService) on host: "127.0.0.1"
port: 9022

2017-05-16 20:18:00,123 INFO  [i.core.discovery.server.LocalServer] [] [] [] : Stopped Service(improbable.fabric.internal.service.WorldAppOracleInternalService) on host: "127.0.0.1"
port: 9020

2017-05-16 20:18:00,126 INFO  [i.core.discovery.server.LocalServer] [] [] [] : Stopped Service(improbable.fabric.internal.service.EntityQueryInternalService) on host: "127.0.0.1"
port: 9024

2017-05-16 20:18:00,129 INFO  [i.core.discovery.server.LocalServer] [] [] [] : Stopped Service(improbable.fabric.internal.service.ServiceDiscoveryInternalService) on host: "127.0.0.1"
port: 5301

2017-05-16 20:18:00,129 INFO  [i.core.discovery.server.LocalServer] [] [] [] : Stopped Service(improbable.fabric.internal.service.PerfInternalService) on host: "127.0.0.1"
port: 9002

2017-05-16 20:18:00,132 INFO  [i.core.discovery.server.LocalServer] [] [] [] : Stopped Service(improbable.fabric.internal.service.BridgeOracleInternalService) on host: "127.0.0.1"
port: 9013

2017-05-16 20:18:00,134 INFO  [i.core.discovery.server.LocalServer] [] [] [] : Stopped Service(improbable.fabric.internal.service.BridgeInternalService) on host: "127.0.0.1"
port: 9016

2017-05-16 20:18:00,135 INFO  [i.core.discovery.server.LocalServer] [] [] [] : Stopped Service(improbable.fabric.internal.service.NodeConfigurationInternalService) on host: "127.0.0.1"
port: 9005

2017-05-16 20:18:00,138 INFO  [i.core.discovery.server.LocalServer] [] [] [] : Stopped Service(improbable.fabric.internal.service.RouterLookupInternalService) on host: "127.0.0.1"
port: 9009

2017-05-16 20:18:00,141 INFO  [i.core.discovery.server.LocalServer] [] [] [] : Stopped Service(improbable.fabric.internal.service.EntityIdInternalService) on host: "127.0.0.1"
port: 9007

2017-05-16 20:18:00,144 INFO  [i.core.discovery.server.LocalServer] [] [] [] : Stopped Service(improbable.fabric.internal.service.ReceptionistInternalService) on host: "127.0.0.1"
port: 9018

