2017-05-15 16:34:51,234 INFO  [io.grpc.internal.ManagedChannelImpl] [] [] [] : [ManagedChannelImpl@17e69bbd] Created with target localhost:22000
2017-05-15 16:34:54,528 INFO  [i.deployment.InternalGameLauncher] [] [] [] : Parsed 366 internal flags at startup
2017-05-15 16:34:54,580 INFO  [i.deployment.InternalGameLauncher] [] [] [] : SpatialOS runtime version: 10-20170515T124111Z-65dc96e
2017-05-15 16:34:54,595 INFO  [io.grpc.internal.ManagedChannelImpl] [] [] [] : [ManagedChannelImpl@3f2470df] Created with target 127.0.0.1:22000
2017-05-15 16:34:54,597 INFO  [io.grpc.internal.ManagedChannelImpl] [] [] [] : [ManagedChannelImpl@6750a3f3] Created with target 127.0.0.1:22000
2017-05-15 16:34:54,720 INFO  [i.c.c.f.FlagzFieldRegistryUpdater] [] [] [] : Initialized Fabric flagz registry with 13 set fields.
2017-05-15 16:34:55,532 INFO  [io.grpc.internal.ManagedChannelImpl] [] [] [] : [ManagedChannelImpl@1c4f9fd9] Created with target localhost:22000
2017-05-15 16:34:57,481 INFO  [i.core.discovery.server.LocalServer] [] [] [] : Registered Service(improbable.fabric.internal.service.ServiceDiscoveryInternalService) on host: "127.0.0.1"
port: 5301
.
2017-05-15 16:34:57,482 INFO  [i.c.discovery.ServiceDiscoveryImpl] [] [] [] : Service discovery address: improbable.core.discovery.common.SettableServiceAddress@7b2e6c64
2017-05-15 16:34:57,490 INFO  [improbable.module.ModuleNode] [] [] [] : Starting Fabric node as master (IP: 127.0.0.1).
2017-05-15 16:34:57,494 INFO  [i.core.discovery.server.LocalServer] [] [] [] : Registered Service(improbable.fabric.internal.service.RunLevelInternalService) on host: "127.0.0.1"
port: 9000
.
2017-05-15 16:34:57,498 INFO  [i.core.discovery.server.PublicServer] [] [] [] : Registered Service(improbable.platform.runtime.HealthCheckService) on host: "127.0.0.1"
port: 9001
.
2017-05-15 16:34:57,505 INFO  [i.core.discovery.server.LocalServer] [] [] [] : Registered Service(improbable.fabric.internal.service.PerfInternalService) on host: "127.0.0.1"
port: 9002
.
2017-05-15 16:34:57,509 INFO  [io.grpc.internal.ManagedChannelImpl] [] [] [] : [ManagedChannelImpl@411bd66f] Created with target directaddress:///io.grpc.inprocess.InProcessSocketAddress@a0dae62
2017-05-15 16:34:57,511 INFO  [i.core.discovery.server.LocalServer] [] [] [] : Registered Service(improbable.fabric.internal.service.ContentionInternalService) on host: "127.0.0.1"
port: 9003
.
2017-05-15 16:34:57,518 INFO  [i.core.discovery.server.PublicServer] [] [] [] : Registered Service(improbable.platform.runtime.FeatureService) on host: "127.0.0.1"
port: 9004
.
2017-05-15 16:34:57,536 INFO  [i.c.d.global.GlobalServiceDiscovery] [] [] [] : Global service discovery refreshed 6 server(s) as master (previously: 0)
2017-05-15 16:34:57,538 INFO  [i.c.config.flagz.WorkerFlagzUpdater] [] [] [] : Initialized worker flagz registry with 0 set fields.
2017-05-15 16:34:57,539 INFO  [improbable.module.ModuleNode] [] [] [] : Using master node configuration loader.
2017-05-15 16:34:57,547 INFO  [i.core.discovery.server.LocalServer] [] [] [] : Registered Service(improbable.fabric.internal.service.NodeConfigurationInternalService) on host: "127.0.0.1"
port: 9005
.
2017-05-15 16:34:57,559 INFO  [i.c.c.n.MasterNodeConfigurationLoader] [] [] [] : Using roles [MASTER, GSIM, BRIDGE, WORKER_RUNNER, INSPECTION] for node node_id {
  deployment_id {
    project_id {
      name: "your_project_name_here"
    }
    name: "local"
  }
  name: "master"
}
private_ip: "127.0.0.1"
roles: MASTER
roles: GSIM
roles: BRIDGE
roles: WORKER_RUNNER
roles: INSPECTION

2017-05-15 16:34:57,569 INFO  [improbable.core.config.node.GsimGrid] [] [] [] : Created gsim grid configuration of size (1500, 1500) with 1 columns and 1 rows, using gsims of (30, 30) chunks.
2017-05-15 16:34:57,575 INFO  [i.c.c.n.MasterNodeConfigurationLoader] [] [] [] : Original deployment module configuration (before parsing): {deployment_id {
  project_id {
    name: "your_project_name_here"
  }
  name: "local"
}
name: "master"
=[name: "ProfilingModule"
, name: "AssetDatabaseModule"
, name: "BridgeModuleOracleModule"
, name: "BridgeOracleModule"
, name: "EngineStartupModuleOracleModule"
, name: "PersistenceModule"
, name: "ReceptionistModule"
, name: "RouterModule"
, name: "WorldAppOracleModule"
, name: "WorldAppSupervisorModule"
, name: "GSimModule"
, name: "BridgeModule"
, name: "EngineStartupModule"
, name: "DevWorldRestApiModule"
, name: "InspectionRestModule"
]}
2017-05-15 16:34:57,587 INFO  [improbable.module.ModuleNode] [] [] [] : Loaded node configuration: node_id {
  deployment_id {
    project_id {
      name: "your_project_name_here"
    }
    name: "local"
  }
  name: "master"
}
module_configurations {
  name: "ProfilingModule"
}
module_configurations {
  name: "AssetDatabaseModule"
}
module_configurations {
  name: "EngineStartupModuleOracleModule"
}
module_configurations {
  name: "PersistenceModule"
}
module_configurations {
  name: "ReceptionistModule"
}
module_configurations {
  name: "WorldAppOracleModule"
}
module_configurations {
  name: "WorldAppSupervisorModule"
}
module_configurations {
  name: "GSimModule"
}
module_configurations {
  name: "EngineStartupModule"
}
module_configurations {
  name: "DevWorldRestApiModule"
}
module_configurations {
  name: "InspectionRestModule"
}
gsim_configurations {
  extent {
    bottom_left {
      x_in_chunks: -15
      z_in_chunks: -15
    }
    top_right {
      x_in_chunks: 15
      z_in_chunks: 15
    }
  }
}
start_router: true
start_bridge_oracle: true
start_bridge_module_oracle: true
bridge_modules {
  name: "BridgeModule"
}

2017-05-15 16:34:57,587 INFO  [i.c.c.n.MasterNodeConfigurationLoader] [] [] [] : Master successfully loaded node configurations: {deployment_id {
  project_id {
    name: "your_project_name_here"
  }
  name: "local"
}
name: "master"
=node_id {
  deployment_id {
    project_id {
      name: "your_project_name_here"
    }
    name: "local"
  }
  name: "master"
}
module_configurations {
  name: "ProfilingModule"
}
module_configurations {
  name: "AssetDatabaseModule"
}
module_configurations {
  name: "EngineStartupModuleOracleModule"
}
module_configurations {
  name: "PersistenceModule"
}
module_configurations {
  name: "ReceptionistModule"
}
module_configurations {
  name: "WorldAppOracleModule"
}
module_configurations {
  name: "WorldAppSupervisorModule"
}
module_configurations {
  name: "GSimModule"
}
module_configurations {
  name: "EngineStartupModule"
}
module_configurations {
  name: "DevWorldRestApiModule"
}
module_configurations {
  name: "InspectionRestModule"
}
gsim_configurations {
  extent {
    bottom_left {
      x_in_chunks: -15
      z_in_chunks: -15
    }
    top_right {
      x_in_chunks: 15
      z_in_chunks: 15
    }
  }
}
start_router: true
start_bridge_oracle: true
start_bridge_module_oracle: true
bridge_modules {
  name: "BridgeModule"
}
}
2017-05-15 16:34:57,587 INFO  [improbable.module.ModuleNode] [] [] [] : Using master world extents provider.
2017-05-15 16:34:57,597 INFO  [i.core.discovery.server.LocalServer] [] [] [] : Registered Service(improbable.fabric.internal.service.WorldExtentsInternalService) on host: "127.0.0.1"
port: 9006
.
2017-05-15 16:34:57,598 INFO  [i.c.world.MasterWorldExtentsProvider] [] [] [] : Successfully initialized world extents with 1 rectangle(s).
2017-05-15 16:34:57,601 INFO  [improbable.module.ModuleNode] [] [] [] : Loaded world extents: WorldExtents{proto=rectangles {
  bottom_left {
    x: -750.0
    z: -750.0
  }
  top_right {
    x: 750.0
    z: 750.0
  }
  is_fully_simulated: true
  responsible_gsim_id {
  }
}
bounding_rectangle {
  bottom_left {
    x: -750.0
    z: -750.0
  }
  top_right {
    x: 750.0
    z: 750.0
  }
  is_fully_simulated: true
}
}
2017-05-15 16:34:58,499 INFO  [i.c.d.global.GlobalServiceDiscovery] [] [] [] : Global service discovery refreshed 8 server(s) as master (previously: 6)
2017-05-15 16:34:59,489 INFO  [i.entity.schema.FabricSchema] [] [] [] : Found components: [improbable.core.WorldTransform, improbable.EntityAcl, improbable.user.PlayerSpawning]
2017-05-15 16:34:59,490 INFO  [improbable.module.ModuleNode] [] [] [] : Successfully loaded schema for entities
2017-05-15 16:34:59,490 INFO  [improbable.module.ModuleNode] [] [] [] : Validating snapshot at startup and determining max entity id
2017-05-15 16:34:59,522 INFO  [improbable.module.ModuleNode] [] [] [] : Determined the first entity id for the id assigner as 3
2017-05-15 16:34:59,525 INFO  [i.core.discovery.server.LocalServer] [] [] [] : Registered Service(improbable.fabric.internal.service.EntityIdInternalService) on host: "127.0.0.1"
port: 9007
.
2017-05-15 16:34:59,533 INFO  [i.core.discovery.server.LocalServer] [] [] [] : Registered Service(improbable.fabric.internal.service.BridgePositionHintInternalService) on host: "127.0.0.1"
port: 9008
.
2017-05-15 16:34:59,542 INFO  [i.core.discovery.server.LocalServer] [] [] [] : Registered Service(improbable.fabric.internal.service.RouterLookupInternalService) on host: "127.0.0.1"
port: 9009
.
2017-05-15 16:34:59,543 INFO  [i.module.router.ActorSystemFactory$] [] [] [] : Attempting to create ActorSystem akkaFabric with configRecord akkaFabric
2017-05-15 16:34:59,771 INFO  [akka.event.slf4j.Slf4jLogger] [] [] [] : Slf4jLogger started
2017-05-15 16:35:00,498 INFO  [i.c.d.global.GlobalServiceDiscovery] [] [] [] : Global service discovery refreshed 11 server(s) as master (previously: 8)
2017-05-15 16:35:00,794 INFO  [i.w.a.WorkerAssemblyProviderFactory] [] [] [] : Loaded worker assemblies for these workers types: UnityClient, UnityWorker.
2017-05-15 16:35:00,795 INFO  [improbable.module.ModuleNode] [] [] [] : Loaded worker assemblies: [worker_assembly_id {
  assembly_id {
    project_id {
      name: "your_project_name_here"
    }
    name: "local_assembly"
  }
  name {
    name: "UnityClient"
  }
}
bridge_configuration {
  worker_attribute_set {
    attribute {
      name: "visual"
    }
  }
  entity_interest {
    range_entity_interest {
      radius: 200.0
    }
  }
  component_delivery {
    checkout_all_initially: true
  }
}
, worker_assembly_id {
  assembly_id {
    project_id {
      name: "your_project_name_here"
    }
    name: "local_assembly"
  }
  name {
    name: "UnityWorker"
  }
}
worker_launch_configuration {
  platform: WINDOWS
  worker_zip {
    command: "UnityWorker@Windows.exe"
    argument: "+appName"
    argument: "${IMPROBABLE_PROJECT_NAME}"
    argument: "+receptionistIp"
    argument: "${IMPROBABLE_RECEPTIONIST_IP}"
    argument: "+receptionistPort"
    argument: "${IMPROBABLE_RECEPTIONIST_PORT}"
    argument: "+workerType"
    argument: "${IMPROBABLE_WORKER_NAME}"
    argument: "+workerId"
    argument: "${IMPROBABLE_WORKER_ID}"
    argument: "+useInternalIpForBridge"
    argument: "true"
    argument: "+infraServicesUrl"
    argument: "${IMPROBABLE_API_URL}"
    argument: "+assemblyName"
    argument: "${IMPROBABLE_ASSEMBLY_NAME}"
    argument: "+linkProtocol"
    argument: "RakNet"
    argument: "-logfile"
    argument: "${IMPROBABLE_LOG_FILE}"
    argument: "-batchmode"
    argument: "-nographics"
    worker_location {
      filename: "UnityWorker@Windows.zip"
    }
  }
}
worker_launch_configuration {
  platform: MACOS
  worker_zip {
    command: "UnityWorker@Mac.app/Contents/MacOS/UnityWorker@Mac"
    argument: "+appName"
    argument: "${IMPROBABLE_PROJECT_NAME}"
    argument: "+receptionistIp"
    argument: "${IMPROBABLE_RECEPTIONIST_IP}"
    argument: "+receptionistPort"
    argument: "${IMPROBABLE_RECEPTIONIST_PORT}"
    argument: "+workerType"
    argument: "${IMPROBABLE_WORKER_NAME}"
    argument: "+workerId"
    argument: "${IMPROBABLE_WORKER_ID}"
    argument: "+useInternalIpForBridge"
    argument: "true"
    argument: "+infraServicesUrl"
    argument: "${IMPROBABLE_API_URL}"
    argument: "+assemblyName"
    argument: "${IMPROBABLE_ASSEMBLY_NAME}"
    argument: "+linkProtocol"
    argument: "RakNet"
    argument: "-logfile"
    argument: "${IMPROBABLE_LOG_FILE}"
    argument: "-batchmode"
    argument: "-nographics"
    worker_location {
      filename: "UnityWorker@Mac.zip"
    }
  }
}
worker_launch_configuration {
  platform: LINUX
  worker_zip {
    command: "UnityWorker@Linux"
    argument: "+appName"
    argument: "${IMPROBABLE_PROJECT_NAME}"
    argument: "+receptionistIp"
    argument: "${IMPROBABLE_RECEPTIONIST_IP}"
    argument: "+receptionistPort"
    argument: "${IMPROBABLE_RECEPTIONIST_PORT}"
    argument: "+workerType"
    argument: "${IMPROBABLE_WORKER_NAME}"
    argument: "+workerId"
    argument: "${IMPROBABLE_WORKER_ID}"
    argument: "+useInternalIpForBridge"
    argument: "true"
    argument: "+infraServicesUrl"
    argument: "${IMPROBABLE_API_URL}"
    argument: "+assemblyName"
    argument: "${IMPROBABLE_ASSEMBLY_NAME}"
    argument: "+linkProtocol"
    argument: "RakNet"
    argument: "-logfile"
    argument: "${IMPROBABLE_LOG_FILE}"
    argument: "-batchmode"
    argument: "-nographics"
    worker_location {
      filename: "UnityWorker@Linux.zip"
    }
  }
}
bridge_configuration {
  worker_attribute_set {
    attribute {
      name: "physics"
    }
  }
  entity_interest {
    range_entity_interest {
      radius: 200.0
    }
  }
  component_delivery {
    checkout_all_initially: true
  }
}
]
2017-05-15 16:35:00,796 INFO  [i.l.params.LoadbalancerParamsFactory] [] [] [] : Parsed 1 worker loadbalancing configuration(s)
2017-05-15 16:35:00,800 INFO  [i.l.params.LoadbalancerParamsFactory] [] [] [] : Successfully loaded loadbalancing configurations: {UnityWorker=improbable.loadbalancing.params.AutoHexGridLoadbalancerParams@42218485}
2017-05-15 16:35:00,801 INFO  [i.w.permissions.PermissionsFactory] [] [] [] : Created permissions manager with permissions: {UnityWorker=Permissions{{/sys/CreateEntity=, /sys/DeleteEntity=, /sys/EntityQuery={"component":["*"]}}}, UnityClient=Permissions{{/sys/EntityQuery={"component":["*"]}}}}
2017-05-15 16:35:02,711 INFO  [improbable.module.ModuleNode] [] [] [] : Starting router on master
2017-05-15 16:35:02,716 INFO  [i.core.discovery.server.LocalServer] [] [] [] : Registered Service(improbable.fabric.internal.service.RouterInternalService) on host: "127.0.0.1"
port: 9010
.
2017-05-15 16:35:02,717 INFO  [i.c.m.r.RouterInternalServiceImpl] [] [] [] : Attempting to register RouterInternalServiceImpl with RouterLookupInternalService.
2017-05-15 16:35:02,718 INFO  [io.grpc.internal.ManagedChannelImpl] [] [] [] : [ManagedChannelImpl@3c4f499a] Created with target directaddress:///io.grpc.inprocess.InProcessSocketAddress@2f8f2e0c
2017-05-15 16:35:02,721 INFO  [i.c.m.r.l.RouterLookupInternalServiceImpl] [] [] [] : 1/1 router modules started
2017-05-15 16:35:02,722 INFO  [i.c.m.r.RouterInternalServiceImpl] [] [] [] : Registered RouterInternalServiceImpl with RouterLookupInternalService.
2017-05-15 16:35:02,722 INFO  [improbable.module.ModuleNode] [] [] [] : Waiting for all router modules in the deployment to have started
2017-05-15 16:35:02,723 INFO  [i.routing.proxy.RouterProxyFactory$] [] [] [] : Attempting to get addresses of all RouterModules from master node
2017-05-15 16:35:02,729 INFO  [i.routing.proxy.RouterProxyFactory$] [] [] [] : Got all RouterModules from master node
2017-05-15 16:35:02,738 INFO  [i.core.discovery.server.LocalServer] [] [] [] : Registered Service(improbable.fabric.internal.service.RemoteMessageInternalService) on host: "127.0.0.1"
port: 9011
.
2017-05-15 16:35:02,748 INFO  [i.core.discovery.server.LocalServer] [] [] [] : Registered Service(improbable.fabric.internal.service.LocalBrokerInternalService) on host: "127.0.0.1"
port: 9012
.
2017-05-15 16:35:02,753 INFO  [improbable.module.ModuleNode] [] [] [] : All router modules in the deployment started
2017-05-15 16:35:02,803 INFO  [org.eclipse.jetty.server.Server] [] [] [] : jetty-8.y.z-SNAPSHOT
2017-05-15 16:35:02,822 INFO  [o.e.jetty.server.AbstractConnector] [] [] [] : Started SelectChannelConnector@0.0.0.0:5006
2017-05-15 16:35:02,823 INFO  [improbable.http.ServletContainer$] [] [] [] : Servlet container started
2017-05-15 16:35:02,823 INFO  [improbable.module.ModuleNode] [] [] [] : Starting BridgeOracle on master
2017-05-15 16:35:02,829 INFO  [improbable.module.ModuleNode] [] [] [] : Waiting for the BridgeOracle to have started
2017-05-15 16:35:02,964 INFO  [io.grpc.internal.ManagedChannelImpl] [] [] [] : [ManagedChannelImpl@4b32a8a9] Created with target directaddress:///io.grpc.inprocess.InProcessSocketAddress@26d392a2
2017-05-15 16:35:02,970 INFO  [io.grpc.internal.ManagedChannelImpl] [] [] [] : [ManagedChannelImpl@7506c7e0] Created with target directaddress:///io.grpc.inprocess.InProcessSocketAddress@ca19e21
2017-05-15 16:35:02,973 INFO  [i.core.discovery.server.LocalServer] [] [] [] : Registered Service(improbable.fabric.internal.service.BridgeOracleInternalService) on host: "127.0.0.1"
port: 9013
.
2017-05-15 16:35:03,496 INFO  [improbable.module.ModuleNode] [] [] [] : Received BridgeOracle started
2017-05-15 16:35:03,496 INFO  [i.c.d.global.GlobalServiceDiscovery] [] [] [] : Global service discovery refreshed 15 server(s) as master (previously: 11)
2017-05-15 16:35:03,501 INFO  [i.core.discovery.server.LocalServer] [] [] [] : Registered Service(improbable.fabric.internal.service.GlobalBrokerInternalService) on host: "127.0.0.1"
port: 9014
.
2017-05-15 16:35:03,503 INFO  [improbable.module.ModuleNode] [] [] [] : Waiting for the BridgeModuleOracle to have started
2017-05-15 16:35:03,507 INFO  [i.c.a.e.ExtensibleActorReporter] [] [] [] : Started BridgeModuleOracleActor(Actor[akka://akkaFabric/user/BridgeModuleOracleModule#1328250225]).
2017-05-15 16:35:03,515 INFO  [i.core.discovery.server.LocalServer] [] [] [] : Registered Service(improbable.fabric.internal.service.BridgeServiceOracleInternalService) on host: "127.0.0.1"
port: 9015
.
2017-05-15 16:35:04,498 INFO  [i.c.d.global.GlobalServiceDiscovery] [] [] [] : Global service discovery refreshed 17 server(s) as master (previously: 15)
2017-05-15 16:35:04,498 INFO  [improbable.module.ModuleNode] [] [] [] : Received BridgeModuleOracle started
2017-05-15 16:35:04,501 INFO  [io.grpc.internal.ManagedChannelImpl] [] [] [] : [ManagedChannelImpl@5ca67c64] Created with target directaddress:///io.grpc.inprocess.InProcessSocketAddress@7bd77524
2017-05-15 16:35:04,506 INFO  [improbable.module.ModuleNode] [] [] [] : Waiting for 1 BridgeModules to have started
2017-05-15 16:35:04,514 INFO  [i.c.a.e.ExtensibleActorReporter] [] [] [] : Started BridgeModuleActor(Actor[akka://akkaFabric/user/BridgeModule:7hNcksdw#-1203586022]).
2017-05-15 16:35:04,514 INFO  [i.module.bridge.BridgeModuleActor] [] [] [] : Waiting for BridgeModuleOracle service to be available
2017-05-15 16:35:04,520 INFO  [i.module.bridge.BridgeModuleActor] [] [] [] : Registered(BridgeModuleEndpoint(7hNcksdw)) on BridgeModuleOracleService
2017-05-15 16:35:04,522 INFO  [i.m.b.o.m.BridgeModuleOracleActor] [] [] [] : Registering: BridgeModuleEndpoint(7hNcksdw) with BridgeModuleOracleActor
2017-05-15 16:35:04,533 INFO  [i.core.discovery.server.LocalServer] [] [] [] : Registered Service(improbable.fabric.internal.service.BridgeInternalService) on host: "127.0.0.1"
port: 9016
.
2017-05-15 16:35:04,970 INFO  [i.bridge.oracle.scaling.WorkerScaler] [] [] [] : Skipping reconciliation because no WorkerRunner service is available. This message is expected at startup but should not persist through the deployment
2017-05-15 16:35:05,495 INFO  [i.c.d.global.GlobalServiceDiscovery] [] [] [] : Global service discovery refreshed 18 server(s) as master (previously: 17)
2017-05-15 16:35:05,512 INFO  [io.grpc.internal.ManagedChannelImpl] [] [] [] : [ManagedChannelImpl@27671029] Created with target directaddress:///io.grpc.inprocess.InProcessSocketAddress@6d4e915c
2017-05-15 16:35:05,514 INFO  [improbable.module.ModuleNode] [] [] [] : Received 1 BridgeModules started
2017-05-15 16:35:05,523 INFO  [improbable.module.ModuleNode] [] [] [] : Waiting for all modules on this node to start.
2017-05-15 16:35:05,527 INFO  [i.core.discovery.server.PublicServer] [] [] [] : Registered Service(improbable.platform.runtime.ModuleService) on host: "127.0.0.1"
port: 9017
.
2017-05-15 16:35:05,528 INFO  [i.c.a.e.ExtensibleActorReporter] [] [] [] : Started ModuleManager(Actor[akka://akkaFabric/user/moduleManager#1807166724]).
2017-05-15 16:35:05,528 INFO  [i.module.manager.ModuleManager] [] [] [] : Starting modules on master: Buffer(name: "ProfilingModule"
, name: "AssetDatabaseModule"
, name: "EngineStartupModuleOracleModule"
, name: "PersistenceModule"
, name: "ReceptionistModule"
, name: "WorldAppOracleModule"
, name: "WorldAppSupervisorModule"
, name: "GSimModule"
, name: "EngineStartupModule"
, name: "DevWorldRestApiModule"
, name: "InspectionRestModule"
)
2017-05-15 16:35:05,529 INFO  [i.module.manager.ModuleManager] [] [] [] : Starting Module(ProfilingModule) ...
2017-05-15 16:35:05,530 INFO  [i.module.manager.ModuleManager] [] [] [] : Started Module(ProfilingModule).
2017-05-15 16:35:05,531 INFO  [i.module.manager.ModuleManager] [] [] [] : Starting Module(AssetDatabaseModule) ...
2017-05-15 16:35:05,532 INFO  [i.module.manager.ModuleManager] [] [] [] : Started Module(AssetDatabaseModule).
2017-05-15 16:35:05,533 INFO  [i.c.a.e.ExtensibleActorReporter] [] [] [] : Started ProfilingModuleActor(Actor[akka://akkaFabric/user/moduleManager/ProfilingModule1#1769253972]).
2017-05-15 16:35:05,533 INFO  [i.module.manager.ModuleManager] [] [] [] : Starting Module(EngineStartupModuleOracleModule) ...
2017-05-15 16:35:05,536 INFO  [i.module.manager.ModuleManager] [] [] [] : Started Module(EngineStartupModuleOracleModule).
2017-05-15 16:35:05,536 INFO  [i.module.manager.ModuleManager] [] [] [] : Starting Module(PersistenceModule) ...
2017-05-15 16:35:05,537 INFO  [i.c.a.e.ExtensibleActorReporter] [] [] [] : Started EngineStartupModuleOracleActor(Actor[akka://akkaFabric/user/moduleManager/EngineStartupModuleOracleModule1#1909165123]).
2017-05-15 16:35:05,537 INFO  [i.module.manager.ModuleManager] [] [] [] : Started Module(PersistenceModule).
2017-05-15 16:35:05,537 INFO  [i.module.manager.ModuleManager] [] [] [] : Starting Module(ReceptionistModule) ...
2017-05-15 16:35:05,538 INFO  [i.module.manager.ModuleManager] [] [] [] : Started Module(ReceptionistModule).
2017-05-15 16:35:05,538 INFO  [i.module.manager.ModuleManager] [] [] [] : Starting Module(WorldAppOracleModule) ...
2017-05-15 16:35:05,546 INFO  [i.core.discovery.server.LocalServer] [] [] [] : Registered Service(improbable.fabric.internal.service.ReceptionistInternalService) on host: "127.0.0.1"
port: 9018
.
2017-05-15 16:35:05,700 INFO  [i.core.discovery.server.PublicServer] [] [] [] : Registered Service(improbable.platform.runtime.ReceptionistService) on host: "127.0.0.1"
port: 9019
.
2017-05-15 16:35:05,701 INFO  [i.m.r.ReceptionistRestGateway] [] [] [] : Starting receptionist on 0.0.0.0:7777
2017-05-15 16:35:05,897 INFO  [spray.can.server.HttpListener] [akka://akkaFabric/user/IO-HTTP/listener-1] [akkaFabric-akka.actor.default-dispatcher-14] [] : Bound to /0.0.0.0:7777
2017-05-15 16:35:05,898 INFO  [spray.can.server.HttpListener] [akka://akkaFabric/user/IO-HTTP/listener-0] [akkaFabric-akka.actor.default-dispatcher-12] [] : Bound to /0.0.0.0:1238
2017-05-15 16:35:06,498 INFO  [i.c.d.global.GlobalServiceDiscovery] [] [] [] : Global service discovery refreshed 21 server(s) as master (previously: 18)
2017-05-15 16:35:06,971 INFO  [i.bridge.oracle.scaling.WorkerScaler] [] [] [] : Skipping reconciliation because no WorkerRunner service is available. This message is expected at startup but should not persist through the deployment
2017-05-15 16:35:07,367 INFO  [i.core.discovery.server.LocalServer] [] [] [] : Registered Service(improbable.fabric.internal.service.WorldAppOracleInternalService) on host: "127.0.0.1"
port: 9020
.
2017-05-15 16:35:07,369 INFO  [i.module.manager.ModuleManager] [] [] [] : Started Module(WorldAppOracleModule).
2017-05-15 16:35:07,369 INFO  [i.module.manager.ModuleManager] [] [] [] : Starting Module(WorldAppSupervisorModule) ...
2017-05-15 16:35:07,370 INFO  [i.module.manager.ModuleManager] [] [] [] : Started Module(WorldAppSupervisorModule).
2017-05-15 16:35:07,370 INFO  [i.module.manager.ModuleManager] [] [] [] : Starting Module(GSimModule) ...
2017-05-15 16:35:07,371 INFO  [i.module.manager.ModuleManager] [] [] [] : Started Module(GSimModule).
2017-05-15 16:35:07,372 INFO  [i.module.manager.ModuleManager] [] [] [] : Starting Module(EngineStartupModule) ...
2017-05-15 16:35:07,372 INFO  [i.c.a.e.ExtensibleActorReporter] [] [] [] : Started WorldAppSupervisorModuleActor(Actor[akka://akkaFabric/user/moduleManager/WorldAppSupervisorModule1#545069778]).
2017-05-15 16:35:07,376 INFO  [improbable.engine.worker.WorkerStats] [] [] [] : Cannot read /proc/self/stat; worker stats reporting will not work.
2017-05-15 16:35:07,382 INFO  [i.core.discovery.server.PublicServer] [] [] [] : Registered Service(improbable.platform.inner.worker.WorkerRunner) on host: "127.0.0.1"
port: 9021
.
2017-05-15 16:35:07,382 INFO  [i.module.manager.ModuleManager] [] [] [] : Started Module(EngineStartupModule).
2017-05-15 16:35:07,383 INFO  [i.module.manager.ModuleManager] [] [] [] : Starting Module(DevWorldRestApiModule) ...
2017-05-15 16:35:07,383 INFO  [i.module.manager.ModuleManager] [] [] [] : Started Module(DevWorldRestApiModule).
2017-05-15 16:35:07,383 INFO  [i.module.manager.ModuleManager] [] [] [] : Starting Module(InspectionRestModule) ...
2017-05-15 16:35:07,385 INFO  [i.module.manager.ModuleManager] [] [] [] : Started Module(InspectionRestModule).
2017-05-15 16:35:07,385 INFO  [i.module.manager.ModuleManager] [] [] [] : Module bootstrapping complete on master.
2017-05-15 16:35:07,386 INFO  [improbable.module.ModuleNode] [] [] [] : All modules on this node started, waiting for other nodes to reach the same state.
2017-05-15 16:35:07,387 INFO  [improbable.module.ModuleNode] [] [] [] : Using master module status checker.
2017-05-15 16:35:07,397 INFO  [i.c.r.MasterModuleStatusChecker] [] [] [] : All other nodes have all modules started.
2017-05-15 16:35:07,398 INFO  [improbable.module.ModuleNode] [] [] [] : All modules on all nodes have been started, setting node state to healthy.
2017-05-15 16:35:07,399 INFO  [improbable.module.ModuleNode] [] [] [] : SpatialOS runtime startup complete.
2017-05-15 16:35:07,400 INFO  [i.core.discovery.server.PublicServer] [] [] [] : Registered Service(improbable.fabric.internal.service.ScalingStatsInternalService) on host: "127.0.0.1"
port: 9022
.
2017-05-15 16:35:07,418 INFO  [i.core.discovery.server.PublicServer] [] [] [] : Registered Service(improbable.platform.runtime.SnapshotService) on host: "127.0.0.1"
port: 9023
.
2017-05-15 16:35:07,422 INFO  [i.c.a.e.ExtensibleActorReporter] [] [] [] : Started PersistenceModuleActor(Actor[akka://akkaFabric/user/moduleManager/PersistenceModule1#-1039882457]).
2017-05-15 16:35:07,425 INFO  [i.p.gsim.GSimPersistenceWriter] [] [] [] : Transitioning GSimPersistenceActor(0) from State [Idle] to [Idle].  Time Elapsed: 2 milliseconds
2017-05-15 16:35:07,430 INFO  [i.c.a.e.ExtensibleActorReporter] [] [] [] : Started DevWorldRestApiModuleActor(Actor[akka://akkaFabric/user/moduleManager/DevWorldRestApiModule1#2143010192]).
2017-05-15 16:35:07,431 INFO  [i.devworld.DevWorldRestServer] [] [] [] : Dev API server starting on 0.0.0.0 : 5000
2017-05-15 16:35:07,432 INFO  [i.core.discovery.server.LocalServer] [] [] [] : Registered Service(improbable.fabric.internal.service.EntityQueryInternalService) on host: "127.0.0.1"
port: 9024
.
2017-05-15 16:35:07,436 INFO  [spray.can.server.HttpListener] [akka://akkaFabric/user/IO-HTTP/listener-2] [akkaFabric-akka.actor.default-dispatcher-2] [] : Bound to /0.0.0.0:5000
2017-05-15 16:35:07,439 INFO  [i.p.g.GSimPersistenceLoadOrchestrator] [] [] [] : Loading snapshot on GSim(0).
2017-05-15 16:35:07,440 INFO  [i.p.gsim.GSimPersistenceLoader] [] [] [] : Loading snapshot
2017-05-15 16:35:07,466 INFO  [i.p.g.GSimPersistenceLoadOrchestrator] [] [] [] : Loaded 2 entities on GSim(0).
2017-05-15 16:35:07,473 INFO  [i.core.discovery.server.PublicServer] [] [] [] : Registered Service(improbable.platform.runtime.InspectionService) on host: "127.0.0.1"
port: 9025
.
2017-05-15 16:35:07,479 INFO  [i.p.c.PersistenceLoaderCoordinatorActor] [] [] [] : All Snapshots loaded. Activating entities.
2017-05-15 16:35:07,484 INFO  [i.p.g.GSimPersistenceLoadOrchestrator] [] [] [] : Activating 2 entities on GSim(0).
2017-05-15 16:35:07,487 INFO  [i.p.g.GSimPersistenceLoadOrchestrator] [] [] [] : Activated 2 entities on GSim(0).
2017-05-15 16:35:07,492 INFO  [i.p.c.PersistenceLoaderCoordinatorActor] [] [] [] : Snapshot Load Complete.
2017-05-15 16:35:07,502 INFO  [io.grpc.internal.ManagedChannelImpl] [] [] [] : [ManagedChannelImpl@2c33ea46] Created with target directaddress:///io.grpc.inprocess.InProcessSocketAddress@69316904
2017-05-15 16:35:07,503 INFO  [i.c.d.global.GlobalServiceDiscovery] [] [] [] : Global service discovery refreshed 27 server(s) as master (previously: 21)
2017-05-15 16:35:07,505 INFO  [io.grpc.internal.ManagedChannelImpl] [] [] [] : [ManagedChannelImpl@46136af9] Created with target directaddress:///io.grpc.inprocess.InProcessSocketAddress@311f4ff
2017-05-15 16:35:07,514 INFO  [i.c.a.e.ExtensibleActorReporter] [] [] [] : Started InspectionRestModuleActor(Actor[akka://akkaFabric/user/moduleManager/InspectionRestModule1#-1454446039]).
2017-05-15 16:35:07,522 INFO  [i.m.a.WorldAppOracleInternalServiceImpl] [] [] [] : WorldApp Supervisor master registered with the world app oracle
2017-05-15 16:35:07,522 INFO  [i.m.a.WorldAppOracleInternalServiceImpl] [] [] [] : Trying to start initial WorldApps
2017-05-15 16:35:07,525 INFO  [i.m.a.WorldAppOracleInternalServiceImpl] [] [] [] : Waiting for World App supervisors to be ready
2017-05-15 16:35:07,525 INFO  [i.m.a.WorldAppOracleInternalServiceImpl] [] [] [] : World App supervisors registered, asking them to start worldapps
2017-05-15 16:35:07,536 INFO  [spray.can.server.HttpListener] [akka://akkaFabric/user/IO-HTTP/listener-3] [akkaFabric-akka.actor.default-dispatcher-37] [] : Bound to /0.0.0.0:5005
2017-05-15 16:35:07,647 INFO  [i.l.params.LoadbalancerParamsFactory] [] [] [] : LoadbalancerParams for worker type [UnityWorker]: [AutoHexGridLoadbalancerParams{energyLimitingEnabled=true, energyLimit=1.0E9, minWorkerRange=1500.0, maxWorkerRange=1500.0, maxWorkerStepSize=0.0, workerExpansionTimeMs=60000, workerGridSize=0, loadbalancerEnabled=false, hexGridMode=AUTO, scalerAdvisorType=CONSTANT, maxWorkers=1, initialWorkers=1, numEntitiesPerWorker=9223372036854775807, statusReportPeriodMs=30000, pointsOfInterestEnabled=false, hexGridSolution=AutoValue_HexGridSolution{workersUsed=1, hexagonEdgeLength=1500.0, hexagonOrientation=POINTY_TOP, bounds=Rectangle{minX=-750.0, minZ=-750.0, maxX=750.0, maxZ=750.0}}, pointsOfInterestSolution=Empty}]
2017-05-15 16:35:07,733 INFO  [io.grpc.internal.ManagedChannelImpl] [] [] [] : [ManagedChannelImpl@2978efe0] Created with target directaddress:///io.grpc.inprocess.InProcessSocketAddress@395c7cc4
2017-05-15 16:35:07,757 INFO  [io.grpc.internal.ManagedChannelImpl] [] [] [] : [ManagedChannelImpl@31c607b] Created with target directaddress:///io.grpc.inprocess.InProcessSocketAddress@3458130a
2017-05-15 16:35:07,760 INFO  [i.b.o.m.BridgeOracleEngineManager] [] [] [] : Trying to start managed worker UnityWorker0
2017-05-15 16:35:07,761 INFO  [i.bridge.oracle.scaling.WorkerScaler] [] [] [] : Starting 1 new managed workers for attribute_set {
  attribute {
    name: "physics"
  }
}
 (required: 1, existing: 0)
2017-05-15 16:35:07,776 INFO  [io.grpc.internal.ManagedChannelImpl] [] [] [] : [ManagedChannelImpl@6df3ec27] Created with target directaddress:///io.grpc.inprocess.InProcessSocketAddress@41207b16
2017-05-15 16:35:07,778 INFO  [i.e.worker.WorkerStartupExecutor] [] [] [] : Awaiting internal receptionist service to register with service discovery
2017-05-15 16:35:07,779 INFO  [io.grpc.internal.ManagedChannelImpl] [] [] [] : [ManagedChannelImpl@293b32ec] Created with target directaddress:///io.grpc.inprocess.InProcessSocketAddress@4d7f6edd
2017-05-15 16:35:07,779 INFO  [i.e.worker.WorkerStartupExecutor] [] [] [] : Successfully found the internal receptionist service in service discovery
2017-05-15 16:35:07,780 INFO  [io.grpc.internal.ClientCallImpl] [] [] [] : Call timeout set to '29997547089' ns, due to context deadline. Explicit call timeout was '29999463872' ns.
2017-05-15 16:35:07,782 INFO  [i.e.worker.WorkerStartupExecutor] [] [] [] : Awaiting public receptionist service to register with service discovery
2017-05-15 16:35:07,782 INFO  [i.e.worker.WorkerStartupExecutor] [] [] [] : Successfully found the public receptionist service in service discovery
2017-05-15 16:35:08,730 INFO  [i.e.worker.WorkerStartupExecutor] [] [] [] : Created log file for worker UnityWorker0, type (UnityWorker): [/Users/trefethen/Documents/unity/spatial/logs/2017-05-15_16-34-50_0/workers/UnityWorker/UnityWorker0-6043834826139727214.log]
2017-05-15 16:35:08,731 INFO  [i.engine.worker.CommandLineExecutor] [] [] [] : Running command: /var/folders/4l/xzgp2w7j5lzd9ydctvd65g1c0000gn/T/improbable5147141110116955660/UnityWorker@Mac.app/Contents/MacOS/UnityWorker@Mac +appName your_project_name_here +receptionistIp 127.0.0.1 +receptionistPort 7777 +workerType UnityWorker +workerId UnityWorker0 +useInternalIpForBridge true +infraServicesUrl http://127.0.0.1:21000 +assemblyName local_assembly +linkProtocol RakNet -logfile /Users/trefethen/Documents/unity/spatial/logs/2017-05-15_16-34-50_0/workers/UnityWorker/UnityWorker0-6043834826139727214.log -batchmode -nographics
2017-05-15 16:35:08,846 INFO  [io.grpc.internal.ManagedChannelImpl] [] [] [] : [ManagedChannelImpl@523c47e4] Created with target directaddress:///io.grpc.inprocess.InProcessSocketAddress@746908b7
2017-05-15 16:35:09,141 INFO  [io.grpc.internal.ClientCallImpl] [] [] [] : Call timeout set to '29997040705' ns, due to context deadline. Explicit call timeout was '29999421122' ns.
2017-05-15 16:35:09,204 INFO  [i.i.service.InspectionRestService] [] [] [] : Processing GET request from new source 0:0:0:0:0:0:0:1
2017-05-15 16:35:09,474 INFO  [i.b.o.p.LoadTrackingProximityPreferredBridgeModulePicker] [] [] [] : Attempting to get positionhint for UnityWorker0 via rpc
2017-05-15 16:35:09,478 INFO  [i.m.b.o.m.BridgeModuleOracleActor] [] [] [] : Asking LoadTrackingProximityPreferredBridgeModulePicker for a new BridgeModule for Engine(UnityWorker0). Returning: Some(BridgeModuleEndpoint(7hNcksdw)) at Some(BridgeModuleLoadBalanceInfo((0.0, 0.0, 0.0),0))
2017-05-15 16:35:09,624 INFO  [i.b.i.BridgeInternalServiceImpl] [] [] [] : Bridge worker_id: "UnityWorker0"
 registered with bridge internal service
2017-05-15 16:35:09,629 INFO  [i.b.o.s.BridgeOracleInternalServiceImpl] [] [] [] : Got bridge started rpc from bridge: worker_id: "UnityWorker0"

2017-05-15 16:35:09,629 INFO  [i.b.o.s.BridgeOracleInternalServiceImpl] [] [] [] : The worker UnityWorker0 registered with SpatialOS successfully.
2017-05-15 16:35:09,630 INFO  [i.module.bridge.oracle.BridgeOracle] [] [] [] : Sending bridge started to self for bridge endpoint BridgeEndpoint(UnityWorker0)
2017-05-15 16:35:09,631 INFO  [i.module.bridge.oracle.BridgeOracle] [] [] [] : Bridge(UnityWorker0) started.
2017-05-15 16:35:09,632 INFO  [i.b.o.m.BridgeOracleEngineManager] [] [] [] : Worker UnityWorker0 registered with the BridgeOracleEngine manager
2017-05-15 16:35:09,633 INFO  [improbable.bridge.BridgeActor] [] [] [] : Bridge(UnityWorker0) sent BridgeStarted to the bridge oracle.
2017-05-15 16:35:09,729 INFO  [i.b.n.raknet.GuardedRakPeerInterface] [] [] [] : New RakNet connection established with 127.0.0.1
2017-05-15 16:35:10,721 INFO  [io.grpc.internal.ClientCallImpl] [] [] [] : Call timeout set to '29999314537' ns, due to context deadline. Explicit call timeout was '29999891601' ns.
2017-05-15 16:35:12,233 INFO  [io.grpc.internal.ClientCallImpl] [] [] [] : Call timeout set to '29999260456' ns, due to context deadline. Explicit call timeout was '29999925923' ns.
2017-05-15 16:35:13,740 INFO  [io.grpc.internal.ClientCallImpl] [] [] [] : Call timeout set to '29999482830' ns, due to context deadline. Explicit call timeout was '29999933963' ns.
2017-05-15 16:35:15,247 INFO  [io.grpc.internal.ClientCallImpl] [] [] [] : Call timeout set to '29999302121' ns, due to context deadline. Explicit call timeout was '29999909773' ns.
2017-05-15 16:35:16,755 INFO  [io.grpc.internal.ClientCallImpl] [] [] [] : Call timeout set to '29998369085' ns, due to context deadline. Explicit call timeout was '29999884220' ns.
2017-05-15 16:35:18,263 INFO  [io.grpc.internal.ClientCallImpl] [] [] [] : Call timeout set to '29999279928' ns, due to context deadline. Explicit call timeout was '29999923075' ns.
2017-05-15 16:35:19,770 INFO  [io.grpc.internal.ClientCallImpl] [] [] [] : Call timeout set to '29999353028' ns, due to context deadline. Explicit call timeout was '29999924474' ns.
2017-05-15 16:35:21,278 INFO  [io.grpc.internal.ClientCallImpl] [] [] [] : Call timeout set to '29999275509' ns, due to context deadline. Explicit call timeout was '29999918403' ns.
2017-05-15 16:35:25,256 INFO  [i.b.o.p.LoadTrackingProximityPreferredBridgeModulePicker] [] [] [] : Attempting to get positionhint for UnityClient9c76db5a-43ca-49c1-910e-ed5c14f8c2a9 via rpc
2017-05-15 16:35:25,257 INFO  [i.b.o.p.LoadTrackingProximityPreferredBridgeModulePicker] [] [] [] : Starting UnityClient9c76db5a-43ca-49c1-910e-ed5c14f8c2a9 without an existing position hint (none set), so using a randomly selected bridge module.
2017-05-15 16:35:25,259 INFO  [i.b.o.p.LoadTrackingProximityPreferredBridgeModulePicker] [] [] [] : Assign Engine(UnityClient9c76db5a-43ca-49c1-910e-ed5c14f8c2a9) to a random Endpoint(Some(BridgeModuleEndpoint(7hNcksdw))): no position hint was found. (Logged every 100 times)
2017-05-15 16:35:25,260 INFO  [i.m.b.o.m.BridgeModuleOracleActor] [] [] [] : Asking LoadTrackingProximityPreferredBridgeModulePicker for a new BridgeModule for Engine(UnityClient9c76db5a-43ca-49c1-910e-ed5c14f8c2a9). Returning: Some(BridgeModuleEndpoint(7hNcksdw)) at Some(BridgeModuleLoadBalanceInfo((0.0, 0.0, 0.0),1))
2017-05-15 16:35:25,262 INFO  [i.l.params.LoadbalancerParamsFactory] [] [] [] : LoadbalancerParams for worker type [UnityClient]: [FlagzLoadbalancerParams{energyLimitingEnabled=true, energyLimit=1.0E9, minWorkerRange=Infinity, maxWorkerRange=Infinity, maxWorkerStepSize=50.0, workerExpansionTimeMs=60000, workerGridSize=5, loadbalancerEnabled=true, hexGridMode=OFF, scalerAdvisorType=ENTITY_COUNT, maxWorkers=25, initialWorkers=25, numEntitiesPerWorker=9223372036854775807, statusReportPeriodMs=2000, pointsOfInterestEnabled=false, hexGridSolution=Empty, pointsOfInterestSolution=Empty}]
2017-05-15 16:35:25,279 INFO  [i.b.i.BridgeInternalServiceImpl] [] [] [] : Bridge worker_id: "UnityClient9c76db5a-43ca-49c1-910e-ed5c14f8c2a9"
 registered with bridge internal service
2017-05-15 16:35:25,280 INFO  [i.b.o.s.BridgeOracleInternalServiceImpl] [] [] [] : Got bridge started rpc from bridge: worker_id: "UnityClient9c76db5a-43ca-49c1-910e-ed5c14f8c2a9"

2017-05-15 16:35:25,280 INFO  [i.b.o.s.BridgeOracleInternalServiceImpl] [] [] [] : The worker UnityClient9c76db5a-43ca-49c1-910e-ed5c14f8c2a9 registered with SpatialOS successfully.
2017-05-15 16:35:25,280 INFO  [i.module.bridge.oracle.BridgeOracle] [] [] [] : Sending bridge started to self for bridge endpoint BridgeEndpoint(UnityClient9c76db5a-43ca-49c1-910e-ed5c14f8c2a9)
2017-05-15 16:35:25,280 INFO  [i.module.bridge.oracle.BridgeOracle] [] [] [] : Bridge(UnityClient9c76db5a-43ca-49c1-910e-ed5c14f8c2a9) started.
2017-05-15 16:35:25,280 INFO  [improbable.bridge.BridgeActor] [] [] [] : Bridge(UnityClient9c76db5a-43ca-49c1-910e-ed5c14f8c2a9) sent BridgeStarted to the bridge oracle.
2017-05-15 16:35:25,332 INFO  [i.b.n.raknet.GuardedRakPeerInterface] [] [] [] : New RakNet connection established with 127.0.0.1
2017-05-15 16:35:25,440 INFO  [io.grpc.internal.ManagedChannelImpl] [] [] [] : [ManagedChannelImpl@b2307de] Created with target directaddress:///io.grpc.inprocess.InProcessSocketAddress@48c92cf7
2017-05-15 16:35:25,628 INFO  [io.grpc.internal.ManagedChannelImpl] [] [] [] : [ManagedChannelImpl@755552eb] Created with target directaddress:///io.grpc.inprocess.InProcessSocketAddress@2fa635ea
2017-05-15 16:35:30,460 INFO  [i.b.n.BridgeActorTransportLinkListener] [] [] [] : TransportLinkListener(UnityClient9c76db5a-43ca-49c1-910e-ed5c14f8c2a9) sending Disconnected to akka://akkaFabric/user/BridgeModule:7hNcksdw/BridgeActor-UnityClient9c76db5a-43ca-49c1-910e-ed5c14f8c2a9
2017-05-15 16:35:30,465 INFO  [i.module.bridge.oracle.BridgeOracle] [] [] [] : Bridge(UnityClient9c76db5a-43ca-49c1-910e-ed5c14f8c2a9) stopped.
2017-05-15 16:35:30,465 INFO  [i.b.i.BridgeInternalServiceImpl] [] [] [] : Bridge worker_id: "UnityClient9c76db5a-43ca-49c1-910e-ed5c14f8c2a9"
 unregistered with bridge internal service
2017-05-15 16:35:30,466 INFO  [improbable.bridge.BridgeActor] [] [] [] : Bridge(UnityClient9c76db5a-43ca-49c1-910e-ed5c14f8c2a9) on BridgeModuleEndpoint(7hNcksdw) stopped.
2017-05-15 16:35:34,248 INFO  [i.c.discovery.ServiceDiscoveryImpl] [] [] [] : Shutting down all services
2017-05-15 16:35:34,252 INFO  [i.core.discovery.server.PublicServer] [] [] [] : Stopped Service(improbable.platform.runtime.HealthCheckService) on host: "127.0.0.1"
port: 9001

2017-05-15 16:35:34,253 INFO  [i.core.discovery.server.LocalServer] [] [] [] : Stopped Service(improbable.fabric.internal.service.RouterInternalService) on host: "127.0.0.1"
port: 9010

2017-05-15 16:35:34,254 INFO  [i.core.discovery.server.PublicServer] [] [] [] : Stopped Service(improbable.platform.inner.worker.WorkerRunner) on host: "127.0.0.1"
port: 9021

2017-05-15 16:35:34,255 INFO  [i.core.discovery.server.LocalServer] [] [] [] : Stopped Service(improbable.fabric.internal.service.ContentionInternalService) on host: "127.0.0.1"
port: 9003

2017-05-15 16:35:34,256 INFO  [i.core.discovery.server.LocalServer] [] [] [] : Stopped Service(improbable.fabric.internal.service.GlobalBrokerInternalService) on host: "127.0.0.1"
port: 9014

2017-05-15 16:35:34,256 INFO  [i.core.discovery.server.PublicServer] [] [] [] : Stopped Service(improbable.platform.runtime.InspectionService) on host: "127.0.0.1"
port: 9025

2017-05-15 16:35:34,256 INFO  [i.core.discovery.server.LocalServer] [] [] [] : Stopped Service(improbable.fabric.internal.service.LocalBrokerInternalService) on host: "127.0.0.1"
port: 9012

2017-05-15 16:35:34,257 INFO  [i.core.discovery.server.PublicServer] [] [] [] : Stopped Service(improbable.platform.runtime.SnapshotService) on host: "127.0.0.1"
port: 9023

2017-05-15 16:35:34,257 INFO  [i.core.discovery.server.LocalServer] [] [] [] : Stopped Service(improbable.fabric.internal.service.WorldExtentsInternalService) on host: "127.0.0.1"
port: 9006

2017-05-15 16:35:34,257 INFO  [i.core.discovery.server.PublicServer] [] [] [] : Stopped Service(improbable.platform.runtime.ModuleService) on host: "127.0.0.1"
port: 9017

2017-05-15 16:35:34,257 INFO  [i.core.discovery.server.PublicServer] [] [] [] : Stopped Service(improbable.platform.runtime.FeatureService) on host: "127.0.0.1"
port: 9004

2017-05-15 16:35:34,259 INFO  [i.core.discovery.server.LocalServer] [] [] [] : Stopped Service(improbable.fabric.internal.service.BridgeServiceOracleInternalService) on host: "127.0.0.1"
port: 9015

2017-05-15 16:35:34,261 INFO  [i.core.discovery.server.LocalServer] [] [] [] : Stopped Service(improbable.fabric.internal.service.BridgePositionHintInternalService) on host: "127.0.0.1"
port: 9008

2017-05-15 16:35:34,261 ERROR [i.engine.worker.CommandLineExecutor] [] [] [] : Worker UnityWorker0 terminated abnormally. It may have crashed due to worker-side errors.
2017-05-15 16:35:34,262 INFO  [i.core.discovery.server.PublicServer] [] [] [] : Stopped Service(improbable.platform.runtime.ReceptionistService) on host: "127.0.0.1"
port: 9019

2017-05-15 16:35:34,262 ERROR [i.engine.worker.CommandLineExecutor] [] [] [] : (UnityWorker0) Command exited with code 143 (POSIX signal: 15): /var/folders/4l/xzgp2w7j5lzd9ydctvd65g1c0000gn/T/improbable5147141110116955660/UnityWorker@Mac.app/Contents/MacOS/UnityWorker@Mac +appName your_project_name_here +receptionistIp 127.0.0.1 +receptionistPort 7777 +workerType UnityWorker +workerId UnityWorker0 +useInternalIpForBridge true +infraServicesUrl http://127.0.0.1:21000 +assemblyName local_assembly +linkProtocol RakNet -logfile /Users/trefethen/Documents/unity/spatial/logs/2017-05-15_16-34-50_0/workers/UnityWorker/UnityWorker0-6043834826139727214.log -batchmode -nographics
2017-05-15 16:35:34,262 INFO  [i.core.discovery.server.LocalServer] [] [] [] : Stopped Service(improbable.fabric.internal.service.RunLevelInternalService) on host: "127.0.0.1"
port: 9000

2017-05-15 16:35:34,262 INFO  [i.core.discovery.server.LocalServer] [] [] [] : Stopped Service(improbable.fabric.internal.service.RemoteMessageInternalService) on host: "127.0.0.1"
port: 9011

2017-05-15 16:35:34,263 INFO  [i.core.discovery.server.PublicServer] [] [] [] : Stopped Service(improbable.fabric.internal.service.ScalingStatsInternalService) on host: "127.0.0.1"
port: 9022

2017-05-15 16:35:34,263 INFO  [i.core.discovery.server.LocalServer] [] [] [] : Stopped Service(improbable.fabric.internal.service.WorldAppOracleInternalService) on host: "127.0.0.1"
port: 9020

2017-05-15 16:35:34,264 INFO  [i.core.discovery.server.LocalServer] [] [] [] : Stopped Service(improbable.fabric.internal.service.EntityQueryInternalService) on host: "127.0.0.1"
port: 9024

2017-05-15 16:35:34,265 INFO  [i.core.discovery.server.LocalServer] [] [] [] : Stopped Service(improbable.fabric.internal.service.ServiceDiscoveryInternalService) on host: "127.0.0.1"
port: 5301

2017-05-15 16:35:34,265 INFO  [i.core.discovery.server.LocalServer] [] [] [] : Stopped Service(improbable.fabric.internal.service.PerfInternalService) on host: "127.0.0.1"
port: 9002

2017-05-15 16:35:34,265 INFO  [i.core.discovery.server.LocalServer] [] [] [] : Stopped Service(improbable.fabric.internal.service.BridgeOracleInternalService) on host: "127.0.0.1"
port: 9013

2017-05-15 16:35:34,266 INFO  [i.core.discovery.server.LocalServer] [] [] [] : Stopped Service(improbable.fabric.internal.service.BridgeInternalService) on host: "127.0.0.1"
port: 9016

2017-05-15 16:35:34,266 INFO  [i.core.discovery.server.LocalServer] [] [] [] : Stopped Service(improbable.fabric.internal.service.NodeConfigurationInternalService) on host: "127.0.0.1"
port: 9005

2017-05-15 16:35:34,266 INFO  [i.core.discovery.server.LocalServer] [] [] [] : Stopped Service(improbable.fabric.internal.service.RouterLookupInternalService) on host: "127.0.0.1"
port: 9009

2017-05-15 16:35:34,267 INFO  [i.core.discovery.server.LocalServer] [] [] [] : Stopped Service(improbable.fabric.internal.service.EntityIdInternalService) on host: "127.0.0.1"
port: 9007

2017-05-15 16:35:34,267 INFO  [i.core.discovery.server.LocalServer] [] [] [] : Stopped Service(improbable.fabric.internal.service.ReceptionistInternalService) on host: "127.0.0.1"
port: 9018

