2017-05-15 14:57:23,406 INFO  [io.grpc.internal.ManagedChannelImpl] [] [] [] : [ManagedChannelImpl@5a141fc4] Created with target localhost:22000
2017-05-15 14:57:26,787 INFO  [i.deployment.InternalGameLauncher] [] [] [] : Parsed 366 internal flags at startup
2017-05-15 14:57:26,841 INFO  [i.deployment.InternalGameLauncher] [] [] [] : SpatialOS runtime version: 10-20170515T124111Z-65dc96e
2017-05-15 14:57:26,856 INFO  [io.grpc.internal.ManagedChannelImpl] [] [] [] : [ManagedChannelImpl@3f2470df] Created with target 127.0.0.1:22000
2017-05-15 14:57:26,857 INFO  [io.grpc.internal.ManagedChannelImpl] [] [] [] : [ManagedChannelImpl@6459114a] Created with target 127.0.0.1:22000
2017-05-15 14:57:26,981 INFO  [i.c.c.f.FlagzFieldRegistryUpdater] [] [] [] : Initialized Fabric flagz registry with 13 set fields.
2017-05-15 14:57:27,792 INFO  [io.grpc.internal.ManagedChannelImpl] [] [] [] : [ManagedChannelImpl@5442ee81] Created with target localhost:22000
2017-05-15 14:57:29,803 INFO  [i.core.discovery.server.LocalServer] [] [] [] : Registered Service(improbable.fabric.internal.service.ServiceDiscoveryInternalService) on host: "127.0.0.1"
port: 5301
.
2017-05-15 14:57:29,803 INFO  [i.c.discovery.ServiceDiscoveryImpl] [] [] [] : Service discovery address: improbable.core.discovery.common.SettableServiceAddress@7b2e6c64
2017-05-15 14:57:29,812 INFO  [improbable.module.ModuleNode] [] [] [] : Starting Fabric node as master (IP: 127.0.0.1).
2017-05-15 14:57:29,818 INFO  [i.core.discovery.server.LocalServer] [] [] [] : Registered Service(improbable.fabric.internal.service.RunLevelInternalService) on host: "127.0.0.1"
port: 9000
.
2017-05-15 14:57:29,823 INFO  [i.core.discovery.server.PublicServer] [] [] [] : Registered Service(improbable.platform.runtime.HealthCheckService) on host: "127.0.0.1"
port: 9001
.
2017-05-15 14:57:29,831 INFO  [i.core.discovery.server.LocalServer] [] [] [] : Registered Service(improbable.fabric.internal.service.PerfInternalService) on host: "127.0.0.1"
port: 9002
.
2017-05-15 14:57:29,833 INFO  [io.grpc.internal.ManagedChannelImpl] [] [] [] : [ManagedChannelImpl@38813e73] Created with target directaddress:///io.grpc.inprocess.InProcessSocketAddress@1973916f
2017-05-15 14:57:29,837 INFO  [i.core.discovery.server.LocalServer] [] [] [] : Registered Service(improbable.fabric.internal.service.ContentionInternalService) on host: "127.0.0.1"
port: 9003
.
2017-05-15 14:57:29,844 INFO  [i.core.discovery.server.PublicServer] [] [] [] : Registered Service(improbable.platform.runtime.FeatureService) on host: "127.0.0.1"
port: 9004
.
2017-05-15 14:57:29,860 INFO  [i.c.d.global.GlobalServiceDiscovery] [] [] [] : Global service discovery refreshed 6 server(s) as master (previously: 0)
2017-05-15 14:57:29,863 INFO  [i.c.config.flagz.WorkerFlagzUpdater] [] [] [] : Initialized worker flagz registry with 0 set fields.
2017-05-15 14:57:29,863 INFO  [improbable.module.ModuleNode] [] [] [] : Using master node configuration loader.
2017-05-15 14:57:29,871 INFO  [i.core.discovery.server.LocalServer] [] [] [] : Registered Service(improbable.fabric.internal.service.NodeConfigurationInternalService) on host: "127.0.0.1"
port: 9005
.
2017-05-15 14:57:29,883 INFO  [i.c.c.n.MasterNodeConfigurationLoader] [] [] [] : Using roles [MASTER, GSIM, BRIDGE, WORKER_RUNNER, INSPECTION] for node node_id {
  deployment_id {
    project_id {
      name: "your_project_name_here"
    }
    name: "local"
  }
  name: "master"
}
private_ip: "127.0.0.1"
roles: MASTER
roles: GSIM
roles: BRIDGE
roles: WORKER_RUNNER
roles: INSPECTION

2017-05-15 14:57:29,892 INFO  [improbable.core.config.node.GsimGrid] [] [] [] : Created gsim grid configuration of size (1500, 1500) with 1 columns and 1 rows, using gsims of (30, 30) chunks.
2017-05-15 14:57:29,897 INFO  [i.c.c.n.MasterNodeConfigurationLoader] [] [] [] : Original deployment module configuration (before parsing): {deployment_id {
  project_id {
    name: "your_project_name_here"
  }
  name: "local"
}
name: "master"
=[name: "ProfilingModule"
, name: "AssetDatabaseModule"
, name: "BridgeModuleOracleModule"
, name: "BridgeOracleModule"
, name: "EngineStartupModuleOracleModule"
, name: "PersistenceModule"
, name: "ReceptionistModule"
, name: "RouterModule"
, name: "WorldAppOracleModule"
, name: "WorldAppSupervisorModule"
, name: "GSimModule"
, name: "BridgeModule"
, name: "EngineStartupModule"
, name: "DevWorldRestApiModule"
, name: "InspectionRestModule"
]}
2017-05-15 14:57:29,909 INFO  [i.c.c.n.MasterNodeConfigurationLoader] [] [] [] : Master successfully loaded node configurations: {deployment_id {
  project_id {
    name: "your_project_name_here"
  }
  name: "local"
}
name: "master"
=node_id {
  deployment_id {
    project_id {
      name: "your_project_name_here"
    }
    name: "local"
  }
  name: "master"
}
module_configurations {
  name: "ProfilingModule"
}
module_configurations {
  name: "AssetDatabaseModule"
}
module_configurations {
  name: "EngineStartupModuleOracleModule"
}
module_configurations {
  name: "PersistenceModule"
}
module_configurations {
  name: "ReceptionistModule"
}
module_configurations {
  name: "WorldAppOracleModule"
}
module_configurations {
  name: "WorldAppSupervisorModule"
}
module_configurations {
  name: "GSimModule"
}
module_configurations {
  name: "EngineStartupModule"
}
module_configurations {
  name: "DevWorldRestApiModule"
}
module_configurations {
  name: "InspectionRestModule"
}
gsim_configurations {
  extent {
    bottom_left {
      x_in_chunks: -15
      z_in_chunks: -15
    }
    top_right {
      x_in_chunks: 15
      z_in_chunks: 15
    }
  }
}
start_router: true
start_bridge_oracle: true
start_bridge_module_oracle: true
bridge_modules {
  name: "BridgeModule"
}
}
2017-05-15 14:57:29,909 INFO  [improbable.module.ModuleNode] [] [] [] : Loaded node configuration: node_id {
  deployment_id {
    project_id {
      name: "your_project_name_here"
    }
    name: "local"
  }
  name: "master"
}
module_configurations {
  name: "ProfilingModule"
}
module_configurations {
  name: "AssetDatabaseModule"
}
module_configurations {
  name: "EngineStartupModuleOracleModule"
}
module_configurations {
  name: "PersistenceModule"
}
module_configurations {
  name: "ReceptionistModule"
}
module_configurations {
  name: "WorldAppOracleModule"
}
module_configurations {
  name: "WorldAppSupervisorModule"
}
module_configurations {
  name: "GSimModule"
}
module_configurations {
  name: "EngineStartupModule"
}
module_configurations {
  name: "DevWorldRestApiModule"
}
module_configurations {
  name: "InspectionRestModule"
}
gsim_configurations {
  extent {
    bottom_left {
      x_in_chunks: -15
      z_in_chunks: -15
    }
    top_right {
      x_in_chunks: 15
      z_in_chunks: 15
    }
  }
}
start_router: true
start_bridge_oracle: true
start_bridge_module_oracle: true
bridge_modules {
  name: "BridgeModule"
}

2017-05-15 14:57:29,909 INFO  [improbable.module.ModuleNode] [] [] [] : Using master world extents provider.
2017-05-15 14:57:29,923 INFO  [i.core.discovery.server.LocalServer] [] [] [] : Registered Service(improbable.fabric.internal.service.WorldExtentsInternalService) on host: "127.0.0.1"
port: 9006
.
2017-05-15 14:57:29,924 INFO  [i.c.world.MasterWorldExtentsProvider] [] [] [] : Successfully initialized world extents with 1 rectangle(s).
2017-05-15 14:57:29,927 INFO  [improbable.module.ModuleNode] [] [] [] : Loaded world extents: WorldExtents{proto=rectangles {
  bottom_left {
    x: -750.0
    z: -750.0
  }
  top_right {
    x: 750.0
    z: 750.0
  }
  is_fully_simulated: true
  responsible_gsim_id {
  }
}
bounding_rectangle {
  bottom_left {
    x: -750.0
    z: -750.0
  }
  top_right {
    x: 750.0
    z: 750.0
  }
  is_fully_simulated: true
}
}
2017-05-15 14:57:30,822 INFO  [i.c.d.global.GlobalServiceDiscovery] [] [] [] : Global service discovery refreshed 8 server(s) as master (previously: 6)
2017-05-15 14:57:31,916 INFO  [i.entity.schema.FabricSchema] [] [] [] : Found components: [improbable.EntityAcl, improbable.user.PlayerSpawning, improbable.core.WorldTransform]
2017-05-15 14:57:31,917 INFO  [improbable.module.ModuleNode] [] [] [] : Successfully loaded schema for entities
2017-05-15 14:57:31,917 INFO  [improbable.module.ModuleNode] [] [] [] : Validating snapshot at startup and determining max entity id
2017-05-15 14:57:31,948 INFO  [improbable.module.ModuleNode] [] [] [] : Determined the first entity id for the id assigner as 6
2017-05-15 14:57:31,952 INFO  [i.core.discovery.server.LocalServer] [] [] [] : Registered Service(improbable.fabric.internal.service.EntityIdInternalService) on host: "127.0.0.1"
port: 9007
.
2017-05-15 14:57:31,959 INFO  [i.core.discovery.server.LocalServer] [] [] [] : Registered Service(improbable.fabric.internal.service.BridgePositionHintInternalService) on host: "127.0.0.1"
port: 9008
.
2017-05-15 14:57:31,967 INFO  [i.core.discovery.server.LocalServer] [] [] [] : Registered Service(improbable.fabric.internal.service.RouterLookupInternalService) on host: "127.0.0.1"
port: 9009
.
2017-05-15 14:57:31,968 INFO  [i.module.router.ActorSystemFactory$] [] [] [] : Attempting to create ActorSystem akkaFabric with configRecord akkaFabric
2017-05-15 14:57:32,214 INFO  [akka.event.slf4j.Slf4jLogger] [] [] [] : Slf4jLogger started
2017-05-15 14:57:32,821 INFO  [i.c.d.global.GlobalServiceDiscovery] [] [] [] : Global service discovery refreshed 11 server(s) as master (previously: 8)
2017-05-15 14:57:33,266 INFO  [i.w.a.WorkerAssemblyProviderFactory] [] [] [] : Loaded worker assemblies for these workers types: UnityClient, UnityWorker.
2017-05-15 14:57:33,268 INFO  [improbable.module.ModuleNode] [] [] [] : Loaded worker assemblies: [worker_assembly_id {
  assembly_id {
    project_id {
      name: "your_project_name_here"
    }
    name: "local_assembly"
  }
  name {
    name: "UnityClient"
  }
}
bridge_configuration {
  worker_attribute_set {
    attribute {
      name: "visual"
    }
  }
  entity_interest {
    range_entity_interest {
      radius: 200.0
    }
  }
  component_delivery {
    checkout_all_initially: true
  }
}
, worker_assembly_id {
  assembly_id {
    project_id {
      name: "your_project_name_here"
    }
    name: "local_assembly"
  }
  name {
    name: "UnityWorker"
  }
}
worker_launch_configuration {
  platform: WINDOWS
  worker_zip {
    command: "UnityWorker@Windows.exe"
    argument: "+appName"
    argument: "${IMPROBABLE_PROJECT_NAME}"
    argument: "+receptionistIp"
    argument: "${IMPROBABLE_RECEPTIONIST_IP}"
    argument: "+receptionistPort"
    argument: "${IMPROBABLE_RECEPTIONIST_PORT}"
    argument: "+workerType"
    argument: "${IMPROBABLE_WORKER_NAME}"
    argument: "+workerId"
    argument: "${IMPROBABLE_WORKER_ID}"
    argument: "+useInternalIpForBridge"
    argument: "true"
    argument: "+infraServicesUrl"
    argument: "${IMPROBABLE_API_URL}"
    argument: "+assemblyName"
    argument: "${IMPROBABLE_ASSEMBLY_NAME}"
    argument: "+linkProtocol"
    argument: "RakNet"
    argument: "-logfile"
    argument: "${IMPROBABLE_LOG_FILE}"
    argument: "-batchmode"
    argument: "-nographics"
    worker_location {
      filename: "UnityWorker@Windows.zip"
    }
  }
}
worker_launch_configuration {
  platform: MACOS
  worker_zip {
    command: "UnityWorker@Mac.app/Contents/MacOS/UnityWorker@Mac"
    argument: "+appName"
    argument: "${IMPROBABLE_PROJECT_NAME}"
    argument: "+receptionistIp"
    argument: "${IMPROBABLE_RECEPTIONIST_IP}"
    argument: "+receptionistPort"
    argument: "${IMPROBABLE_RECEPTIONIST_PORT}"
    argument: "+workerType"
    argument: "${IMPROBABLE_WORKER_NAME}"
    argument: "+workerId"
    argument: "${IMPROBABLE_WORKER_ID}"
    argument: "+useInternalIpForBridge"
    argument: "true"
    argument: "+infraServicesUrl"
    argument: "${IMPROBABLE_API_URL}"
    argument: "+assemblyName"
    argument: "${IMPROBABLE_ASSEMBLY_NAME}"
    argument: "+linkProtocol"
    argument: "RakNet"
    argument: "-logfile"
    argument: "${IMPROBABLE_LOG_FILE}"
    argument: "-batchmode"
    argument: "-nographics"
    worker_location {
      filename: "UnityWorker@Mac.zip"
    }
  }
}
worker_launch_configuration {
  platform: LINUX
  worker_zip {
    command: "UnityWorker@Linux"
    argument: "+appName"
    argument: "${IMPROBABLE_PROJECT_NAME}"
    argument: "+receptionistIp"
    argument: "${IMPROBABLE_RECEPTIONIST_IP}"
    argument: "+receptionistPort"
    argument: "${IMPROBABLE_RECEPTIONIST_PORT}"
    argument: "+workerType"
    argument: "${IMPROBABLE_WORKER_NAME}"
    argument: "+workerId"
    argument: "${IMPROBABLE_WORKER_ID}"
    argument: "+useInternalIpForBridge"
    argument: "true"
    argument: "+infraServicesUrl"
    argument: "${IMPROBABLE_API_URL}"
    argument: "+assemblyName"
    argument: "${IMPROBABLE_ASSEMBLY_NAME}"
    argument: "+linkProtocol"
    argument: "RakNet"
    argument: "-logfile"
    argument: "${IMPROBABLE_LOG_FILE}"
    argument: "-batchmode"
    argument: "-nographics"
    worker_location {
      filename: "UnityWorker@Linux.zip"
    }
  }
}
bridge_configuration {
  worker_attribute_set {
    attribute {
      name: "physics"
    }
  }
  entity_interest {
    range_entity_interest {
      radius: 200.0
    }
  }
  component_delivery {
    checkout_all_initially: true
  }
}
]
2017-05-15 14:57:33,269 INFO  [i.l.params.LoadbalancerParamsFactory] [] [] [] : Parsed 1 worker loadbalancing configuration(s)
2017-05-15 14:57:33,272 INFO  [i.l.params.LoadbalancerParamsFactory] [] [] [] : Successfully loaded loadbalancing configurations: {UnityWorker=improbable.loadbalancing.params.AutoHexGridLoadbalancerParams@1f981e7c}
2017-05-15 14:57:33,274 INFO  [i.w.permissions.PermissionsFactory] [] [] [] : Created permissions manager with permissions: {UnityWorker=Permissions{{/sys/CreateEntity=, /sys/DeleteEntity=, /sys/EntityQuery={"component":["*"]}}}, UnityClient=Permissions{{/sys/EntityQuery={"component":["*"]}}}}
2017-05-15 14:57:35,197 INFO  [improbable.module.ModuleNode] [] [] [] : Starting router on master
2017-05-15 14:57:35,202 INFO  [i.core.discovery.server.LocalServer] [] [] [] : Registered Service(improbable.fabric.internal.service.RouterInternalService) on host: "127.0.0.1"
port: 9010
.
2017-05-15 14:57:35,202 INFO  [i.c.m.r.RouterInternalServiceImpl] [] [] [] : Attempting to register RouterInternalServiceImpl with RouterLookupInternalService.
2017-05-15 14:57:35,204 INFO  [io.grpc.internal.ManagedChannelImpl] [] [] [] : [ManagedChannelImpl@5faa09a8] Created with target directaddress:///io.grpc.inprocess.InProcessSocketAddress@5975a2fe
2017-05-15 14:57:35,206 INFO  [i.c.m.r.l.RouterLookupInternalServiceImpl] [] [] [] : 1/1 router modules started
2017-05-15 14:57:35,207 INFO  [i.c.m.r.RouterInternalServiceImpl] [] [] [] : Registered RouterInternalServiceImpl with RouterLookupInternalService.
2017-05-15 14:57:35,207 INFO  [improbable.module.ModuleNode] [] [] [] : Waiting for all router modules in the deployment to have started
2017-05-15 14:57:35,208 INFO  [i.routing.proxy.RouterProxyFactory$] [] [] [] : Attempting to get addresses of all RouterModules from master node
2017-05-15 14:57:35,215 INFO  [i.routing.proxy.RouterProxyFactory$] [] [] [] : Got all RouterModules from master node
2017-05-15 14:57:35,225 INFO  [i.core.discovery.server.LocalServer] [] [] [] : Registered Service(improbable.fabric.internal.service.RemoteMessageInternalService) on host: "127.0.0.1"
port: 9011
.
2017-05-15 14:57:35,235 INFO  [i.core.discovery.server.LocalServer] [] [] [] : Registered Service(improbable.fabric.internal.service.LocalBrokerInternalService) on host: "127.0.0.1"
port: 9012
.
2017-05-15 14:57:35,240 INFO  [improbable.module.ModuleNode] [] [] [] : All router modules in the deployment started
2017-05-15 14:57:35,291 INFO  [org.eclipse.jetty.server.Server] [] [] [] : jetty-8.y.z-SNAPSHOT
2017-05-15 14:57:35,312 INFO  [o.e.jetty.server.AbstractConnector] [] [] [] : Started SelectChannelConnector@0.0.0.0:5006
2017-05-15 14:57:35,312 INFO  [improbable.http.ServletContainer$] [] [] [] : Servlet container started
2017-05-15 14:57:35,312 INFO  [improbable.module.ModuleNode] [] [] [] : Starting BridgeOracle on master
2017-05-15 14:57:35,319 INFO  [improbable.module.ModuleNode] [] [] [] : Waiting for the BridgeOracle to have started
2017-05-15 14:57:35,467 INFO  [io.grpc.internal.ManagedChannelImpl] [] [] [] : [ManagedChannelImpl@5002623a] Created with target directaddress:///io.grpc.inprocess.InProcessSocketAddress@7e074a17
2017-05-15 14:57:35,473 INFO  [io.grpc.internal.ManagedChannelImpl] [] [] [] : [ManagedChannelImpl@78fee6d0] Created with target directaddress:///io.grpc.inprocess.InProcessSocketAddress@6722fc96
2017-05-15 14:57:35,476 INFO  [i.core.discovery.server.LocalServer] [] [] [] : Registered Service(improbable.fabric.internal.service.BridgeOracleInternalService) on host: "127.0.0.1"
port: 9013
.
2017-05-15 14:57:35,821 INFO  [improbable.module.ModuleNode] [] [] [] : Received BridgeOracle started
2017-05-15 14:57:35,821 INFO  [i.c.d.global.GlobalServiceDiscovery] [] [] [] : Global service discovery refreshed 15 server(s) as master (previously: 11)
2017-05-15 14:57:35,827 INFO  [i.core.discovery.server.LocalServer] [] [] [] : Registered Service(improbable.fabric.internal.service.GlobalBrokerInternalService) on host: "127.0.0.1"
port: 9014
.
2017-05-15 14:57:35,828 INFO  [improbable.module.ModuleNode] [] [] [] : Waiting for the BridgeModuleOracle to have started
2017-05-15 14:57:35,832 INFO  [i.c.a.e.ExtensibleActorReporter] [] [] [] : Started BridgeModuleOracleActor(Actor[akka://akkaFabric/user/BridgeModuleOracleModule#-385089404]).
2017-05-15 14:57:35,841 INFO  [i.core.discovery.server.LocalServer] [] [] [] : Registered Service(improbable.fabric.internal.service.BridgeServiceOracleInternalService) on host: "127.0.0.1"
port: 9015
.
2017-05-15 14:57:36,822 INFO  [i.c.d.global.GlobalServiceDiscovery] [] [] [] : Global service discovery refreshed 17 server(s) as master (previously: 15)
2017-05-15 14:57:36,822 INFO  [improbable.module.ModuleNode] [] [] [] : Received BridgeModuleOracle started
2017-05-15 14:57:36,825 INFO  [io.grpc.internal.ManagedChannelImpl] [] [] [] : [ManagedChannelImpl@54ace79d] Created with target directaddress:///io.grpc.inprocess.InProcessSocketAddress@7a27952a
2017-05-15 14:57:36,830 INFO  [improbable.module.ModuleNode] [] [] [] : Waiting for 1 BridgeModules to have started
2017-05-15 14:57:36,838 INFO  [i.c.a.e.ExtensibleActorReporter] [] [] [] : Started BridgeModuleActor(Actor[akka://akkaFabric/user/BridgeModule:1I3Qm0cH#841766572]).
2017-05-15 14:57:36,838 INFO  [i.module.bridge.BridgeModuleActor] [] [] [] : Waiting for BridgeModuleOracle service to be available
2017-05-15 14:57:36,844 INFO  [i.module.bridge.BridgeModuleActor] [] [] [] : Registered(BridgeModuleEndpoint(1I3Qm0cH)) on BridgeModuleOracleService
2017-05-15 14:57:36,846 INFO  [i.m.b.o.m.BridgeModuleOracleActor] [] [] [] : Registering: BridgeModuleEndpoint(1I3Qm0cH) with BridgeModuleOracleActor
2017-05-15 14:57:36,857 INFO  [i.core.discovery.server.LocalServer] [] [] [] : Registered Service(improbable.fabric.internal.service.BridgeInternalService) on host: "127.0.0.1"
port: 9016
.
2017-05-15 14:57:37,471 INFO  [i.bridge.oracle.scaling.WorkerScaler] [] [] [] : Skipping reconciliation because no WorkerRunner service is available. This message is expected at startup but should not persist through the deployment
2017-05-15 14:57:37,821 INFO  [i.c.d.global.GlobalServiceDiscovery] [] [] [] : Global service discovery refreshed 18 server(s) as master (previously: 17)
2017-05-15 14:57:37,835 INFO  [improbable.module.ModuleNode] [] [] [] : Received 1 BridgeModules started
2017-05-15 14:57:37,837 INFO  [io.grpc.internal.ManagedChannelImpl] [] [] [] : [ManagedChannelImpl@99d5a3e] Created with target directaddress:///io.grpc.inprocess.InProcessSocketAddress@3b4d4292
2017-05-15 14:57:37,845 INFO  [improbable.module.ModuleNode] [] [] [] : Waiting for all modules on this node to start.
2017-05-15 14:57:37,849 INFO  [i.core.discovery.server.PublicServer] [] [] [] : Registered Service(improbable.platform.runtime.ModuleService) on host: "127.0.0.1"
port: 9017
.
2017-05-15 14:57:37,850 INFO  [i.c.a.e.ExtensibleActorReporter] [] [] [] : Started ModuleManager(Actor[akka://akkaFabric/user/moduleManager#1661945961]).
2017-05-15 14:57:37,851 INFO  [i.module.manager.ModuleManager] [] [] [] : Starting modules on master: Buffer(name: "ProfilingModule"
, name: "AssetDatabaseModule"
, name: "EngineStartupModuleOracleModule"
, name: "PersistenceModule"
, name: "ReceptionistModule"
, name: "WorldAppOracleModule"
, name: "WorldAppSupervisorModule"
, name: "GSimModule"
, name: "EngineStartupModule"
, name: "DevWorldRestApiModule"
, name: "InspectionRestModule"
)
2017-05-15 14:57:37,851 INFO  [i.module.manager.ModuleManager] [] [] [] : Starting Module(ProfilingModule) ...
2017-05-15 14:57:37,853 INFO  [i.module.manager.ModuleManager] [] [] [] : Started Module(ProfilingModule).
2017-05-15 14:57:37,853 INFO  [i.module.manager.ModuleManager] [] [] [] : Starting Module(AssetDatabaseModule) ...
2017-05-15 14:57:37,855 INFO  [i.module.manager.ModuleManager] [] [] [] : Started Module(AssetDatabaseModule).
2017-05-15 14:57:37,855 INFO  [i.module.manager.ModuleManager] [] [] [] : Starting Module(EngineStartupModuleOracleModule) ...
2017-05-15 14:57:37,855 INFO  [i.c.a.e.ExtensibleActorReporter] [] [] [] : Started ProfilingModuleActor(Actor[akka://akkaFabric/user/moduleManager/ProfilingModule1#-1161329188]).
2017-05-15 14:57:37,859 INFO  [i.module.manager.ModuleManager] [] [] [] : Started Module(EngineStartupModuleOracleModule).
2017-05-15 14:57:37,859 INFO  [i.module.manager.ModuleManager] [] [] [] : Starting Module(PersistenceModule) ...
2017-05-15 14:57:37,859 INFO  [i.c.a.e.ExtensibleActorReporter] [] [] [] : Started EngineStartupModuleOracleActor(Actor[akka://akkaFabric/user/moduleManager/EngineStartupModuleOracleModule1#1010969326]).
2017-05-15 14:57:37,860 INFO  [i.module.manager.ModuleManager] [] [] [] : Started Module(PersistenceModule).
2017-05-15 14:57:37,860 INFO  [i.module.manager.ModuleManager] [] [] [] : Starting Module(ReceptionistModule) ...
2017-05-15 14:57:37,861 INFO  [i.module.manager.ModuleManager] [] [] [] : Started Module(ReceptionistModule).
2017-05-15 14:57:37,862 INFO  [i.module.manager.ModuleManager] [] [] [] : Starting Module(WorldAppOracleModule) ...
2017-05-15 14:57:37,869 INFO  [i.core.discovery.server.LocalServer] [] [] [] : Registered Service(improbable.fabric.internal.service.ReceptionistInternalService) on host: "127.0.0.1"
port: 9018
.
2017-05-15 14:57:38,052 INFO  [i.core.discovery.server.PublicServer] [] [] [] : Registered Service(improbable.platform.runtime.ReceptionistService) on host: "127.0.0.1"
port: 9019
.
2017-05-15 14:57:38,053 INFO  [i.m.r.ReceptionistRestGateway] [] [] [] : Starting receptionist on 0.0.0.0:7777
2017-05-15 14:57:38,244 INFO  [spray.can.server.HttpListener] [akka://akkaFabric/user/IO-HTTP/listener-0] [akkaFabric-akka.actor.default-dispatcher-3] [] : Bound to /0.0.0.0:1238
2017-05-15 14:57:38,244 INFO  [spray.can.server.HttpListener] [akka://akkaFabric/user/IO-HTTP/listener-1] [akkaFabric-akka.actor.default-dispatcher-12] [] : Bound to /0.0.0.0:7777
2017-05-15 14:57:38,820 INFO  [i.c.d.global.GlobalServiceDiscovery] [] [] [] : Global service discovery refreshed 21 server(s) as master (previously: 18)
2017-05-15 14:57:39,471 INFO  [i.bridge.oracle.scaling.WorkerScaler] [] [] [] : Skipping reconciliation because no WorkerRunner service is available. This message is expected at startup but should not persist through the deployment
2017-05-15 14:57:39,745 INFO  [i.core.discovery.server.LocalServer] [] [] [] : Registered Service(improbable.fabric.internal.service.WorldAppOracleInternalService) on host: "127.0.0.1"
port: 9020
.
2017-05-15 14:57:39,747 INFO  [i.module.manager.ModuleManager] [] [] [] : Started Module(WorldAppOracleModule).
2017-05-15 14:57:39,747 INFO  [i.module.manager.ModuleManager] [] [] [] : Starting Module(WorldAppSupervisorModule) ...
2017-05-15 14:57:39,748 INFO  [i.module.manager.ModuleManager] [] [] [] : Started Module(WorldAppSupervisorModule).
2017-05-15 14:57:39,748 INFO  [i.module.manager.ModuleManager] [] [] [] : Starting Module(GSimModule) ...
2017-05-15 14:57:39,749 INFO  [i.module.manager.ModuleManager] [] [] [] : Started Module(GSimModule).
2017-05-15 14:57:39,749 INFO  [i.module.manager.ModuleManager] [] [] [] : Starting Module(EngineStartupModule) ...
2017-05-15 14:57:39,750 INFO  [i.c.a.e.ExtensibleActorReporter] [] [] [] : Started WorldAppSupervisorModuleActor(Actor[akka://akkaFabric/user/moduleManager/WorldAppSupervisorModule1#-291976416]).
2017-05-15 14:57:39,754 INFO  [improbable.engine.worker.WorkerStats] [] [] [] : Cannot read /proc/self/stat; worker stats reporting will not work.
2017-05-15 14:57:39,760 INFO  [i.core.discovery.server.PublicServer] [] [] [] : Registered Service(improbable.platform.inner.worker.WorkerRunner) on host: "127.0.0.1"
port: 9021
.
2017-05-15 14:57:39,760 INFO  [i.module.manager.ModuleManager] [] [] [] : Started Module(EngineStartupModule).
2017-05-15 14:57:39,761 INFO  [i.module.manager.ModuleManager] [] [] [] : Starting Module(DevWorldRestApiModule) ...
2017-05-15 14:57:39,761 INFO  [i.module.manager.ModuleManager] [] [] [] : Started Module(DevWorldRestApiModule).
2017-05-15 14:57:39,762 INFO  [i.module.manager.ModuleManager] [] [] [] : Starting Module(InspectionRestModule) ...
2017-05-15 14:57:39,764 INFO  [i.module.manager.ModuleManager] [] [] [] : Started Module(InspectionRestModule).
2017-05-15 14:57:39,764 INFO  [i.module.manager.ModuleManager] [] [] [] : Module bootstrapping complete on master.
2017-05-15 14:57:39,765 INFO  [improbable.module.ModuleNode] [] [] [] : All modules on this node started, waiting for other nodes to reach the same state.
2017-05-15 14:57:39,765 INFO  [improbable.module.ModuleNode] [] [] [] : Using master module status checker.
2017-05-15 14:57:39,775 INFO  [i.c.r.MasterModuleStatusChecker] [] [] [] : All other nodes have all modules started.
2017-05-15 14:57:39,776 INFO  [improbable.module.ModuleNode] [] [] [] : All modules on all nodes have been started, setting node state to healthy.
2017-05-15 14:57:39,777 INFO  [improbable.module.ModuleNode] [] [] [] : SpatialOS runtime startup complete.
2017-05-15 14:57:39,780 INFO  [i.core.discovery.server.PublicServer] [] [] [] : Registered Service(improbable.fabric.internal.service.ScalingStatsInternalService) on host: "127.0.0.1"
port: 9022
.
2017-05-15 14:57:39,799 INFO  [i.core.discovery.server.PublicServer] [] [] [] : Registered Service(improbable.platform.runtime.SnapshotService) on host: "127.0.0.1"
port: 9023
.
2017-05-15 14:57:39,799 INFO  [i.c.a.e.ExtensibleActorReporter] [] [] [] : Started DevWorldRestApiModuleActor(Actor[akka://akkaFabric/user/moduleManager/DevWorldRestApiModule1#1699882654]).
2017-05-15 14:57:39,799 INFO  [i.devworld.DevWorldRestServer] [] [] [] : Dev API server starting on 0.0.0.0 : 5000
2017-05-15 14:57:39,801 INFO  [i.c.a.e.ExtensibleActorReporter] [] [] [] : Started PersistenceModuleActor(Actor[akka://akkaFabric/user/moduleManager/PersistenceModule1#1974610343]).
2017-05-15 14:57:39,802 INFO  [i.p.gsim.GSimPersistenceWriter] [] [] [] : Transitioning GSimPersistenceActor(0) from State [Idle] to [Idle].  Time Elapsed: 0 milliseconds
2017-05-15 14:57:39,811 INFO  [spray.can.server.HttpListener] [akka://akkaFabric/user/IO-HTTP/listener-2] [akkaFabric-akka.actor.default-dispatcher-3] [] : Bound to /0.0.0.0:5000
2017-05-15 14:57:39,813 INFO  [i.core.discovery.server.LocalServer] [] [] [] : Registered Service(improbable.fabric.internal.service.EntityQueryInternalService) on host: "127.0.0.1"
port: 9024
.
2017-05-15 14:57:39,824 INFO  [i.p.g.GSimPersistenceLoadOrchestrator] [] [] [] : Loading snapshot on GSim(0).
2017-05-15 14:57:39,825 INFO  [i.p.gsim.GSimPersistenceLoader] [] [] [] : Loading snapshot
2017-05-15 14:57:39,827 INFO  [i.c.d.global.GlobalServiceDiscovery] [] [] [] : Global service discovery refreshed 26 server(s) as master (previously: 21)
2017-05-15 14:57:39,827 INFO  [io.grpc.internal.ManagedChannelImpl] [] [] [] : [ManagedChannelImpl@51d4e801] Created with target directaddress:///io.grpc.inprocess.InProcessSocketAddress@7aba5525
2017-05-15 14:57:39,832 INFO  [i.m.a.WorldAppOracleInternalServiceImpl] [] [] [] : WorldApp Supervisor master registered with the world app oracle
2017-05-15 14:57:39,833 INFO  [i.m.a.WorldAppOracleInternalServiceImpl] [] [] [] : Trying to start initial WorldApps
2017-05-15 14:57:39,834 INFO  [i.m.a.WorldAppOracleInternalServiceImpl] [] [] [] : Waiting for World App supervisors to be ready
2017-05-15 14:57:39,836 INFO  [i.m.a.WorldAppOracleInternalServiceImpl] [] [] [] : World App supervisors registered, asking them to start worldapps
2017-05-15 14:57:39,851 INFO  [io.grpc.internal.ManagedChannelImpl] [] [] [] : [ManagedChannelImpl@23236a73] Created with target directaddress:///io.grpc.inprocess.InProcessSocketAddress@43b75087
2017-05-15 14:57:39,905 INFO  [i.p.g.GSimPersistenceLoadOrchestrator] [] [] [] : Loaded 5 entities on GSim(0).
2017-05-15 14:57:39,906 INFO  [i.p.c.PersistenceLoaderCoordinatorActor] [] [] [] : All Snapshots loaded. Activating entities.
2017-05-15 14:57:39,909 INFO  [i.p.g.GSimPersistenceLoadOrchestrator] [] [] [] : Activating 5 entities on GSim(0).
2017-05-15 14:57:39,911 INFO  [i.core.discovery.server.PublicServer] [] [] [] : Registered Service(improbable.platform.runtime.InspectionService) on host: "127.0.0.1"
port: 9025
.
2017-05-15 14:57:39,913 INFO  [i.p.g.GSimPersistenceLoadOrchestrator] [] [] [] : Activated 5 entities on GSim(0).
2017-05-15 14:57:39,914 INFO  [i.p.c.PersistenceLoaderCoordinatorActor] [] [] [] : Snapshot Load Complete.
2017-05-15 14:57:39,959 INFO  [i.c.a.e.ExtensibleActorReporter] [] [] [] : Started InspectionRestModuleActor(Actor[akka://akkaFabric/user/moduleManager/InspectionRestModule1#650446914]).
2017-05-15 14:57:40,004 INFO  [spray.can.server.HttpListener] [akka://akkaFabric/user/IO-HTTP/listener-3] [akkaFabric-akka.actor.default-dispatcher-38] [] : Bound to /0.0.0.0:5005
2017-05-15 14:57:40,007 INFO  [i.l.params.LoadbalancerParamsFactory] [] [] [] : LoadbalancerParams for worker type [UnityWorker]: [AutoHexGridLoadbalancerParams{energyLimitingEnabled=true, energyLimit=1.0E9, minWorkerRange=1500.0, maxWorkerRange=1500.0, maxWorkerStepSize=0.0, workerExpansionTimeMs=60000, workerGridSize=0, loadbalancerEnabled=false, hexGridMode=AUTO, scalerAdvisorType=CONSTANT, maxWorkers=1, initialWorkers=1, numEntitiesPerWorker=9223372036854775807, statusReportPeriodMs=30000, pointsOfInterestEnabled=false, hexGridSolution=AutoValue_HexGridSolution{workersUsed=1, hexagonEdgeLength=1500.0, hexagonOrientation=POINTY_TOP, bounds=Rectangle{minX=-750.0, minZ=-750.0, maxX=750.0, maxZ=750.0}}, pointsOfInterestSolution=Empty}]
2017-05-15 14:57:40,018 INFO  [io.grpc.internal.ManagedChannelImpl] [] [] [] : [ManagedChannelImpl@51218b1] Created with target directaddress:///io.grpc.inprocess.InProcessSocketAddress@4c610ae3
2017-05-15 14:57:40,045 INFO  [io.grpc.internal.ManagedChannelImpl] [] [] [] : [ManagedChannelImpl@665158f5] Created with target directaddress:///io.grpc.inprocess.InProcessSocketAddress@3c127dbc
2017-05-15 14:57:40,048 INFO  [i.b.o.m.BridgeOracleEngineManager] [] [] [] : Trying to start managed worker UnityWorker0
2017-05-15 14:57:40,050 INFO  [i.bridge.oracle.scaling.WorkerScaler] [] [] [] : Starting 1 new managed workers for attribute_set {
  attribute {
    name: "physics"
  }
}
 (required: 1, existing: 0)
2017-05-15 14:57:40,164 INFO  [io.grpc.internal.ManagedChannelImpl] [] [] [] : [ManagedChannelImpl@5dd50668] Created with target directaddress:///io.grpc.inprocess.InProcessSocketAddress@52b59672
2017-05-15 14:57:40,166 INFO  [i.e.worker.WorkerStartupExecutor] [] [] [] : Awaiting internal receptionist service to register with service discovery
2017-05-15 14:57:40,167 INFO  [io.grpc.internal.ManagedChannelImpl] [] [] [] : [ManagedChannelImpl@4852ce39] Created with target directaddress:///io.grpc.inprocess.InProcessSocketAddress@415f6643
2017-05-15 14:57:40,168 INFO  [i.e.worker.WorkerStartupExecutor] [] [] [] : Successfully found the internal receptionist service in service discovery
2017-05-15 14:57:40,168 INFO  [io.grpc.internal.ClientCallImpl] [] [] [] : Call timeout set to '29996976081' ns, due to context deadline. Explicit call timeout was '29999213163' ns.
2017-05-15 14:57:40,172 INFO  [i.e.worker.WorkerStartupExecutor] [] [] [] : Awaiting public receptionist service to register with service discovery
2017-05-15 14:57:40,172 INFO  [i.e.worker.WorkerStartupExecutor] [] [] [] : Successfully found the public receptionist service in service discovery
2017-05-15 14:57:40,550 INFO  [i.i.service.InspectionRestService] [] [] [] : Processing GET request from new source 0:0:0:0:0:0:0:1
2017-05-15 14:57:40,821 INFO  [i.c.d.global.GlobalServiceDiscovery] [] [] [] : Global service discovery refreshed 27 server(s) as master (previously: 26)
2017-05-15 14:57:41,261 INFO  [i.e.worker.WorkerStartupExecutor] [] [] [] : Created log file for worker UnityWorker0, type (UnityWorker): [/Users/trefethen/Documents/unity/spatial/logs/2017-05-15_14-57-22_0/workers/UnityWorker/UnityWorker0-6924339388156013844.log]
2017-05-15 14:57:41,262 INFO  [i.engine.worker.CommandLineExecutor] [] [] [] : Running command: /var/folders/4l/xzgp2w7j5lzd9ydctvd65g1c0000gn/T/improbable8862803067728048236/UnityWorker@Mac.app/Contents/MacOS/UnityWorker@Mac +appName your_project_name_here +receptionistIp 127.0.0.1 +receptionistPort 7777 +workerType UnityWorker +workerId UnityWorker0 +useInternalIpForBridge true +infraServicesUrl http://127.0.0.1:21000 +assemblyName local_assembly +linkProtocol RakNet -logfile /Users/trefethen/Documents/unity/spatial/logs/2017-05-15_14-57-22_0/workers/UnityWorker/UnityWorker0-6924339388156013844.log -batchmode -nographics
2017-05-15 14:57:41,338 INFO  [io.grpc.internal.ManagedChannelImpl] [] [] [] : [ManagedChannelImpl@4df651de] Created with target directaddress:///io.grpc.inprocess.InProcessSocketAddress@7f810beb
2017-05-15 14:57:41,881 INFO  [i.b.o.p.LoadTrackingProximityPreferredBridgeModulePicker] [] [] [] : Attempting to get positionhint for UnityWorker0 via rpc
2017-05-15 14:57:41,885 INFO  [i.m.b.o.m.BridgeModuleOracleActor] [] [] [] : Asking LoadTrackingProximityPreferredBridgeModulePicker for a new BridgeModule for Engine(UnityWorker0). Returning: Some(BridgeModuleEndpoint(1I3Qm0cH)) at Some(BridgeModuleLoadBalanceInfo((0.0, 0.0, 0.0),0))
2017-05-15 14:57:42,029 INFO  [i.b.i.BridgeInternalServiceImpl] [] [] [] : Bridge worker_id: "UnityWorker0"
 registered with bridge internal service
2017-05-15 14:57:42,036 INFO  [i.b.o.s.BridgeOracleInternalServiceImpl] [] [] [] : Got bridge started rpc from bridge: worker_id: "UnityWorker0"

2017-05-15 14:57:42,036 INFO  [i.b.o.s.BridgeOracleInternalServiceImpl] [] [] [] : The worker UnityWorker0 registered with SpatialOS successfully.
2017-05-15 14:57:42,036 INFO  [i.module.bridge.oracle.BridgeOracle] [] [] [] : Sending bridge started to self for bridge endpoint BridgeEndpoint(UnityWorker0)
2017-05-15 14:57:42,038 INFO  [i.module.bridge.oracle.BridgeOracle] [] [] [] : Bridge(UnityWorker0) started.
2017-05-15 14:57:42,038 INFO  [i.b.o.m.BridgeOracleEngineManager] [] [] [] : Worker UnityWorker0 registered with the BridgeOracleEngine manager
2017-05-15 14:57:42,039 INFO  [improbable.bridge.BridgeActor] [] [] [] : Bridge(UnityWorker0) sent BridgeStarted to the bridge oracle.
2017-05-15 14:57:42,136 INFO  [i.b.n.raknet.GuardedRakPeerInterface] [] [] [] : New RakNet connection established with 127.0.0.1
2017-05-15 14:57:56,350 INFO  [io.grpc.internal.ClientCallImpl] [] [] [] : Call timeout set to '29998056666' ns, due to context deadline. Explicit call timeout was '29999923444' ns.
2017-05-15 14:57:57,884 INFO  [io.grpc.internal.ClientCallImpl] [] [] [] : Call timeout set to '29999447982' ns, due to context deadline. Explicit call timeout was '29999937633' ns.
2017-05-15 14:57:59,395 INFO  [io.grpc.internal.ClientCallImpl] [] [] [] : Call timeout set to '29999366228' ns, due to context deadline. Explicit call timeout was '29999942048' ns.
2017-05-15 14:58:03,015 INFO  [i.b.o.p.LoadTrackingProximityPreferredBridgeModulePicker] [] [] [] : Attempting to get positionhint for UnityClient412ba6f8-c42b-45cf-b544-0a62a314a531 via rpc
2017-05-15 14:58:03,016 INFO  [i.b.o.p.LoadTrackingProximityPreferredBridgeModulePicker] [] [] [] : Starting UnityClient412ba6f8-c42b-45cf-b544-0a62a314a531 without an existing position hint (none set), so using a randomly selected bridge module.
2017-05-15 14:58:03,018 INFO  [i.b.o.p.LoadTrackingProximityPreferredBridgeModulePicker] [] [] [] : Assign Engine(UnityClient412ba6f8-c42b-45cf-b544-0a62a314a531) to a random Endpoint(Some(BridgeModuleEndpoint(1I3Qm0cH))): no position hint was found. (Logged every 100 times)
2017-05-15 14:58:03,019 INFO  [i.m.b.o.m.BridgeModuleOracleActor] [] [] [] : Asking LoadTrackingProximityPreferredBridgeModulePicker for a new BridgeModule for Engine(UnityClient412ba6f8-c42b-45cf-b544-0a62a314a531). Returning: Some(BridgeModuleEndpoint(1I3Qm0cH)) at Some(BridgeModuleLoadBalanceInfo((0.0, 0.0, 0.0),1))
2017-05-15 14:58:03,020 INFO  [i.l.params.LoadbalancerParamsFactory] [] [] [] : LoadbalancerParams for worker type [UnityClient]: [FlagzLoadbalancerParams{energyLimitingEnabled=true, energyLimit=1.0E9, minWorkerRange=Infinity, maxWorkerRange=Infinity, maxWorkerStepSize=50.0, workerExpansionTimeMs=60000, workerGridSize=5, loadbalancerEnabled=true, hexGridMode=OFF, scalerAdvisorType=ENTITY_COUNT, maxWorkers=25, initialWorkers=25, numEntitiesPerWorker=9223372036854775807, statusReportPeriodMs=2000, pointsOfInterestEnabled=false, hexGridSolution=Empty, pointsOfInterestSolution=Empty}]
2017-05-15 14:58:03,039 INFO  [i.b.i.BridgeInternalServiceImpl] [] [] [] : Bridge worker_id: "UnityClient412ba6f8-c42b-45cf-b544-0a62a314a531"
 registered with bridge internal service
2017-05-15 14:58:03,040 INFO  [i.b.o.s.BridgeOracleInternalServiceImpl] [] [] [] : Got bridge started rpc from bridge: worker_id: "UnityClient412ba6f8-c42b-45cf-b544-0a62a314a531"

2017-05-15 14:58:03,040 INFO  [i.b.o.s.BridgeOracleInternalServiceImpl] [] [] [] : The worker UnityClient412ba6f8-c42b-45cf-b544-0a62a314a531 registered with SpatialOS successfully.
2017-05-15 14:58:03,041 INFO  [i.module.bridge.oracle.BridgeOracle] [] [] [] : Sending bridge started to self for bridge endpoint BridgeEndpoint(UnityClient412ba6f8-c42b-45cf-b544-0a62a314a531)
2017-05-15 14:58:03,041 INFO  [i.module.bridge.oracle.BridgeOracle] [] [] [] : Bridge(UnityClient412ba6f8-c42b-45cf-b544-0a62a314a531) started.
2017-05-15 14:58:03,041 INFO  [improbable.bridge.BridgeActor] [] [] [] : Bridge(UnityClient412ba6f8-c42b-45cf-b544-0a62a314a531) sent BridgeStarted to the bridge oracle.
2017-05-15 14:58:03,087 INFO  [i.b.n.raknet.GuardedRakPeerInterface] [] [] [] : New RakNet connection established with 127.0.0.1
2017-05-15 14:58:03,180 INFO  [io.grpc.internal.ManagedChannelImpl] [] [] [] : [ManagedChannelImpl@6d69a41b] Created with target directaddress:///io.grpc.inprocess.InProcessSocketAddress@6d42453f
2017-05-15 14:58:27,920 INFO  [i.b.n.BridgeActorTransportLinkListener] [] [] [] : TransportLinkListener(UnityClient412ba6f8-c42b-45cf-b544-0a62a314a531) sending Disconnected to akka://akkaFabric/user/BridgeModule:1I3Qm0cH/BridgeActor-UnityClient412ba6f8-c42b-45cf-b544-0a62a314a531
2017-05-15 14:58:27,924 INFO  [i.module.bridge.oracle.BridgeOracle] [] [] [] : Bridge(UnityClient412ba6f8-c42b-45cf-b544-0a62a314a531) stopped.
2017-05-15 14:58:27,924 INFO  [i.b.i.BridgeInternalServiceImpl] [] [] [] : Bridge worker_id: "UnityClient412ba6f8-c42b-45cf-b544-0a62a314a531"
 unregistered with bridge internal service
2017-05-15 14:58:27,925 INFO  [improbable.bridge.BridgeActor] [] [] [] : Bridge(UnityClient412ba6f8-c42b-45cf-b544-0a62a314a531) on BridgeModuleEndpoint(1I3Qm0cH) stopped.
2017-05-15 14:58:32,206 INFO  [i.c.discovery.ServiceDiscoveryImpl] [] [] [] : Shutting down all services
2017-05-15 14:58:32,210 INFO  [i.core.discovery.server.PublicServer] [] [] [] : Stopped Service(improbable.platform.runtime.HealthCheckService) on host: "127.0.0.1"
port: 9001

2017-05-15 14:58:32,211 INFO  [i.core.discovery.server.LocalServer] [] [] [] : Stopped Service(improbable.fabric.internal.service.RouterInternalService) on host: "127.0.0.1"
port: 9010

2017-05-15 14:58:32,212 INFO  [i.core.discovery.server.PublicServer] [] [] [] : Stopped Service(improbable.platform.inner.worker.WorkerRunner) on host: "127.0.0.1"
port: 9021

2017-05-15 14:58:32,212 INFO  [i.core.discovery.server.LocalServer] [] [] [] : Stopped Service(improbable.fabric.internal.service.ContentionInternalService) on host: "127.0.0.1"
port: 9003

2017-05-15 14:58:32,213 INFO  [i.core.discovery.server.LocalServer] [] [] [] : Stopped Service(improbable.fabric.internal.service.GlobalBrokerInternalService) on host: "127.0.0.1"
port: 9014

2017-05-15 14:58:32,214 INFO  [i.core.discovery.server.PublicServer] [] [] [] : Stopped Service(improbable.platform.runtime.InspectionService) on host: "127.0.0.1"
port: 9025

2017-05-15 14:58:32,214 INFO  [i.core.discovery.server.LocalServer] [] [] [] : Stopped Service(improbable.fabric.internal.service.LocalBrokerInternalService) on host: "127.0.0.1"
port: 9012

2017-05-15 14:58:32,215 INFO  [i.core.discovery.server.PublicServer] [] [] [] : Stopped Service(improbable.platform.runtime.SnapshotService) on host: "127.0.0.1"
port: 9023

2017-05-15 14:58:32,215 INFO  [i.core.discovery.server.LocalServer] [] [] [] : Stopped Service(improbable.fabric.internal.service.WorldExtentsInternalService) on host: "127.0.0.1"
port: 9006

2017-05-15 14:58:32,215 INFO  [i.core.discovery.server.PublicServer] [] [] [] : Stopped Service(improbable.platform.runtime.ModuleService) on host: "127.0.0.1"
port: 9017

2017-05-15 14:58:32,215 INFO  [i.core.discovery.server.PublicServer] [] [] [] : Stopped Service(improbable.platform.runtime.FeatureService) on host: "127.0.0.1"
port: 9004

2017-05-15 14:58:32,216 INFO  [i.core.discovery.server.LocalServer] [] [] [] : Stopped Service(improbable.fabric.internal.service.BridgeServiceOracleInternalService) on host: "127.0.0.1"
port: 9015

2017-05-15 14:58:32,217 INFO  [i.core.discovery.server.LocalServer] [] [] [] : Stopped Service(improbable.fabric.internal.service.BridgePositionHintInternalService) on host: "127.0.0.1"
port: 9008

2017-05-15 14:58:32,218 INFO  [i.core.discovery.server.PublicServer] [] [] [] : Stopped Service(improbable.platform.runtime.ReceptionistService) on host: "127.0.0.1"
port: 9019

2017-05-15 14:58:32,218 ERROR [i.engine.worker.CommandLineExecutor] [] [] [] : Worker UnityWorker0 terminated abnormally. It may have crashed due to worker-side errors.
2017-05-15 14:58:32,218 INFO  [i.core.discovery.server.LocalServer] [] [] [] : Stopped Service(improbable.fabric.internal.service.RunLevelInternalService) on host: "127.0.0.1"
port: 9000

2017-05-15 14:58:32,218 ERROR [i.engine.worker.CommandLineExecutor] [] [] [] : (UnityWorker0) Command exited with code 143 (POSIX signal: 15): /var/folders/4l/xzgp2w7j5lzd9ydctvd65g1c0000gn/T/improbable8862803067728048236/UnityWorker@Mac.app/Contents/MacOS/UnityWorker@Mac +appName your_project_name_here +receptionistIp 127.0.0.1 +receptionistPort 7777 +workerType UnityWorker +workerId UnityWorker0 +useInternalIpForBridge true +infraServicesUrl http://127.0.0.1:21000 +assemblyName local_assembly +linkProtocol RakNet -logfile /Users/trefethen/Documents/unity/spatial/logs/2017-05-15_14-57-22_0/workers/UnityWorker/UnityWorker0-6924339388156013844.log -batchmode -nographics
2017-05-15 14:58:32,219 INFO  [i.core.discovery.server.LocalServer] [] [] [] : Stopped Service(improbable.fabric.internal.service.RemoteMessageInternalService) on host: "127.0.0.1"
port: 9011

2017-05-15 14:58:32,219 INFO  [i.core.discovery.server.PublicServer] [] [] [] : Stopped Service(improbable.fabric.internal.service.ScalingStatsInternalService) on host: "127.0.0.1"
port: 9022

2017-05-15 14:58:32,220 INFO  [i.core.discovery.server.LocalServer] [] [] [] : Stopped Service(improbable.fabric.internal.service.WorldAppOracleInternalService) on host: "127.0.0.1"
port: 9020

2017-05-15 14:58:32,220 INFO  [i.core.discovery.server.LocalServer] [] [] [] : Stopped Service(improbable.fabric.internal.service.EntityQueryInternalService) on host: "127.0.0.1"
port: 9024

2017-05-15 14:58:32,221 INFO  [i.core.discovery.server.LocalServer] [] [] [] : Stopped Service(improbable.fabric.internal.service.ServiceDiscoveryInternalService) on host: "127.0.0.1"
port: 5301

2017-05-15 14:58:32,221 INFO  [i.core.discovery.server.LocalServer] [] [] [] : Stopped Service(improbable.fabric.internal.service.PerfInternalService) on host: "127.0.0.1"
port: 9002

2017-05-15 14:58:32,221 INFO  [i.core.discovery.server.LocalServer] [] [] [] : Stopped Service(improbable.fabric.internal.service.BridgeOracleInternalService) on host: "127.0.0.1"
port: 9013

2017-05-15 14:58:32,222 INFO  [i.core.discovery.server.LocalServer] [] [] [] : Stopped Service(improbable.fabric.internal.service.BridgeInternalService) on host: "127.0.0.1"
port: 9016

2017-05-15 14:58:32,222 INFO  [i.core.discovery.server.LocalServer] [] [] [] : Stopped Service(improbable.fabric.internal.service.NodeConfigurationInternalService) on host: "127.0.0.1"
port: 9005

2017-05-15 14:58:32,222 INFO  [i.core.discovery.server.LocalServer] [] [] [] : Stopped Service(improbable.fabric.internal.service.RouterLookupInternalService) on host: "127.0.0.1"
port: 9009

2017-05-15 14:58:32,223 INFO  [i.core.discovery.server.LocalServer] [] [] [] : Stopped Service(improbable.fabric.internal.service.EntityIdInternalService) on host: "127.0.0.1"
port: 9007

2017-05-15 14:58:32,223 INFO  [i.core.discovery.server.LocalServer] [] [] [] : Stopped Service(improbable.fabric.internal.service.ReceptionistInternalService) on host: "127.0.0.1"
port: 9018

